2021-01-19T13:22:01.218+0000,2021-01-19T13:22:01.218+0000,10,Microsoft-Windows-Sysmon/Operational,ict3214:attack_trace,PS-HOST-01,,,,,,,C:\Program Files\Mozilla Firefox\firefox.exe,C:\Program Files\Mozilla Firefox\firefox.exe,0x40,,,,,,,{E983936C-CD5C-6006-8407-00000000A301},6812,{E983936C-CD5F-6006-8607-00000000A301},4500,,T1059.001,PowerShell,Execution,TRACE-PS-01,powershell,https://raw.githubusercontent.com/splunk/attack_data/master/datasets/attack_techniques/T1059.001/encoded_powershell/windows-sysmon.log,1b7ff423a6c41840cb47cce7fb587109d9565219214cd6296d7f9a049586527b,false,Execution,none,raw Computer/IpAddress/User fields,
2021-01-19T13:22:01.219+0000,2021-01-19T13:22:01.219+0000,10,Microsoft-Windows-Sysmon/Operational,ict3214:attack_trace,PS-HOST-01,,,,,,,C:\Program Files\Mozilla Firefox\firefox.exe,C:\Program Files\Mozilla Firefox\firefox.exe,0x40,,,,,,,{E983936C-CD5C-6006-8407-00000000A301},6812,{E983936C-CD5F-6006-8607-00000000A301},4500,,T1059.001,PowerShell,Execution,TRACE-PS-01,powershell,https://raw.githubusercontent.com/splunk/attack_data/master/datasets/attack_techniques/T1059.001/encoded_powershell/windows-sysmon.log,409ac9f2030f6a13026039589e731bd937542887e29afd256733857688e7fa5c,false,Execution,none,raw Computer/IpAddress/User fields,
2021-01-19T13:22:01.219+0000,2021-01-19T13:22:01.219+0000,10,Microsoft-Windows-Sysmon/Operational,ict3214:attack_trace,PS-HOST-01,,,,,,,C:\Program Files\Mozilla Firefox\firefox.exe,C:\Program Files\Mozilla Firefox\firefox.exe,0x40,,,,,,,{E983936C-CD5C-6006-8407-00000000A301},6812,{E983936C-CD5F-6006-8607-00000000A301},4500,,T1059.001,PowerShell,Execution,TRACE-PS-01,powershell,https://raw.githubusercontent.com/splunk/attack_data/master/datasets/attack_techniques/T1059.001/encoded_powershell/windows-sysmon.log,fe489f48c3c9f65c01753bb5febdba53289b36297d6f7596cfd19f752d8097c7,false,Execution,none,raw Computer/IpAddress/User fields,
2021-01-19T13:22:01.222+0000,2021-01-19T13:22:01.222+0000,10,Microsoft-Windows-Sysmon/Operational,ict3214:attack_trace,PS-HOST-01,,,,,,,C:\Program Files\Mozilla Firefox\firefox.exe,C:\Program Files\Mozilla Firefox\firefox.exe,0x40,,,,,,,{E983936C-CD5C-6006-8407-00000000A301},6812,{E983936C-CD5F-6006-8607-00000000A301},4500,,T1059.001,PowerShell,Execution,TRACE-PS-01,powershell,https://raw.githubusercontent.com/splunk/attack_data/master/datasets/attack_techniques/T1059.001/encoded_powershell/windows-sysmon.log,160cb0c739ad6b3a1ffa4dafcc7e284e5bf6ecaaedb069a58cae3705e1866ba4,false,Execution,none,raw Computer/IpAddress/User fields,
2021-01-19T13:22:01.222+0000,2021-01-19T13:22:01.222+0000,10,Microsoft-Windows-Sysmon/Operational,ict3214:attack_trace,PS-HOST-01,,,,,,,C:\Program Files\Mozilla Firefox\firefox.exe,C:\Program Files\Mozilla Firefox\firefox.exe,0x40,,,,,,,{E983936C-CD5C-6006-8407-00000000A301},6812,{E983936C-CD5F-6006-8607-00000000A301},4500,,T1059.001,PowerShell,Execution,TRACE-PS-01,powershell,https://raw.githubusercontent.com/splunk/attack_data/master/datasets/attack_techniques/T1059.001/encoded_powershell/windows-sysmon.log,82e96f64a7dbcd718687b42fc5ced138f86b2965e5f0bbb94839b8e017ef85ad,false,Execution,none,raw Computer/IpAddress/User fields,
2021-01-19T13:22:01.223+0000,2021-01-19T13:22:01.223+0000,10,Microsoft-Windows-Sysmon/Operational,ict3214:attack_trace,PS-HOST-01,,,,,,,C:\Program Files\Mozilla Firefox\firefox.exe,C:\Program Files\Mozilla Firefox\firefox.exe,0x40,,,,,,,{E983936C-CD5C-6006-8407-00000000A301},6812,{E983936C-CD5F-6006-8607-00000000A301},4500,,T1059.001,PowerShell,Execution,TRACE-PS-01,powershell,https://raw.githubusercontent.com/splunk/attack_data/master/datasets/attack_techniques/T1059.001/encoded_powershell/windows-sysmon.log,259b8925fdff89144d0ab6130e6ceb2e445d7f9a4aa04b67b82947f373b5d9f6,false,Execution,none,raw Computer/IpAddress/User fields,
2021-01-19T13:22:01.223+0000,2021-01-19T13:22:01.223+0000,10,Microsoft-Windows-Sysmon/Operational,ict3214:attack_trace,PS-HOST-01,,,,,,,C:\Program Files\Mozilla Firefox\firefox.exe,C:\Program Files\Mozilla Firefox\firefox.exe,0x40,,,,,,,{E983936C-CD5C-6006-8407-00000000A301},6812,{E983936C-CD5F-6006-8607-00000000A301},4500,,T1059.001,PowerShell,Execution,TRACE-PS-01,powershell,https://raw.githubusercontent.com/splunk/attack_data/master/datasets/attack_techniques/T1059.001/encoded_powershell/windows-sysmon.log,2a96ffcfe7ef19c49c0f7741e5c381c971ed9b31833dfc78a38e55d06cd7d1a9,false,Execution,none,raw Computer/IpAddress/User fields,
2021-01-19T13:22:01.223+0000,2021-01-19T13:22:01.223+0000,10,Microsoft-Windows-Sysmon/Operational,ict3214:attack_trace,PS-HOST-01,,,,,,,C:\Program Files\Mozilla Firefox\firefox.exe,C:\Program Files\Mozilla Firefox\firefox.exe,0x40,,,,,,,{E983936C-CD5C-6006-8407-00000000A301},6812,{E983936C-CD5F-6006-8607-00000000A301},4500,,T1059.001,PowerShell,Execution,TRACE-PS-01,powershell,https://raw.githubusercontent.com/splunk/attack_data/master/datasets/attack_techniques/T1059.001/encoded_powershell/windows-sysmon.log,c1dc91e73f635500f7681a7b3387b313f8d5bda6674697bb1c9e8ff31209d8a9,false,Execution,none,raw Computer/IpAddress/User fields,
2021-01-19T13:22:01.223+0000,2021-01-19T13:22:01.223+0000,10,Microsoft-Windows-Sysmon/Operational,ict3214:attack_trace,PS-HOST-01,,,,,,,C:\Program Files\Mozilla Firefox\firefox.exe,C:\Program Files\Mozilla Firefox\firefox.exe,0x40,,,,,,,{E983936C-CD5C-6006-8407-00000000A301},6812,{E983936C-CD5F-6006-8607-00000000A301},4500,,T1059.001,PowerShell,Execution,TRACE-PS-01,powershell,https://raw.githubusercontent.com/splunk/attack_data/master/datasets/attack_techniques/T1059.001/encoded_powershell/windows-sysmon.log,ddf0723bdecf1cd8fa34c5fc19d1515a4cca57b87d9c84f2b7e75d58e363b8c8,false,Execution,none,raw Computer/IpAddress/User fields,
2021-01-19T13:22:01.224+0000,2021-01-19T13:22:01.224+0000,10,Microsoft-Windows-Sysmon/Operational,ict3214:attack_trace,PS-HOST-01,,,,,,,C:\Program Files\Mozilla Firefox\firefox.exe,C:\Program Files\Mozilla Firefox\firefox.exe,0x40,,,,,,,{E983936C-CD5C-6006-8407-00000000A301},6812,{E983936C-CD5F-6006-8607-00000000A301},4500,,T1059.001,PowerShell,Execution,TRACE-PS-01,powershell,https://raw.githubusercontent.com/splunk/attack_data/master/datasets/attack_techniques/T1059.001/encoded_powershell/windows-sysmon.log,a99d8d28768503a33db9102fb6a51e643004524efbbe45081a77f4cf93b08e2e,false,Execution,none,raw Computer/IpAddress/User fields,
2021-01-19T13:22:01.224+0000,2021-01-19T13:22:01.224+0000,10,Microsoft-Windows-Sysmon/Operational,ict3214:attack_trace,PS-HOST-01,,,,,,,C:\Program Files\Mozilla Firefox\firefox.exe,C:\Program Files\Mozilla Firefox\firefox.exe,0x40,,,,,,,{E983936C-CD5C-6006-8407-00000000A301},6812,{E983936C-CD5F-6006-8607-00000000A301},4500,,T1059.001,PowerShell,Execution,TRACE-PS-01,powershell,https://raw.githubusercontent.com/splunk/attack_data/master/datasets/attack_techniques/T1059.001/encoded_powershell/windows-sysmon.log,b5f65962965feaa67e229f375dfde4b21275388996b6ebf5045933cd83dd9b9d,false,Execution,none,raw Computer/IpAddress/User fields,
2021-01-19T13:22:01.224+0000,2021-01-19T13:22:01.224+0000,10,Microsoft-Windows-Sysmon/Operational,ict3214:attack_trace,PS-HOST-01,,,,,,,C:\Program Files\Mozilla Firefox\firefox.exe,C:\Program Files\Mozilla Firefox\firefox.exe,0x40,,,,,,,{E983936C-CD5C-6006-8407-00000000A301},6812,{E983936C-CD5F-6006-8607-00000000A301},4500,,T1059.001,PowerShell,Execution,TRACE-PS-01,powershell,https://raw.githubusercontent.com/splunk/attack_data/master/datasets/attack_techniques/T1059.001/encoded_powershell/windows-sysmon.log,ef168ea4f50e3474fdaff895ddc32b04da62fad4032fd9da89205698ecaa32bc,false,Execution,none,raw Computer/IpAddress/User fields,
2021-01-19T13:22:19.630+0000,2021-01-19T13:22:19.630+0000,10,Microsoft-Windows-Sysmon/Operational,ict3214:attack_trace,PS-HOST-01,,,,,,,C:\Program Files\SplunkUniversalForwarder\bin\splunk-admon.exe,C:\Program Files\SplunkUniversalForwarder\bin\splunkd.exe,0x1fffff,,,,,,,{E983936C-B438-6006-B400-00000000A301},4412,{E983936C-DD0B-6006-7409-00000000A301},2680,,T1059.001,PowerShell,Execution,TRACE-PS-01,powershell,https://raw.githubusercontent.com/splunk/attack_data/master/datasets/attack_techniques/T1059.001/encoded_powershell/windows-sysmon.log,c8493cbf68dcedc1f1a5a0eeb05e036caec14116ed1c3096142e83e903823e3c,false,Execution,none,raw Computer/IpAddress/User fields,
2021-01-19T13:22:19.630+0000,2021-01-19T13:22:19.630+0000,1,Microsoft-Windows-Sysmon/Operational,ict3214:attack_trace,PS-HOST-01,,,NT AUTHORITY\SYSTEM,C:\Program Files\SplunkUniversalForwarder\bin\splunk-admon.exe,C:\Program Files\SplunkUniversalForwarder\bin\splunkd.exe,"""C:\Program Files\SplunkUniversalForwarder\bin\splunk-admon.exe""",,,,,,,,{E983936C-DD0B-6006-7409-00000000A301},2680,,,,,,T1059.001,PowerShell,Execution,TRACE-PS-01,powershell,https://raw.githubusercontent.com/splunk/attack_data/master/datasets/attack_techniques/T1059.001/encoded_powershell/windows-sysmon.log,d5091a2f5fe272a49a8388940ae2e766bd4829ac2e29dfc8a28c3a91cab5ffe9,false,Execution,none,raw Computer/IpAddress/User fields,{E983936C-B438-6006-B400-00000000A301}
2021-01-19T13:22:19.631+0000,2021-01-19T13:22:19.631+0000,10,Microsoft-Windows-Sysmon/Operational,ict3214:attack_trace,PS-HOST-01,,,,,,,C:\Windows\sysmon64.exe,C:\Windows\system32\svchost.exe,0x1400,,,,,,,{E983936C-B38F-6006-0C00-00000000A301},592,{E983936C-B3A0-6006-3100-00000000A301},2052,,T1059.001,PowerShell,Execution,TRACE-PS-01,powershell,https://raw.githubusercontent.com/splunk/attack_data/master/datasets/attack_techniques/T1059.001/encoded_powershell/windows-sysmon.log,06935ac5b55975fca0eb8b90b5c7b7ac410c7a043ff429420a7b80ec1d910b28,false,Execution,none,raw Computer/IpAddress/User fields,
2021-01-19T13:22:19.631+0000,2021-01-19T13:22:19.631+0000,10,Microsoft-Windows-Sysmon/Operational,ict3214:attack_trace,PS-HOST-01,,,,,,,C:\Windows\sysmon64.exe,C:\Windows\system32\svchost.exe,0x1400,,,,,,,{E983936C-B38F-6006-0C00-00000000A301},592,{E983936C-B3A0-6006-3100-00000000A301},2052,,T1059.001,PowerShell,Execution,TRACE-PS-01,powershell,https://raw.githubusercontent.com/splunk/attack_data/master/datasets/attack_techniques/T1059.001/encoded_powershell/windows-sysmon.log,7890082449b2a7bf32167e7c10b0ed9ce7740009948dd8a26624937e7cd2926e,false,Execution,none,raw Computer/IpAddress/User fields,
2021-01-19T13:22:19.631+0000,2021-01-19T13:22:19.631+0000,10,Microsoft-Windows-Sysmon/Operational,ict3214:attack_trace,PS-HOST-01,,,,,,,C:\Windows\sysmon64.exe,C:\Windows\system32\svchost.exe,0x1400,,,,,,,{E983936C-B38F-6006-0C00-00000000A301},592,{E983936C-B3A0-6006-3100-00000000A301},2052,,T1059.001,PowerShell,Execution,TRACE-PS-01,powershell,https://raw.githubusercontent.com/splunk/attack_data/master/datasets/attack_techniques/T1059.001/encoded_powershell/windows-sysmon.log,89323e3749220f3c568e844279955e1e4fa1ca4f12256323b0460505f3b716da,false,Execution,none,raw Computer/IpAddress/User fields,
2021-01-19T13:22:19.631+0000,2021-01-19T13:22:19.631+0000,10,Microsoft-Windows-Sysmon/Operational,ict3214:attack_trace,PS-HOST-01,,,,,,,C:\Windows\sysmon64.exe,C:\Windows\system32\svchost.exe,0x1400,,,,,,,{E983936C-B38F-6006-0C00-00000000A301},592,{E983936C-B3A0-6006-3100-00000000A301},2052,,T1059.001,PowerShell,Execution,TRACE-PS-01,powershell,https://raw.githubusercontent.com/splunk/attack_data/master/datasets/attack_techniques/T1059.001/encoded_powershell/windows-sysmon.log,c0454eaa3f3cad7d6a790fa9269fcc1d0f38913a6b88575bb39b46818557e884,false,Execution,none,raw Computer/IpAddress/User fields,
2021-01-19T13:22:19.631+0000,2021-01-19T13:22:19.631+0000,10,Microsoft-Windows-Sysmon/Operational,ict3214:attack_trace,PS-HOST-01,,,,,,,C:\Program Files\SplunkUniversalForwarder\bin\splunk-admon.exe,C:\Windows\system32\csrss.exe,0x1fffff,,,,,,,{E983936C-B38D-6006-0500-00000000A301},636,{E983936C-DD0B-6006-7409-00000000A301},2680,,T1059.001,PowerShell,Execution,TRACE-PS-01,powershell,https://raw.githubusercontent.com/splunk/attack_data/master/datasets/attack_techniques/T1059.001/encoded_powershell/windows-sysmon.log,c41f85f00c67458cb8551e2077662b6d5a0e61698ff6f9481b0ebc4ef7f8240f,false,Execution,none,raw Computer/IpAddress/User fields,
2021-01-19T13:22:19.632+0000,2021-01-19T13:22:19.632+0000,10,Microsoft-Windows-Sysmon/Operational,ict3214:attack_trace,PS-HOST-01,,,,,,,C:\Program Files\SplunkUniversalForwarder\bin\splunk-admon.exe,C:\Windows\system32\conhost.exe,0x1fffff,,,,,,,{E983936C-B439-6006-B800-00000000A301},4284,{E983936C-DD0B-6006-7409-00000000A301},2680,,T1059.001,PowerShell,Execution,TRACE-PS-01,powershell,https://raw.githubusercontent.com/splunk/attack_data/master/datasets/attack_techniques/T1059.001/encoded_powershell/windows-sysmon.log,4d7944a20f1795c5469ebb33793a6f9e2cffe68658f1ee7b3dcffab29d0d5790,false,Execution,none,raw Computer/IpAddress/User fields,
2021-01-19T13:22:19.782+0000,2021-01-19T13:22:19.782+0000,10,Microsoft-Windows-Sysmon/Operational,ict3214:attack_trace,PS-HOST-01,,,,,,,C:\Program Files\SplunkUniversalForwarder\bin\splunkd.exe,C:\Program Files\SplunkUniversalForwarder\bin\splunk-admon.exe,0x101400,,,,,,,{E983936C-DD0B-6006-7409-00000000A301},2680,{E983936C-B438-6006-B400-00000000A301},4412,,T1059.001,PowerShell,Execution,TRACE-PS-01,powershell,https://raw.githubusercontent.com/splunk/attack_data/master/datasets/attack_techniques/T1059.001/encoded_powershell/windows-sysmon.log,4f0586bb8d14d84a2575e355f916be022582980d3b9ea235d80721a23665e5b5,false,Execution,none,raw Computer/IpAddress/User fields,
2021-01-19T13:22:20.208+0000,2021-01-19T13:22:20.208+0000,10,Microsoft-Windows-Sysmon/Operational,ict3214:attack_trace,PS-HOST-01,,,,,,,C:\Windows\sysmon64.exe,C:\Windows\system32\svchost.exe,0x1400,,,,,,,{E983936C-B38F-6006-0C00-00000000A301},592,{E983936C-B3A0-6006-3100-00000000A301},2052,,T1059.001,PowerShell,Execution,TRACE-PS-01,powershell,https://raw.githubusercontent.com/splunk/attack_data/master/datasets/attack_techniques/T1059.001/encoded_powershell/windows-sysmon.log,41bd8430ee80ba4723befe8351e2a475a05fa9e13ec0612be6f9429af819fcfa,false,Execution,none,raw Computer/IpAddress/User fields,
2021-01-19T13:22:20.208+0000,2021-01-19T13:22:20.208+0000,10,Microsoft-Windows-Sysmon/Operational,ict3214:attack_trace,PS-HOST-01,,,,,,,C:\Program Files\SplunkUniversalForwarder\bin\splunk-powershell.exe,C:\Windows\system32\csrss.exe,0x1fffff,,,,,,,{E983936C-B38D-6006-0500-00000000A301},636,{E983936C-DD0C-6006-7509-00000000A301},5880,,T1059.001,PowerShell,Execution,TRACE-PS-01,powershell,https://raw.githubusercontent.com/splunk/attack_data/master/datasets/attack_techniques/T1059.001/encoded_powershell/windows-sysmon.log,51f9a4a23606e08c9b993f9b094a68f8067d6754f5faa508ae49b0ec3872ebb0,false,Execution,none,raw Computer/IpAddress/User fields,
2021-01-19T13:22:20.208+0000,2021-01-19T13:22:20.208+0000,10,Microsoft-Windows-Sysmon/Operational,ict3214:attack_trace,PS-HOST-01,,,,,,,C:\Windows\sysmon64.exe,C:\Windows\system32\svchost.exe,0x1400,,,,,,,{E983936C-B38F-6006-0C00-00000000A301},592,{E983936C-B3A0-6006-3100-00000000A301},2052,,T1059.001,PowerShell,Execution,TRACE-PS-01,powershell,https://raw.githubusercontent.com/splunk/attack_data/master/datasets/attack_techniques/T1059.001/encoded_powershell/windows-sysmon.log,7aaf1503268280ad8b77a7e2f832c4deb8e4f10860cf24e1b650652dfb7a4e41,false,Execution,none,raw Computer/IpAddress/User fields,
2021-01-19T13:22:20.208+0000,2021-01-19T13:22:20.208+0000,10,Microsoft-Windows-Sysmon/Operational,ict3214:attack_trace,PS-HOST-01,,,,,,,C:\Program Files\SplunkUniversalForwarder\bin\splunk-powershell.exe,C:\Program Files\SplunkUniversalForwarder\bin\splunkd.exe,0x1fffff,,,,,,,{E983936C-B438-6006-B400-00000000A301},4412,{E983936C-DD0C-6006-7509-00000000A301},5880,,T1059.001,PowerShell,Execution,TRACE-PS-01,powershell,https://raw.githubusercontent.com/splunk/attack_data/master/datasets/attack_techniques/T1059.001/encoded_powershell/windows-sysmon.log,968307c8b5feaa009f49e33acfc136badcced1f6e478eae03e4548d05c5a3e6a,false,Execution,none,raw Computer/IpAddress/User fields,
2021-01-19T13:22:20.208+0000,2021-01-19T13:22:20.208+0000,1,Microsoft-Windows-Sysmon/Operational,ict3214:attack_trace,PS-HOST-01,,,NT AUTHORITY\SYSTEM,C:\Program Files\SplunkUniversalForwarder\bin\splunk-powershell.exe,C:\Program Files\SplunkUniversalForwarder\bin\splunkd.exe,"""C:\Program Files\SplunkUniversalForwarder\bin\splunk-powershell.exe""",,,,,,,,{E983936C-DD0C-6006-7509-00000000A301},5880,,,,,,T1059.001,PowerShell,Execution,TRACE-PS-01,powershell,https://raw.githubusercontent.com/splunk/attack_data/master/datasets/attack_techniques/T1059.001/encoded_powershell/windows-sysmon.log,ad390404e7c0c19a81f7c3ca79add1edfc2b16abd930dcabc3374d0c0edd47c0,false,Execution,none,raw Computer/IpAddress/User fields,{E983936C-B438-6006-B400-00000000A301}
2021-01-19T13:22:20.208+0000,2021-01-19T13:22:20.208+0000,10,Microsoft-Windows-Sysmon/Operational,ict3214:attack_trace,PS-HOST-01,,,,,,,C:\Windows\sysmon64.exe,C:\Windows\system32\svchost.exe,0x1400,,,,,,,{E983936C-B38F-6006-0C00-00000000A301},592,{E983936C-B3A0-6006-3100-00000000A301},2052,,T1059.001,PowerShell,Execution,TRACE-PS-01,powershell,https://raw.githubusercontent.com/splunk/attack_data/master/datasets/attack_techniques/T1059.001/encoded_powershell/windows-sysmon.log,c9d8839bd48e5fd27e6f25bd6507ab1a3654102b769aaaf38b970e4d42bfa9de,false,Execution,none,raw Computer/IpAddress/User fields,
2021-01-19T13:22:20.209+0000,2021-01-19T13:22:20.209+0000,10,Microsoft-Windows-Sysmon/Operational,ict3214:attack_trace,PS-HOST-01,,,,,,,C:\Windows\sysmon64.exe,C:\Windows\system32\svchost.exe,0x1400,,,,,,,{E983936C-B38F-6006-0C00-00000000A301},592,{E983936C-B3A0-6006-3100-00000000A301},2052,,T1059.001,PowerShell,Execution,TRACE-PS-01,powershell,https://raw.githubusercontent.com/splunk/attack_data/master/datasets/attack_techniques/T1059.001/encoded_powershell/windows-sysmon.log,5cbf83ace71001d9ff055a59401dc1c0144899fba931ffeb401446108ff38ab5,false,Execution,none,raw Computer/IpAddress/User fields,
2021-01-19T13:22:20.209+0000,2021-01-19T13:22:20.209+0000,10,Microsoft-Windows-Sysmon/Operational,ict3214:attack_trace,PS-HOST-01,,,,,,,C:\Program Files\SplunkUniversalForwarder\bin\splunk-powershell.exe,C:\Windows\system32\conhost.exe,0x1fffff,,,,,,,{E983936C-B439-6006-B800-00000000A301},4284,{E983936C-DD0C-6006-7509-00000000A301},5880,,T1059.001,PowerShell,Execution,TRACE-PS-01,powershell,https://raw.githubusercontent.com/splunk/attack_data/master/datasets/attack_techniques/T1059.001/encoded_powershell/windows-sysmon.log,ea82cb3c39f740ddc145ab6626fa91cd19997ae34802b84d1fa31288b72d6df0,false,Execution,none,raw Computer/IpAddress/User fields,
2021-01-19T13:22:20.360+0000,2021-01-19T13:22:20.360+0000,10,Microsoft-Windows-Sysmon/Operational,ict3214:attack_trace,PS-HOST-01,,,,,,,C:\Program Files\SplunkUniversalForwarder\bin\splunkd.exe,C:\Program Files\SplunkUniversalForwarder\bin\splunk-powershell.exe,0x101400,,,,,,,{E983936C-DD0C-6006-7509-00000000A301},5880,{E983936C-B438-6006-B400-00000000A301},4412,,T1059.001,PowerShell,Execution,TRACE-PS-01,powershell,https://raw.githubusercontent.com/splunk/attack_data/master/datasets/attack_techniques/T1059.001/encoded_powershell/windows-sysmon.log,a973689a03fb57df2ce3fd6e8a9cb6319177a526f3ac2df8b66add334b9c6c4c,false,Execution,none,raw Computer/IpAddress/User fields,
2021-01-19T13:22:20.786+0000,2021-01-19T13:22:20.786+0000,1,Microsoft-Windows-Sysmon/Operational,ict3214:attack_trace,PS-HOST-01,,,NT AUTHORITY\SYSTEM,C:\Program Files\SplunkUniversalForwarder\bin\splunk-powershell.exe,C:\Program Files\SplunkUniversalForwarder\bin\splunkd.exe,"""C:\Program Files\SplunkUniversalForwarder\bin\splunk-powershell.exe"" --ps2",,,,,,,,{E983936C-DD0C-6006-7609-00000000A301},6224,,,,,,T1059.001,PowerShell,Execution,TRACE-PS-01,powershell,https://raw.githubusercontent.com/splunk/attack_data/master/datasets/attack_techniques/T1059.001/encoded_powershell/windows-sysmon.log,6c5129bd47e300c9008ddaf0a9c1ecc7792ec0f92002f5056cd27ad324c66d45,false,Execution,none,raw Computer/IpAddress/User fields,{E983936C-B438-6006-B400-00000000A301}
2021-01-19T13:22:20.787+0000,2021-01-19T13:22:20.787+0000,10,Microsoft-Windows-Sysmon/Operational,ict3214:attack_trace,PS-HOST-01,,,,,,,C:\Program Files\SplunkUniversalForwarder\bin\splunk-powershell.exe,C:\Windows\system32\csrss.exe,0x1fffff,,,,,,,{E983936C-B38D-6006-0500-00000000A301},636,{E983936C-DD0C-6006-7609-00000000A301},6224,,T1059.001,PowerShell,Execution,TRACE-PS-01,powershell,https://raw.githubusercontent.com/splunk/attack_data/master/datasets/attack_techniques/T1059.001/encoded_powershell/windows-sysmon.log,0aa590f105abf09d8db60ac41345d6f4f8a9c547e6c2ef74e07fee47d32b3626,false,Execution,none,raw Computer/IpAddress/User fields,
2021-01-19T13:22:20.787+0000,2021-01-19T13:22:20.787+0000,10,Microsoft-Windows-Sysmon/Operational,ict3214:attack_trace,PS-HOST-01,,,,,,,C:\Windows\sysmon64.exe,C:\Windows\system32\svchost.exe,0x1400,,,,,,,{E983936C-B38F-6006-0C00-00000000A301},592,{E983936C-B3A0-6006-3100-00000000A301},2052,,T1059.001,PowerShell,Execution,TRACE-PS-01,powershell,https://raw.githubusercontent.com/splunk/attack_data/master/datasets/attack_techniques/T1059.001/encoded_powershell/windows-sysmon.log,0ebfb9ed4ab477175336082655b32fb30663c2d3f007038357a4764890cabcff,false,Execution,none,raw Computer/IpAddress/User fields,
2021-01-19T13:22:20.787+0000,2021-01-19T13:22:20.787+0000,10,Microsoft-Windows-Sysmon/Operational,ict3214:attack_trace,PS-HOST-01,,,,,,,C:\Program Files\SplunkUniversalForwarder\bin\splunk-powershell.exe,C:\Program Files\SplunkUniversalForwarder\bin\splunkd.exe,0x1fffff,,,,,,,{E983936C-B438-6006-B400-00000000A301},4412,{E983936C-DD0C-6006-7609-00000000A301},6224,,T1059.001,PowerShell,Execution,TRACE-PS-01,powershell,https://raw.githubusercontent.com/splunk/attack_data/master/datasets/attack_techniques/T1059.001/encoded_powershell/windows-sysmon.log,6f18484f00b563ba1e541b0d1657f401dc916a9d901af7bd2ee269d783f7ceb8,false,Execution,none,raw Computer/IpAddress/User fields,
2021-01-19T13:22:20.787+0000,2021-01-19T13:22:20.787+0000,10,Microsoft-Windows-Sysmon/Operational,ict3214:attack_trace,PS-HOST-01,,,,,,,C:\Windows\sysmon64.exe,C:\Windows\system32\svchost.exe,0x1400,,,,,,,{E983936C-B38F-6006-0C00-00000000A301},592,{E983936C-B3A0-6006-3100-00000000A301},2052,,T1059.001,PowerShell,Execution,TRACE-PS-01,powershell,https://raw.githubusercontent.com/splunk/attack_data/master/datasets/attack_techniques/T1059.001/encoded_powershell/windows-sysmon.log,82ef63dabca02f069b424d7da235a683ae34b6b0f0b354f18d36023f837caef0,false,Execution,none,raw Computer/IpAddress/User fields,
2021-01-19T13:22:20.787+0000,2021-01-19T13:22:20.787+0000,10,Microsoft-Windows-Sysmon/Operational,ict3214:attack_trace,PS-HOST-01,,,,,,,C:\Windows\sysmon64.exe,C:\Windows\system32\svchost.exe,0x1400,,,,,,,{E983936C-B38F-6006-0C00-00000000A301},592,{E983936C-B3A0-6006-3100-00000000A301},2052,,T1059.001,PowerShell,Execution,TRACE-PS-01,powershell,https://raw.githubusercontent.com/splunk/attack_data/master/datasets/attack_techniques/T1059.001/encoded_powershell/windows-sysmon.log,875a5e14e85ad2e6058d55cadc90266e6efa9e75aeba87abe877ea14876aa9aa,false,Execution,none,raw Computer/IpAddress/User fields,
2021-01-19T13:22:20.787+0000,2021-01-19T13:22:20.787+0000,10,Microsoft-Windows-Sysmon/Operational,ict3214:attack_trace,PS-HOST-01,,,,,,,C:\Windows\sysmon64.exe,C:\Windows\system32\svchost.exe,0x1400,,,,,,,{E983936C-B38F-6006-0C00-00000000A301},592,{E983936C-B3A0-6006-3100-00000000A301},2052,,T1059.001,PowerShell,Execution,TRACE-PS-01,powershell,https://raw.githubusercontent.com/splunk/attack_data/master/datasets/attack_techniques/T1059.001/encoded_powershell/windows-sysmon.log,b39dacd59f818f1edb0d7b541282a160071fefd5b5f5f54b6294ad1e241e0e40,false,Execution,none,raw Computer/IpAddress/User fields,
2021-01-19T13:22:20.788+0000,2021-01-19T13:22:20.788+0000,10,Microsoft-Windows-Sysmon/Operational,ict3214:attack_trace,PS-HOST-01,,,,,,,C:\Program Files\SplunkUniversalForwarder\bin\splunk-powershell.exe,C:\Windows\system32\conhost.exe,0x1fffff,,,,,,,{E983936C-B439-6006-B800-00000000A301},4284,{E983936C-DD0C-6006-7609-00000000A301},6224,,T1059.001,PowerShell,Execution,TRACE-PS-01,powershell,https://raw.githubusercontent.com/splunk/attack_data/master/datasets/attack_techniques/T1059.001/encoded_powershell/windows-sysmon.log,2dc2d1c612b16e66825a0b0e40645311ed993354b16213673582275379b4dfc0,false,Execution,none,raw Computer/IpAddress/User fields,
2021-01-19T13:22:20.802+0000,2021-01-19T13:22:20.802+0000,10,Microsoft-Windows-Sysmon/Operational,ict3214:attack_trace,PS-HOST-01,,,,,,,C:\Program Files\Mozilla Firefox\firefox.exe,C:\Windows\Explorer.EXE,0x40,,,,,,,{E983936C-CCDD-6006-4607-00000000A301},5080,{E983936C-CD5C-6006-8407-00000000A301},6812,,T1059.001,PowerShell,Execution,TRACE-PS-01,powershell,https://raw.githubusercontent.com/splunk/attack_data/master/datasets/attack_techniques/T1059.001/encoded_powershell/windows-sysmon.log,65331c484980fdf0c854085bb9e456916b9efaed792ec5eda61b13f134b29ef7,false,Execution,none,raw Computer/IpAddress/User fields,
2021-01-19T13:22:20.802+0000,2021-01-19T13:22:20.802+0000,10,Microsoft-Windows-Sysmon/Operational,ict3214:attack_trace,PS-HOST-01,,,,,,,C:\Program Files\Mozilla Firefox\firefox.exe,C:\Windows\Explorer.EXE,0x40,,,,,,,{E983936C-CCDD-6006-4607-00000000A301},5080,{E983936C-CD5C-6006-8407-00000000A301},6812,,T1059.001,PowerShell,Execution,TRACE-PS-01,powershell,https://raw.githubusercontent.com/splunk/attack_data/master/datasets/attack_techniques/T1059.001/encoded_powershell/windows-sysmon.log,9d842c0179d8ce59dcc19c69dfaa3b13d4960c6fd091bd57de4c01759c508529,false,Execution,none,raw Computer/IpAddress/User fields,
2021-01-19T13:22:20.940+0000,2021-01-19T13:22:20.940+0000,10,Microsoft-Windows-Sysmon/Operational,ict3214:attack_trace,PS-HOST-01,,,,,,,C:\Program Files\SplunkUniversalForwarder\bin\splunkd.exe,C:\Program Files\SplunkUniversalForwarder\bin\splunk-powershell.exe,0x101400,,,,,,,{E983936C-DD0C-6006-7609-00000000A301},6224,{E983936C-B438-6006-B400-00000000A301},4412,,T1059.001,PowerShell,Execution,TRACE-PS-01,powershell,https://raw.githubusercontent.com/splunk/attack_data/master/datasets/attack_techniques/T1059.001/encoded_powershell/windows-sysmon.log,dc8c8c95c5da2311f060225a734da4551c4ef0168b51908c14b7da6e6af1839f,false,Execution,none,raw Computer/IpAddress/User fields,
2021-01-19T13:22:21.381+0000,2021-01-19T13:22:21.381+0000,10,Microsoft-Windows-Sysmon/Operational,ict3214:attack_trace,PS-HOST-01,,,,,,,C:\Program Files\SplunkUniversalForwarder\bin\splunk-regmon.exe,C:\Windows\system32\csrss.exe,0x1fffff,,,,,,,{E983936C-B38D-6006-0500-00000000A301},636,{E983936C-DD0D-6006-7709-00000000A301},6212,,T1059.001,PowerShell,Execution,TRACE-PS-01,powershell,https://raw.githubusercontent.com/splunk/attack_data/master/datasets/attack_techniques/T1059.001/encoded_powershell/windows-sysmon.log,19410a58c49fc07f65e00e80fb0fb94d71bc35aa6cd7490377ddc854485eb04f,false,Execution,none,raw Computer/IpAddress/User fields,
2021-01-19T13:22:21.381+0000,2021-01-19T13:22:21.381+0000,10,Microsoft-Windows-Sysmon/Operational,ict3214:attack_trace,PS-HOST-01,,,,,,,C:\Program Files\SplunkUniversalForwarder\bin\splunk-regmon.exe,C:\Program Files\SplunkUniversalForwarder\bin\splunkd.exe,0x1fffff,,,,,,,{E983936C-B438-6006-B400-00000000A301},4412,{E983936C-DD0D-6006-7709-00000000A301},6212,,T1059.001,PowerShell,Execution,TRACE-PS-01,powershell,https://raw.githubusercontent.com/splunk/attack_data/master/datasets/attack_techniques/T1059.001/encoded_powershell/windows-sysmon.log,283f0f1e49388b8828877dcbaa0e3a2af1543fe158b692f3bd8126cca4899c59,false,Execution,none,raw Computer/IpAddress/User fields,
2021-01-19T13:22:21.381+0000,2021-01-19T13:22:21.381+0000,10,Microsoft-Windows-Sysmon/Operational,ict3214:attack_trace,PS-HOST-01,,,,,,,C:\Windows\sysmon64.exe,C:\Windows\system32\svchost.exe,0x1400,,,,,,,{E983936C-B38F-6006-0C00-00000000A301},592,{E983936C-B3A0-6006-3100-00000000A301},2052,,T1059.001,PowerShell,Execution,TRACE-PS-01,powershell,https://raw.githubusercontent.com/splunk/attack_data/master/datasets/attack_techniques/T1059.001/encoded_powershell/windows-sysmon.log,463ac1480462cfc406942e91899e378690115ffd6304dfcef3ba11c34f6f64de,false,Execution,none,raw Computer/IpAddress/User fields,
2021-01-19T13:22:21.381+0000,2021-01-19T13:22:21.381+0000,10,Microsoft-Windows-Sysmon/Operational,ict3214:attack_trace,PS-HOST-01,,,,,,,C:\Windows\sysmon64.exe,C:\Windows\system32\svchost.exe,0x1400,,,,,,,{E983936C-B38F-6006-0C00-00000000A301},592,{E983936C-B3A0-6006-3100-00000000A301},2052,,T1059.001,PowerShell,Execution,TRACE-PS-01,powershell,https://raw.githubusercontent.com/splunk/attack_data/master/datasets/attack_techniques/T1059.001/encoded_powershell/windows-sysmon.log,500e82c569e4ef2d65e009473bcb1ea09d54ddca82068a1927db309ff4098cc0,false,Execution,none,raw Computer/IpAddress/User fields,
2021-01-19T13:22:21.381+0000,2021-01-19T13:22:21.381+0000,10,Microsoft-Windows-Sysmon/Operational,ict3214:attack_trace,PS-HOST-01,,,,,,,C:\Windows\sysmon64.exe,C:\Windows\system32\svchost.exe,0x1400,,,,,,,{E983936C-B38F-6006-0C00-00000000A301},592,{E983936C-B3A0-6006-3100-00000000A301},2052,,T1059.001,PowerShell,Execution,TRACE-PS-01,powershell,https://raw.githubusercontent.com/splunk/attack_data/master/datasets/attack_techniques/T1059.001/encoded_powershell/windows-sysmon.log,5119a7014896277a2491dcd45de7077cb88bfd8d362e84e0fe7b7d82d71a3b37,false,Execution,none,raw Computer/IpAddress/User fields,
2021-01-19T13:22:21.381+0000,2021-01-19T13:22:21.381+0000,1,Microsoft-Windows-Sysmon/Operational,ict3214:attack_trace,PS-HOST-01,,,NT AUTHORITY\SYSTEM,C:\Program Files\SplunkUniversalForwarder\bin\splunk-regmon.exe,C:\Program Files\SplunkUniversalForwarder\bin\splunkd.exe,"""C:\Program Files\SplunkUniversalForwarder\bin\splunk-regmon.exe""",,,,,,,,{E983936C-DD0D-6006-7709-00000000A301},6212,,,,,,T1059.001,PowerShell,Execution,TRACE-PS-01,powershell,https://raw.githubusercontent.com/splunk/attack_data/master/datasets/attack_techniques/T1059.001/encoded_powershell/windows-sysmon.log,8a79a3d0843567bbdb87b15eeb3068888b1443f2eace36172d81e646d1a22168,false,Execution,none,raw Computer/IpAddress/User fields,{E983936C-B438-6006-B400-00000000A301}
2021-01-19T13:22:21.381+0000,2021-01-19T13:22:21.381+0000,10,Microsoft-Windows-Sysmon/Operational,ict3214:attack_trace,PS-HOST-01,,,,,,,C:\Windows\sysmon64.exe,C:\Windows\system32\svchost.exe,0x1400,,,,,,,{E983936C-B38F-6006-0C00-00000000A301},592,{E983936C-B3A0-6006-3100-00000000A301},2052,,T1059.001,PowerShell,Execution,TRACE-PS-01,powershell,https://raw.githubusercontent.com/splunk/attack_data/master/datasets/attack_techniques/T1059.001/encoded_powershell/windows-sysmon.log,f0d1e140cc3dd1cbbd8535fa856353382e637de6e90ea726e712ab118db09920,false,Execution,none,raw Computer/IpAddress/User fields,
2021-01-19T13:22:21.382+0000,2021-01-19T13:22:21.382+0000,10,Microsoft-Windows-Sysmon/Operational,ict3214:attack_trace,PS-HOST-01,,,,,,,C:\Program Files\SplunkUniversalForwarder\bin\splunk-regmon.exe,C:\Windows\system32\conhost.exe,0x1fffff,,,,,,,{E983936C-B439-6006-B800-00000000A301},4284,{E983936C-DD0D-6006-7709-00000000A301},6212,,T1059.001,PowerShell,Execution,TRACE-PS-01,powershell,https://raw.githubusercontent.com/splunk/attack_data/master/datasets/attack_techniques/T1059.001/encoded_powershell/windows-sysmon.log,4e51f1a8de04989e63ceda40ee5612dcd1e8138fc436a0cc21c043d4f66dd285,false,Execution,none,raw Computer/IpAddress/User fields,
2021-01-19T13:22:21.542+0000,2021-01-19T13:22:21.542+0000,10,Microsoft-Windows-Sysmon/Operational,ict3214:attack_trace,PS-HOST-01,,,,,,,C:\Program Files\SplunkUniversalForwarder\bin\splunkd.exe,C:\Program Files\SplunkUniversalForwarder\bin\splunk-regmon.exe,0x101400,,,,,,,{E983936C-DD0D-6006-7709-00000000A301},6212,{E983936C-B438-6006-B400-00000000A301},4412,,T1059.001,PowerShell,Execution,TRACE-PS-01,powershell,https://raw.githubusercontent.com/splunk/attack_data/master/datasets/attack_techniques/T1059.001/encoded_powershell/windows-sysmon.log,ff2850075265cb839aad44db6e27c76bc2c40058ce5752a7945bec6158511823,false,Execution,none,raw Computer/IpAddress/User fields,
2021-01-19T13:22:21.943+0000,2021-01-19T13:22:21.943+0000,10,Microsoft-Windows-Sysmon/Operational,ict3214:attack_trace,PS-HOST-01,,,,,,,C:\Windows\sysmon64.exe,C:\Windows\system32\svchost.exe,0x1400,,,,,,,{E983936C-B38F-6006-0C00-00000000A301},592,{E983936C-B3A0-6006-3100-00000000A301},2052,,T1059.001,PowerShell,Execution,TRACE-PS-01,powershell,https://raw.githubusercontent.com/splunk/attack_data/master/datasets/attack_techniques/T1059.001/encoded_powershell/windows-sysmon.log,193f733beeeb6b03e56b32bfe1b14e1c192cc702891f23f66d7905b0ff1348aa,false,Execution,none,raw Computer/IpAddress/User fields,
2021-01-19T13:22:21.943+0000,2021-01-19T13:22:21.943+0000,10,Microsoft-Windows-Sysmon/Operational,ict3214:attack_trace,PS-HOST-01,,,,,,,C:\Windows\sysmon64.exe,C:\Windows\system32\svchost.exe,0x1400,,,,,,,{E983936C-B38F-6006-0C00-00000000A301},592,{E983936C-B3A0-6006-3100-00000000A301},2052,,T1059.001,PowerShell,Execution,TRACE-PS-01,powershell,https://raw.githubusercontent.com/splunk/attack_data/master/datasets/attack_techniques/T1059.001/encoded_powershell/windows-sysmon.log,816ee3f1c391eb7b0ba1543ef2e32aaa1e4ffe1eed637dff57e38a765f58df20,false,Execution,none,raw Computer/IpAddress/User fields,
2021-01-19T13:22:21.943+0000,2021-01-19T13:22:21.943+0000,10,Microsoft-Windows-Sysmon/Operational,ict3214:attack_trace,PS-HOST-01,,,,,,,C:\Windows\sysmon64.exe,C:\Windows\system32\svchost.exe,0x1400,,,,,,,{E983936C-B38F-6006-0C00-00000000A301},592,{E983936C-B3A0-6006-3100-00000000A301},2052,,T1059.001,PowerShell,Execution,TRACE-PS-01,powershell,https://raw.githubusercontent.com/splunk/attack_data/master/datasets/attack_techniques/T1059.001/encoded_powershell/windows-sysmon.log,9171471bb0a0a2582a41e56fd04793a185b64ecdee62337c2ce7419872b30266,false,Execution,none,raw Computer/IpAddress/User fields,
2021-01-19T13:22:21.943+0000,2021-01-19T13:22:21.943+0000,1,Microsoft-Windows-Sysmon/Operational,ict3214:attack_trace,PS-HOST-01,,,NT AUTHORITY\SYSTEM,C:\Program Files\SplunkUniversalForwarder\bin\splunk-netmon.exe,C:\Program Files\SplunkUniversalForwarder\bin\splunkd.exe,"""C:\Program Files\SplunkUniversalForwarder\bin\splunk-netmon.exe""",,,,,,,,{E983936C-DD0D-6006-7809-00000000A301},7372,,,,,,T1059.001,PowerShell,Execution,TRACE-PS-01,powershell,https://raw.githubusercontent.com/splunk/attack_data/master/datasets/attack_techniques/T1059.001/encoded_powershell/windows-sysmon.log,9fd0825afb844bd2456b0d50282fe4e08284e47216d601b01c3b29fd6b31952e,false,Execution,none,raw Computer/IpAddress/User fields,{E983936C-B438-6006-B400-00000000A301}
2021-01-19T13:22:21.943+0000,2021-01-19T13:22:21.943+0000,10,Microsoft-Windows-Sysmon/Operational,ict3214:attack_trace,PS-HOST-01,,,,,,,C:\Windows\sysmon64.exe,C:\Windows\system32\svchost.exe,0x1400,,,,,,,{E983936C-B38F-6006-0C00-00000000A301},592,{E983936C-B3A0-6006-3100-00000000A301},2052,,T1059.001,PowerShell,Execution,TRACE-PS-01,powershell,https://raw.githubusercontent.com/splunk/attack_data/master/datasets/attack_techniques/T1059.001/encoded_powershell/windows-sysmon.log,c185b4a0be0e583920b103c220519e48a7dab0b7bc8d9aacfe6af84257c4ec7c,false,Execution,none,raw Computer/IpAddress/User fields,
2021-01-19T13:22:21.943+0000,2021-01-19T13:22:21.943+0000,10,Microsoft-Windows-Sysmon/Operational,ict3214:attack_trace,PS-HOST-01,,,,,,,C:\Program Files\SplunkUniversalForwarder\bin\splunk-netmon.exe,C:\Program Files\SplunkUniversalForwarder\bin\splunkd.exe,0x1fffff,,,,,,,{E983936C-B438-6006-B400-00000000A301},4412,{E983936C-DD0D-6006-7809-00000000A301},7372,,T1059.001,PowerShell,Execution,TRACE-PS-01,powershell,https://raw.githubusercontent.com/splunk/attack_data/master/datasets/attack_techniques/T1059.001/encoded_powershell/windows-sysmon.log,f055c20be4c7b9ff4f1a7d5272927d3b3055afb71d18b41d9257c215133a0546,false,Execution,none,raw Computer/IpAddress/User fields,
2021-01-19T13:22:21.943+0000,2021-01-19T13:22:21.943+0000,10,Microsoft-Windows-Sysmon/Operational,ict3214:attack_trace,PS-HOST-01,,,,,,,C:\Program Files\SplunkUniversalForwarder\bin\splunk-netmon.exe,C:\Windows\system32\csrss.exe,0x1fffff,,,,,,,{E983936C-B38D-6006-0500-00000000A301},636,{E983936C-DD0D-6006-7809-00000000A301},7372,,T1059.001,PowerShell,Execution,TRACE-PS-01,powershell,https://raw.githubusercontent.com/splunk/attack_data/master/datasets/attack_techniques/T1059.001/encoded_powershell/windows-sysmon.log,f22853e426fe280cc041a99b24b6c9f07edd1025ecffd3a11cb13dafef8575d4,false,Execution,none,raw Computer/IpAddress/User fields,
2021-01-19T13:22:21.944+0000,2021-01-19T13:22:21.944+0000,10,Microsoft-Windows-Sysmon/Operational,ict3214:attack_trace,PS-HOST-01,,,,,,,C:\Program Files\SplunkUniversalForwarder\bin\splunk-netmon.exe,C:\Windows\system32\conhost.exe,0x1fffff,,,,,,,{E983936C-B439-6006-B800-00000000A301},4284,{E983936C-DD0D-6006-7809-00000000A301},7372,,T1059.001,PowerShell,Execution,TRACE-PS-01,powershell,https://raw.githubusercontent.com/splunk/attack_data/master/datasets/attack_techniques/T1059.001/encoded_powershell/windows-sysmon.log,e215ddb27a4b7441f6aad3f4e9f793580c316299d3551c2c6c7ee006e0378589,false,Execution,none,raw Computer/IpAddress/User fields,
2021-01-19T13:22:22.521+0000,2021-01-19T13:22:22.521+0000,1,Microsoft-Windows-Sysmon/Operational,ict3214:attack_trace,PS-HOST-01,,,NT AUTHORITY\SYSTEM,C:\Program Files\SplunkUniversalForwarder\bin\splunk-MonitorNoHandle.exe,C:\Program Files\SplunkUniversalForwarder\bin\splunkd.exe,"""C:\Program Files\SplunkUniversalForwarder\bin\splunk-MonitorNoHandle.exe""",,,,,,,,{E983936C-DD0E-6006-7909-00000000A301},3820,,,,,,T1059.001,PowerShell,Execution,TRACE-PS-01,powershell,https://raw.githubusercontent.com/splunk/attack_data/master/datasets/attack_techniques/T1059.001/encoded_powershell/windows-sysmon.log,650bc1cbd9c12718dd7f79399a3220ee2115d116b32b5f16ec802f4d85b9222d,false,Execution,none,raw Computer/IpAddress/User fields,{E983936C-B438-6006-B400-00000000A301}
2021-01-19T13:22:22.521+0000,2021-01-19T13:22:22.521+0000,10,Microsoft-Windows-Sysmon/Operational,ict3214:attack_trace,PS-HOST-01,,,,,,,C:\Windows\sysmon64.exe,C:\Windows\system32\svchost.exe,0x1400,,,,,,,{E983936C-B38F-6006-0C00-00000000A301},592,{E983936C-B3A0-6006-3100-00000000A301},2052,,T1059.001,PowerShell,Execution,TRACE-PS-01,powershell,https://raw.githubusercontent.com/splunk/attack_data/master/datasets/attack_techniques/T1059.001/encoded_powershell/windows-sysmon.log,6c108db9df9eb5c6ca0d466964537b680c8d5974ff4aeb7bd3e8c0943f4b516e,false,Execution,none,raw Computer/IpAddress/User fields,
2021-01-19T13:22:22.521+0000,2021-01-19T13:22:22.521+0000,10,Microsoft-Windows-Sysmon/Operational,ict3214:attack_trace,PS-HOST-01,,,,,,,C:\Program Files\SplunkUniversalForwarder\bin\splunk-MonitorNoHandle.exe,C:\Program Files\SplunkUniversalForwarder\bin\splunkd.exe,0x1fffff,,,,,,,{E983936C-B438-6006-B400-00000000A301},4412,{E983936C-DD0E-6006-7909-00000000A301},3820,,T1059.001,PowerShell,Execution,TRACE-PS-01,powershell,https://raw.githubusercontent.com/splunk/attack_data/master/datasets/attack_techniques/T1059.001/encoded_powershell/windows-sysmon.log,a10a92e779b136105bb3c2c2d107732412d6687a4ea3a3343f31f5cc7fca7a3d,false,Execution,none,raw Computer/IpAddress/User fields,
2021-01-19T13:22:22.521+0000,2021-01-19T13:22:22.521+0000,10,Microsoft-Windows-Sysmon/Operational,ict3214:attack_trace,PS-HOST-01,,,,,,,C:\Windows\sysmon64.exe,C:\Windows\system32\svchost.exe,0x1400,,,,,,,{E983936C-B38F-6006-0C00-00000000A301},592,{E983936C-B3A0-6006-3100-00000000A301},2052,,T1059.001,PowerShell,Execution,TRACE-PS-01,powershell,https://raw.githubusercontent.com/splunk/attack_data/master/datasets/attack_techniques/T1059.001/encoded_powershell/windows-sysmon.log,b0a5e7ba132685a13ae85a47e7701e4e8b976cd69f6de17f300edd7d340cbe8a,false,Execution,none,raw Computer/IpAddress/User fields,
2021-01-19T13:22:22.521+0000,2021-01-19T13:22:22.521+0000,10,Microsoft-Windows-Sysmon/Operational,ict3214:attack_trace,PS-HOST-01,,,,,,,C:\Windows\sysmon64.exe,C:\Windows\system32\svchost.exe,0x1400,,,,,,,{E983936C-B38F-6006-0C00-00000000A301},592,{E983936C-B3A0-6006-3100-00000000A301},2052,,T1059.001,PowerShell,Execution,TRACE-PS-01,powershell,https://raw.githubusercontent.com/splunk/attack_data/master/datasets/attack_techniques/T1059.001/encoded_powershell/windows-sysmon.log,b2ef0e1b40a8ac3f237af91a2af7261f1da3198f25c07b7c7379d9dce3eb5457,false,Execution,none,raw Computer/IpAddress/User fields,
2021-01-19T13:22:22.521+0000,2021-01-19T13:22:22.521+0000,10,Microsoft-Windows-Sysmon/Operational,ict3214:attack_trace,PS-HOST-01,,,,,,,C:\Program Files\SplunkUniversalForwarder\bin\splunk-MonitorNoHandle.exe,C:\Windows\system32\csrss.exe,0x1fffff,,,,,,,{E983936C-B38D-6006-0500-00000000A301},636,{E983936C-DD0E-6006-7909-00000000A301},3820,,T1059.001,PowerShell,Execution,TRACE-PS-01,powershell,https://raw.githubusercontent.com/splunk/attack_data/master/datasets/attack_techniques/T1059.001/encoded_powershell/windows-sysmon.log,be93e3dd77d2d8366396c40e6de07a2f278b1a152e0b1bc0876514841362b22a,false,Execution,none,raw Computer/IpAddress/User fields,
2021-01-19T13:22:22.521+0000,2021-01-19T13:22:22.521+0000,10,Microsoft-Windows-Sysmon/Operational,ict3214:attack_trace,PS-HOST-01,,,,,,,C:\Windows\sysmon64.exe,C:\Windows\system32\svchost.exe,0x1400,,,,,,,{E983936C-B38F-6006-0C00-00000000A301},592,{E983936C-B3A0-6006-3100-00000000A301},2052,,T1059.001,PowerShell,Execution,TRACE-PS-01,powershell,https://raw.githubusercontent.com/splunk/attack_data/master/datasets/attack_techniques/T1059.001/encoded_powershell/windows-sysmon.log,fd5caca5fff5af83e325e29a6571f4bd49180c03188deec6b268393969520401,false,Execution,none,raw Computer/IpAddress/User fields,
2021-01-19T13:22:22.522+0000,2021-01-19T13:22:22.522+0000,10,Microsoft-Windows-Sysmon/Operational,ict3214:attack_trace,PS-HOST-01,,,,,,,C:\Program Files\SplunkUniversalForwarder\bin\splunk-MonitorNoHandle.exe,C:\Windows\system32\conhost.exe,0x1fffff,,,,,,,{E983936C-B439-6006-B800-00000000A301},4284,{E983936C-DD0E-6006-7909-00000000A301},3820,,T1059.001,PowerShell,Execution,TRACE-PS-01,powershell,https://raw.githubusercontent.com/splunk/attack_data/master/datasets/attack_techniques/T1059.001/encoded_powershell/windows-sysmon.log,9cf0ca85476c52562a58d4d4f9867620d42d24c728a3fff9f4c34e7b8cb3153b,false,Execution,none,raw Computer/IpAddress/User fields,
2021-01-19T13:22:24.416+0000,2021-01-19T13:22:24.416+0000,10,Microsoft-Windows-Sysmon/Operational,ict3214:attack_trace,PS-HOST-01,,,,,,,C:\Windows\system32\conhost.exe,C:\Windows\Explorer.EXE,0x1410,,,,,,,{E983936C-CCDD-6006-4607-00000000A301},5080,{E983936C-D083-6006-F907-00000000A301},8048,,T1059.001,PowerShell,Execution,TRACE-PS-01,powershell,https://raw.githubusercontent.com/splunk/attack_data/master/datasets/attack_techniques/T1059.001/encoded_powershell/windows-sysmon.log,0378a252142efc70a995c2872f59d6c00456a243df7473e606c16020a2eeb7fe,false,Execution,none,raw Computer/IpAddress/User fields,
2021-01-19T13:22:24.416+0000,2021-01-19T13:22:24.416+0000,10,Microsoft-Windows-Sysmon/Operational,ict3214:attack_trace,PS-HOST-01,,,,,,,C:\Windows\system32\conhost.exe,C:\Windows\Explorer.EXE,0x1000,,,,,,,{E983936C-CCDD-6006-4607-00000000A301},5080,{E983936C-D083-6006-F907-00000000A301},8048,,T1059.001,PowerShell,Execution,TRACE-PS-01,powershell,https://raw.githubusercontent.com/splunk/attack_data/master/datasets/attack_techniques/T1059.001/encoded_powershell/windows-sysmon.log,818de28f8147900db8384f4762b2a4b234ede9d4f6b87da09eff3af32be91f37,false,Execution,none,raw Computer/IpAddress/User fields,
2021-01-19T13:22:24.416+0000,2021-01-19T13:22:24.416+0000,10,Microsoft-Windows-Sysmon/Operational,ict3214:attack_trace,PS-HOST-01,,,,,,,C:\Windows\system32\conhost.exe,C:\Windows\Explorer.EXE,0x1410,,,,,,,{E983936C-CCDD-6006-4607-00000000A301},5080,{E983936C-D083-6006-F907-00000000A301},8048,,T1059.001,PowerShell,Execution,TRACE-PS-01,powershell,https://raw.githubusercontent.com/splunk/attack_data/master/datasets/attack_techniques/T1059.001/encoded_powershell/windows-sysmon.log,9a4d577e914aa876e114568800166c42c8c2ceb8b69972d6171f73578491b43a,false,Execution,none,raw Computer/IpAddress/User fields,
2021-01-19T13:22:24.416+0000,2021-01-19T13:22:24.416+0000,10,Microsoft-Windows-Sysmon/Operational,ict3214:attack_trace,PS-HOST-01,,,,,,,C:\Windows\system32\conhost.exe,C:\Windows\Explorer.EXE,0x1000,,,,,,,{E983936C-CCDD-6006-4607-00000000A301},5080,{E983936C-D083-6006-F907-00000000A301},8048,,T1059.001,PowerShell,Execution,TRACE-PS-01,powershell,https://raw.githubusercontent.com/splunk/attack_data/master/datasets/attack_techniques/T1059.001/encoded_powershell/windows-sysmon.log,fa186867ecc82b9827b0e680387498667b19b1fb6aa3378e93caa2cbcdc535bb,false,Execution,none,raw Computer/IpAddress/User fields,
2021-01-19T13:22:24.419+0000,2021-01-19T13:22:24.419+0000,10,Microsoft-Windows-Sysmon/Operational,ict3214:attack_trace,PS-HOST-01,,,,,,,C:\Windows\System32\WindowsPowerShell\v1.0\powershell.exe,C:\Windows\Explorer.EXE,0x1400,,,,,,,{E983936C-CCDD-6006-4607-00000000A301},5080,{E983936C-D083-6006-F807-00000000A301},7900,,T1059.001,PowerShell,Execution,TRACE-PS-01,powershell,https://raw.githubusercontent.com/splunk/attack_data/master/datasets/attack_techniques/T1059.001/encoded_powershell/windows-sysmon.log,4665e5b63d7122f20b927cc1ff270bafe79a2b2735cb2788622129a256df96d9,false,Execution,none,raw Computer/IpAddress/User fields,
2021-01-19T13:22:24.419+0000,2021-01-19T13:22:24.419+0000,10,Microsoft-Windows-Sysmon/Operational,ict3214:attack_trace,PS-HOST-01,,,,,,,C:\Windows\System32\WindowsPowerShell\v1.0\powershell.exe,C:\Windows\Explorer.EXE,0x1000,,,,,,,{E983936C-CCDD-6006-4607-00000000A301},5080,{E983936C-D083-6006-F807-00000000A301},7900,,T1059.001,PowerShell,Execution,TRACE-PS-01,powershell,https://raw.githubusercontent.com/splunk/attack_data/master/datasets/attack_techniques/T1059.001/encoded_powershell/windows-sysmon.log,e39277d7051a25788151f23781e5a71e1c4d8991af370f73c7afc7f4e49d64d0,false,Execution,none,raw Computer/IpAddress/User fields,
2021-01-19T13:22:26.380+0000,2021-01-19T13:22:26.380+0000,10,Microsoft-Windows-Sysmon/Operational,ict3214:attack_trace,PS-HOST-01,,,,,,,C:\Program Files\SplunkUniversalForwarder\bin\splunk-winprintmon.exe,C:\Program Files\SplunkUniversalForwarder\bin\splunkd.exe,0x1fffff,,,,,,,{E983936C-B438-6006-B400-00000000A301},4412,{E983936C-DD12-6006-7A09-00000000A301},3796,,T1059.001,PowerShell,Execution,TRACE-PS-01,powershell,https://raw.githubusercontent.com/splunk/attack_data/master/datasets/attack_techniques/T1059.001/encoded_powershell/windows-sysmon.log,79fee3ce3b3f7de2ddd3f2fdbaf94a122fb56fe0c03fec6d782d86d03df2e617,false,Execution,none,raw Computer/IpAddress/User fields,
2021-01-19T13:22:26.380+0000,2021-01-19T13:22:26.380+0000,10,Microsoft-Windows-Sysmon/Operational,ict3214:attack_trace,PS-HOST-01,,,,,,,C:\Windows\sysmon64.exe,C:\Windows\system32\svchost.exe,0x1400,,,,,,,{E983936C-B38F-6006-0C00-00000000A301},592,{E983936C-B3A0-6006-3100-00000000A301},2052,,T1059.001,PowerShell,Execution,TRACE-PS-01,powershell,https://raw.githubusercontent.com/splunk/attack_data/master/datasets/attack_techniques/T1059.001/encoded_powershell/windows-sysmon.log,c4c06e6367ee922e2c5df2b4e6c3242a036ed7c29f9245ee180c384f34854f29,false,Execution,none,raw Computer/IpAddress/User fields,
2021-01-19T13:22:26.380+0000,2021-01-19T13:22:26.380+0000,1,Microsoft-Windows-Sysmon/Operational,ict3214:attack_trace,PS-HOST-01,,,NT AUTHORITY\SYSTEM,C:\Program Files\SplunkUniversalForwarder\bin\splunk-winprintmon.exe,C:\Program Files\SplunkUniversalForwarder\bin\splunkd.exe,"""C:\Program Files\SplunkUniversalForwarder\bin\splunk-winprintmon.exe""",,,,,,,,{E983936C-DD12-6006-7A09-00000000A301},3796,,,,,,T1059.001,PowerShell,Execution,TRACE-PS-01,powershell,https://raw.githubusercontent.com/splunk/attack_data/master/datasets/attack_techniques/T1059.001/encoded_powershell/windows-sysmon.log,d3bde1113f72cb119bf021b8ebd6ccb582abca8a3bc30da4ccf5d0eaee821be4,false,Execution,none,raw Computer/IpAddress/User fields,{E983936C-B438-6006-B400-00000000A301}
2021-01-19T13:22:26.380+0000,2021-01-19T13:22:26.380+0000,10,Microsoft-Windows-Sysmon/Operational,ict3214:attack_trace,PS-HOST-01,,,,,,,C:\Program Files\SplunkUniversalForwarder\bin\splunk-winprintmon.exe,C:\Windows\system32\csrss.exe,0x1fffff,,,,,,,{E983936C-B38D-6006-0500-00000000A301},636,{E983936C-DD12-6006-7A09-00000000A301},3796,,T1059.001,PowerShell,Execution,TRACE-PS-01,powershell,https://raw.githubusercontent.com/splunk/attack_data/master/datasets/attack_techniques/T1059.001/encoded_powershell/windows-sysmon.log,e69c204623eab7ebf3be11ad55475e148f538bb38f81743ceefb78dde7f5dc39,false,Execution,none,raw Computer/IpAddress/User fields,
2021-01-19T13:22:26.381+0000,2021-01-19T13:22:26.381+0000,10,Microsoft-Windows-Sysmon/Operational,ict3214:attack_trace,PS-HOST-01,,,,,,,C:\Program Files\SplunkUniversalForwarder\bin\splunk-winprintmon.exe,C:\Windows\system32\conhost.exe,0x1fffff,,,,,,,{E983936C-B439-6006-B800-00000000A301},4284,{E983936C-DD12-6006-7A09-00000000A301},3796,,T1059.001,PowerShell,Execution,TRACE-PS-01,powershell,https://raw.githubusercontent.com/splunk/attack_data/master/datasets/attack_techniques/T1059.001/encoded_powershell/windows-sysmon.log,03f2c82ddfcb18c15060c7ba8819fd9f9286e1399e10c32afaa97bfd3c1a837b,false,Execution,none,raw Computer/IpAddress/User fields,
