2021-01-19T13:25:21.038+0000,2021-01-19T13:25:21.038+0000,10,Microsoft-Windows-Sysmon/Operational,ict3214:attack_trace,PS-HOST-01,,,,,,,C:\Program Files\SplunkUniversalForwarder\bin\splunk-regmon.exe,C:\Windows\system32\csrss.exe,0x1fffff,,,,,,,{E983936C-B38D-6006-0500-00000000A301},636,{E983936C-DDC1-6006-8C09-00000000A301},4456,,T1059.001,PowerShell,Execution,TRACE-PS-01,powershell,https://raw.githubusercontent.com/splunk/attack_data/master/datasets/attack_techniques/T1059.001/encoded_powershell/windows-sysmon.log,2c0815d383f80be4c134db7c7ee0a75ca8d12279c35259f8991b2f63f3de6c2f,false,Execution,none,raw Computer/IpAddress/User fields,
2021-01-19T13:25:21.038+0000,2021-01-19T13:25:21.038+0000,1,Microsoft-Windows-Sysmon/Operational,ict3214:attack_trace,PS-HOST-01,,,NT AUTHORITY\SYSTEM,C:\Program Files\SplunkUniversalForwarder\bin\splunk-regmon.exe,C:\Program Files\SplunkUniversalForwarder\bin\splunkd.exe,"""C:\Program Files\SplunkUniversalForwarder\bin\splunk-regmon.exe""",,,,,,,,{E983936C-DDC1-6006-8C09-00000000A301},4456,,,,,,T1059.001,PowerShell,Execution,TRACE-PS-01,powershell,https://raw.githubusercontent.com/splunk/attack_data/master/datasets/attack_techniques/T1059.001/encoded_powershell/windows-sysmon.log,577eb885ff3185104a66fa7ac067ed7b4637d922c67f57e5920f92ec881cb1ce,false,Execution,none,raw Computer/IpAddress/User fields,{E983936C-B438-6006-B400-00000000A301}
2021-01-19T13:25:21.038+0000,2021-01-19T13:25:21.038+0000,10,Microsoft-Windows-Sysmon/Operational,ict3214:attack_trace,PS-HOST-01,,,,,,,C:\Program Files\SplunkUniversalForwarder\bin\splunk-regmon.exe,C:\Program Files\SplunkUniversalForwarder\bin\splunkd.exe,0x1fffff,,,,,,,{E983936C-B438-6006-B400-00000000A301},4412,{E983936C-DDC1-6006-8C09-00000000A301},4456,,T1059.001,PowerShell,Execution,TRACE-PS-01,powershell,https://raw.githubusercontent.com/splunk/attack_data/master/datasets/attack_techniques/T1059.001/encoded_powershell/windows-sysmon.log,78945164429fe394df8fea97a2bd095d97408381e99e21d25b546c45c1aa4558,false,Execution,none,raw Computer/IpAddress/User fields,
2021-01-19T13:25:21.039+0000,2021-01-19T13:25:21.039+0000,10,Microsoft-Windows-Sysmon/Operational,ict3214:attack_trace,PS-HOST-01,,,,,,,C:\Program Files\SplunkUniversalForwarder\bin\splunk-regmon.exe,C:\Windows\system32\conhost.exe,0x1fffff,,,,,,,{E983936C-B439-6006-B800-00000000A301},4284,{E983936C-DDC1-6006-8C09-00000000A301},4456,,T1059.001,PowerShell,Execution,TRACE-PS-01,powershell,https://raw.githubusercontent.com/splunk/attack_data/master/datasets/attack_techniques/T1059.001/encoded_powershell/windows-sysmon.log,77cbd66441d9fc2f24712d41e8a938fa77ab4899346d31639489c4c49c8d542d,false,Execution,none,raw Computer/IpAddress/User fields,
2021-01-19T13:25:21.039+0000,2021-01-19T13:25:21.039+0000,10,Microsoft-Windows-Sysmon/Operational,ict3214:attack_trace,PS-HOST-01,,,,,,,C:\Windows\sysmon64.exe,C:\Windows\system32\svchost.exe,0x1400,,,,,,,{E983936C-B38F-6006-0C00-00000000A301},592,{E983936C-B3A0-6006-3100-00000000A301},2052,,T1059.001,PowerShell,Execution,TRACE-PS-01,powershell,https://raw.githubusercontent.com/splunk/attack_data/master/datasets/attack_techniques/T1059.001/encoded_powershell/windows-sysmon.log,95b21114e8adaee10fafe8e929bb0b2e588420ab0eb93c2b94b26a1764230144,false,Execution,none,raw Computer/IpAddress/User fields,
2021-01-19T13:25:21.039+0000,2021-01-19T13:25:21.039+0000,10,Microsoft-Windows-Sysmon/Operational,ict3214:attack_trace,PS-HOST-01,,,,,,,C:\Windows\sysmon64.exe,C:\Windows\system32\svchost.exe,0x1400,,,,,,,{E983936C-B38F-6006-0C00-00000000A301},592,{E983936C-B3A0-6006-3100-00000000A301},2052,,T1059.001,PowerShell,Execution,TRACE-PS-01,powershell,https://raw.githubusercontent.com/splunk/attack_data/master/datasets/attack_techniques/T1059.001/encoded_powershell/windows-sysmon.log,9df5348027bc2b956e8597c4bcef45b4c84bdbafc2537bc2ea56629bb160c30c,false,Execution,none,raw Computer/IpAddress/User fields,
2021-01-19T13:25:21.039+0000,2021-01-19T13:25:21.039+0000,10,Microsoft-Windows-Sysmon/Operational,ict3214:attack_trace,PS-HOST-01,,,,,,,C:\Windows\sysmon64.exe,C:\Windows\system32\svchost.exe,0x1400,,,,,,,{E983936C-B38F-6006-0C00-00000000A301},592,{E983936C-B3A0-6006-3100-00000000A301},2052,,T1059.001,PowerShell,Execution,TRACE-PS-01,powershell,https://raw.githubusercontent.com/splunk/attack_data/master/datasets/attack_techniques/T1059.001/encoded_powershell/windows-sysmon.log,d6218f3ccc9368b21e85ff52e718d30d236d93693407094dbc2c82f4e084ee0f,false,Execution,none,raw Computer/IpAddress/User fields,
2021-01-19T13:25:21.195+0000,2021-01-19T13:25:21.195+0000,10,Microsoft-Windows-Sysmon/Operational,ict3214:attack_trace,PS-HOST-01,,,,,,,C:\Program Files\SplunkUniversalForwarder\bin\splunkd.exe,C:\Program Files\SplunkUniversalForwarder\bin\splunk-regmon.exe,0x101400,,,,,,,{E983936C-DDC1-6006-8C09-00000000A301},4456,{E983936C-B438-6006-B400-00000000A301},4412,,T1059.001,PowerShell,Execution,TRACE-PS-01,powershell,https://raw.githubusercontent.com/splunk/attack_data/master/datasets/attack_techniques/T1059.001/encoded_powershell/windows-sysmon.log,1b973b669e2d1c04b27e5336591bb1060487700acf288163235ffc192f4c21d3,false,Execution,none,raw Computer/IpAddress/User fields,
2021-01-19T13:25:21.255+0000,2021-01-19T13:25:21.255+0000,13,Microsoft-Windows-Sysmon/Operational,ict3214:attack_trace,PS-HOST-01,,,,C:\Windows\System32\svchost.exe,,,,,,,,HKLM\System\CurrentControlSet\Services\Tcpip\Parameters\Interfaces\{90869922-2fcf-4d43-859e-b22588a4ffef}\DhcpInterfaceOptions,Binary Data,{E983936C-B390-6006-1100-00000000A301},1168,,,,,,T1059.001,PowerShell,Execution,TRACE-PS-01,powershell,https://raw.githubusercontent.com/splunk/attack_data/master/datasets/attack_techniques/T1059.001/encoded_powershell/windows-sysmon.log,a617d11d97d1df11c800de15957a87eee7758fff04c51fa85904f866a606acd8,false,Execution,none,raw Computer/IpAddress/User fields,
2021-01-19T13:25:21.256+0000,2021-01-19T13:25:21.256+0000,13,Microsoft-Windows-Sysmon/Operational,ict3214:attack_trace,PS-HOST-01,,,,C:\Windows\System32\svchost.exe,,,,,,,,HKLM\System\CurrentControlSet\Services\Tcpip\Parameters\Interfaces\{90869922-2fcf-4d43-859e-b22588a4ffef}\DhcpIPAddress,10.0.1.14,{E983936C-B390-6006-1100-00000000A301},1168,,,,,,T1059.001,PowerShell,Execution,TRACE-PS-01,powershell,https://raw.githubusercontent.com/splunk/attack_data/master/datasets/attack_techniques/T1059.001/encoded_powershell/windows-sysmon.log,81469571bd9d88b42effc642526af2c9f860dfd8aa72f825fa93222ba8c6c793,false,Execution,none,raw Computer/IpAddress/User fields,
2021-01-19T13:25:21.257+0000,2021-01-19T13:25:21.257+0000,13,Microsoft-Windows-Sysmon/Operational,ict3214:attack_trace,PS-HOST-01,,,,C:\Windows\System32\svchost.exe,,,,,,,,HKLM\System\CurrentControlSet\Services\Tcpip\Parameters\Interfaces\{90869922-2fcf-4d43-859e-b22588a4ffef}\DhcpServer,10.0.1.1,{E983936C-B390-6006-1100-00000000A301},1168,,,,,,T1059.001,PowerShell,Execution,TRACE-PS-01,powershell,https://raw.githubusercontent.com/splunk/attack_data/master/datasets/attack_techniques/T1059.001/encoded_powershell/windows-sysmon.log,823648652476c2f89e46517b53284208e4397426435c4da6a758a494600004b2,false,Execution,none,raw Computer/IpAddress/User fields,
2021-01-19T13:25:21.257+0000,2021-01-19T13:25:21.257+0000,13,Microsoft-Windows-Sysmon/Operational,ict3214:attack_trace,PS-HOST-01,,,,C:\Windows\System32\svchost.exe,,,,,,,,HKLM\System\CurrentControlSet\Services\Tcpip\Parameters\Interfaces\{90869922-2fcf-4d43-859e-b22588a4ffef}\Lease,DWORD (0x00000e10),{E983936C-B390-6006-1100-00000000A301},1168,,,,,,T1059.001,PowerShell,Execution,TRACE-PS-01,powershell,https://raw.githubusercontent.com/splunk/attack_data/master/datasets/attack_techniques/T1059.001/encoded_powershell/windows-sysmon.log,9692b6b3a08e683255865cca5468a655ff5776c5450447ff2eedaedd13cb2b5e,false,Execution,none,raw Computer/IpAddress/User fields,
2021-01-19T13:25:21.257+0000,2021-01-19T13:25:21.257+0000,13,Microsoft-Windows-Sysmon/Operational,ict3214:attack_trace,PS-HOST-01,,,,C:\Windows\System32\svchost.exe,,,,,,,,HKLM\System\CurrentControlSet\Services\Tcpip\Parameters\Interfaces\{90869922-2fcf-4d43-859e-b22588a4ffef}\DhcpSubnetMask,255.255.255.0,{E983936C-B390-6006-1100-00000000A301},1168,,,,,,T1059.001,PowerShell,Execution,TRACE-PS-01,powershell,https://raw.githubusercontent.com/splunk/attack_data/master/datasets/attack_techniques/T1059.001/encoded_powershell/windows-sysmon.log,aa0e105bbfefd34e5b38ede5be6cc13e47620fde181d6d3b696555b6d1dc1de5,false,Execution,none,raw Computer/IpAddress/User fields,
2021-01-19T13:25:21.257+0000,2021-01-19T13:25:21.257+0000,13,Microsoft-Windows-Sysmon/Operational,ict3214:attack_trace,PS-HOST-01,,,,C:\Windows\System32\svchost.exe,,,,,,,,HKLM\System\CurrentControlSet\Services\Tcpip\Parameters\Interfaces\{90869922-2fcf-4d43-859e-b22588a4ffef}\LeaseObtainedTime,DWORD (0x6006ddc1),{E983936C-B390-6006-1100-00000000A301},1168,,,,,,T1059.001,PowerShell,Execution,TRACE-PS-01,powershell,https://raw.githubusercontent.com/splunk/attack_data/master/datasets/attack_techniques/T1059.001/encoded_powershell/windows-sysmon.log,b10df761d169be2e2d1246ef55ad1cd0c86deb3163d798e1bd792c26ac9dc6a9,false,Execution,none,raw Computer/IpAddress/User fields,
2021-01-19T13:25:21.257+0000,2021-01-19T13:25:21.257+0000,13,Microsoft-Windows-Sysmon/Operational,ict3214:attack_trace,PS-HOST-01,,,,C:\Windows\System32\svchost.exe,,,,,,,,HKLM\System\CurrentControlSet\Services\Tcpip\Parameters\Interfaces\{90869922-2fcf-4d43-859e-b22588a4ffef}\T1,DWORD (0x6006e4c9),{E983936C-B390-6006-1100-00000000A301},1168,,,,,,T1059.001,PowerShell,Execution,TRACE-PS-01,powershell,https://raw.githubusercontent.com/splunk/attack_data/master/datasets/attack_techniques/T1059.001/encoded_powershell/windows-sysmon.log,decac750baf1af7281a88cf9bf33901e33521be07de0f521137946dada169059,false,Execution,none,raw Computer/IpAddress/User fields,
2021-01-19T13:25:21.258+0000,2021-01-19T13:25:21.258+0000,13,Microsoft-Windows-Sysmon/Operational,ict3214:attack_trace,PS-HOST-01,,,,C:\Windows\System32\svchost.exe,,,,,,,,HKLM\System\CurrentControlSet\Services\Tcpip\Parameters\Interfaces\{90869922-2fcf-4d43-859e-b22588a4ffef}\LeaseTerminatesTime,DWORD (0x6006ebd1),{E983936C-B390-6006-1100-00000000A301},1168,,,,,,T1059.001,PowerShell,Execution,TRACE-PS-01,powershell,https://raw.githubusercontent.com/splunk/attack_data/master/datasets/attack_techniques/T1059.001/encoded_powershell/windows-sysmon.log,1b086db1c5df2878be22cba047e2c870f58ccc91cfcb213a77a43246eb46f994,false,Execution,none,raw Computer/IpAddress/User fields,
2021-01-19T13:25:21.258+0000,2021-01-19T13:25:21.258+0000,13,Microsoft-Windows-Sysmon/Operational,ict3214:attack_trace,PS-HOST-01,,,,C:\Windows\System32\svchost.exe,,,,,,,,HKLM\System\CurrentControlSet\Services\Tcpip\Parameters\Interfaces\{90869922-2fcf-4d43-859e-b22588a4ffef}\IsServerNapAware,DWORD (0x00000000),{E983936C-B390-6006-1100-00000000A301},1168,,,,,,T1059.001,PowerShell,Execution,TRACE-PS-01,powershell,https://raw.githubusercontent.com/splunk/attack_data/master/datasets/attack_techniques/T1059.001/encoded_powershell/windows-sysmon.log,2051aae25ac81052593010c41b1587b1f21a9073c04d166a142101d3401af17e,false,Execution,none,raw Computer/IpAddress/User fields,
2021-01-19T13:25:21.258+0000,2021-01-19T13:25:21.258+0000,13,Microsoft-Windows-Sysmon/Operational,ict3214:attack_trace,PS-HOST-01,,,,C:\Windows\System32\svchost.exe,,,,,,,,HKLM\System\CurrentControlSet\Services\Tcpip\Parameters\Interfaces\{90869922-2fcf-4d43-859e-b22588a4ffef}\AddressType,DWORD (0x00000000),{E983936C-B390-6006-1100-00000000A301},1168,,,,,,T1059.001,PowerShell,Execution,TRACE-PS-01,powershell,https://raw.githubusercontent.com/splunk/attack_data/master/datasets/attack_techniques/T1059.001/encoded_powershell/windows-sysmon.log,b4400f1880c958a4f9f663cb1f5e00f2e81b3fe9855acf479cde3485d2f0edad,false,Execution,none,raw Computer/IpAddress/User fields,
2021-01-19T13:25:21.258+0000,2021-01-19T13:25:21.258+0000,13,Microsoft-Windows-Sysmon/Operational,ict3214:attack_trace,PS-HOST-01,,,,C:\Windows\System32\svchost.exe,,,,,,,,HKLM\System\CurrentControlSet\Services\Tcpip\Parameters\Interfaces\{90869922-2fcf-4d43-859e-b22588a4ffef}\T2,DWORD (0x6006ea0f),{E983936C-B390-6006-1100-00000000A301},1168,,,,,,T1059.001,PowerShell,Execution,TRACE-PS-01,powershell,https://raw.githubusercontent.com/splunk/attack_data/master/datasets/attack_techniques/T1059.001/encoded_powershell/windows-sysmon.log,d2e8dd53275c732ad5c0e2ef6631cd2e02192c198499ab65302d0389fdfd8adf,false,Execution,none,raw Computer/IpAddress/User fields,
2021-01-19T13:25:21.259+0000,2021-01-19T13:25:21.259+0000,13,Microsoft-Windows-Sysmon/Operational,ict3214:attack_trace,PS-HOST-01,,,,C:\Windows\System32\svchost.exe,,,,,,,,HKLM\System\CurrentControlSet\Services\Tcpip\Parameters\Interfaces\{90869922-2fcf-4d43-859e-b22588a4ffef}\DhcpConnForceBroadcastFlag,DWORD (0x00000000),{E983936C-B390-6006-1100-00000000A301},1168,,,,,,T1059.001,PowerShell,Execution,TRACE-PS-01,powershell,https://raw.githubusercontent.com/splunk/attack_data/master/datasets/attack_techniques/T1059.001/encoded_powershell/windows-sysmon.log,6f79e5bd8b9e52419ab953149f541b6bef43330973c8f8fd255572400e395a25,false,Execution,none,raw Computer/IpAddress/User fields,
2021-01-19T13:25:21.602+0000,2021-01-19T13:25:21.602+0000,10,Microsoft-Windows-Sysmon/Operational,ict3214:attack_trace,PS-HOST-01,,,,,,,C:\Windows\sysmon64.exe,C:\Windows\system32\svchost.exe,0x1400,,,,,,,{E983936C-B38F-6006-0C00-00000000A301},592,{E983936C-B3A0-6006-3100-00000000A301},2052,,T1059.001,PowerShell,Execution,TRACE-PS-01,powershell,https://raw.githubusercontent.com/splunk/attack_data/master/datasets/attack_techniques/T1059.001/encoded_powershell/windows-sysmon.log,2fb883a2ac63a692aa410482fd7046a033e0a87f1f6afd02356c8e813849e2fd,false,Execution,none,raw Computer/IpAddress/User fields,
2021-01-19T13:25:21.602+0000,2021-01-19T13:25:21.602+0000,10,Microsoft-Windows-Sysmon/Operational,ict3214:attack_trace,PS-HOST-01,,,,,,,C:\Windows\sysmon64.exe,C:\Windows\system32\svchost.exe,0x1400,,,,,,,{E983936C-B38F-6006-0C00-00000000A301},592,{E983936C-B3A0-6006-3100-00000000A301},2052,,T1059.001,PowerShell,Execution,TRACE-PS-01,powershell,https://raw.githubusercontent.com/splunk/attack_data/master/datasets/attack_techniques/T1059.001/encoded_powershell/windows-sysmon.log,499376b983d71942534ac8f17ed2bf03fc33b9198f35bfe11bc72b2635f3b6a4,false,Execution,none,raw Computer/IpAddress/User fields,
2021-01-19T13:25:21.602+0000,2021-01-19T13:25:21.602+0000,1,Microsoft-Windows-Sysmon/Operational,ict3214:attack_trace,PS-HOST-01,,,NT AUTHORITY\SYSTEM,C:\Program Files\SplunkUniversalForwarder\bin\splunk-netmon.exe,C:\Program Files\SplunkUniversalForwarder\bin\splunkd.exe,"""C:\Program Files\SplunkUniversalForwarder\bin\splunk-netmon.exe""",,,,,,,,{E983936C-DDC1-6006-8D09-00000000A301},6888,,,,,,T1059.001,PowerShell,Execution,TRACE-PS-01,powershell,https://raw.githubusercontent.com/splunk/attack_data/master/datasets/attack_techniques/T1059.001/encoded_powershell/windows-sysmon.log,591a21e2cce7be6744c07b1285171e05f1189483dcab08121f599fd64c356dc5,false,Execution,none,raw Computer/IpAddress/User fields,{E983936C-B438-6006-B400-00000000A301}
2021-01-19T13:25:21.602+0000,2021-01-19T13:25:21.602+0000,10,Microsoft-Windows-Sysmon/Operational,ict3214:attack_trace,PS-HOST-01,,,,,,,C:\Windows\sysmon64.exe,C:\Windows\system32\svchost.exe,0x1400,,,,,,,{E983936C-B38F-6006-0C00-00000000A301},592,{E983936C-B3A0-6006-3100-00000000A301},2052,,T1059.001,PowerShell,Execution,TRACE-PS-01,powershell,https://raw.githubusercontent.com/splunk/attack_data/master/datasets/attack_techniques/T1059.001/encoded_powershell/windows-sysmon.log,5c927c234f18885474f10aa747c66c70785d253039acef79f8e0090a32fbe201,false,Execution,none,raw Computer/IpAddress/User fields,
2021-01-19T13:25:21.602+0000,2021-01-19T13:25:21.602+0000,10,Microsoft-Windows-Sysmon/Operational,ict3214:attack_trace,PS-HOST-01,,,,,,,C:\Program Files\SplunkUniversalForwarder\bin\splunk-netmon.exe,C:\Windows\system32\csrss.exe,0x1fffff,,,,,,,{E983936C-B38D-6006-0500-00000000A301},636,{E983936C-DDC1-6006-8D09-00000000A301},6888,,T1059.001,PowerShell,Execution,TRACE-PS-01,powershell,https://raw.githubusercontent.com/splunk/attack_data/master/datasets/attack_techniques/T1059.001/encoded_powershell/windows-sysmon.log,63ce9adf4db3494e3f468cebe7498a2afeb6006525c4de4252f1211e23b93127,false,Execution,none,raw Computer/IpAddress/User fields,
2021-01-19T13:25:21.602+0000,2021-01-19T13:25:21.602+0000,10,Microsoft-Windows-Sysmon/Operational,ict3214:attack_trace,PS-HOST-01,,,,,,,C:\Program Files\SplunkUniversalForwarder\bin\splunk-netmon.exe,C:\Program Files\SplunkUniversalForwarder\bin\splunkd.exe,0x1fffff,,,,,,,{E983936C-B438-6006-B400-00000000A301},4412,{E983936C-DDC1-6006-8D09-00000000A301},6888,,T1059.001,PowerShell,Execution,TRACE-PS-01,powershell,https://raw.githubusercontent.com/splunk/attack_data/master/datasets/attack_techniques/T1059.001/encoded_powershell/windows-sysmon.log,c12d45a9b300455d425f16e7bc02bb9828e5c663ce6d3f7a2ba941203a658242,false,Execution,none,raw Computer/IpAddress/User fields,
2021-01-19T13:25:21.602+0000,2021-01-19T13:25:21.602+0000,10,Microsoft-Windows-Sysmon/Operational,ict3214:attack_trace,PS-HOST-01,,,,,,,C:\Windows\sysmon64.exe,C:\Windows\system32\svchost.exe,0x1400,,,,,,,{E983936C-B38F-6006-0C00-00000000A301},592,{E983936C-B3A0-6006-3100-00000000A301},2052,,T1059.001,PowerShell,Execution,TRACE-PS-01,powershell,https://raw.githubusercontent.com/splunk/attack_data/master/datasets/attack_techniques/T1059.001/encoded_powershell/windows-sysmon.log,e27b38c942bc98af0d6fb836f6cbaad699c5d8f1f141ced8f6818174af0f1f43,false,Execution,none,raw Computer/IpAddress/User fields,
2021-01-19T13:25:21.603+0000,2021-01-19T13:25:21.603+0000,10,Microsoft-Windows-Sysmon/Operational,ict3214:attack_trace,PS-HOST-01,,,,,,,C:\Program Files\SplunkUniversalForwarder\bin\splunk-netmon.exe,C:\Windows\system32\conhost.exe,0x1fffff,,,,,,,{E983936C-B439-6006-B800-00000000A301},4284,{E983936C-DDC1-6006-8D09-00000000A301},6888,,T1059.001,PowerShell,Execution,TRACE-PS-01,powershell,https://raw.githubusercontent.com/splunk/attack_data/master/datasets/attack_techniques/T1059.001/encoded_powershell/windows-sysmon.log,d80ce3e1e612b98e71c5bc93b86b295ea1b3d2eff0cefa34330526339a7a8afe,false,Execution,none,raw Computer/IpAddress/User fields,
2021-01-19T13:25:22.285+0000,2021-01-19T13:25:22.285+0000,13,Microsoft-Windows-Sysmon/Operational,ict3214:attack_trace,PS-HOST-01,,,,C:\Windows\system32\lsass.exe,,,,,,,,HKLM\System\CurrentControlSet\Services\W32Time\SecureTimeLimits\SecureTimeHigh,QWORD (0x01d6ee6e-0xeb2f5c9d),{E983936C-B38D-6006-0B00-00000000A301},852,,,,,,T1059.001,PowerShell,Execution,TRACE-PS-01,powershell,https://raw.githubusercontent.com/splunk/attack_data/master/datasets/attack_techniques/T1059.001/encoded_powershell/windows-sysmon.log,75e78353fc253b32bca18a194a8e0d52dcd734e95682f940a3ab54b0665768bf,false,Execution,none,raw Computer/IpAddress/User fields,
2021-01-19T13:25:22.286+0000,2021-01-19T13:25:22.286+0000,13,Microsoft-Windows-Sysmon/Operational,ict3214:attack_trace,PS-HOST-01,,,,C:\Windows\system32\lsass.exe,,,,,,,,HKLM\System\CurrentControlSet\Services\W32Time\SecureTimeLimits\SecureTimeEstimated,QWORD (0x01d6ee66-0x896af49d),{E983936C-B38D-6006-0B00-00000000A301},852,,,,,,T1059.001,PowerShell,Execution,TRACE-PS-01,powershell,https://raw.githubusercontent.com/splunk/attack_data/master/datasets/attack_techniques/T1059.001/encoded_powershell/windows-sysmon.log,3dbc8567e8e60d4c189cde50c4c858759e2805f2d4dcbe4a3f471628dbf115bb,false,Execution,none,raw Computer/IpAddress/User fields,
2021-01-19T13:25:22.286+0000,2021-01-19T13:25:22.286+0000,13,Microsoft-Windows-Sysmon/Operational,ict3214:attack_trace,PS-HOST-01,,,,C:\Windows\system32\lsass.exe,,,,,,,,HKLM\System\CurrentControlSet\Services\W32Time\SecureTimeLimits\RunTime\SecureTimeConfidence,DWORD (0x00000008),{E983936C-B38D-6006-0B00-00000000A301},852,,,,,,T1059.001,PowerShell,Execution,TRACE-PS-01,powershell,https://raw.githubusercontent.com/splunk/attack_data/master/datasets/attack_techniques/T1059.001/encoded_powershell/windows-sysmon.log,6509350dd5f6237d2a469ddf53601baa952fff72e92a630062a8bb53f74cfa3a,false,Execution,none,raw Computer/IpAddress/User fields,
2021-01-19T13:25:22.286+0000,2021-01-19T13:25:22.286+0000,13,Microsoft-Windows-Sysmon/Operational,ict3214:attack_trace,PS-HOST-01,,,,C:\Windows\system32\lsass.exe,,,,,,,,HKLM\System\CurrentControlSet\Services\W32Time\SecureTimeLimits\RunTime\SecureTimeTickCount,QWORD (0x00000000-0x00a4f416),{E983936C-B38D-6006-0B00-00000000A301},852,,,,,,T1059.001,PowerShell,Execution,TRACE-PS-01,powershell,https://raw.githubusercontent.com/splunk/attack_data/master/datasets/attack_techniques/T1059.001/encoded_powershell/windows-sysmon.log,c301f65108c0f9baf307f99190ea9525ea69e36180c3c24a2357bd8e46b944bd,false,Execution,none,raw Computer/IpAddress/User fields,
2021-01-19T13:25:22.286+0000,2021-01-19T13:25:22.286+0000,13,Microsoft-Windows-Sysmon/Operational,ict3214:attack_trace,PS-HOST-01,,,,C:\Windows\system32\lsass.exe,,,,,,,,HKLM\System\CurrentControlSet\Services\W32Time\SecureTimeLimits\SecureTimeLow,QWORD (0x01d6ee5e-0x27a68c9d),{E983936C-B38D-6006-0B00-00000000A301},852,,,,,,T1059.001,PowerShell,Execution,TRACE-PS-01,powershell,https://raw.githubusercontent.com/splunk/attack_data/master/datasets/attack_techniques/T1059.001/encoded_powershell/windows-sysmon.log,ca728b94ba41722a9c20d55f0a9917fbdf8d3643c4eacfa760277852f92a9433,false,Execution,none,raw Computer/IpAddress/User fields,
2021-01-19T13:25:22.286+0000,2021-01-19T13:25:22.286+0000,13,Microsoft-Windows-Sysmon/Operational,ict3214:attack_trace,PS-HOST-01,,,,C:\Windows\system32\lsass.exe,,,,,,,,HKLM\System\CurrentControlSet\Services\W32Time\SecureTimeLimits\SecureTimeHigh,QWORD (0x01d6ee6e-0xeb2f5c9d),{E983936C-B38D-6006-0B00-00000000A301},852,,,,,,T1059.001,PowerShell,Execution,TRACE-PS-01,powershell,https://raw.githubusercontent.com/splunk/attack_data/master/datasets/attack_techniques/T1059.001/encoded_powershell/windows-sysmon.log,fca8fa87b714ca0dbaf89f2ab288eeb3e5469a9f1ee54b457ab9dcc1f399269e,false,Execution,none,raw Computer/IpAddress/User fields,
2021-01-19T13:25:22.287+0000,2021-01-19T13:25:22.287+0000,13,Microsoft-Windows-Sysmon/Operational,ict3214:attack_trace,PS-HOST-01,,,,C:\Windows\system32\lsass.exe,,,,,,,,HKLM\System\CurrentControlSet\Services\W32Time\SecureTimeLimits\RunTime\SecureTimeTickCount,QWORD (0x00000000-0x00a4f416),{E983936C-B38D-6006-0B00-00000000A301},852,,,,,,T1059.001,PowerShell,Execution,TRACE-PS-01,powershell,https://raw.githubusercontent.com/splunk/attack_data/master/datasets/attack_techniques/T1059.001/encoded_powershell/windows-sysmon.log,16f7ecf02b1e1bdb3b3b296bf83bf4eb9bf10bd59fc8a63ccd7c9587ce13789d,false,Execution,none,raw Computer/IpAddress/User fields,
2021-01-19T13:25:22.287+0000,2021-01-19T13:25:22.287+0000,13,Microsoft-Windows-Sysmon/Operational,ict3214:attack_trace,PS-HOST-01,,,,C:\Windows\system32\lsass.exe,,,,,,,,HKLM\System\CurrentControlSet\Services\W32Time\SecureTimeLimits\SecureTimeEstimated,QWORD (0x01d6ee66-0x896af49d),{E983936C-B38D-6006-0B00-00000000A301},852,,,,,,T1059.001,PowerShell,Execution,TRACE-PS-01,powershell,https://raw.githubusercontent.com/splunk/attack_data/master/datasets/attack_techniques/T1059.001/encoded_powershell/windows-sysmon.log,66f130a53e6454fcbdb3b1752630a42776a9078afe1e969058beca26216f015b,false,Execution,none,raw Computer/IpAddress/User fields,
2021-01-19T13:25:22.287+0000,2021-01-19T13:25:22.287+0000,13,Microsoft-Windows-Sysmon/Operational,ict3214:attack_trace,PS-HOST-01,,,,C:\Windows\system32\lsass.exe,,,,,,,,HKLM\System\CurrentControlSet\Services\W32Time\SecureTimeLimits\SecureTimeLow,QWORD (0x01d6ee5e-0x27a68c9d),{E983936C-B38D-6006-0B00-00000000A301},852,,,,,,T1059.001,PowerShell,Execution,TRACE-PS-01,powershell,https://raw.githubusercontent.com/splunk/attack_data/master/datasets/attack_techniques/T1059.001/encoded_powershell/windows-sysmon.log,6d9fc7565acef69bd9e72658c4abe3b357def00fa66ae933a6747c6f82c6c73f,false,Execution,none,raw Computer/IpAddress/User fields,
2021-01-19T13:25:22.287+0000,2021-01-19T13:25:22.287+0000,13,Microsoft-Windows-Sysmon/Operational,ict3214:attack_trace,PS-HOST-01,,,,C:\Windows\system32\lsass.exe,,,,,,,,HKLM\System\CurrentControlSet\Services\W32Time\SecureTimeLimits\RunTime\SecureTimeConfidence,DWORD (0x00000008),{E983936C-B38D-6006-0B00-00000000A301},852,,,,,,T1059.001,PowerShell,Execution,TRACE-PS-01,powershell,https://raw.githubusercontent.com/splunk/attack_data/master/datasets/attack_techniques/T1059.001/encoded_powershell/windows-sysmon.log,9726ec4ed09896c7c270e667d9700c9db94dc871381ed22d6ffbf4642f7536f4,false,Execution,none,raw Computer/IpAddress/User fields,
2021-01-19T13:25:22.289+0000,2021-01-19T13:25:22.289+0000,1,Microsoft-Windows-Sysmon/Operational,ict3214:attack_trace,PS-HOST-01,,,NT AUTHORITY\SYSTEM,C:\Program Files\SplunkUniversalForwarder\bin\splunk-MonitorNoHandle.exe,C:\Program Files\SplunkUniversalForwarder\bin\splunkd.exe,"""C:\Program Files\SplunkUniversalForwarder\bin\splunk-MonitorNoHandle.exe""",,,,,,,,{E983936C-DDC2-6006-8E09-00000000A301},3732,,,,,,T1059.001,PowerShell,Execution,TRACE-PS-01,powershell,https://raw.githubusercontent.com/splunk/attack_data/master/datasets/attack_techniques/T1059.001/encoded_powershell/windows-sysmon.log,14ae73058907ebc4c0ef2ecc22c5a2bf663a07393437cdb51acbf4fb5d1d550a,false,Execution,none,raw Computer/IpAddress/User fields,{E983936C-B438-6006-B400-00000000A301}
2021-01-19T13:25:22.289+0000,2021-01-19T13:25:22.289+0000,10,Microsoft-Windows-Sysmon/Operational,ict3214:attack_trace,PS-HOST-01,,,,,,,C:\Program Files\SplunkUniversalForwarder\bin\splunk-MonitorNoHandle.exe,C:\Windows\system32\csrss.exe,0x1fffff,,,,,,,{E983936C-B38D-6006-0500-00000000A301},636,{E983936C-DDC2-6006-8E09-00000000A301},3732,,T1059.001,PowerShell,Execution,TRACE-PS-01,powershell,https://raw.githubusercontent.com/splunk/attack_data/master/datasets/attack_techniques/T1059.001/encoded_powershell/windows-sysmon.log,635cfbacb3c0b5bc43890eda371e077ee9e013f85ee273aaaeb6d84d881a917b,false,Execution,none,raw Computer/IpAddress/User fields,
2021-01-19T13:25:22.289+0000,2021-01-19T13:25:22.289+0000,10,Microsoft-Windows-Sysmon/Operational,ict3214:attack_trace,PS-HOST-01,,,,,,,C:\Program Files\SplunkUniversalForwarder\bin\splunk-MonitorNoHandle.exe,C:\Program Files\SplunkUniversalForwarder\bin\splunkd.exe,0x1fffff,,,,,,,{E983936C-B438-6006-B400-00000000A301},4412,{E983936C-DDC2-6006-8E09-00000000A301},3732,,T1059.001,PowerShell,Execution,TRACE-PS-01,powershell,https://raw.githubusercontent.com/splunk/attack_data/master/datasets/attack_techniques/T1059.001/encoded_powershell/windows-sysmon.log,fb4910cb6f818ec110f6010c4879d7c9ab590ec19bd9804b96fea141cb6bda00,false,Execution,none,raw Computer/IpAddress/User fields,
2021-01-19T13:25:22.290+0000,2021-01-19T13:25:22.290+0000,10,Microsoft-Windows-Sysmon/Operational,ict3214:attack_trace,PS-HOST-01,,,,,,,C:\Windows\sysmon64.exe,C:\Windows\system32\svchost.exe,0x1400,,,,,,,{E983936C-B38F-6006-0C00-00000000A301},592,{E983936C-B3A0-6006-3100-00000000A301},2052,,T1059.001,PowerShell,Execution,TRACE-PS-01,powershell,https://raw.githubusercontent.com/splunk/attack_data/master/datasets/attack_techniques/T1059.001/encoded_powershell/windows-sysmon.log,84098805e576497a2454dc41851addb4326134905472d2bda2f5eba68994b594,false,Execution,none,raw Computer/IpAddress/User fields,
2021-01-19T13:25:22.290+0000,2021-01-19T13:25:22.290+0000,10,Microsoft-Windows-Sysmon/Operational,ict3214:attack_trace,PS-HOST-01,,,,,,,C:\Windows\sysmon64.exe,C:\Windows\system32\svchost.exe,0x1400,,,,,,,{E983936C-B38F-6006-0C00-00000000A301},592,{E983936C-B3A0-6006-3100-00000000A301},2052,,T1059.001,PowerShell,Execution,TRACE-PS-01,powershell,https://raw.githubusercontent.com/splunk/attack_data/master/datasets/attack_techniques/T1059.001/encoded_powershell/windows-sysmon.log,a4865d86b2c0e9c40ae5a3038f0f480a3a6ba2c71dff2047e6bc9550a770283b,false,Execution,none,raw Computer/IpAddress/User fields,
2021-01-19T13:25:22.290+0000,2021-01-19T13:25:22.290+0000,10,Microsoft-Windows-Sysmon/Operational,ict3214:attack_trace,PS-HOST-01,,,,,,,C:\Windows\sysmon64.exe,C:\Windows\system32\svchost.exe,0x1400,,,,,,,{E983936C-B38F-6006-0C00-00000000A301},592,{E983936C-B3A0-6006-3100-00000000A301},2052,,T1059.001,PowerShell,Execution,TRACE-PS-01,powershell,https://raw.githubusercontent.com/splunk/attack_data/master/datasets/attack_techniques/T1059.001/encoded_powershell/windows-sysmon.log,fee2acd6a432c758fc5940873ce45a2c56486d92ef09a19dac51318c45e49a0e,false,Execution,none,raw Computer/IpAddress/User fields,
2021-01-19T13:25:22.291+0000,2021-01-19T13:25:22.291+0000,10,Microsoft-Windows-Sysmon/Operational,ict3214:attack_trace,PS-HOST-01,,,,,,,C:\Windows\sysmon64.exe,C:\Windows\system32\svchost.exe,0x1400,,,,,,,{E983936C-B38F-6006-0C00-00000000A301},592,{E983936C-B3A0-6006-3100-00000000A301},2052,,T1059.001,PowerShell,Execution,TRACE-PS-01,powershell,https://raw.githubusercontent.com/splunk/attack_data/master/datasets/attack_techniques/T1059.001/encoded_powershell/windows-sysmon.log,9067fb5c494a263a8442c2eaf69b52b49ff3d0965204e4f682aa5283ffa35b90,false,Execution,none,raw Computer/IpAddress/User fields,
2021-01-19T13:25:22.292+0000,2021-01-19T13:25:22.292+0000,10,Microsoft-Windows-Sysmon/Operational,ict3214:attack_trace,PS-HOST-01,,,,,,,C:\Program Files\SplunkUniversalForwarder\bin\splunk-MonitorNoHandle.exe,C:\Windows\system32\conhost.exe,0x1fffff,,,,,,,{E983936C-B439-6006-B800-00000000A301},4284,{E983936C-DDC2-6006-8E09-00000000A301},3732,,T1059.001,PowerShell,Execution,TRACE-PS-01,powershell,https://raw.githubusercontent.com/splunk/attack_data/master/datasets/attack_techniques/T1059.001/encoded_powershell/windows-sysmon.log,e06a95f162e5895e0649ab7ed8096ff89ecd3340d8271aa2b146deb63d051aa6,false,Execution,none,raw Computer/IpAddress/User fields,
2021-01-19T13:25:23.303+0000,2021-01-19T13:25:23.303+0000,13,Microsoft-Windows-Sysmon/Operational,ict3214:attack_trace,PS-HOST-01,,,,C:\Windows\system32\svchost.exe,,,,,,,,HKLM\System\CurrentControlSet\Services\Tcpip\Parameters\DNSRegisteredAdapters\{90869922-2FCF-4D43-859E-B22588A4FFEF}\RegisteredSinceBoot,DWORD (0x00000001),{E983936C-B390-6006-1400-00000000A301},1296,,,,,,T1059.001,PowerShell,Execution,TRACE-PS-01,powershell,https://raw.githubusercontent.com/splunk/attack_data/master/datasets/attack_techniques/T1059.001/encoded_powershell/windows-sysmon.log,610d0fc306986553fab55c899446be863cf4e3c1afe283f77582e2429b9291c6,false,Execution,none,raw Computer/IpAddress/User fields,
2021-01-19T13:25:23.306+0000,2021-01-19T13:25:23.306+0000,10,Microsoft-Windows-Sysmon/Operational,ict3214:attack_trace,PS-HOST-01,,,,,,,C:\Windows\system32\svchost.exe,C:\Windows\system32\lsass.exe,0x1000,,,,,,,{E983936C-B38D-6006-0B00-00000000A301},852,{E983936C-B390-6006-1400-00000000A301},1296,,T1059.001,PowerShell,Execution,TRACE-PS-01,powershell,https://raw.githubusercontent.com/splunk/attack_data/master/datasets/attack_techniques/T1059.001/encoded_powershell/windows-sysmon.log,da2cdce6bef24c92b19212e5db4d6bb8c75e61d84d6d8c79dbf0b39de53587d5,false,Execution,none,raw Computer/IpAddress/User fields,
2021-01-19T13:25:23.313+0000,2021-01-19T13:25:23.313+0000,13,Microsoft-Windows-Sysmon/Operational,ict3214:attack_trace,PS-HOST-01,,,,C:\Windows\system32\svchost.exe,,,,,,,,HKLM\System\CurrentControlSet\Services\Tcpip\Parameters\DNSRegisteredAdapters\{90869922-2FCF-4D43-859E-B22588A4FFEF}\AdapterDomainName,(Empty),{E983936C-B390-6006-1400-00000000A301},1296,,,,,,T1059.001,PowerShell,Execution,TRACE-PS-01,powershell,https://raw.githubusercontent.com/splunk/attack_data/master/datasets/attack_techniques/T1059.001/encoded_powershell/windows-sysmon.log,3c3a50c73d37f634a2901dc520c38f5c11793dabde5fb032a65f3087f00f5efd,false,Execution,none,raw Computer/IpAddress/User fields,
2021-01-19T13:25:23.313+0000,2021-01-19T13:25:23.313+0000,13,Microsoft-Windows-Sysmon/Operational,ict3214:attack_trace,PS-HOST-01,,,,C:\Windows\system32\svchost.exe,,,,,,,,HKLM\System\CurrentControlSet\Services\Tcpip\Parameters\DNSRegisteredAdapters\{90869922-2FCF-4D43-859E-B22588A4FFEF}\PrimaryDomainName,lab.example,{E983936C-B390-6006-1400-00000000A301},1296,,,,,,T1059.001,PowerShell,Execution,TRACE-PS-01,powershell,https://raw.githubusercontent.com/splunk/attack_data/master/datasets/attack_techniques/T1059.001/encoded_powershell/windows-sysmon.log,d57753c392d967e3b6fca0c48ceca2d8d112a697471e37e62b5972cc19751b9b,false,Execution,none,raw Computer/IpAddress/User fields,
2021-01-19T13:25:23.313+0000,2021-01-19T13:25:23.313+0000,13,Microsoft-Windows-Sysmon/Operational,ict3214:attack_trace,PS-HOST-01,,,,C:\Windows\system32\svchost.exe,,,,,,,,HKLM\System\CurrentControlSet\Services\Tcpip\Parameters\DNSRegisteredAdapters\{90869922-2FCF-4D43-859E-B22588A4FFEF}\Hostname,PS-HOST-01,{E983936C-B390-6006-1400-00000000A301},1296,,,,,,T1059.001,PowerShell,Execution,TRACE-PS-01,powershell,https://raw.githubusercontent.com/splunk/attack_data/master/datasets/attack_techniques/T1059.001/encoded_powershell/windows-sysmon.log,db1fc6378b57321e31a85922be7f152b794f2da8fe179ff5bb1051f27492a463,false,Execution,none,raw Computer/IpAddress/User fields,
2021-01-19T13:25:23.314+0000,2021-01-19T13:25:23.314+0000,13,Microsoft-Windows-Sysmon/Operational,ict3214:attack_trace,PS-HOST-01,,,,C:\Windows\system32\svchost.exe,,,,,,,,HKLM\System\CurrentControlSet\Services\Tcpip\Parameters\DNSRegisteredAdapters\{90869922-2FCF-4D43-859E-B22588A4FFEF}\DnsServers,Binary Data,{E983936C-B390-6006-1400-00000000A301},1296,,,,,,T1059.001,PowerShell,Execution,TRACE-PS-01,powershell,https://raw.githubusercontent.com/splunk/attack_data/master/datasets/attack_techniques/T1059.001/encoded_powershell/windows-sysmon.log,0449fa3da5a7d5b7c4c3ed7cd23b7c741e6f12cc09d0652cf7efe090bc8dc32b,false,Execution,none,raw Computer/IpAddress/User fields,
2021-01-19T13:25:23.314+0000,2021-01-19T13:25:23.314+0000,13,Microsoft-Windows-Sysmon/Operational,ict3214:attack_trace,PS-HOST-01,,,,C:\Windows\system32\svchost.exe,,,,,,,,HKLM\System\CurrentControlSet\Services\Tcpip\Parameters\DNSRegisteredAdapters\{90869922-2FCF-4D43-859E-B22588A4FFEF}\Ttl,DWORD (0x000004b0),{E983936C-B390-6006-1400-00000000A301},1296,,,,,,T1059.001,PowerShell,Execution,TRACE-PS-01,powershell,https://raw.githubusercontent.com/splunk/attack_data/master/datasets/attack_techniques/T1059.001/encoded_powershell/windows-sysmon.log,2ad201da72c8763ad052b0110de3c109d9be826557f1c7a7c2ca1868ee7065e5,false,Execution,none,raw Computer/IpAddress/User fields,
2021-01-19T13:25:23.314+0000,2021-01-19T13:25:23.314+0000,13,Microsoft-Windows-Sysmon/Operational,ict3214:attack_trace,PS-HOST-01,,,,C:\Windows\system32\svchost.exe,,,,,,,,HKLM\System\CurrentControlSet\Services\Tcpip\Parameters\DNSRegisteredAdapters\{90869922-2FCF-4D43-859E-B22588A4FFEF}\HostAddrs,Binary Data,{E983936C-B390-6006-1400-00000000A301},1296,,,,,,T1059.001,PowerShell,Execution,TRACE-PS-01,powershell,https://raw.githubusercontent.com/splunk/attack_data/master/datasets/attack_techniques/T1059.001/encoded_powershell/windows-sysmon.log,4918a4ec27dedbba5f312606d50b304e27a40da55875dc381213fbbe902af9ae,false,Execution,none,raw Computer/IpAddress/User fields,
2021-01-19T13:25:23.314+0000,2021-01-19T13:25:23.314+0000,13,Microsoft-Windows-Sysmon/Operational,ict3214:attack_trace,PS-HOST-01,,,,C:\Windows\system32\svchost.exe,,,,,,,,HKLM\System\CurrentControlSet\Services\Tcpip\Parameters\DNSRegisteredAdapters\{90869922-2FCF-4D43-859E-B22588A4FFEF}\SentPriUpdateToIp,Binary Data,{E983936C-B390-6006-1400-00000000A301},1296,,,,,,T1059.001,PowerShell,Execution,TRACE-PS-01,powershell,https://raw.githubusercontent.com/splunk/attack_data/master/datasets/attack_techniques/T1059.001/encoded_powershell/windows-sysmon.log,82bcfefc0ff58f3f9a45c6ee73a0353619f11b0bd844374d328285e132bfcb4b,false,Execution,none,raw Computer/IpAddress/User fields,
2021-01-19T13:25:23.314+0000,2021-01-19T13:25:23.314+0000,13,Microsoft-Windows-Sysmon/Operational,ict3214:attack_trace,PS-HOST-01,,,,C:\Windows\system32\svchost.exe,,,,,,,,HKLM\System\CurrentControlSet\Services\Tcpip\Parameters\DNSRegisteredAdapters\{90869922-2FCF-4D43-859E-B22588A4FFEF}\SentUpdateToIp,Binary Data,{E983936C-B390-6006-1400-00000000A301},1296,,,,,,T1059.001,PowerShell,Execution,TRACE-PS-01,powershell,https://raw.githubusercontent.com/splunk/attack_data/master/datasets/attack_techniques/T1059.001/encoded_powershell/windows-sysmon.log,915814c5c49b6ce53ab909adf41bbfd043822957d8cb129ce9b534f708c9af90,false,Execution,none,raw Computer/IpAddress/User fields,
2021-01-19T13:25:23.315+0000,2021-01-19T13:25:23.315+0000,13,Microsoft-Windows-Sysmon/Operational,ict3214:attack_trace,PS-HOST-01,,,,C:\Windows\system32\svchost.exe,,,,,,,,HKLM\System\CurrentControlSet\Services\Tcpip\Parameters\DNSRegisteredAdapters\{90869922-2FCF-4D43-859E-B22588A4FFEF}\CompartmentId,DWORD (0x00000001),{E983936C-B390-6006-1400-00000000A301},1296,,,,,,T1059.001,PowerShell,Execution,TRACE-PS-01,powershell,https://raw.githubusercontent.com/splunk/attack_data/master/datasets/attack_techniques/T1059.001/encoded_powershell/windows-sysmon.log,30949666a475b853d8264dbde4b686f7f509bb3ade1dd504f35b257f5d7f9818,false,Execution,none,raw Computer/IpAddress/User fields,
2021-01-19T13:25:23.315+0000,2021-01-19T13:25:23.315+0000,13,Microsoft-Windows-Sysmon/Operational,ict3214:attack_trace,PS-HOST-01,,,,C:\Windows\system32\svchost.exe,,,,,,,,HKLM\System\CurrentControlSet\Services\Tcpip\Parameters\DNSRegisteredAdapters\{90869922-2FCF-4D43-859E-B22588A4FFEF}\Flags,DWORD (0x00000002),{E983936C-B390-6006-1400-00000000A301},1296,,,,,,T1059.001,PowerShell,Execution,TRACE-PS-01,powershell,https://raw.githubusercontent.com/splunk/attack_data/master/datasets/attack_techniques/T1059.001/encoded_powershell/windows-sysmon.log,4f5eba72da9cd4dc2c26f4e0da910ad3fe8de7d101e4b17ddbfd99c3973dea80,false,Execution,none,raw Computer/IpAddress/User fields,
2021-01-19T13:25:23.315+0000,2021-01-19T13:25:23.315+0000,13,Microsoft-Windows-Sysmon/Operational,ict3214:attack_trace,PS-HOST-01,,,,C:\Windows\system32\svchost.exe,,,,,,,,HKLM\System\CurrentControlSet\Services\Tcpip\Parameters\DNSRegisteredAdapters\{90869922-2FCF-4D43-859E-B22588A4FFEF}\RegisteredSinceBoot,DWORD (0x00000001),{E983936C-B390-6006-1400-00000000A301},1296,,,,,,T1059.001,PowerShell,Execution,TRACE-PS-01,powershell,https://raw.githubusercontent.com/splunk/attack_data/master/datasets/attack_techniques/T1059.001/encoded_powershell/windows-sysmon.log,92260a89030e0c69826bce0903645074dfb97d34d494ce164339455d03c83489,false,Execution,none,raw Computer/IpAddress/User fields,
2021-01-19T13:25:23.315+0000,2021-01-19T13:25:23.315+0000,13,Microsoft-Windows-Sysmon/Operational,ict3214:attack_trace,PS-HOST-01,,,,C:\Windows\system32\svchost.exe,,,,,,,,HKLM\System\CurrentControlSet\Services\Tcpip\Parameters\DNSRegisteredAdapters\{90869922-2FCF-4D43-859E-B22588A4FFEF}\StaleAdapter,DWORD (0x00000000),{E983936C-B390-6006-1400-00000000A301},1296,,,,,,T1059.001,PowerShell,Execution,TRACE-PS-01,powershell,https://raw.githubusercontent.com/splunk/attack_data/master/datasets/attack_techniques/T1059.001/encoded_powershell/windows-sysmon.log,cae9587d9e43362fb4bc8383585e151fef968d1109601b508714335e4d5f852a,false,Execution,none,raw Computer/IpAddress/User fields,
2021-01-19T13:25:23.489+0000,2021-01-19T13:25:23.489+0000,10,Microsoft-Windows-Sysmon/Operational,ict3214:attack_trace,PS-HOST-01,,,,,,,C:\Windows\Explorer.EXE,C:\Windows\system32\svchost.exe,0x1000,,,,,,,{E983936C-B38F-6006-0D00-00000000A301},992,{E983936C-CCDD-6006-4607-00000000A301},5080,,T1059.001,PowerShell,Execution,TRACE-PS-01,powershell,https://raw.githubusercontent.com/splunk/attack_data/master/datasets/attack_techniques/T1059.001/encoded_powershell/windows-sysmon.log,04e6afedba980b22c886454bbff5f72ac330264ac8255ea78e62153d1b9dfddc,false,Execution,none,raw Computer/IpAddress/User fields,
2021-01-19T13:25:23.489+0000,2021-01-19T13:25:23.489+0000,10,Microsoft-Windows-Sysmon/Operational,ict3214:attack_trace,PS-HOST-01,,,,,,,C:\Windows\Explorer.EXE,C:\Windows\system32\svchost.exe,0x1000,,,,,,,{E983936C-B38F-6006-0D00-00000000A301},992,{E983936C-CCDD-6006-4607-00000000A301},5080,,T1059.001,PowerShell,Execution,TRACE-PS-01,powershell,https://raw.githubusercontent.com/splunk/attack_data/master/datasets/attack_techniques/T1059.001/encoded_powershell/windows-sysmon.log,13a9aa3e2bf1e9299df4c6f48ea0a5717b63782fa273ba1e8c6ac7c89a36cc68,false,Execution,none,raw Computer/IpAddress/User fields,
2021-01-19T13:25:23.489+0000,2021-01-19T13:25:23.489+0000,10,Microsoft-Windows-Sysmon/Operational,ict3214:attack_trace,PS-HOST-01,,,,,,,C:\Windows\Explorer.EXE,C:\Windows\system32\svchost.exe,0x1000,,,,,,,{E983936C-B38F-6006-0D00-00000000A301},992,{E983936C-CCDD-6006-4607-00000000A301},5080,,T1059.001,PowerShell,Execution,TRACE-PS-01,powershell,https://raw.githubusercontent.com/splunk/attack_data/master/datasets/attack_techniques/T1059.001/encoded_powershell/windows-sysmon.log,1435c17edcfa6e882aea271f270dd776e5d6de2743b8cd9c2adebe7db112e417,false,Execution,none,raw Computer/IpAddress/User fields,
2021-01-19T13:25:23.489+0000,2021-01-19T13:25:23.489+0000,10,Microsoft-Windows-Sysmon/Operational,ict3214:attack_trace,PS-HOST-01,,,,,,,C:\Windows\system32\svchost.exe,C:\Windows\system32\svchost.exe,0x1000,,,,,,,{E983936C-B38F-6006-0D00-00000000A301},992,{E983936C-B390-6006-1000-00000000A301},1160,,T1059.001,PowerShell,Execution,TRACE-PS-01,powershell,https://raw.githubusercontent.com/splunk/attack_data/master/datasets/attack_techniques/T1059.001/encoded_powershell/windows-sysmon.log,14812f36446fe204372e73f672c506b174be5c5711b095392b61b21b91a17abc,false,Execution,none,raw Computer/IpAddress/User fields,
2021-01-19T13:25:23.489+0000,2021-01-19T13:25:23.489+0000,10,Microsoft-Windows-Sysmon/Operational,ict3214:attack_trace,PS-HOST-01,,,,,,,C:\Windows\Explorer.EXE,C:\Windows\system32\svchost.exe,0x1000,,,,,,,{E983936C-B38F-6006-0D00-00000000A301},992,{E983936C-CCDD-6006-4607-00000000A301},5080,,T1059.001,PowerShell,Execution,TRACE-PS-01,powershell,https://raw.githubusercontent.com/splunk/attack_data/master/datasets/attack_techniques/T1059.001/encoded_powershell/windows-sysmon.log,23850df4ae141ef2d04daf4531a42020a8a9487b9ec479460f634cd293f4c26a,false,Execution,none,raw Computer/IpAddress/User fields,
2021-01-19T13:25:23.489+0000,2021-01-19T13:25:23.489+0000,10,Microsoft-Windows-Sysmon/Operational,ict3214:attack_trace,PS-HOST-01,,,,,,,C:\Windows\system32\svchost.exe,C:\Windows\system32\svchost.exe,0x1000,,,,,,,{E983936C-B38F-6006-0D00-00000000A301},992,{E983936C-B390-6006-1000-00000000A301},1160,,T1059.001,PowerShell,Execution,TRACE-PS-01,powershell,https://raw.githubusercontent.com/splunk/attack_data/master/datasets/attack_techniques/T1059.001/encoded_powershell/windows-sysmon.log,56ca4716b9c99c59aa02772d4b38d500a79eec07b826be88df1e3c4f69982379,false,Execution,none,raw Computer/IpAddress/User fields,
2021-01-19T13:25:23.489+0000,2021-01-19T13:25:23.489+0000,10,Microsoft-Windows-Sysmon/Operational,ict3214:attack_trace,PS-HOST-01,,,,,,,C:\Windows\Explorer.EXE,C:\Windows\system32\svchost.exe,0x1000,,,,,,,{E983936C-B38F-6006-0D00-00000000A301},992,{E983936C-CCDD-6006-4607-00000000A301},5080,,T1059.001,PowerShell,Execution,TRACE-PS-01,powershell,https://raw.githubusercontent.com/splunk/attack_data/master/datasets/attack_techniques/T1059.001/encoded_powershell/windows-sysmon.log,7f326f6fe44a952ca5d9b7ea1c20fae9a6bbc692d8bba0cd6b266761c119d2e4,false,Execution,none,raw Computer/IpAddress/User fields,
2021-01-19T13:25:23.489+0000,2021-01-19T13:25:23.489+0000,10,Microsoft-Windows-Sysmon/Operational,ict3214:attack_trace,PS-HOST-01,,,,,,,C:\Windows\Explorer.EXE,C:\Windows\system32\svchost.exe,0x1000,,,,,,,{E983936C-B38F-6006-0D00-00000000A301},992,{E983936C-CCDD-6006-4607-00000000A301},5080,,T1059.001,PowerShell,Execution,TRACE-PS-01,powershell,https://raw.githubusercontent.com/splunk/attack_data/master/datasets/attack_techniques/T1059.001/encoded_powershell/windows-sysmon.log,92e5a944493fbcb813f9d1f0c8f0935e894594fc0eaec8807a38b866d8727ea0,false,Execution,none,raw Computer/IpAddress/User fields,
2021-01-19T13:25:23.489+0000,2021-01-19T13:25:23.489+0000,10,Microsoft-Windows-Sysmon/Operational,ict3214:attack_trace,PS-HOST-01,,,,,,,C:\Windows\Explorer.EXE,C:\Windows\system32\svchost.exe,0x1000,,,,,,,{E983936C-B38F-6006-0D00-00000000A301},992,{E983936C-CCDD-6006-4607-00000000A301},5080,,T1059.001,PowerShell,Execution,TRACE-PS-01,powershell,https://raw.githubusercontent.com/splunk/attack_data/master/datasets/attack_techniques/T1059.001/encoded_powershell/windows-sysmon.log,94ea01906b7105cc066b900314ce5841a756a6c3440e42ccab969b1722e69b4a,false,Execution,none,raw Computer/IpAddress/User fields,
2021-01-19T13:25:23.489+0000,2021-01-19T13:25:23.489+0000,10,Microsoft-Windows-Sysmon/Operational,ict3214:attack_trace,PS-HOST-01,,,,,,,C:\Windows\Explorer.EXE,C:\Windows\system32\svchost.exe,0x1000,,,,,,,{E983936C-B38F-6006-0D00-00000000A301},992,{E983936C-CCDD-6006-4607-00000000A301},5080,,T1059.001,PowerShell,Execution,TRACE-PS-01,powershell,https://raw.githubusercontent.com/splunk/attack_data/master/datasets/attack_techniques/T1059.001/encoded_powershell/windows-sysmon.log,9feef683c4f5e8c75c50595c60b10fcb8d6b3911a2eae6adb033e4f76c46bc24,false,Execution,none,raw Computer/IpAddress/User fields,
2021-01-19T13:25:23.489+0000,2021-01-19T13:25:23.489+0000,10,Microsoft-Windows-Sysmon/Operational,ict3214:attack_trace,PS-HOST-01,,,,,,,C:\Windows\Explorer.EXE,C:\Windows\system32\svchost.exe,0x1000,,,,,,,{E983936C-B38F-6006-0D00-00000000A301},992,{E983936C-CCDD-6006-4607-00000000A301},5080,,T1059.001,PowerShell,Execution,TRACE-PS-01,powershell,https://raw.githubusercontent.com/splunk/attack_data/master/datasets/attack_techniques/T1059.001/encoded_powershell/windows-sysmon.log,ac5cd0104e4eb42019abd417b202d86aecc0319fc71825db23f5c5efee7712a7,false,Execution,none,raw Computer/IpAddress/User fields,
2021-01-19T13:25:23.489+0000,2021-01-19T13:25:23.489+0000,10,Microsoft-Windows-Sysmon/Operational,ict3214:attack_trace,PS-HOST-01,,,,,,,C:\Windows\Explorer.EXE,C:\Windows\system32\svchost.exe,0x1000,,,,,,,{E983936C-B38F-6006-0D00-00000000A301},992,{E983936C-CCDD-6006-4607-00000000A301},5080,,T1059.001,PowerShell,Execution,TRACE-PS-01,powershell,https://raw.githubusercontent.com/splunk/attack_data/master/datasets/attack_techniques/T1059.001/encoded_powershell/windows-sysmon.log,bc409bd15011d1f37816f0154699a49f435e30804af602d4b556fe4f30a28f36,false,Execution,none,raw Computer/IpAddress/User fields,
2021-01-19T13:25:23.489+0000,2021-01-19T13:25:23.489+0000,10,Microsoft-Windows-Sysmon/Operational,ict3214:attack_trace,PS-HOST-01,,,,,,,C:\Windows\Explorer.EXE,C:\Windows\system32\svchost.exe,0x1000,,,,,,,{E983936C-B38F-6006-0D00-00000000A301},992,{E983936C-CCDD-6006-4607-00000000A301},5080,,T1059.001,PowerShell,Execution,TRACE-PS-01,powershell,https://raw.githubusercontent.com/splunk/attack_data/master/datasets/attack_techniques/T1059.001/encoded_powershell/windows-sysmon.log,e96d9bb6c5764fd390ec06af72120a2da3a3e0b2344e6194d67cff764be9f8b1,false,Execution,none,raw Computer/IpAddress/User fields,
2021-01-19T13:25:23.490+0000,2021-01-19T13:25:23.490+0000,10,Microsoft-Windows-Sysmon/Operational,ict3214:attack_trace,PS-HOST-01,,,,,,,C:\Windows\Explorer.EXE,C:\Windows\system32\svchost.exe,0x1000,,,,,,,{E983936C-B38F-6006-0D00-00000000A301},992,{E983936C-CCDD-6006-4607-00000000A301},5080,,T1059.001,PowerShell,Execution,TRACE-PS-01,powershell,https://raw.githubusercontent.com/splunk/attack_data/master/datasets/attack_techniques/T1059.001/encoded_powershell/windows-sysmon.log,048c89a8f8c7ecf586515fc4cf7251794518eb208df462dcb9890f36ca9555b5,false,Execution,none,raw Computer/IpAddress/User fields,
2021-01-19T13:25:23.490+0000,2021-01-19T13:25:23.490+0000,10,Microsoft-Windows-Sysmon/Operational,ict3214:attack_trace,PS-HOST-01,,,,,,,C:\Windows\SystemApps\ShellExperienceHost_cw5n1h2txyewy\ShellExperienceHost.exe,C:\Windows\system32\svchost.exe,0x1000,,,,,,,{E983936C-B38F-6006-0D00-00000000A301},992,{E983936C-CCEA-6006-5B07-00000000A301},5624,,T1059.001,PowerShell,Execution,TRACE-PS-01,powershell,https://raw.githubusercontent.com/splunk/attack_data/master/datasets/attack_techniques/T1059.001/encoded_powershell/windows-sysmon.log,1c684786c05d188773a569d3ed52dd2308fba85e3d1db75647e5250669a279ad,false,Execution,none,raw Computer/IpAddress/User fields,
2021-01-19T13:25:23.490+0000,2021-01-19T13:25:23.490+0000,10,Microsoft-Windows-Sysmon/Operational,ict3214:attack_trace,PS-HOST-01,,,,,,,C:\Windows\system32\svchost.exe,C:\Windows\system32\svchost.exe,0x1000,,,,,,,{E983936C-B38F-6006-0D00-00000000A301},992,{E983936C-B3A0-6006-3000-00000000A301},2668,,T1059.001,PowerShell,Execution,TRACE-PS-01,powershell,https://raw.githubusercontent.com/splunk/attack_data/master/datasets/attack_techniques/T1059.001/encoded_powershell/windows-sysmon.log,33e181ad242d5914cc13cdef042699a2d03138a12b992fcd6c86d2140431f27f,false,Execution,none,raw Computer/IpAddress/User fields,
2021-01-19T13:25:23.490+0000,2021-01-19T13:25:23.490+0000,10,Microsoft-Windows-Sysmon/Operational,ict3214:attack_trace,PS-HOST-01,,,,,,,C:\Windows\SystemApps\ShellExperienceHost_cw5n1h2txyewy\ShellExperienceHost.exe,C:\Windows\system32\svchost.exe,0x1000,,,,,,,{E983936C-B38F-6006-0D00-00000000A301},992,{E983936C-CCEA-6006-5B07-00000000A301},5624,,T1059.001,PowerShell,Execution,TRACE-PS-01,powershell,https://raw.githubusercontent.com/splunk/attack_data/master/datasets/attack_techniques/T1059.001/encoded_powershell/windows-sysmon.log,37972f527f1eb068968ef3f7059a06499f89f6a099c834d6d74fe43d6204fe93,false,Execution,none,raw Computer/IpAddress/User fields,
