2021-01-19T13:21:50.797+0000,2021-01-19T13:21:50.797+0000,22,Microsoft-Windows-Sysmon/Operational,ict3214:attack_trace,PS-HOST-01,,,,C:\Program Files\Mozilla Firefox\firefox.exe,,,,,,,,,,{E983936C-CD5C-6006-8407-00000000A301},6812,,,,,ogs.google.com,T1059.001,PowerShell,Execution,TRACE-PS-01,powershell,https://raw.githubusercontent.com/splunk/attack_data/master/datasets/attack_techniques/T1059.001/encoded_powershell/windows-sysmon.log,64bba03901ac12a108f71d64d34950884c3f72b629ec886b5d5314ad19b8334e,false,Execution,none,raw Computer/IpAddress/User fields,
2021-01-19T13:21:51.343+0000,2021-01-19T13:21:51.343+0000,10,Microsoft-Windows-Sysmon/Operational,ict3214:attack_trace,PS-HOST-01,,,,,,,C:\Program Files\Mozilla Firefox\firefox.exe,C:\Program Files\Mozilla Firefox\firefox.exe,0x40,,,,,,,{E983936C-CD5C-6006-8407-00000000A301},6812,{E983936C-CD5F-6006-8607-00000000A301},4500,,T1059.001,PowerShell,Execution,TRACE-PS-01,powershell,https://raw.githubusercontent.com/splunk/attack_data/master/datasets/attack_techniques/T1059.001/encoded_powershell/windows-sysmon.log,1349d5a4251826f880e29df884534d6828c6b73a02d86be89d41680b108dc196,false,Execution,none,raw Computer/IpAddress/User fields,
2021-01-19T13:21:51.343+0000,2021-01-19T13:21:51.343+0000,10,Microsoft-Windows-Sysmon/Operational,ict3214:attack_trace,PS-HOST-01,,,,,,,C:\Program Files\Mozilla Firefox\firefox.exe,C:\Program Files\Mozilla Firefox\firefox.exe,0x40,,,,,,,{E983936C-CD5C-6006-8407-00000000A301},6812,{E983936C-CD5F-6006-8607-00000000A301},4500,,T1059.001,PowerShell,Execution,TRACE-PS-01,powershell,https://raw.githubusercontent.com/splunk/attack_data/master/datasets/attack_techniques/T1059.001/encoded_powershell/windows-sysmon.log,1a32c1c903d059b4e59dd4abd7343bbbe51717472ccec96529f701ac161653c1,false,Execution,none,raw Computer/IpAddress/User fields,
2021-01-19T13:21:51.421+0000,2021-01-19T13:21:51.421+0000,10,Microsoft-Windows-Sysmon/Operational,ict3214:attack_trace,PS-HOST-01,,,,,,,C:\Program Files\Mozilla Firefox\firefox.exe,C:\Program Files\Mozilla Firefox\firefox.exe,0x40,,,,,,,{E983936C-CD5C-6006-8407-00000000A301},6812,{E983936C-CD5F-6006-8607-00000000A301},4500,,T1059.001,PowerShell,Execution,TRACE-PS-01,powershell,https://raw.githubusercontent.com/splunk/attack_data/master/datasets/attack_techniques/T1059.001/encoded_powershell/windows-sysmon.log,03583a1b45eb18b212ec65e334a33508d0c9f05b842ab8c434ef6d7603b22f3a,false,Execution,none,raw Computer/IpAddress/User fields,
2021-01-19T13:21:51.421+0000,2021-01-19T13:21:51.421+0000,10,Microsoft-Windows-Sysmon/Operational,ict3214:attack_trace,PS-HOST-01,,,,,,,C:\Program Files\Mozilla Firefox\firefox.exe,C:\Program Files\Mozilla Firefox\firefox.exe,0x40,,,,,,,{E983936C-CD5C-6006-8407-00000000A301},6812,{E983936C-CD5F-6006-8607-00000000A301},4500,,T1059.001,PowerShell,Execution,TRACE-PS-01,powershell,https://raw.githubusercontent.com/splunk/attack_data/master/datasets/attack_techniques/T1059.001/encoded_powershell/windows-sysmon.log,af28f9d4f3a7e8480554e93041e68d6568469f1dd206d4d65a69443ffe47b5df,false,Execution,none,raw Computer/IpAddress/User fields,
2021-01-19T13:21:51.810+0000,2021-01-19T13:21:51.810+0000,22,Microsoft-Windows-Sysmon/Operational,ict3214:attack_trace,PS-HOST-01,,,,C:\Program Files\Mozilla Firefox\firefox.exe,,,,,,,,,,{E983936C-CD5C-6006-8407-00000000A301},6812,,,,,plus.l.google.com,T1059.001,PowerShell,Execution,TRACE-PS-01,powershell,https://raw.githubusercontent.com/splunk/attack_data/master/datasets/attack_techniques/T1059.001/encoded_powershell/windows-sysmon.log,35c4e075bd6840d74473983bd346f39c7d14aceab8385d807590fe17e9e00175,false,Execution,none,raw Computer/IpAddress/User fields,
2021-01-19T13:21:51.810+0000,2021-01-19T13:21:51.810+0000,22,Microsoft-Windows-Sysmon/Operational,ict3214:attack_trace,PS-HOST-01,,,,C:\Program Files\Mozilla Firefox\firefox.exe,,,,,,,,,,{E983936C-CD5C-6006-8407-00000000A301},6812,,,,,www3.l.google.com,T1059.001,PowerShell,Execution,TRACE-PS-01,powershell,https://raw.githubusercontent.com/splunk/attack_data/master/datasets/attack_techniques/T1059.001/encoded_powershell/windows-sysmon.log,b8d13d233b88a23fa0809400e09890e3133dbb635aea0f503d4f687631b9d0ba,false,Execution,none,raw Computer/IpAddress/User fields,
2021-01-19T13:21:51.917+0000,2021-01-19T13:21:51.917+0000,10,Microsoft-Windows-Sysmon/Operational,ict3214:attack_trace,PS-HOST-01,,,,,,,C:\Program Files\Mozilla Firefox\firefox.exe,C:\Program Files\Mozilla Firefox\firefox.exe,0x40,,,,,,,{E983936C-CD5C-6006-8407-00000000A301},6812,{E983936C-CD5F-6006-8607-00000000A301},4500,,T1059.001,PowerShell,Execution,TRACE-PS-01,powershell,https://raw.githubusercontent.com/splunk/attack_data/master/datasets/attack_techniques/T1059.001/encoded_powershell/windows-sysmon.log,c2b26bbc2a09f15f27741888d30ee0e2555d9ec14b2b5b2a78f873766212aabf,false,Execution,none,raw Computer/IpAddress/User fields,
2021-01-19T13:21:51.917+0000,2021-01-19T13:21:51.917+0000,10,Microsoft-Windows-Sysmon/Operational,ict3214:attack_trace,PS-HOST-01,,,,,,,C:\Program Files\Mozilla Firefox\firefox.exe,C:\Program Files\Mozilla Firefox\firefox.exe,0x40,,,,,,,{E983936C-CD5C-6006-8407-00000000A301},6812,{E983936C-CD5F-6006-8607-00000000A301},4500,,T1059.001,PowerShell,Execution,TRACE-PS-01,powershell,https://raw.githubusercontent.com/splunk/attack_data/master/datasets/attack_techniques/T1059.001/encoded_powershell/windows-sysmon.log,e8ebeb8b65d112d9af2f918e691e94e6e6990010b3f20298f89010c8e7160c4f,false,Execution,none,raw Computer/IpAddress/User fields,
2021-01-19T13:21:52.376+0000,2021-01-19T13:21:52.376+0000,10,Microsoft-Windows-Sysmon/Operational,ict3214:attack_trace,PS-HOST-01,,,,,,,C:\Program Files\Mozilla Firefox\firefox.exe,C:\Program Files\Mozilla Firefox\firefox.exe,0x40,,,,,,,{E983936C-CD5C-6006-8407-00000000A301},6812,{E983936C-CD5F-6006-8607-00000000A301},4500,,T1059.001,PowerShell,Execution,TRACE-PS-01,powershell,https://raw.githubusercontent.com/splunk/attack_data/master/datasets/attack_techniques/T1059.001/encoded_powershell/windows-sysmon.log,0250995ed0610b8635756c5776f5c8e9bed8846f6f1466b385c10f38c0519044,false,Execution,none,raw Computer/IpAddress/User fields,
2021-01-19T13:21:52.376+0000,2021-01-19T13:21:52.376+0000,10,Microsoft-Windows-Sysmon/Operational,ict3214:attack_trace,PS-HOST-01,,,,,,,C:\Program Files\Mozilla Firefox\firefox.exe,C:\Program Files\Mozilla Firefox\firefox.exe,0x40,,,,,,,{E983936C-CD5C-6006-8407-00000000A301},6812,{E983936C-CD5F-6006-8607-00000000A301},4500,,T1059.001,PowerShell,Execution,TRACE-PS-01,powershell,https://raw.githubusercontent.com/splunk/attack_data/master/datasets/attack_techniques/T1059.001/encoded_powershell/windows-sysmon.log,7a7ef0d7f394e35db8351d181498b22a104d9efbf1229ba82d26a306a0b9ec01,false,Execution,none,raw Computer/IpAddress/User fields,
2021-01-19T13:21:52.469+0000,2021-01-19T13:21:52.469+0000,10,Microsoft-Windows-Sysmon/Operational,ict3214:attack_trace,PS-HOST-01,,,,,,,C:\Program Files\Mozilla Firefox\firefox.exe,C:\Program Files\Mozilla Firefox\firefox.exe,0x40,,,,,,,{E983936C-CD5C-6006-8407-00000000A301},6812,{E983936C-CD5F-6006-8607-00000000A301},4500,,T1059.001,PowerShell,Execution,TRACE-PS-01,powershell,https://raw.githubusercontent.com/splunk/attack_data/master/datasets/attack_techniques/T1059.001/encoded_powershell/windows-sysmon.log,4de9393f3537730023b4b31cfac8a84c703a689a11b75773ede089aa3ff82857,false,Execution,none,raw Computer/IpAddress/User fields,
2021-01-19T13:21:52.469+0000,2021-01-19T13:21:52.469+0000,10,Microsoft-Windows-Sysmon/Operational,ict3214:attack_trace,PS-HOST-01,,,,,,,C:\Program Files\Mozilla Firefox\firefox.exe,C:\Program Files\Mozilla Firefox\firefox.exe,0x40,,,,,,,{E983936C-CD5C-6006-8407-00000000A301},6812,{E983936C-CD5F-6006-8607-00000000A301},4500,,T1059.001,PowerShell,Execution,TRACE-PS-01,powershell,https://raw.githubusercontent.com/splunk/attack_data/master/datasets/attack_techniques/T1059.001/encoded_powershell/windows-sysmon.log,683cbb30ebe1e4bcdee0e776ec453c87dcb5ce9a0604b919b9c52226ed5de3d5,false,Execution,none,raw Computer/IpAddress/User fields,
2021-01-19T13:21:52.829+0000,2021-01-19T13:21:52.829+0000,22,Microsoft-Windows-Sysmon/Operational,ict3214:attack_trace,PS-HOST-01,,,,C:\Program Files\Mozilla Firefox\firefox.exe,,,,,,,,,,{E983936C-CD5C-6006-8407-00000000A301},6812,,,,,adservice.google.de,T1059.001,PowerShell,Execution,TRACE-PS-01,powershell,https://raw.githubusercontent.com/splunk/attack_data/master/datasets/attack_techniques/T1059.001/encoded_powershell/windows-sysmon.log,750b415441a6b6223bc9d76386c84cbfe6bf67653f18f6740cea8ba6eda83cbb,false,Execution,none,raw Computer/IpAddress/User fields,
2021-01-19T13:21:55.406+0000,2021-01-19T13:21:55.406+0000,10,Microsoft-Windows-Sysmon/Operational,ict3214:attack_trace,PS-HOST-01,,,,,,,C:\Program Files\Mozilla Firefox\firefox.exe,C:\Program Files\Mozilla Firefox\firefox.exe,0x40,,,,,,,{E983936C-CD5C-6006-8407-00000000A301},6812,{E983936C-CD5F-6006-8607-00000000A301},4500,,T1059.001,PowerShell,Execution,TRACE-PS-01,powershell,https://raw.githubusercontent.com/splunk/attack_data/master/datasets/attack_techniques/T1059.001/encoded_powershell/windows-sysmon.log,58d9949abdf24c89eee65133746cdf105f41a6e3ab58e01fd2fc66e1d1281b3b,false,Execution,none,raw Computer/IpAddress/User fields,
2021-01-19T13:21:55.406+0000,2021-01-19T13:21:55.406+0000,10,Microsoft-Windows-Sysmon/Operational,ict3214:attack_trace,PS-HOST-01,,,,,,,C:\Program Files\Mozilla Firefox\firefox.exe,C:\Program Files\Mozilla Firefox\firefox.exe,0x40,,,,,,,{E983936C-CD5C-6006-8407-00000000A301},6812,{E983936C-CD5F-6006-8607-00000000A301},4500,,T1059.001,PowerShell,Execution,TRACE-PS-01,powershell,https://raw.githubusercontent.com/splunk/attack_data/master/datasets/attack_techniques/T1059.001/encoded_powershell/windows-sysmon.log,5e940e48d245985e0f1014bd34e6bbc4322aff1ad3b48ed79267d353a7749025,false,Execution,none,raw Computer/IpAddress/User fields,
2021-01-19T13:21:55.626+0000,2021-01-19T13:21:55.626+0000,10,Microsoft-Windows-Sysmon/Operational,ict3214:attack_trace,PS-HOST-01,,,,,,,C:\Program Files\Mozilla Firefox\firefox.exe,C:\Program Files\Mozilla Firefox\firefox.exe,0x40,,,,,,,{E983936C-CD5C-6006-8407-00000000A301},6812,{E983936C-CD5F-6006-8607-00000000A301},4500,,T1059.001,PowerShell,Execution,TRACE-PS-01,powershell,https://raw.githubusercontent.com/splunk/attack_data/master/datasets/attack_techniques/T1059.001/encoded_powershell/windows-sysmon.log,1aef395ea32c7620a6d7a2c0ccab945fd88892f957fb61530124d775e33bc7a3,false,Execution,none,raw Computer/IpAddress/User fields,
2021-01-19T13:21:55.626+0000,2021-01-19T13:21:55.626+0000,10,Microsoft-Windows-Sysmon/Operational,ict3214:attack_trace,PS-HOST-01,,,,,,,C:\Program Files\Mozilla Firefox\firefox.exe,C:\Program Files\Mozilla Firefox\firefox.exe,0x40,,,,,,,{E983936C-CD5C-6006-8407-00000000A301},6812,{E983936C-CD5F-6006-8607-00000000A301},4500,,T1059.001,PowerShell,Execution,TRACE-PS-01,powershell,https://raw.githubusercontent.com/splunk/attack_data/master/datasets/attack_techniques/T1059.001/encoded_powershell/windows-sysmon.log,c2785abc75ba594f72594d4ce4875d7167b9c4e173d2cade6e84fe87fb4d58ba,false,Execution,none,raw Computer/IpAddress/User fields,
2021-01-19T13:21:56.736+0000,2021-01-19T13:21:56.736+0000,10,Microsoft-Windows-Sysmon/Operational,ict3214:attack_trace,PS-HOST-01,,,,,,,C:\Program Files\Mozilla Firefox\firefox.exe,C:\Program Files\Mozilla Firefox\firefox.exe,0x40,,,,,,,{E983936C-CD5C-6006-8407-00000000A301},6812,{E983936C-CD5F-6006-8607-00000000A301},4500,,T1059.001,PowerShell,Execution,TRACE-PS-01,powershell,https://raw.githubusercontent.com/splunk/attack_data/master/datasets/attack_techniques/T1059.001/encoded_powershell/windows-sysmon.log,b6b41e92a730b71ee7038437ded31ee8170f90d6c95a4dad8918e0e7892c534a,false,Execution,none,raw Computer/IpAddress/User fields,
2021-01-19T13:21:56.737+0000,2021-01-19T13:21:56.737+0000,10,Microsoft-Windows-Sysmon/Operational,ict3214:attack_trace,PS-HOST-01,,,,,,,C:\Program Files\Mozilla Firefox\firefox.exe,C:\Program Files\Mozilla Firefox\firefox.exe,0x40,,,,,,,{E983936C-CD5C-6006-8407-00000000A301},6812,{E983936C-CD5F-6006-8607-00000000A301},4500,,T1059.001,PowerShell,Execution,TRACE-PS-01,powershell,https://raw.githubusercontent.com/splunk/attack_data/master/datasets/attack_techniques/T1059.001/encoded_powershell/windows-sysmon.log,c783e8f2d69afdf29f1ec53bbae7d2935fa69a13d555595d1134d27392c99e51,false,Execution,none,raw Computer/IpAddress/User fields,
2021-01-19T13:21:56.741+0000,2021-01-19T13:21:56.741+0000,10,Microsoft-Windows-Sysmon/Operational,ict3214:attack_trace,PS-HOST-01,,,,,,,C:\Program Files\Mozilla Firefox\firefox.exe,C:\Program Files\Mozilla Firefox\firefox.exe,0x40,,,,,,,{E983936C-CD5C-6006-8407-00000000A301},6812,{E983936C-CD5F-6006-8607-00000000A301},4500,,T1059.001,PowerShell,Execution,TRACE-PS-01,powershell,https://raw.githubusercontent.com/splunk/attack_data/master/datasets/attack_techniques/T1059.001/encoded_powershell/windows-sysmon.log,4f5074a624c321858955a74db95c30143dabfda982f4757daea5896ad66880f4,false,Execution,none,raw Computer/IpAddress/User fields,
2021-01-19T13:21:56.898+0000,2021-01-19T13:21:56.898+0000,10,Microsoft-Windows-Sysmon/Operational,ict3214:attack_trace,PS-HOST-01,,,,,,,C:\Program Files\Mozilla Firefox\firefox.exe,C:\Program Files\Mozilla Firefox\firefox.exe,0x40,,,,,,,{E983936C-CD5C-6006-8407-00000000A301},6812,{E983936C-CD5F-6006-8607-00000000A301},4500,,T1059.001,PowerShell,Execution,TRACE-PS-01,powershell,https://raw.githubusercontent.com/splunk/attack_data/master/datasets/attack_techniques/T1059.001/encoded_powershell/windows-sysmon.log,23c6ebea1d050afdb4cc595832524ebb3be682e262b13c3d4b32e6658d1c476a,false,Execution,none,raw Computer/IpAddress/User fields,
2021-01-19T13:21:56.898+0000,2021-01-19T13:21:56.898+0000,10,Microsoft-Windows-Sysmon/Operational,ict3214:attack_trace,PS-HOST-01,,,,,,,C:\Program Files\Mozilla Firefox\firefox.exe,C:\Program Files\Mozilla Firefox\firefox.exe,0x40,,,,,,,{E983936C-CD5C-6006-8407-00000000A301},6812,{E983936C-CD5F-6006-8607-00000000A301},4500,,T1059.001,PowerShell,Execution,TRACE-PS-01,powershell,https://raw.githubusercontent.com/splunk/attack_data/master/datasets/attack_techniques/T1059.001/encoded_powershell/windows-sysmon.log,90afaa8b7797c039c9ec5f4770f87fc1dedb39c2933eee402d96b492e1586ecb,false,Execution,none,raw Computer/IpAddress/User fields,
2021-01-19T13:21:56.902+0000,2021-01-19T13:21:56.902+0000,10,Microsoft-Windows-Sysmon/Operational,ict3214:attack_trace,PS-HOST-01,,,,,,,C:\Program Files\Mozilla Firefox\firefox.exe,C:\Program Files\Mozilla Firefox\firefox.exe,0x40,,,,,,,{E983936C-CD5C-6006-8407-00000000A301},6812,{E983936C-CD5F-6006-8607-00000000A301},4500,,T1059.001,PowerShell,Execution,TRACE-PS-01,powershell,https://raw.githubusercontent.com/splunk/attack_data/master/datasets/attack_techniques/T1059.001/encoded_powershell/windows-sysmon.log,557d712ddd4da7f4d77cc55502f7ffc9976c7da6c35c73ae4540e42107a4dd31,false,Execution,none,raw Computer/IpAddress/User fields,
2021-01-19T13:21:56.914+0000,2021-01-19T13:21:56.914+0000,10,Microsoft-Windows-Sysmon/Operational,ict3214:attack_trace,PS-HOST-01,,,,,,,C:\Program Files\Mozilla Firefox\firefox.exe,C:\Program Files\Mozilla Firefox\firefox.exe,0x40,,,,,,,{E983936C-CD5C-6006-8407-00000000A301},6812,{E983936C-CD5F-6006-8607-00000000A301},4500,,T1059.001,PowerShell,Execution,TRACE-PS-01,powershell,https://raw.githubusercontent.com/splunk/attack_data/master/datasets/attack_techniques/T1059.001/encoded_powershell/windows-sysmon.log,090adec865773e29f57058c043e89c18d2157aa3daee87291209cc95ff5881a7,false,Execution,none,raw Computer/IpAddress/User fields,
2021-01-19T13:21:56.968+0000,2021-01-19T13:21:56.968+0000,10,Microsoft-Windows-Sysmon/Operational,ict3214:attack_trace,PS-HOST-01,,,,,,,C:\Program Files\Mozilla Firefox\firefox.exe,C:\Program Files\Mozilla Firefox\firefox.exe,0x40,,,,,,,{E983936C-CD5C-6006-8407-00000000A301},6812,{E983936C-CD5F-6006-8607-00000000A301},4500,,T1059.001,PowerShell,Execution,TRACE-PS-01,powershell,https://raw.githubusercontent.com/splunk/attack_data/master/datasets/attack_techniques/T1059.001/encoded_powershell/windows-sysmon.log,9cff86292b6384673a9ed390dd2f4fb499aca380010d8da30bf40bc254900a4d,false,Execution,none,raw Computer/IpAddress/User fields,
2021-01-19T13:21:57.190+0000,2021-01-19T13:21:57.190+0000,10,Microsoft-Windows-Sysmon/Operational,ict3214:attack_trace,PS-HOST-01,,,,,,,C:\Program Files\Mozilla Firefox\firefox.exe,C:\Program Files\Mozilla Firefox\firefox.exe,0x40,,,,,,,{E983936C-CD5C-6006-8407-00000000A301},6812,{E983936C-CD5F-6006-8607-00000000A301},4500,,T1059.001,PowerShell,Execution,TRACE-PS-01,powershell,https://raw.githubusercontent.com/splunk/attack_data/master/datasets/attack_techniques/T1059.001/encoded_powershell/windows-sysmon.log,8b6a33727ebbacc83838a41787daf7fb2b7cbd25e87fc61566c2b0417b6c987c,false,Execution,none,raw Computer/IpAddress/User fields,
2021-01-19T13:21:57.190+0000,2021-01-19T13:21:57.190+0000,10,Microsoft-Windows-Sysmon/Operational,ict3214:attack_trace,PS-HOST-01,,,,,,,C:\Program Files\Mozilla Firefox\firefox.exe,C:\Program Files\Mozilla Firefox\firefox.exe,0x40,,,,,,,{E983936C-CD5C-6006-8407-00000000A301},6812,{E983936C-CD5F-6006-8607-00000000A301},4500,,T1059.001,PowerShell,Execution,TRACE-PS-01,powershell,https://raw.githubusercontent.com/splunk/attack_data/master/datasets/attack_techniques/T1059.001/encoded_powershell/windows-sysmon.log,8c93a7db41ed57f4f1e587ab1731211cc52e0452242e74ca3e33328d1de2d164,false,Execution,none,raw Computer/IpAddress/User fields,
2021-01-19T13:21:57.191+0000,2021-01-19T13:21:57.191+0000,10,Microsoft-Windows-Sysmon/Operational,ict3214:attack_trace,PS-HOST-01,,,,,,,C:\Program Files\Mozilla Firefox\firefox.exe,C:\Program Files\Mozilla Firefox\firefox.exe,0x40,,,,,,,{E983936C-CD5C-6006-8407-00000000A301},6812,{E983936C-CD5F-6006-8607-00000000A301},4500,,T1059.001,PowerShell,Execution,TRACE-PS-01,powershell,https://raw.githubusercontent.com/splunk/attack_data/master/datasets/attack_techniques/T1059.001/encoded_powershell/windows-sysmon.log,473de5460900181ee92cc559463abc8cdb77d63ca2d5bfc0f9f33b3de1e0fb9d,false,Execution,none,raw Computer/IpAddress/User fields,
2021-01-19T13:21:57.191+0000,2021-01-19T13:21:57.191+0000,10,Microsoft-Windows-Sysmon/Operational,ict3214:attack_trace,PS-HOST-01,,,,,,,C:\Program Files\Mozilla Firefox\firefox.exe,C:\Program Files\Mozilla Firefox\firefox.exe,0x40,,,,,,,{E983936C-CD5C-6006-8407-00000000A301},6812,{E983936C-CD5F-6006-8607-00000000A301},4500,,T1059.001,PowerShell,Execution,TRACE-PS-01,powershell,https://raw.githubusercontent.com/splunk/attack_data/master/datasets/attack_techniques/T1059.001/encoded_powershell/windows-sysmon.log,5c72f76d6e5c5945ee9c3db95f19b2c495fc1df59f2f224e6914b76c7050c4dc,false,Execution,none,raw Computer/IpAddress/User fields,
2021-01-19T13:21:57.193+0000,2021-01-19T13:21:57.193+0000,10,Microsoft-Windows-Sysmon/Operational,ict3214:attack_trace,PS-HOST-01,,,,,,,C:\Program Files\Mozilla Firefox\firefox.exe,C:\Program Files\Mozilla Firefox\firefox.exe,0x40,,,,,,,{E983936C-CD5C-6006-8407-00000000A301},6812,{E983936C-CD5F-6006-8607-00000000A301},4500,,T1059.001,PowerShell,Execution,TRACE-PS-01,powershell,https://raw.githubusercontent.com/splunk/attack_data/master/datasets/attack_techniques/T1059.001/encoded_powershell/windows-sysmon.log,33a55e9d1a0ea40eec16b56cc0525d3323c63f721dd33ccef6c63206291af99d,false,Execution,none,raw Computer/IpAddress/User fields,
2021-01-19T13:21:57.194+0000,2021-01-19T13:21:57.194+0000,10,Microsoft-Windows-Sysmon/Operational,ict3214:attack_trace,PS-HOST-01,,,,,,,C:\Program Files\Mozilla Firefox\firefox.exe,C:\Program Files\Mozilla Firefox\firefox.exe,0x40,,,,,,,{E983936C-CD5C-6006-8407-00000000A301},6812,{E983936C-CD5F-6006-8607-00000000A301},4500,,T1059.001,PowerShell,Execution,TRACE-PS-01,powershell,https://raw.githubusercontent.com/splunk/attack_data/master/datasets/attack_techniques/T1059.001/encoded_powershell/windows-sysmon.log,167a173a428c78580e9628fc749589975e5e4876922a775085d2f3d4293b7458,false,Execution,none,raw Computer/IpAddress/User fields,
2021-01-19T13:21:57.194+0000,2021-01-19T13:21:57.194+0000,10,Microsoft-Windows-Sysmon/Operational,ict3214:attack_trace,PS-HOST-01,,,,,,,C:\Program Files\Mozilla Firefox\firefox.exe,C:\Program Files\Mozilla Firefox\firefox.exe,0x40,,,,,,,{E983936C-CD5C-6006-8407-00000000A301},6812,{E983936C-CD5F-6006-8607-00000000A301},4500,,T1059.001,PowerShell,Execution,TRACE-PS-01,powershell,https://raw.githubusercontent.com/splunk/attack_data/master/datasets/attack_techniques/T1059.001/encoded_powershell/windows-sysmon.log,2298ad06c97b506cc73e8faf9d34b330a7e898b1ce9d8b68cfcdba7fbf078549,false,Execution,none,raw Computer/IpAddress/User fields,
2021-01-19T13:21:57.195+0000,2021-01-19T13:21:57.195+0000,10,Microsoft-Windows-Sysmon/Operational,ict3214:attack_trace,PS-HOST-01,,,,,,,C:\Program Files\Mozilla Firefox\firefox.exe,C:\Program Files\Mozilla Firefox\firefox.exe,0x40,,,,,,,{E983936C-CD5C-6006-8407-00000000A301},6812,{E983936C-CD5F-6006-8607-00000000A301},4500,,T1059.001,PowerShell,Execution,TRACE-PS-01,powershell,https://raw.githubusercontent.com/splunk/attack_data/master/datasets/attack_techniques/T1059.001/encoded_powershell/windows-sysmon.log,8bda79471334973e9243861170ac1a653395d2a2aa85f723cadab26e4719b559,false,Execution,none,raw Computer/IpAddress/User fields,
2021-01-19T13:21:57.195+0000,2021-01-19T13:21:57.195+0000,10,Microsoft-Windows-Sysmon/Operational,ict3214:attack_trace,PS-HOST-01,,,,,,,C:\Program Files\Mozilla Firefox\firefox.exe,C:\Program Files\Mozilla Firefox\firefox.exe,0x40,,,,,,,{E983936C-CD5C-6006-8407-00000000A301},6812,{E983936C-CD5F-6006-8607-00000000A301},4500,,T1059.001,PowerShell,Execution,TRACE-PS-01,powershell,https://raw.githubusercontent.com/splunk/attack_data/master/datasets/attack_techniques/T1059.001/encoded_powershell/windows-sysmon.log,e8b68c9e529a8abb4a0a545af33ff8c12cc4f3f80a66b063b3690393474ee736,false,Execution,none,raw Computer/IpAddress/User fields,
2021-01-19T13:21:57.195+0000,2021-01-19T13:21:57.195+0000,10,Microsoft-Windows-Sysmon/Operational,ict3214:attack_trace,PS-HOST-01,,,,,,,C:\Program Files\Mozilla Firefox\firefox.exe,C:\Program Files\Mozilla Firefox\firefox.exe,0x40,,,,,,,{E983936C-CD5C-6006-8407-00000000A301},6812,{E983936C-CD5F-6006-8607-00000000A301},4500,,T1059.001,PowerShell,Execution,TRACE-PS-01,powershell,https://raw.githubusercontent.com/splunk/attack_data/master/datasets/attack_techniques/T1059.001/encoded_powershell/windows-sysmon.log,eab4eb4f2323179b810929eeaf6a158813994a8f5470b7e827250a1f03a84f04,false,Execution,none,raw Computer/IpAddress/User fields,
2021-01-19T13:21:57.196+0000,2021-01-19T13:21:57.196+0000,10,Microsoft-Windows-Sysmon/Operational,ict3214:attack_trace,PS-HOST-01,,,,,,,C:\Program Files\Mozilla Firefox\firefox.exe,C:\Program Files\Mozilla Firefox\firefox.exe,0x40,,,,,,,{E983936C-CD5C-6006-8407-00000000A301},6812,{E983936C-CD5F-6006-8607-00000000A301},4500,,T1059.001,PowerShell,Execution,TRACE-PS-01,powershell,https://raw.githubusercontent.com/splunk/attack_data/master/datasets/attack_techniques/T1059.001/encoded_powershell/windows-sysmon.log,6c849beeb1e8eb6ff6b3934318a98a8d29f3b831b3974c5481ea90056c261bf6,false,Execution,none,raw Computer/IpAddress/User fields,
2021-01-19T13:21:57.196+0000,2021-01-19T13:21:57.196+0000,10,Microsoft-Windows-Sysmon/Operational,ict3214:attack_trace,PS-HOST-01,,,,,,,C:\Program Files\Mozilla Firefox\firefox.exe,C:\Program Files\Mozilla Firefox\firefox.exe,0x40,,,,,,,{E983936C-CD5C-6006-8407-00000000A301},6812,{E983936C-CD5F-6006-8607-00000000A301},4500,,T1059.001,PowerShell,Execution,TRACE-PS-01,powershell,https://raw.githubusercontent.com/splunk/attack_data/master/datasets/attack_techniques/T1059.001/encoded_powershell/windows-sysmon.log,868c8111eaec2372fa1751d9acf9b9393c4a9726928a9e96496c07064327f488,false,Execution,none,raw Computer/IpAddress/User fields,
2021-01-19T13:21:57.196+0000,2021-01-19T13:21:57.196+0000,10,Microsoft-Windows-Sysmon/Operational,ict3214:attack_trace,PS-HOST-01,,,,,,,C:\Program Files\Mozilla Firefox\firefox.exe,C:\Program Files\Mozilla Firefox\firefox.exe,0x40,,,,,,,{E983936C-CD5C-6006-8407-00000000A301},6812,{E983936C-CD5F-6006-8607-00000000A301},4500,,T1059.001,PowerShell,Execution,TRACE-PS-01,powershell,https://raw.githubusercontent.com/splunk/attack_data/master/datasets/attack_techniques/T1059.001/encoded_powershell/windows-sysmon.log,bbad081ede00328efd8cc0c64bb9ad29f7b1ad4f683386cf0624dec20afc2702,false,Execution,none,raw Computer/IpAddress/User fields,
2021-01-19T13:21:57.196+0000,2021-01-19T13:21:57.196+0000,10,Microsoft-Windows-Sysmon/Operational,ict3214:attack_trace,PS-HOST-01,,,,,,,C:\Program Files\Mozilla Firefox\firefox.exe,C:\Program Files\Mozilla Firefox\firefox.exe,0x40,,,,,,,{E983936C-CD5C-6006-8407-00000000A301},6812,{E983936C-CD5F-6006-8607-00000000A301},4500,,T1059.001,PowerShell,Execution,TRACE-PS-01,powershell,https://raw.githubusercontent.com/splunk/attack_data/master/datasets/attack_techniques/T1059.001/encoded_powershell/windows-sysmon.log,fb63ffe04977332426ed9f6775bd386212d94fa6488aae5f46f05ae573a722ab,false,Execution,none,raw Computer/IpAddress/User fields,
2021-01-19T13:21:57.197+0000,2021-01-19T13:21:57.197+0000,10,Microsoft-Windows-Sysmon/Operational,ict3214:attack_trace,PS-HOST-01,,,,,,,C:\Program Files\Mozilla Firefox\firefox.exe,C:\Program Files\Mozilla Firefox\firefox.exe,0x40,,,,,,,{E983936C-CD5C-6006-8407-00000000A301},6812,{E983936C-CD5F-6006-8607-00000000A301},4500,,T1059.001,PowerShell,Execution,TRACE-PS-01,powershell,https://raw.githubusercontent.com/splunk/attack_data/master/datasets/attack_techniques/T1059.001/encoded_powershell/windows-sysmon.log,397d2b7bf1635999b4f4a989204741b79b0ca0d5eb5582791aaefc285929a271,false,Execution,none,raw Computer/IpAddress/User fields,
2021-01-19T13:21:57.197+0000,2021-01-19T13:21:57.197+0000,10,Microsoft-Windows-Sysmon/Operational,ict3214:attack_trace,PS-HOST-01,,,,,,,C:\Program Files\Mozilla Firefox\firefox.exe,C:\Program Files\Mozilla Firefox\firefox.exe,0x40,,,,,,,{E983936C-CD5C-6006-8407-00000000A301},6812,{E983936C-CD5F-6006-8607-00000000A301},4500,,T1059.001,PowerShell,Execution,TRACE-PS-01,powershell,https://raw.githubusercontent.com/splunk/attack_data/master/datasets/attack_techniques/T1059.001/encoded_powershell/windows-sysmon.log,a89e04454350f09b7e82650dfb4b1a8bf70624b51407ad14a91235aa3cf4e10d,false,Execution,none,raw Computer/IpAddress/User fields,
2021-01-19T13:21:57.198+0000,2021-01-19T13:21:57.198+0000,10,Microsoft-Windows-Sysmon/Operational,ict3214:attack_trace,PS-HOST-01,,,,,,,C:\Program Files\Mozilla Firefox\firefox.exe,C:\Program Files\Mozilla Firefox\firefox.exe,0x40,,,,,,,{E983936C-CD5C-6006-8407-00000000A301},6812,{E983936C-CD5F-6006-8607-00000000A301},4500,,T1059.001,PowerShell,Execution,TRACE-PS-01,powershell,https://raw.githubusercontent.com/splunk/attack_data/master/datasets/attack_techniques/T1059.001/encoded_powershell/windows-sysmon.log,da448fd31700d59c977a9a89275a1cf9221750d1ecc221f786c31899e0c5c5c6,false,Execution,none,raw Computer/IpAddress/User fields,
2021-01-19T13:21:57.199+0000,2021-01-19T13:21:57.199+0000,10,Microsoft-Windows-Sysmon/Operational,ict3214:attack_trace,PS-HOST-01,,,,,,,C:\Program Files\Mozilla Firefox\firefox.exe,C:\Program Files\Mozilla Firefox\firefox.exe,0x40,,,,,,,{E983936C-CD5C-6006-8407-00000000A301},6812,{E983936C-CD5F-6006-8607-00000000A301},4500,,T1059.001,PowerShell,Execution,TRACE-PS-01,powershell,https://raw.githubusercontent.com/splunk/attack_data/master/datasets/attack_techniques/T1059.001/encoded_powershell/windows-sysmon.log,63c9b75ec61e663360607d4cd98cc0fe343b556ed74bce5bb958c5d0f97b6d7e,false,Execution,none,raw Computer/IpAddress/User fields,
2021-01-19T13:21:57.200+0000,2021-01-19T13:21:57.200+0000,10,Microsoft-Windows-Sysmon/Operational,ict3214:attack_trace,PS-HOST-01,,,,,,,C:\Program Files\Mozilla Firefox\firefox.exe,C:\Program Files\Mozilla Firefox\firefox.exe,0x40,,,,,,,{E983936C-CD5C-6006-8407-00000000A301},6812,{E983936C-CD5F-6006-8607-00000000A301},4500,,T1059.001,PowerShell,Execution,TRACE-PS-01,powershell,https://raw.githubusercontent.com/splunk/attack_data/master/datasets/attack_techniques/T1059.001/encoded_powershell/windows-sysmon.log,2d803a5fe558c1ee8d4923d9aeac46d34a04bb0338d1f45991c2f7698e4047ea,false,Execution,none,raw Computer/IpAddress/User fields,
2021-01-19T13:21:57.201+0000,2021-01-19T13:21:57.201+0000,10,Microsoft-Windows-Sysmon/Operational,ict3214:attack_trace,PS-HOST-01,,,,,,,C:\Program Files\Mozilla Firefox\firefox.exe,C:\Program Files\Mozilla Firefox\firefox.exe,0x40,,,,,,,{E983936C-CD5C-6006-8407-00000000A301},6812,{E983936C-CD5F-6006-8607-00000000A301},4500,,T1059.001,PowerShell,Execution,TRACE-PS-01,powershell,https://raw.githubusercontent.com/splunk/attack_data/master/datasets/attack_techniques/T1059.001/encoded_powershell/windows-sysmon.log,f1ad3efa486529e9ded1a54ae55d18dae440079987e8598009a9e518535b9277,false,Execution,none,raw Computer/IpAddress/User fields,
2021-01-19T13:21:57.202+0000,2021-01-19T13:21:57.202+0000,10,Microsoft-Windows-Sysmon/Operational,ict3214:attack_trace,PS-HOST-01,,,,,,,C:\Program Files\Mozilla Firefox\firefox.exe,C:\Program Files\Mozilla Firefox\firefox.exe,0x40,,,,,,,{E983936C-CD5C-6006-8407-00000000A301},6812,{E983936C-CD5F-6006-8607-00000000A301},4500,,T1059.001,PowerShell,Execution,TRACE-PS-01,powershell,https://raw.githubusercontent.com/splunk/attack_data/master/datasets/attack_techniques/T1059.001/encoded_powershell/windows-sysmon.log,3f5736673abaaea5600251d49544fd407e889dcc24ad9cc71377671473efe67c,false,Execution,none,raw Computer/IpAddress/User fields,
2021-01-19T13:21:57.202+0000,2021-01-19T13:21:57.202+0000,10,Microsoft-Windows-Sysmon/Operational,ict3214:attack_trace,PS-HOST-01,,,,,,,C:\Program Files\Mozilla Firefox\firefox.exe,C:\Program Files\Mozilla Firefox\firefox.exe,0x40,,,,,,,{E983936C-CD5C-6006-8407-00000000A301},6812,{E983936C-CD5F-6006-8607-00000000A301},4500,,T1059.001,PowerShell,Execution,TRACE-PS-01,powershell,https://raw.githubusercontent.com/splunk/attack_data/master/datasets/attack_techniques/T1059.001/encoded_powershell/windows-sysmon.log,d3e886e693ef6343199063e85fa47b53f532a00bb168f4fd102f5b8c5e217c98,false,Execution,none,raw Computer/IpAddress/User fields,
2021-01-19T13:21:57.204+0000,2021-01-19T13:21:57.204+0000,10,Microsoft-Windows-Sysmon/Operational,ict3214:attack_trace,PS-HOST-01,,,,,,,C:\Program Files\Mozilla Firefox\firefox.exe,C:\Program Files\Mozilla Firefox\firefox.exe,0x40,,,,,,,{E983936C-CD5C-6006-8407-00000000A301},6812,{E983936C-CD5F-6006-8607-00000000A301},4500,,T1059.001,PowerShell,Execution,TRACE-PS-01,powershell,https://raw.githubusercontent.com/splunk/attack_data/master/datasets/attack_techniques/T1059.001/encoded_powershell/windows-sysmon.log,78e004e546b18460e78dadc0a178aa08a098e265eed4982562b665dcf7c05f46,false,Execution,none,raw Computer/IpAddress/User fields,
2021-01-19T13:21:57.205+0000,2021-01-19T13:21:57.205+0000,10,Microsoft-Windows-Sysmon/Operational,ict3214:attack_trace,PS-HOST-01,,,,,,,C:\Program Files\Mozilla Firefox\firefox.exe,C:\Program Files\Mozilla Firefox\firefox.exe,0x40,,,,,,,{E983936C-CD5C-6006-8407-00000000A301},6812,{E983936C-CD5F-6006-8607-00000000A301},4500,,T1059.001,PowerShell,Execution,TRACE-PS-01,powershell,https://raw.githubusercontent.com/splunk/attack_data/master/datasets/attack_techniques/T1059.001/encoded_powershell/windows-sysmon.log,927e96c5b1cb286ab9f3a9800a3ed8f25787b0c439249860a50db6846b88c950,false,Execution,none,raw Computer/IpAddress/User fields,
2021-01-19T13:21:57.206+0000,2021-01-19T13:21:57.206+0000,10,Microsoft-Windows-Sysmon/Operational,ict3214:attack_trace,PS-HOST-01,,,,,,,C:\Program Files\Mozilla Firefox\firefox.exe,C:\Program Files\Mozilla Firefox\firefox.exe,0x40,,,,,,,{E983936C-CD5C-6006-8407-00000000A301},6812,{E983936C-CD5F-6006-8607-00000000A301},4500,,T1059.001,PowerShell,Execution,TRACE-PS-01,powershell,https://raw.githubusercontent.com/splunk/attack_data/master/datasets/attack_techniques/T1059.001/encoded_powershell/windows-sysmon.log,c0986a40ac5031137f5ba66b13699097ddf09e7baedde5530bdcb2bf19cc8982,false,Execution,none,raw Computer/IpAddress/User fields,
2021-01-19T13:21:57.206+0000,2021-01-19T13:21:57.206+0000,10,Microsoft-Windows-Sysmon/Operational,ict3214:attack_trace,PS-HOST-01,,,,,,,C:\Program Files\Mozilla Firefox\firefox.exe,C:\Program Files\Mozilla Firefox\firefox.exe,0x40,,,,,,,{E983936C-CD5C-6006-8407-00000000A301},6812,{E983936C-CD5F-6006-8607-00000000A301},4500,,T1059.001,PowerShell,Execution,TRACE-PS-01,powershell,https://raw.githubusercontent.com/splunk/attack_data/master/datasets/attack_techniques/T1059.001/encoded_powershell/windows-sysmon.log,f27c74894195441af5053d5b8508e3d927ffde1e58cbf1936d2f533a8cdc523a,false,Execution,none,raw Computer/IpAddress/User fields,
2021-01-19T13:21:57.207+0000,2021-01-19T13:21:57.207+0000,10,Microsoft-Windows-Sysmon/Operational,ict3214:attack_trace,PS-HOST-01,,,,,,,C:\Program Files\Mozilla Firefox\firefox.exe,C:\Program Files\Mozilla Firefox\firefox.exe,0x40,,,,,,,{E983936C-CD5C-6006-8407-00000000A301},6812,{E983936C-CD5F-6006-8607-00000000A301},4500,,T1059.001,PowerShell,Execution,TRACE-PS-01,powershell,https://raw.githubusercontent.com/splunk/attack_data/master/datasets/attack_techniques/T1059.001/encoded_powershell/windows-sysmon.log,5af8d92d063f4020988cc8d092c5ddbc9249cf8204b5d12561a4bb30c40d7eae,false,Execution,none,raw Computer/IpAddress/User fields,
2021-01-19T13:21:57.209+0000,2021-01-19T13:21:57.209+0000,10,Microsoft-Windows-Sysmon/Operational,ict3214:attack_trace,PS-HOST-01,,,,,,,C:\Program Files\Mozilla Firefox\firefox.exe,C:\Program Files\Mozilla Firefox\firefox.exe,0x40,,,,,,,{E983936C-CD5C-6006-8407-00000000A301},6812,{E983936C-CD5F-6006-8607-00000000A301},4500,,T1059.001,PowerShell,Execution,TRACE-PS-01,powershell,https://raw.githubusercontent.com/splunk/attack_data/master/datasets/attack_techniques/T1059.001/encoded_powershell/windows-sysmon.log,38377d21268f4194d4d0c27c7944487e93c01bfcf99be20771177730374cd962,false,Execution,none,raw Computer/IpAddress/User fields,
2021-01-19T13:21:57.209+0000,2021-01-19T13:21:57.209+0000,10,Microsoft-Windows-Sysmon/Operational,ict3214:attack_trace,PS-HOST-01,,,,,,,C:\Program Files\Mozilla Firefox\firefox.exe,C:\Program Files\Mozilla Firefox\firefox.exe,0x40,,,,,,,{E983936C-CD5C-6006-8407-00000000A301},6812,{E983936C-CD5F-6006-8607-00000000A301},4500,,T1059.001,PowerShell,Execution,TRACE-PS-01,powershell,https://raw.githubusercontent.com/splunk/attack_data/master/datasets/attack_techniques/T1059.001/encoded_powershell/windows-sysmon.log,5e7f8ee131d8a210b963dbe1a6fe0383ecfbdd9ab52728c32fc2a3e9e29641a1,false,Execution,none,raw Computer/IpAddress/User fields,
2021-01-19T13:21:57.210+0000,2021-01-19T13:21:57.210+0000,10,Microsoft-Windows-Sysmon/Operational,ict3214:attack_trace,PS-HOST-01,,,,,,,C:\Program Files\Mozilla Firefox\firefox.exe,C:\Program Files\Mozilla Firefox\firefox.exe,0x40,,,,,,,{E983936C-CD5C-6006-8407-00000000A301},6812,{E983936C-CD5F-6006-8607-00000000A301},4500,,T1059.001,PowerShell,Execution,TRACE-PS-01,powershell,https://raw.githubusercontent.com/splunk/attack_data/master/datasets/attack_techniques/T1059.001/encoded_powershell/windows-sysmon.log,a3e67a40a187a76523a37362fe0aa4c69936472b59e07ffe5d290ff5fe4325cf,false,Execution,none,raw Computer/IpAddress/User fields,
2021-01-19T13:21:57.210+0000,2021-01-19T13:21:57.210+0000,10,Microsoft-Windows-Sysmon/Operational,ict3214:attack_trace,PS-HOST-01,,,,,,,C:\Program Files\Mozilla Firefox\firefox.exe,C:\Program Files\Mozilla Firefox\firefox.exe,0x40,,,,,,,{E983936C-CD5C-6006-8407-00000000A301},6812,{E983936C-CD5F-6006-8607-00000000A301},4500,,T1059.001,PowerShell,Execution,TRACE-PS-01,powershell,https://raw.githubusercontent.com/splunk/attack_data/master/datasets/attack_techniques/T1059.001/encoded_powershell/windows-sysmon.log,a42667a64f1744a2cfab325722e9bd63bdecf24f164cb7244c7d6b56240dd64b,false,Execution,none,raw Computer/IpAddress/User fields,
2021-01-19T13:21:57.210+0000,2021-01-19T13:21:57.210+0000,10,Microsoft-Windows-Sysmon/Operational,ict3214:attack_trace,PS-HOST-01,,,,,,,C:\Program Files\Mozilla Firefox\firefox.exe,C:\Program Files\Mozilla Firefox\firefox.exe,0x40,,,,,,,{E983936C-CD5C-6006-8407-00000000A301},6812,{E983936C-CD5F-6006-8607-00000000A301},4500,,T1059.001,PowerShell,Execution,TRACE-PS-01,powershell,https://raw.githubusercontent.com/splunk/attack_data/master/datasets/attack_techniques/T1059.001/encoded_powershell/windows-sysmon.log,b9e3e15c38c9664f767d2ff71a8c85c53b56d5fe9ff3f2f750a59cf9bd8281f0,false,Execution,none,raw Computer/IpAddress/User fields,
2021-01-19T13:21:57.211+0000,2021-01-19T13:21:57.211+0000,10,Microsoft-Windows-Sysmon/Operational,ict3214:attack_trace,PS-HOST-01,,,,,,,C:\Program Files\Mozilla Firefox\firefox.exe,C:\Program Files\Mozilla Firefox\firefox.exe,0x40,,,,,,,{E983936C-CD5C-6006-8407-00000000A301},6812,{E983936C-CD5F-6006-8607-00000000A301},4500,,T1059.001,PowerShell,Execution,TRACE-PS-01,powershell,https://raw.githubusercontent.com/splunk/attack_data/master/datasets/attack_techniques/T1059.001/encoded_powershell/windows-sysmon.log,2def5dadf49fd9e13e9e5194b19cbacab72c2aa30958893cf82a3edeba1ef27c,false,Execution,none,raw Computer/IpAddress/User fields,
2021-01-19T13:21:57.211+0000,2021-01-19T13:21:57.211+0000,10,Microsoft-Windows-Sysmon/Operational,ict3214:attack_trace,PS-HOST-01,,,,,,,C:\Program Files\Mozilla Firefox\firefox.exe,C:\Program Files\Mozilla Firefox\firefox.exe,0x40,,,,,,,{E983936C-CD5C-6006-8407-00000000A301},6812,{E983936C-CD5F-6006-8607-00000000A301},4500,,T1059.001,PowerShell,Execution,TRACE-PS-01,powershell,https://raw.githubusercontent.com/splunk/attack_data/master/datasets/attack_techniques/T1059.001/encoded_powershell/windows-sysmon.log,afc98d8bdba89cd07d1ef2187c56880efb54ebe0599d8e7319cd68d4d22afbab,false,Execution,none,raw Computer/IpAddress/User fields,
2021-01-19T13:21:57.211+0000,2021-01-19T13:21:57.211+0000,10,Microsoft-Windows-Sysmon/Operational,ict3214:attack_trace,PS-HOST-01,,,,,,,C:\Program Files\Mozilla Firefox\firefox.exe,C:\Program Files\Mozilla Firefox\firefox.exe,0x40,,,,,,,{E983936C-CD5C-6006-8407-00000000A301},6812,{E983936C-CD5F-6006-8607-00000000A301},4500,,T1059.001,PowerShell,Execution,TRACE-PS-01,powershell,https://raw.githubusercontent.com/splunk/attack_data/master/datasets/attack_techniques/T1059.001/encoded_powershell/windows-sysmon.log,da15ace98151e4ccf7d1198ab2d641043ae3194417493330d8a3ca4998c0b0c6,false,Execution,none,raw Computer/IpAddress/User fields,
2021-01-19T13:21:57.212+0000,2021-01-19T13:21:57.212+0000,10,Microsoft-Windows-Sysmon/Operational,ict3214:attack_trace,PS-HOST-01,,,,,,,C:\Program Files\Mozilla Firefox\firefox.exe,C:\Program Files\Mozilla Firefox\firefox.exe,0x40,,,,,,,{E983936C-CD5C-6006-8407-00000000A301},6812,{E983936C-CD5F-6006-8607-00000000A301},4500,,T1059.001,PowerShell,Execution,TRACE-PS-01,powershell,https://raw.githubusercontent.com/splunk/attack_data/master/datasets/attack_techniques/T1059.001/encoded_powershell/windows-sysmon.log,843532087d9ebdc9d03e9dbca63438903979c2922bb8bc0a93db1df11b736246,false,Execution,none,raw Computer/IpAddress/User fields,
2021-01-19T13:21:57.212+0000,2021-01-19T13:21:57.212+0000,10,Microsoft-Windows-Sysmon/Operational,ict3214:attack_trace,PS-HOST-01,,,,,,,C:\Program Files\Mozilla Firefox\firefox.exe,C:\Program Files\Mozilla Firefox\firefox.exe,0x40,,,,,,,{E983936C-CD5C-6006-8407-00000000A301},6812,{E983936C-CD5F-6006-8607-00000000A301},4500,,T1059.001,PowerShell,Execution,TRACE-PS-01,powershell,https://raw.githubusercontent.com/splunk/attack_data/master/datasets/attack_techniques/T1059.001/encoded_powershell/windows-sysmon.log,ce4b475101a2e096e77b3dd924a0247bc8935f47ca6f5bb9a39e4d657a6948ea,false,Execution,none,raw Computer/IpAddress/User fields,
2021-01-19T13:21:57.213+0000,2021-01-19T13:21:57.213+0000,10,Microsoft-Windows-Sysmon/Operational,ict3214:attack_trace,PS-HOST-01,,,,,,,C:\Program Files\Mozilla Firefox\firefox.exe,C:\Program Files\Mozilla Firefox\firefox.exe,0x40,,,,,,,{E983936C-CD5C-6006-8407-00000000A301},6812,{E983936C-CD5F-6006-8607-00000000A301},4500,,T1059.001,PowerShell,Execution,TRACE-PS-01,powershell,https://raw.githubusercontent.com/splunk/attack_data/master/datasets/attack_techniques/T1059.001/encoded_powershell/windows-sysmon.log,53b5584752bd395e30243508b3616b130d701f6854bb2b32ddb33d00d267d20a,false,Execution,none,raw Computer/IpAddress/User fields,
2021-01-19T13:21:57.353+0000,2021-01-19T13:21:57.353+0000,10,Microsoft-Windows-Sysmon/Operational,ict3214:attack_trace,PS-HOST-01,,,,,,,C:\Program Files\Mozilla Firefox\firefox.exe,C:\Program Files\Mozilla Firefox\firefox.exe,0x40,,,,,,,{E983936C-CD5C-6006-8407-00000000A301},6812,{E983936C-CD5F-6006-8607-00000000A301},4500,,T1059.001,PowerShell,Execution,TRACE-PS-01,powershell,https://raw.githubusercontent.com/splunk/attack_data/master/datasets/attack_techniques/T1059.001/encoded_powershell/windows-sysmon.log,8f8773908cb41d1e5c342966a81e89400b3d89aa1b55198fa5cced21622ad92e,false,Execution,none,raw Computer/IpAddress/User fields,
2021-01-19T13:21:57.357+0000,2021-01-19T13:21:57.357+0000,10,Microsoft-Windows-Sysmon/Operational,ict3214:attack_trace,PS-HOST-01,,,,,,,C:\Program Files\Mozilla Firefox\firefox.exe,C:\Program Files\Mozilla Firefox\firefox.exe,0x40,,,,,,,{E983936C-CD5C-6006-8407-00000000A301},6812,{E983936C-CD5F-6006-8607-00000000A301},4500,,T1059.001,PowerShell,Execution,TRACE-PS-01,powershell,https://raw.githubusercontent.com/splunk/attack_data/master/datasets/attack_techniques/T1059.001/encoded_powershell/windows-sysmon.log,f0f03890adb25a21c371c0afbfa81d3a0b9522cf00e08e5160cb5d8a73534362,false,Execution,none,raw Computer/IpAddress/User fields,
2021-01-19T13:21:57.358+0000,2021-01-19T13:21:57.358+0000,10,Microsoft-Windows-Sysmon/Operational,ict3214:attack_trace,PS-HOST-01,,,,,,,C:\Program Files\Mozilla Firefox\firefox.exe,C:\Program Files\Mozilla Firefox\firefox.exe,0x40,,,,,,,{E983936C-CD5C-6006-8407-00000000A301},6812,{E983936C-CD5F-6006-8607-00000000A301},4500,,T1059.001,PowerShell,Execution,TRACE-PS-01,powershell,https://raw.githubusercontent.com/splunk/attack_data/master/datasets/attack_techniques/T1059.001/encoded_powershell/windows-sysmon.log,1e218c5ec9dd5557db458a03c12530432af62ec0b169dafec21251acb15d5576,false,Execution,none,raw Computer/IpAddress/User fields,
2021-01-19T13:21:57.358+0000,2021-01-19T13:21:57.358+0000,10,Microsoft-Windows-Sysmon/Operational,ict3214:attack_trace,PS-HOST-01,,,,,,,C:\Program Files\Mozilla Firefox\firefox.exe,C:\Program Files\Mozilla Firefox\firefox.exe,0x40,,,,,,,{E983936C-CD5C-6006-8407-00000000A301},6812,{E983936C-CD5F-6006-8607-00000000A301},4500,,T1059.001,PowerShell,Execution,TRACE-PS-01,powershell,https://raw.githubusercontent.com/splunk/attack_data/master/datasets/attack_techniques/T1059.001/encoded_powershell/windows-sysmon.log,49768505f2fdcc7b97ed4e307b6096ce3e9d882a4ca3ccedb39adcf6d9e8e596,false,Execution,none,raw Computer/IpAddress/User fields,
2021-01-19T13:21:57.360+0000,2021-01-19T13:21:57.360+0000,10,Microsoft-Windows-Sysmon/Operational,ict3214:attack_trace,PS-HOST-01,,,,,,,C:\Program Files\Mozilla Firefox\firefox.exe,C:\Program Files\Mozilla Firefox\firefox.exe,0x40,,,,,,,{E983936C-CD5C-6006-8407-00000000A301},6812,{E983936C-CD5F-6006-8607-00000000A301},4500,,T1059.001,PowerShell,Execution,TRACE-PS-01,powershell,https://raw.githubusercontent.com/splunk/attack_data/master/datasets/attack_techniques/T1059.001/encoded_powershell/windows-sysmon.log,c5033d0f185bd2ba2ac6185f48354ce1f7c5a7826d03dde9fd86c92db4376d37,false,Execution,none,raw Computer/IpAddress/User fields,
2021-01-19T13:21:57.361+0000,2021-01-19T13:21:57.361+0000,10,Microsoft-Windows-Sysmon/Operational,ict3214:attack_trace,PS-HOST-01,,,,,,,C:\Program Files\Mozilla Firefox\firefox.exe,C:\Program Files\Mozilla Firefox\firefox.exe,0x40,,,,,,,{E983936C-CD5C-6006-8407-00000000A301},6812,{E983936C-CD5F-6006-8607-00000000A301},4500,,T1059.001,PowerShell,Execution,TRACE-PS-01,powershell,https://raw.githubusercontent.com/splunk/attack_data/master/datasets/attack_techniques/T1059.001/encoded_powershell/windows-sysmon.log,250daf07fc2b373e9534e3d8421e1bbc168bd0719c8154cef1a3f94e9eb54101,false,Execution,none,raw Computer/IpAddress/User fields,
2021-01-19T13:21:57.362+0000,2021-01-19T13:21:57.362+0000,10,Microsoft-Windows-Sysmon/Operational,ict3214:attack_trace,PS-HOST-01,,,,,,,C:\Program Files\Mozilla Firefox\firefox.exe,C:\Program Files\Mozilla Firefox\firefox.exe,0x40,,,,,,,{E983936C-CD5C-6006-8407-00000000A301},6812,{E983936C-CD5F-6006-8607-00000000A301},4500,,T1059.001,PowerShell,Execution,TRACE-PS-01,powershell,https://raw.githubusercontent.com/splunk/attack_data/master/datasets/attack_techniques/T1059.001/encoded_powershell/windows-sysmon.log,2fc825f5dd60a78246c4456b0044c136d758579515fe8cb4525dfbc28faed098,false,Execution,none,raw Computer/IpAddress/User fields,
2021-01-19T13:21:57.362+0000,2021-01-19T13:21:57.362+0000,10,Microsoft-Windows-Sysmon/Operational,ict3214:attack_trace,PS-HOST-01,,,,,,,C:\Program Files\Mozilla Firefox\firefox.exe,C:\Program Files\Mozilla Firefox\firefox.exe,0x40,,,,,,,{E983936C-CD5C-6006-8407-00000000A301},6812,{E983936C-CD5F-6006-8607-00000000A301},4500,,T1059.001,PowerShell,Execution,TRACE-PS-01,powershell,https://raw.githubusercontent.com/splunk/attack_data/master/datasets/attack_techniques/T1059.001/encoded_powershell/windows-sysmon.log,daff65f7134c1a33267c84b897a65e6829218c2ae70c9653dc49d2526cb0c19a,false,Execution,none,raw Computer/IpAddress/User fields,
2021-01-19T13:21:57.363+0000,2021-01-19T13:21:57.363+0000,10,Microsoft-Windows-Sysmon/Operational,ict3214:attack_trace,PS-HOST-01,,,,,,,C:\Program Files\Mozilla Firefox\firefox.exe,C:\Program Files\Mozilla Firefox\firefox.exe,0x40,,,,,,,{E983936C-CD5C-6006-8407-00000000A301},6812,{E983936C-CD5F-6006-8607-00000000A301},4500,,T1059.001,PowerShell,Execution,TRACE-PS-01,powershell,https://raw.githubusercontent.com/splunk/attack_data/master/datasets/attack_techniques/T1059.001/encoded_powershell/windows-sysmon.log,5f880af3880b25477a4ff24d0f3d679fb2f4570a851efa879fdaa3582c1dce6e,false,Execution,none,raw Computer/IpAddress/User fields,
2021-01-19T13:21:57.363+0000,2021-01-19T13:21:57.363+0000,10,Microsoft-Windows-Sysmon/Operational,ict3214:attack_trace,PS-HOST-01,,,,,,,C:\Program Files\Mozilla Firefox\firefox.exe,C:\Program Files\Mozilla Firefox\firefox.exe,0x40,,,,,,,{E983936C-CD5C-6006-8407-00000000A301},6812,{E983936C-CD5F-6006-8607-00000000A301},4500,,T1059.001,PowerShell,Execution,TRACE-PS-01,powershell,https://raw.githubusercontent.com/splunk/attack_data/master/datasets/attack_techniques/T1059.001/encoded_powershell/windows-sysmon.log,df710c67d0210881fa1c817f055b1ad04df08848cd22c4c4419a4d7565d9cfe5,false,Execution,none,raw Computer/IpAddress/User fields,
2021-01-19T13:21:57.363+0000,2021-01-19T13:21:57.363+0000,10,Microsoft-Windows-Sysmon/Operational,ict3214:attack_trace,PS-HOST-01,,,,,,,C:\Program Files\Mozilla Firefox\firefox.exe,C:\Program Files\Mozilla Firefox\firefox.exe,0x40,,,,,,,{E983936C-CD5C-6006-8407-00000000A301},6812,{E983936C-CD5F-6006-8607-00000000A301},4500,,T1059.001,PowerShell,Execution,TRACE-PS-01,powershell,https://raw.githubusercontent.com/splunk/attack_data/master/datasets/attack_techniques/T1059.001/encoded_powershell/windows-sysmon.log,f1ddd54331ad1454d5340ca8d916af10db46650fae68395b5340b13d015ee7d9,false,Execution,none,raw Computer/IpAddress/User fields,
2021-01-19T13:21:57.364+0000,2021-01-19T13:21:57.364+0000,10,Microsoft-Windows-Sysmon/Operational,ict3214:attack_trace,PS-HOST-01,,,,,,,C:\Program Files\Mozilla Firefox\firefox.exe,C:\Program Files\Mozilla Firefox\firefox.exe,0x40,,,,,,,{E983936C-CD5C-6006-8407-00000000A301},6812,{E983936C-CD5F-6006-8607-00000000A301},4500,,T1059.001,PowerShell,Execution,TRACE-PS-01,powershell,https://raw.githubusercontent.com/splunk/attack_data/master/datasets/attack_techniques/T1059.001/encoded_powershell/windows-sysmon.log,21f8c53fadc8d0f252cd38fa3581413054734a9fc8638740a4467597fc282359,false,Execution,none,raw Computer/IpAddress/User fields,
2021-01-19T13:21:57.364+0000,2021-01-19T13:21:57.364+0000,10,Microsoft-Windows-Sysmon/Operational,ict3214:attack_trace,PS-HOST-01,,,,,,,C:\Program Files\Mozilla Firefox\firefox.exe,C:\Program Files\Mozilla Firefox\firefox.exe,0x40,,,,,,,{E983936C-CD5C-6006-8407-00000000A301},6812,{E983936C-CD5F-6006-8607-00000000A301},4500,,T1059.001,PowerShell,Execution,TRACE-PS-01,powershell,https://raw.githubusercontent.com/splunk/attack_data/master/datasets/attack_techniques/T1059.001/encoded_powershell/windows-sysmon.log,472f10830f5cc0b2cd1699cf47074fc795c1f703b0fc816cf97c01cac1b001d6,false,Execution,none,raw Computer/IpAddress/User fields,
2021-01-19T13:21:57.365+0000,2021-01-19T13:21:57.365+0000,10,Microsoft-Windows-Sysmon/Operational,ict3214:attack_trace,PS-HOST-01,,,,,,,C:\Program Files\Mozilla Firefox\firefox.exe,C:\Program Files\Mozilla Firefox\firefox.exe,0x40,,,,,,,{E983936C-CD5C-6006-8407-00000000A301},6812,{E983936C-CD5F-6006-8607-00000000A301},4500,,T1059.001,PowerShell,Execution,TRACE-PS-01,powershell,https://raw.githubusercontent.com/splunk/attack_data/master/datasets/attack_techniques/T1059.001/encoded_powershell/windows-sysmon.log,69a5638e0b2f56e26ad8643e0fa2711b70c04146fd9b451c953b74f818df25f1,false,Execution,none,raw Computer/IpAddress/User fields,
