2021-01-19T13:24:22.459+0000,2021-01-19T13:24:22.459+0000,10,Microsoft-Windows-Sysmon/Operational,ict3214:attack_trace,PS-HOST-01,,,,,,,C:\Windows\sysmon64.exe,C:\Windows\system32\svchost.exe,0x1400,,,,,,,{E983936C-B38F-6006-0C00-00000000A301},592,{E983936C-B3A0-6006-3100-00000000A301},2052,,T1059.001,PowerShell,Execution,TRACE-PS-01,powershell,https://raw.githubusercontent.com/splunk/attack_data/master/datasets/attack_techniques/T1059.001/encoded_powershell/windows-sysmon.log,e32b78fa8ed5ee74311cf38b1feee896b0cc2238a14667718c1de8f34e682d43,false,Execution,none,raw Computer/IpAddress/User fields,
2021-01-19T13:24:22.460+0000,2021-01-19T13:24:22.460+0000,10,Microsoft-Windows-Sysmon/Operational,ict3214:attack_trace,PS-HOST-01,,,,,,,C:\Program Files\SplunkUniversalForwarder\bin\splunk-netmon.exe,C:\Windows\system32\conhost.exe,0x1fffff,,,,,,,{E983936C-B439-6006-B800-00000000A301},4284,{E983936C-DD86-6006-8709-00000000A301},7576,,T1059.001,PowerShell,Execution,TRACE-PS-01,powershell,https://raw.githubusercontent.com/splunk/attack_data/master/datasets/attack_techniques/T1059.001/encoded_powershell/windows-sysmon.log,eafa3c5d4f44640bf9380155f78913a5fe25b225abb621c07419bca26984a109,false,Execution,none,raw Computer/IpAddress/User fields,
2021-01-19T13:24:25.834+0000,2021-01-19T13:24:25.834+0000,10,Microsoft-Windows-Sysmon/Operational,ict3214:attack_trace,PS-HOST-01,,,,,,,C:\Program Files\SplunkUniversalForwarder\bin\splunk-winprintmon.exe,C:\Windows\system32\csrss.exe,0x1fffff,,,,,,,{E983936C-B38D-6006-0500-00000000A301},636,{E983936C-DD89-6006-8809-00000000A301},8072,,T1059.001,PowerShell,Execution,TRACE-PS-01,powershell,https://raw.githubusercontent.com/splunk/attack_data/master/datasets/attack_techniques/T1059.001/encoded_powershell/windows-sysmon.log,1e47bb429585f39eb7249154c120622fbab63d4e77b96a50c2ea96c612c10121,false,Execution,none,raw Computer/IpAddress/User fields,
2021-01-19T13:24:25.834+0000,2021-01-19T13:24:25.834+0000,10,Microsoft-Windows-Sysmon/Operational,ict3214:attack_trace,PS-HOST-01,,,,,,,C:\Windows\sysmon64.exe,C:\Windows\system32\svchost.exe,0x1400,,,,,,,{E983936C-B38F-6006-0C00-00000000A301},592,{E983936C-B3A0-6006-3100-00000000A301},2052,,T1059.001,PowerShell,Execution,TRACE-PS-01,powershell,https://raw.githubusercontent.com/splunk/attack_data/master/datasets/attack_techniques/T1059.001/encoded_powershell/windows-sysmon.log,2aa7bb9a353a1336c246ae7df7c899f300be5a6869f431c4f6ddf32946146ecd,false,Execution,none,raw Computer/IpAddress/User fields,
2021-01-19T13:24:25.834+0000,2021-01-19T13:24:25.834+0000,10,Microsoft-Windows-Sysmon/Operational,ict3214:attack_trace,PS-HOST-01,,,,,,,C:\Windows\sysmon64.exe,C:\Windows\system32\svchost.exe,0x1400,,,,,,,{E983936C-B38F-6006-0C00-00000000A301},592,{E983936C-B3A0-6006-3100-00000000A301},2052,,T1059.001,PowerShell,Execution,TRACE-PS-01,powershell,https://raw.githubusercontent.com/splunk/attack_data/master/datasets/attack_techniques/T1059.001/encoded_powershell/windows-sysmon.log,8885bcc4f6530d842042676e2b38b3564dbcd872da887da4a690c650beb3efd6,false,Execution,none,raw Computer/IpAddress/User fields,
2021-01-19T13:24:25.834+0000,2021-01-19T13:24:25.834+0000,10,Microsoft-Windows-Sysmon/Operational,ict3214:attack_trace,PS-HOST-01,,,,,,,C:\Program Files\SplunkUniversalForwarder\bin\splunk-winprintmon.exe,C:\Program Files\SplunkUniversalForwarder\bin\splunkd.exe,0x1fffff,,,,,,,{E983936C-B438-6006-B400-00000000A301},4412,{E983936C-DD89-6006-8809-00000000A301},8072,,T1059.001,PowerShell,Execution,TRACE-PS-01,powershell,https://raw.githubusercontent.com/splunk/attack_data/master/datasets/attack_techniques/T1059.001/encoded_powershell/windows-sysmon.log,dbdf75a7df6fd2e3d0e2d77bb1e45ea66833a584a7fee7c829c130866b19f7ea,false,Execution,none,raw Computer/IpAddress/User fields,
2021-01-19T13:24:25.834+0000,2021-01-19T13:24:25.834+0000,1,Microsoft-Windows-Sysmon/Operational,ict3214:attack_trace,PS-HOST-01,,,NT AUTHORITY\SYSTEM,C:\Program Files\SplunkUniversalForwarder\bin\splunk-winprintmon.exe,C:\Program Files\SplunkUniversalForwarder\bin\splunkd.exe,"""C:\Program Files\SplunkUniversalForwarder\bin\splunk-winprintmon.exe""",,,,,,,,{E983936C-DD89-6006-8809-00000000A301},8072,,,,,,T1059.001,PowerShell,Execution,TRACE-PS-01,powershell,https://raw.githubusercontent.com/splunk/attack_data/master/datasets/attack_techniques/T1059.001/encoded_powershell/windows-sysmon.log,ef43d81cc50f205e673d61e53747d90ba0634540090093a3fb8186d825cb517b,false,Execution,none,raw Computer/IpAddress/User fields,{E983936C-B438-6006-B400-00000000A301}
2021-01-19T13:24:25.835+0000,2021-01-19T13:24:25.835+0000,10,Microsoft-Windows-Sysmon/Operational,ict3214:attack_trace,PS-HOST-01,,,,,,,C:\Program Files\SplunkUniversalForwarder\bin\splunk-winprintmon.exe,C:\Windows\system32\conhost.exe,0x1fffff,,,,,,,{E983936C-B439-6006-B800-00000000A301},4284,{E983936C-DD89-6006-8809-00000000A301},8072,,T1059.001,PowerShell,Execution,TRACE-PS-01,powershell,https://raw.githubusercontent.com/splunk/attack_data/master/datasets/attack_techniques/T1059.001/encoded_powershell/windows-sysmon.log,2341f676fcbb15bc0e5594cfaf5ccfd118a304d365eb3763b12b383bb1fa6110,false,Execution,none,raw Computer/IpAddress/User fields,
2021-01-19T13:24:25.835+0000,2021-01-19T13:24:25.835+0000,10,Microsoft-Windows-Sysmon/Operational,ict3214:attack_trace,PS-HOST-01,,,,,,,C:\Windows\sysmon64.exe,C:\Windows\system32\svchost.exe,0x1400,,,,,,,{E983936C-B38F-6006-0C00-00000000A301},592,{E983936C-B3A0-6006-3100-00000000A301},2052,,T1059.001,PowerShell,Execution,TRACE-PS-01,powershell,https://raw.githubusercontent.com/splunk/attack_data/master/datasets/attack_techniques/T1059.001/encoded_powershell/windows-sysmon.log,2f3469321de9b25a6b43c16167fba4b72f70c34e2c4b5b932191f19e8808de77,false,Execution,none,raw Computer/IpAddress/User fields,
2021-01-19T13:24:25.835+0000,2021-01-19T13:24:25.835+0000,10,Microsoft-Windows-Sysmon/Operational,ict3214:attack_trace,PS-HOST-01,,,,,,,C:\Windows\sysmon64.exe,C:\Windows\system32\svchost.exe,0x1400,,,,,,,{E983936C-B38F-6006-0C00-00000000A301},592,{E983936C-B3A0-6006-3100-00000000A301},2052,,T1059.001,PowerShell,Execution,TRACE-PS-01,powershell,https://raw.githubusercontent.com/splunk/attack_data/master/datasets/attack_techniques/T1059.001/encoded_powershell/windows-sysmon.log,bd9ae27b10c6b8a719f88d87c9d2edeb36f0b35209c50094740c4c284c39b9de,false,Execution,none,raw Computer/IpAddress/User fields,
2021-01-19T13:25:06.920+0000,2021-01-19T13:25:06.920+0000,10,Microsoft-Windows-Sysmon/Operational,ict3214:attack_trace,PS-HOST-01,,,,,,,C:\Windows\system32\conhost.exe,C:\Windows\Explorer.EXE,0x1000,,,,,,,{E983936C-CCDD-6006-4607-00000000A301},5080,{E983936C-D083-6006-F907-00000000A301},8048,,T1059.001,PowerShell,Execution,TRACE-PS-01,powershell,https://raw.githubusercontent.com/splunk/attack_data/master/datasets/attack_techniques/T1059.001/encoded_powershell/windows-sysmon.log,18894b5852a88e0e4c80b339404c735dbf0367f0194f815accfb3e77f1f901f5,false,Execution,none,raw Computer/IpAddress/User fields,
2021-01-19T13:25:06.920+0000,2021-01-19T13:25:06.920+0000,10,Microsoft-Windows-Sysmon/Operational,ict3214:attack_trace,PS-HOST-01,,,,,,,C:\Windows\system32\conhost.exe,C:\Windows\Explorer.EXE,0x1410,,,,,,,{E983936C-CCDD-6006-4607-00000000A301},5080,{E983936C-D083-6006-F907-00000000A301},8048,,T1059.001,PowerShell,Execution,TRACE-PS-01,powershell,https://raw.githubusercontent.com/splunk/attack_data/master/datasets/attack_techniques/T1059.001/encoded_powershell/windows-sysmon.log,67b67aab72c91928aed30ff0a5cbc5a50165dea456124ebe5b5a6879fa6d8f56,false,Execution,none,raw Computer/IpAddress/User fields,
2021-01-19T13:25:06.920+0000,2021-01-19T13:25:06.920+0000,10,Microsoft-Windows-Sysmon/Operational,ict3214:attack_trace,PS-HOST-01,,,,,,,C:\Windows\system32\conhost.exe,C:\Windows\Explorer.EXE,0x1410,,,,,,,{E983936C-CCDD-6006-4607-00000000A301},5080,{E983936C-D083-6006-F907-00000000A301},8048,,T1059.001,PowerShell,Execution,TRACE-PS-01,powershell,https://raw.githubusercontent.com/splunk/attack_data/master/datasets/attack_techniques/T1059.001/encoded_powershell/windows-sysmon.log,994d9d3eca322784deece810c74a7fec92bfb892b7af6a4caefbd3ef2e83e3be,false,Execution,none,raw Computer/IpAddress/User fields,
2021-01-19T13:25:06.920+0000,2021-01-19T13:25:06.920+0000,10,Microsoft-Windows-Sysmon/Operational,ict3214:attack_trace,PS-HOST-01,,,,,,,C:\Windows\system32\conhost.exe,C:\Windows\Explorer.EXE,0x1000,,,,,,,{E983936C-CCDD-6006-4607-00000000A301},5080,{E983936C-D083-6006-F907-00000000A301},8048,,T1059.001,PowerShell,Execution,TRACE-PS-01,powershell,https://raw.githubusercontent.com/splunk/attack_data/master/datasets/attack_techniques/T1059.001/encoded_powershell/windows-sysmon.log,9e0e9dd473451cc20475fcee7e19a48a87002c83aaf565ff32d489394af10719,false,Execution,none,raw Computer/IpAddress/User fields,
2021-01-19T13:25:06.923+0000,2021-01-19T13:25:06.923+0000,10,Microsoft-Windows-Sysmon/Operational,ict3214:attack_trace,PS-HOST-01,,,,,,,C:\Windows\System32\WindowsPowerShell\v1.0\powershell.exe,C:\Windows\Explorer.EXE,0x1000,,,,,,,{E983936C-CCDD-6006-4607-00000000A301},5080,{E983936C-D083-6006-F807-00000000A301},7900,,T1059.001,PowerShell,Execution,TRACE-PS-01,powershell,https://raw.githubusercontent.com/splunk/attack_data/master/datasets/attack_techniques/T1059.001/encoded_powershell/windows-sysmon.log,8f199a794e31787d92865191296edc17720f6bf4b6b441e7c6a457e25a5e01bf,false,Execution,none,raw Computer/IpAddress/User fields,
2021-01-19T13:25:06.923+0000,2021-01-19T13:25:06.923+0000,10,Microsoft-Windows-Sysmon/Operational,ict3214:attack_trace,PS-HOST-01,,,,,,,C:\Windows\System32\WindowsPowerShell\v1.0\powershell.exe,C:\Windows\Explorer.EXE,0x1400,,,,,,,{E983936C-CCDD-6006-4607-00000000A301},5080,{E983936C-D083-6006-F807-00000000A301},7900,,T1059.001,PowerShell,Execution,TRACE-PS-01,powershell,https://raw.githubusercontent.com/splunk/attack_data/master/datasets/attack_techniques/T1059.001/encoded_powershell/windows-sysmon.log,e9fdf67f1f97a6e07e215757b1fe7f0b8d4413c3eed43365bbd1976f4d07fcf9,false,Execution,none,raw Computer/IpAddress/User fields,
2021-01-19T13:25:13.461+0000,2021-01-19T13:25:13.461+0000,10,Microsoft-Windows-Sysmon/Operational,ict3214:attack_trace,PS-HOST-01,,,,,,,C:\Program Files\Mozilla Firefox\firefox.exe,C:\Program Files\Mozilla Firefox\firefox.exe,0x2200,,,,,,,{E983936C-CD5C-6006-8407-00000000A301},6812,{E983936C-CEA8-6006-BA07-00000000A301},7648,,T1059.001,PowerShell,Execution,TRACE-PS-01,powershell,https://raw.githubusercontent.com/splunk/attack_data/master/datasets/attack_techniques/T1059.001/encoded_powershell/windows-sysmon.log,3ae3ca0df5eea44d1e6227074eb2ee2b06b18e519ee0ebe3573d50caf9c56109,false,Execution,none,raw Computer/IpAddress/User fields,
2021-01-19T13:25:13.463+0000,2021-01-19T13:25:13.463+0000,10,Microsoft-Windows-Sysmon/Operational,ict3214:attack_trace,PS-HOST-01,,,,,,,C:\Program Files\Mozilla Firefox\firefox.exe,C:\Program Files\Mozilla Firefox\firefox.exe,0x40,,,,,,,{E983936C-CD5C-6006-8407-00000000A301},6812,{E983936C-CD5F-6006-8607-00000000A301},4500,,T1059.001,PowerShell,Execution,TRACE-PS-01,powershell,https://raw.githubusercontent.com/splunk/attack_data/master/datasets/attack_techniques/T1059.001/encoded_powershell/windows-sysmon.log,e122d03b7cc3cf564f6fa5597ac7c9be8e5b114ec7550c82cfc886526c5616e1,false,Execution,none,raw Computer/IpAddress/User fields,
2021-01-19T13:25:13.464+0000,2021-01-19T13:25:13.464+0000,10,Microsoft-Windows-Sysmon/Operational,ict3214:attack_trace,PS-HOST-01,,,,,,,C:\Program Files\Mozilla Firefox\firefox.exe,C:\Program Files\Mozilla Firefox\firefox.exe,0x40,,,,,,,{E983936C-CD5C-6006-8407-00000000A301},6812,{E983936C-CD5F-6006-8607-00000000A301},4500,,T1059.001,PowerShell,Execution,TRACE-PS-01,powershell,https://raw.githubusercontent.com/splunk/attack_data/master/datasets/attack_techniques/T1059.001/encoded_powershell/windows-sysmon.log,da5768136d2fbc78d77e7443aac298cf43d5c63976a251e71e95cdc4fc2443ec,false,Execution,none,raw Computer/IpAddress/User fields,
2021-01-19T13:25:13.468+0000,2021-01-19T13:25:13.468+0000,10,Microsoft-Windows-Sysmon/Operational,ict3214:attack_trace,PS-HOST-01,,,,,,,C:\Program Files\Mozilla Firefox\firefox.exe,C:\Program Files\Mozilla Firefox\firefox.exe,0x40,,,,,,,{E983936C-CD5C-6006-8407-00000000A301},6812,{E983936C-CD5F-6006-8607-00000000A301},4500,,T1059.001,PowerShell,Execution,TRACE-PS-01,powershell,https://raw.githubusercontent.com/splunk/attack_data/master/datasets/attack_techniques/T1059.001/encoded_powershell/windows-sysmon.log,afa00c7f5720214694358163366ceeb9f099121e5ea74b311f042f6fee116bfd,false,Execution,none,raw Computer/IpAddress/User fields,
2021-01-19T13:25:13.489+0000,2021-01-19T13:25:13.489+0000,10,Microsoft-Windows-Sysmon/Operational,ict3214:attack_trace,PS-HOST-01,,,,,,,C:\Program Files\Mozilla Firefox\firefox.exe,C:\Program Files\Mozilla Firefox\firefox.exe,0x40,,,,,,,{E983936C-CD5C-6006-8407-00000000A301},6812,{E983936C-CD5F-6006-8607-00000000A301},4500,,T1059.001,PowerShell,Execution,TRACE-PS-01,powershell,https://raw.githubusercontent.com/splunk/attack_data/master/datasets/attack_techniques/T1059.001/encoded_powershell/windows-sysmon.log,bc9ad3908253928bf17ae107d5bd58a9810a22dbffd23019de79bd7c878c7de9,false,Execution,none,raw Computer/IpAddress/User fields,
2021-01-19T13:25:13.489+0000,2021-01-19T13:25:13.489+0000,10,Microsoft-Windows-Sysmon/Operational,ict3214:attack_trace,PS-HOST-01,,,,,,,C:\Program Files\Mozilla Firefox\firefox.exe,C:\Program Files\Mozilla Firefox\firefox.exe,0x40,,,,,,,{E983936C-CD5C-6006-8407-00000000A301},6812,{E983936C-CD5F-6006-8607-00000000A301},4500,,T1059.001,PowerShell,Execution,TRACE-PS-01,powershell,https://raw.githubusercontent.com/splunk/attack_data/master/datasets/attack_techniques/T1059.001/encoded_powershell/windows-sysmon.log,f30c05045b24214b5b17fa944cd9ec08acdc54150a53a1fc0c7526bb08907d36,false,Execution,none,raw Computer/IpAddress/User fields,
2021-01-19T13:25:13.493+0000,2021-01-19T13:25:13.493+0000,10,Microsoft-Windows-Sysmon/Operational,ict3214:attack_trace,PS-HOST-01,,,,,,,C:\Program Files\Mozilla Firefox\firefox.exe,C:\Program Files\Mozilla Firefox\firefox.exe,0x40,,,,,,,{E983936C-CD5C-6006-8407-00000000A301},6812,{E983936C-CD5F-6006-8607-00000000A301},4500,,T1059.001,PowerShell,Execution,TRACE-PS-01,powershell,https://raw.githubusercontent.com/splunk/attack_data/master/datasets/attack_techniques/T1059.001/encoded_powershell/windows-sysmon.log,b4b294e8d4f00e3bc399f3465a3ef1a528762f9e73ec7090c8e7e36eeddb2932,false,Execution,none,raw Computer/IpAddress/User fields,
2021-01-19T13:25:13.503+0000,2021-01-19T13:25:13.503+0000,10,Microsoft-Windows-Sysmon/Operational,ict3214:attack_trace,PS-HOST-01,,,,,,,C:\Program Files\Mozilla Firefox\firefox.exe,C:\Program Files\Mozilla Firefox\firefox.exe,0x40,,,,,,,{E983936C-CD5C-6006-8407-00000000A301},6812,{E983936C-CD5F-6006-8607-00000000A301},4500,,T1059.001,PowerShell,Execution,TRACE-PS-01,powershell,https://raw.githubusercontent.com/splunk/attack_data/master/datasets/attack_techniques/T1059.001/encoded_powershell/windows-sysmon.log,cc3a4c6e0846532628c27eaf027e9550160f777029db51af215b8e1103adae9e,false,Execution,none,raw Computer/IpAddress/User fields,
2021-01-19T13:25:13.715+0000,2021-01-19T13:25:13.715+0000,10,Microsoft-Windows-Sysmon/Operational,ict3214:attack_trace,PS-HOST-01,,,,,,,C:\Program Files\Mozilla Firefox\firefox.exe,C:\Windows\Explorer.EXE,0x1410,,,,,,,{E983936C-CCDD-6006-4607-00000000A301},5080,{E983936C-CD5C-6006-8407-00000000A301},6812,,T1059.001,PowerShell,Execution,TRACE-PS-01,powershell,https://raw.githubusercontent.com/splunk/attack_data/master/datasets/attack_techniques/T1059.001/encoded_powershell/windows-sysmon.log,68bfd302997f882e58937c5bc502779f9eb6f0c82cb43ce53b5a35f5c6dccaea,false,Execution,none,raw Computer/IpAddress/User fields,
2021-01-19T13:25:13.715+0000,2021-01-19T13:25:13.715+0000,10,Microsoft-Windows-Sysmon/Operational,ict3214:attack_trace,PS-HOST-01,,,,,,,C:\Program Files\Mozilla Firefox\firefox.exe,C:\Windows\Explorer.EXE,0x1000,,,,,,,{E983936C-CCDD-6006-4607-00000000A301},5080,{E983936C-CD5C-6006-8407-00000000A301},6812,,T1059.001,PowerShell,Execution,TRACE-PS-01,powershell,https://raw.githubusercontent.com/splunk/attack_data/master/datasets/attack_techniques/T1059.001/encoded_powershell/windows-sysmon.log,90c12147d0ad41655abcf0c01e8ac6f1321282524ba7ce4bc8ac3a1fcf92386a,false,Execution,none,raw Computer/IpAddress/User fields,
2021-01-19T13:25:13.722+0000,2021-01-19T13:25:13.722+0000,10,Microsoft-Windows-Sysmon/Operational,ict3214:attack_trace,PS-HOST-01,,,,,,,C:\Program Files\Mozilla Firefox\firefox.exe,C:\Windows\Explorer.EXE,0x1000,,,,,,,{E983936C-CCDD-6006-4607-00000000A301},5080,{E983936C-CD5C-6006-8407-00000000A301},6812,,T1059.001,PowerShell,Execution,TRACE-PS-01,powershell,https://raw.githubusercontent.com/splunk/attack_data/master/datasets/attack_techniques/T1059.001/encoded_powershell/windows-sysmon.log,8e90e4f125ac089187af7a1ca01f2813ad9fae02971eae1d3d682fd8139cf4ff,false,Execution,none,raw Computer/IpAddress/User fields,
2021-01-19T13:25:13.750+0000,2021-01-19T13:25:13.750+0000,10,Microsoft-Windows-Sysmon/Operational,ict3214:attack_trace,PS-HOST-01,,,,,,,C:\Program Files\Mozilla Firefox\firefox.exe,C:\Program Files\Mozilla Firefox\firefox.exe,0x40,,,,,,,{E983936C-CD5C-6006-8407-00000000A301},6812,{E983936C-CD5F-6006-8607-00000000A301},4500,,T1059.001,PowerShell,Execution,TRACE-PS-01,powershell,https://raw.githubusercontent.com/splunk/attack_data/master/datasets/attack_techniques/T1059.001/encoded_powershell/windows-sysmon.log,981748e89f86c598dd4e029dde3e78d1c231dd54bedd415349e6668b6c698c11,false,Execution,none,raw Computer/IpAddress/User fields,
2021-01-19T13:25:13.835+0000,2021-01-19T13:25:13.835+0000,10,Microsoft-Windows-Sysmon/Operational,ict3214:attack_trace,PS-HOST-01,,,,,,,C:\Program Files\Mozilla Firefox\firefox.exe,C:\Program Files\Mozilla Firefox\firefox.exe,0x40,,,,,,,{E983936C-CD5C-6006-8407-00000000A301},6812,{E983936C-CD5F-6006-8607-00000000A301},4500,,T1059.001,PowerShell,Execution,TRACE-PS-01,powershell,https://raw.githubusercontent.com/splunk/attack_data/master/datasets/attack_techniques/T1059.001/encoded_powershell/windows-sysmon.log,1c6d0b06ef64ea5036890b45f2724d432a71e7c8c00817792e4ef7108103b27a,false,Execution,none,raw Computer/IpAddress/User fields,
2021-01-19T13:25:13.835+0000,2021-01-19T13:25:13.835+0000,10,Microsoft-Windows-Sysmon/Operational,ict3214:attack_trace,PS-HOST-01,,,,,,,C:\Program Files\Mozilla Firefox\firefox.exe,C:\Program Files\Mozilla Firefox\firefox.exe,0x40,,,,,,,{E983936C-CD5C-6006-8407-00000000A301},6812,{E983936C-CD5F-6006-8607-00000000A301},4500,,T1059.001,PowerShell,Execution,TRACE-PS-01,powershell,https://raw.githubusercontent.com/splunk/attack_data/master/datasets/attack_techniques/T1059.001/encoded_powershell/windows-sysmon.log,63fcc29b6ffca81824c0f85ea99fa2a35db0c06fbebd2ef2ad0164fd32a419e3,false,Execution,none,raw Computer/IpAddress/User fields,
2021-01-19T13:25:15.469+0000,2021-01-19T13:25:15.469+0000,10,Microsoft-Windows-Sysmon/Operational,ict3214:attack_trace,PS-HOST-01,,,,,,,C:\Program Files\Mozilla Firefox\firefox.exe,C:\Program Files\Mozilla Firefox\firefox.exe,0x2200,,,,,,,{E983936C-CD5C-6006-8407-00000000A301},6812,{E983936C-CEA8-6006-BA07-00000000A301},7648,,T1059.001,PowerShell,Execution,TRACE-PS-01,powershell,https://raw.githubusercontent.com/splunk/attack_data/master/datasets/attack_techniques/T1059.001/encoded_powershell/windows-sysmon.log,aec533fbe5f8b48575b634b58a62d77781346bdafa1e67996e6c9cc849aca399,false,Execution,none,raw Computer/IpAddress/User fields,
2021-01-19T13:25:15.568+0000,2021-01-19T13:25:15.568+0000,10,Microsoft-Windows-Sysmon/Operational,ict3214:attack_trace,PS-HOST-01,,,,,,,C:\Program Files\Mozilla Firefox\firefox.exe,C:\Program Files\Mozilla Firefox\firefox.exe,0x40,,,,,,,{E983936C-CD5C-6006-8407-00000000A301},6812,{E983936C-CD5F-6006-8607-00000000A301},4500,,T1059.001,PowerShell,Execution,TRACE-PS-01,powershell,https://raw.githubusercontent.com/splunk/attack_data/master/datasets/attack_techniques/T1059.001/encoded_powershell/windows-sysmon.log,d413d44f26fd27071cdbecacef73f5885fb1ae6efecac7e1af13d53c6a78d7a1,false,Execution,none,raw Computer/IpAddress/User fields,
2021-01-19T13:25:15.643+0000,2021-01-19T13:25:15.643+0000,10,Microsoft-Windows-Sysmon/Operational,ict3214:attack_trace,PS-HOST-01,,,,,,,C:\Program Files\Mozilla Firefox\firefox.exe,C:\Program Files\Mozilla Firefox\firefox.exe,0x40,,,,,,,{E983936C-CD5C-6006-8407-00000000A301},6812,{E983936C-CD5F-6006-8607-00000000A301},4500,,T1059.001,PowerShell,Execution,TRACE-PS-01,powershell,https://raw.githubusercontent.com/splunk/attack_data/master/datasets/attack_techniques/T1059.001/encoded_powershell/windows-sysmon.log,20abc5650913c10332a2fe4906c7bc10d2507cc71f121b81d893b6306994b193,false,Execution,none,raw Computer/IpAddress/User fields,
2021-01-19T13:25:15.643+0000,2021-01-19T13:25:15.643+0000,10,Microsoft-Windows-Sysmon/Operational,ict3214:attack_trace,PS-HOST-01,,,,,,,C:\Program Files\Mozilla Firefox\firefox.exe,C:\Program Files\Mozilla Firefox\firefox.exe,0x40,,,,,,,{E983936C-CD5C-6006-8407-00000000A301},6812,{E983936C-CD5F-6006-8607-00000000A301},4500,,T1059.001,PowerShell,Execution,TRACE-PS-01,powershell,https://raw.githubusercontent.com/splunk/attack_data/master/datasets/attack_techniques/T1059.001/encoded_powershell/windows-sysmon.log,4a490f747dfe3301ba7b7ab7d0c1ff524a4281e04b845beb49d5427cb5ad3d1f,false,Execution,none,raw Computer/IpAddress/User fields,
2021-01-19T13:25:15.676+0000,2021-01-19T13:25:15.676+0000,10,Microsoft-Windows-Sysmon/Operational,ict3214:attack_trace,PS-HOST-01,,,,,,,C:\Program Files\Mozilla Firefox\firefox.exe,C:\Program Files\Mozilla Firefox\firefox.exe,0x40,,,,,,,{E983936C-CD5C-6006-8407-00000000A301},6812,{E983936C-CD5F-6006-8607-00000000A301},4500,,T1059.001,PowerShell,Execution,TRACE-PS-01,powershell,https://raw.githubusercontent.com/splunk/attack_data/master/datasets/attack_techniques/T1059.001/encoded_powershell/windows-sysmon.log,1113031326c8ca820fdc2d60cf5373a1ff446a0fbb584aad0372617010c969d6,false,Execution,none,raw Computer/IpAddress/User fields,
2021-01-19T13:25:15.692+0000,2021-01-19T13:25:15.692+0000,10,Microsoft-Windows-Sysmon/Operational,ict3214:attack_trace,PS-HOST-01,,,,,,,C:\Program Files\Mozilla Firefox\firefox.exe,C:\Program Files\Mozilla Firefox\firefox.exe,0x40,,,,,,,{E983936C-CD5C-6006-8407-00000000A301},6812,{E983936C-CD5F-6006-8607-00000000A301},4500,,T1059.001,PowerShell,Execution,TRACE-PS-01,powershell,https://raw.githubusercontent.com/splunk/attack_data/master/datasets/attack_techniques/T1059.001/encoded_powershell/windows-sysmon.log,266122dc1347aaf06482cbb38e290df82159ab5215421fa4aec11b151ec8d4d2,false,Execution,none,raw Computer/IpAddress/User fields,
2021-01-19T13:25:15.692+0000,2021-01-19T13:25:15.692+0000,10,Microsoft-Windows-Sysmon/Operational,ict3214:attack_trace,PS-HOST-01,,,,,,,C:\Program Files\Mozilla Firefox\firefox.exe,C:\Program Files\Mozilla Firefox\firefox.exe,0x40,,,,,,,{E983936C-CD5C-6006-8407-00000000A301},6812,{E983936C-CD5F-6006-8607-00000000A301},4500,,T1059.001,PowerShell,Execution,TRACE-PS-01,powershell,https://raw.githubusercontent.com/splunk/attack_data/master/datasets/attack_techniques/T1059.001/encoded_powershell/windows-sysmon.log,dd7437f059d73d5bc3dcc76eaff7c82611a8b02e7b21e3246deb14cb3d7307d9,false,Execution,none,raw Computer/IpAddress/User fields,
2021-01-19T13:25:15.750+0000,2021-01-19T13:25:15.750+0000,10,Microsoft-Windows-Sysmon/Operational,ict3214:attack_trace,PS-HOST-01,,,,,,,C:\Program Files\Mozilla Firefox\firefox.exe,C:\Program Files\Mozilla Firefox\firefox.exe,0x40,,,,,,,{E983936C-CD5C-6006-8407-00000000A301},6812,{E983936C-CD5F-6006-8607-00000000A301},4500,,T1059.001,PowerShell,Execution,TRACE-PS-01,powershell,https://raw.githubusercontent.com/splunk/attack_data/master/datasets/attack_techniques/T1059.001/encoded_powershell/windows-sysmon.log,bd48b35a48ba439ed093313a7247e2eff981ff29588ad878aa341b8e8d0dec33,false,Execution,none,raw Computer/IpAddress/User fields,
2021-01-19T13:25:15.797+0000,2021-01-19T13:25:15.797+0000,10,Microsoft-Windows-Sysmon/Operational,ict3214:attack_trace,PS-HOST-01,,,,,,,C:\Program Files\Mozilla Firefox\firefox.exe,C:\Program Files\Mozilla Firefox\firefox.exe,0x40,,,,,,,{E983936C-CD5C-6006-8407-00000000A301},6812,{E983936C-CD5F-6006-8607-00000000A301},4500,,T1059.001,PowerShell,Execution,TRACE-PS-01,powershell,https://raw.githubusercontent.com/splunk/attack_data/master/datasets/attack_techniques/T1059.001/encoded_powershell/windows-sysmon.log,2fc438093eebe6462d046c995e43b1de12e3decaad2e71d012b03ee8d82a7e87,false,Execution,none,raw Computer/IpAddress/User fields,
2021-01-19T13:25:16.092+0000,2021-01-19T13:25:16.092+0000,10,Microsoft-Windows-Sysmon/Operational,ict3214:attack_trace,PS-HOST-01,,,,,,,C:\Program Files\Mozilla Firefox\firefox.exe,C:\Program Files\Mozilla Firefox\firefox.exe,0x40,,,,,,,{E983936C-CD5C-6006-8407-00000000A301},6812,{E983936C-CD5F-6006-8607-00000000A301},4500,,T1059.001,PowerShell,Execution,TRACE-PS-01,powershell,https://raw.githubusercontent.com/splunk/attack_data/master/datasets/attack_techniques/T1059.001/encoded_powershell/windows-sysmon.log,e4b5611719d0f566a293dee8a6976f90b0054798490a344525841c0bceee06ec,false,Execution,none,raw Computer/IpAddress/User fields,
2021-01-19T13:25:16.176+0000,2021-01-19T13:25:16.176+0000,10,Microsoft-Windows-Sysmon/Operational,ict3214:attack_trace,PS-HOST-01,,,,,,,C:\Program Files\Mozilla Firefox\firefox.exe,C:\Program Files\Mozilla Firefox\firefox.exe,0x40,,,,,,,{E983936C-CD5C-6006-8407-00000000A301},6812,{E983936C-CD5F-6006-8607-00000000A301},4500,,T1059.001,PowerShell,Execution,TRACE-PS-01,powershell,https://raw.githubusercontent.com/splunk/attack_data/master/datasets/attack_techniques/T1059.001/encoded_powershell/windows-sysmon.log,ddac14813fe92204560629d392bc03fe7b65b059cfc06a928547d6b9f9ea8eda,false,Execution,none,raw Computer/IpAddress/User fields,
2021-01-19T13:25:16.645+0000,2021-01-19T13:25:16.645+0000,22,Microsoft-Windows-Sysmon/Operational,ict3214:attack_trace,PS-HOST-01,,,,C:\Program Files\Mozilla Firefox\firefox.exe,,,,,,,,,,{E983936C-CD5C-6006-8407-00000000A301},6812,,,,,cdn.ampproject.org,T1059.001,PowerShell,Execution,TRACE-PS-01,powershell,https://raw.githubusercontent.com/splunk/attack_data/master/datasets/attack_techniques/T1059.001/encoded_powershell/windows-sysmon.log,047aa0da275d4978257c14ff8bda2bcd913c2d652db834c5f1776f07cf6b7e58,false,Execution,none,raw Computer/IpAddress/User fields,
2021-01-19T13:25:16.645+0000,2021-01-19T13:25:16.645+0000,22,Microsoft-Windows-Sysmon/Operational,ict3214:attack_trace,PS-HOST-01,,,,C:\Program Files\Mozilla Firefox\firefox.exe,,,,,,,,,,{E983936C-CD5C-6006-8407-00000000A301},6812,,,,,cdn-content.ampproject.org,T1059.001,PowerShell,Execution,TRACE-PS-01,powershell,https://raw.githubusercontent.com/splunk/attack_data/master/datasets/attack_techniques/T1059.001/encoded_powershell/windows-sysmon.log,c6e569cd4452bd34c02a190122d4750e679302bc50d754a2382695f7f72752be,false,Execution,none,raw Computer/IpAddress/User fields,
2021-01-19T13:25:16.645+0000,2021-01-19T13:25:16.645+0000,22,Microsoft-Windows-Sysmon/Operational,ict3214:attack_trace,PS-HOST-01,,,,C:\Program Files\Mozilla Firefox\firefox.exe,,,,,,,,,,{E983936C-CD5C-6006-8407-00000000A301},6812,,,,,cdn-content.ampproject.org,T1059.001,PowerShell,Execution,TRACE-PS-01,powershell,https://raw.githubusercontent.com/splunk/attack_data/master/datasets/attack_techniques/T1059.001/encoded_powershell/windows-sysmon.log,e2317d95c02460ee025a16ac1ded16005517dd31a4d7d43288b27d76d467a535,false,Execution,none,raw Computer/IpAddress/User fields,
2021-01-19T13:25:17.692+0000,2021-01-19T13:25:17.692+0000,22,Microsoft-Windows-Sysmon/Operational,ict3214:attack_trace,PS-HOST-01,,,,C:\Program Files\Mozilla Firefox\firefox.exe,,,,,,,,,,{E983936C-CD5C-6006-8407-00000000A301},6812,,,,,www.google.com,T1059.001,PowerShell,Execution,TRACE-PS-01,powershell,https://raw.githubusercontent.com/splunk/attack_data/master/datasets/attack_techniques/T1059.001/encoded_powershell/windows-sysmon.log,1ed8501af18c213ce2f7bb5d777f125038d7b1e39be7e6d6f86da21bf37e14e5,false,Execution,none,raw Computer/IpAddress/User fields,
2021-01-19T13:25:17.692+0000,2021-01-19T13:25:17.692+0000,22,Microsoft-Windows-Sysmon/Operational,ict3214:attack_trace,PS-HOST-01,,,,C:\Program Files\Mozilla Firefox\firefox.exe,,,,,,,,,,{E983936C-CD5C-6006-8407-00000000A301},6812,,,,,www.google.com,T1059.001,PowerShell,Execution,TRACE-PS-01,powershell,https://raw.githubusercontent.com/splunk/attack_data/master/datasets/attack_techniques/T1059.001/encoded_powershell/windows-sysmon.log,613dc50e7bb8854307d7968d0ccfbe79d1950f2603b4609f4ac59f022a0b72d9,false,Execution,none,raw Computer/IpAddress/User fields,
2021-01-19T13:25:17.692+0000,2021-01-19T13:25:17.692+0000,22,Microsoft-Windows-Sysmon/Operational,ict3214:attack_trace,PS-HOST-01,,,,C:\Program Files\Mozilla Firefox\firefox.exe,,,,,,,,,,{E983936C-CD5C-6006-8407-00000000A301},6812,,,,,www.google.com,T1059.001,PowerShell,Execution,TRACE-PS-01,powershell,https://raw.githubusercontent.com/splunk/attack_data/master/datasets/attack_techniques/T1059.001/encoded_powershell/windows-sysmon.log,73048062c3a2904f41d56c4e714fc0f7e05f887e48d779f946106847213d340b,false,Execution,none,raw Computer/IpAddress/User fields,
2021-01-19T13:25:17.692+0000,2021-01-19T13:25:17.692+0000,22,Microsoft-Windows-Sysmon/Operational,ict3214:attack_trace,PS-HOST-01,,,,C:\Program Files\Mozilla Firefox\firefox.exe,,,,,,,,,,{E983936C-CD5C-6006-8407-00000000A301},6812,,,,,s0-2mdn-net.l.google.com,T1059.001,PowerShell,Execution,TRACE-PS-01,powershell,https://raw.githubusercontent.com/splunk/attack_data/master/datasets/attack_techniques/T1059.001/encoded_powershell/windows-sysmon.log,b20401ca7aae32b2c6307c48147b8fc9711a5f946449c0235960e6795be7837c,false,Execution,none,raw Computer/IpAddress/User fields,
2021-01-19T13:25:19.008+0000,2021-01-19T13:25:19.008+0000,10,Microsoft-Windows-Sysmon/Operational,ict3214:attack_trace,PS-HOST-01,,,,,,,C:\Windows\sysmon64.exe,C:\Windows\system32\svchost.exe,0x1400,,,,,,,{E983936C-B38F-6006-0C00-00000000A301},592,{E983936C-B3A0-6006-3100-00000000A301},2052,,T1059.001,PowerShell,Execution,TRACE-PS-01,powershell,https://raw.githubusercontent.com/splunk/attack_data/master/datasets/attack_techniques/T1059.001/encoded_powershell/windows-sysmon.log,1575fad603567973004352a670be74160e818e2a327590c9d17c777d216b0618,false,Execution,none,raw Computer/IpAddress/User fields,
2021-01-19T13:25:19.008+0000,2021-01-19T13:25:19.008+0000,10,Microsoft-Windows-Sysmon/Operational,ict3214:attack_trace,PS-HOST-01,,,,,,,C:\Windows\sysmon64.exe,C:\Windows\system32\svchost.exe,0x1400,,,,,,,{E983936C-B38F-6006-0C00-00000000A301},592,{E983936C-B3A0-6006-3100-00000000A301},2052,,T1059.001,PowerShell,Execution,TRACE-PS-01,powershell,https://raw.githubusercontent.com/splunk/attack_data/master/datasets/attack_techniques/T1059.001/encoded_powershell/windows-sysmon.log,286f8226bea0f64d6a039360618652d191572abf7c94cd29f1911bef1083bdff,false,Execution,none,raw Computer/IpAddress/User fields,
2021-01-19T13:25:19.008+0000,2021-01-19T13:25:19.008+0000,10,Microsoft-Windows-Sysmon/Operational,ict3214:attack_trace,PS-HOST-01,,,,,,,C:\Program Files\SplunkUniversalForwarder\bin\splunk-admon.exe,C:\Windows\system32\csrss.exe,0x1fffff,,,,,,,{E983936C-B38D-6006-0500-00000000A301},636,{E983936C-DDBF-6006-8909-00000000A301},5196,,T1059.001,PowerShell,Execution,TRACE-PS-01,powershell,https://raw.githubusercontent.com/splunk/attack_data/master/datasets/attack_techniques/T1059.001/encoded_powershell/windows-sysmon.log,32741eb415d7efc60a1bd17b9db38b96bcdebf25aa32330b5114b624037b5e3a,false,Execution,none,raw Computer/IpAddress/User fields,
2021-01-19T13:25:19.008+0000,2021-01-19T13:25:19.008+0000,10,Microsoft-Windows-Sysmon/Operational,ict3214:attack_trace,PS-HOST-01,,,,,,,C:\Windows\sysmon64.exe,C:\Windows\system32\svchost.exe,0x1400,,,,,,,{E983936C-B38F-6006-0C00-00000000A301},592,{E983936C-B3A0-6006-3100-00000000A301},2052,,T1059.001,PowerShell,Execution,TRACE-PS-01,powershell,https://raw.githubusercontent.com/splunk/attack_data/master/datasets/attack_techniques/T1059.001/encoded_powershell/windows-sysmon.log,436cbadb3d3fc8dc239dd007e89bf04e44baadf7f1f60082443cd909e948a500,false,Execution,none,raw Computer/IpAddress/User fields,
2021-01-19T13:25:19.008+0000,2021-01-19T13:25:19.008+0000,1,Microsoft-Windows-Sysmon/Operational,ict3214:attack_trace,PS-HOST-01,,,NT AUTHORITY\SYSTEM,C:\Program Files\SplunkUniversalForwarder\bin\splunk-admon.exe,C:\Program Files\SplunkUniversalForwarder\bin\splunkd.exe,"""C:\Program Files\SplunkUniversalForwarder\bin\splunk-admon.exe""",,,,,,,,{E983936C-DDBF-6006-8909-00000000A301},5196,,,,,,T1059.001,PowerShell,Execution,TRACE-PS-01,powershell,https://raw.githubusercontent.com/splunk/attack_data/master/datasets/attack_techniques/T1059.001/encoded_powershell/windows-sysmon.log,856658fb0bce17e206265d6d65622745c5eda27b17b8775f13c99f22815ccd9e,false,Execution,none,raw Computer/IpAddress/User fields,{E983936C-B438-6006-B400-00000000A301}
2021-01-19T13:25:19.008+0000,2021-01-19T13:25:19.008+0000,10,Microsoft-Windows-Sysmon/Operational,ict3214:attack_trace,PS-HOST-01,,,,,,,C:\Program Files\SplunkUniversalForwarder\bin\splunk-admon.exe,C:\Program Files\SplunkUniversalForwarder\bin\splunkd.exe,0x1fffff,,,,,,,{E983936C-B438-6006-B400-00000000A301},4412,{E983936C-DDBF-6006-8909-00000000A301},5196,,T1059.001,PowerShell,Execution,TRACE-PS-01,powershell,https://raw.githubusercontent.com/splunk/attack_data/master/datasets/attack_techniques/T1059.001/encoded_powershell/windows-sysmon.log,8cc271ac3b54d02ff3982e3a975de52ef060e501667d4b6cf1de6dd5dc145a6f,false,Execution,none,raw Computer/IpAddress/User fields,
2021-01-19T13:25:19.008+0000,2021-01-19T13:25:19.008+0000,10,Microsoft-Windows-Sysmon/Operational,ict3214:attack_trace,PS-HOST-01,,,,,,,C:\Windows\sysmon64.exe,C:\Windows\system32\svchost.exe,0x1400,,,,,,,{E983936C-B38F-6006-0C00-00000000A301},592,{E983936C-B3A0-6006-3100-00000000A301},2052,,T1059.001,PowerShell,Execution,TRACE-PS-01,powershell,https://raw.githubusercontent.com/splunk/attack_data/master/datasets/attack_techniques/T1059.001/encoded_powershell/windows-sysmon.log,e9045bf29e5229d1389ec9cfe0db9061834ea745c105111cccd1a31ebee335b8,false,Execution,none,raw Computer/IpAddress/User fields,
2021-01-19T13:25:19.009+0000,2021-01-19T13:25:19.009+0000,10,Microsoft-Windows-Sysmon/Operational,ict3214:attack_trace,PS-HOST-01,,,,,,,C:\Program Files\SplunkUniversalForwarder\bin\splunk-admon.exe,C:\Windows\system32\conhost.exe,0x1fffff,,,,,,,{E983936C-B439-6006-B800-00000000A301},4284,{E983936C-DDBF-6006-8909-00000000A301},5196,,T1059.001,PowerShell,Execution,TRACE-PS-01,powershell,https://raw.githubusercontent.com/splunk/attack_data/master/datasets/attack_techniques/T1059.001/encoded_powershell/windows-sysmon.log,a381f7045e9483ed21f6915f9867043d2aa5c3f60b418207e9561f1f0c8d5dee,false,Execution,none,raw Computer/IpAddress/User fields,
2021-01-19T13:25:19.157+0000,2021-01-19T13:25:19.157+0000,10,Microsoft-Windows-Sysmon/Operational,ict3214:attack_trace,PS-HOST-01,,,,,,,C:\Program Files\SplunkUniversalForwarder\bin\splunkd.exe,C:\Program Files\SplunkUniversalForwarder\bin\splunk-admon.exe,0x101400,,,,,,,{E983936C-DDBF-6006-8909-00000000A301},5196,{E983936C-B438-6006-B400-00000000A301},4412,,T1059.001,PowerShell,Execution,TRACE-PS-01,powershell,https://raw.githubusercontent.com/splunk/attack_data/master/datasets/attack_techniques/T1059.001/encoded_powershell/windows-sysmon.log,d53145d35b19b4b6068e2a268bf3913879335752f473a2e72fa6f73e154b4b46,false,Execution,none,raw Computer/IpAddress/User fields,
2021-01-19T13:25:19.319+0000,2021-01-19T13:25:19.319+0000,10,Microsoft-Windows-Sysmon/Operational,ict3214:attack_trace,PS-HOST-01,,,,,,,System,C:\Windows\system32\lsass.exe,0x1000,,,,,,,{E983936C-B38D-6006-0B00-00000000A301},852,{E983936C-B38B-6006-0100-00000000A301},4,,T1059.001,PowerShell,Execution,TRACE-PS-01,powershell,https://raw.githubusercontent.com/splunk/attack_data/master/datasets/attack_techniques/T1059.001/encoded_powershell/windows-sysmon.log,e157e4422421e19580c7c3b03688f5c06d8e0f94721e19657a7ce8e07aa67c7c,false,Execution,none,raw Computer/IpAddress/User fields,
2021-01-19T13:25:19.694+0000,2021-01-19T13:25:19.694+0000,1,Microsoft-Windows-Sysmon/Operational,ict3214:attack_trace,PS-HOST-01,,,NT AUTHORITY\SYSTEM,C:\Program Files\SplunkUniversalForwarder\bin\splunk-powershell.exe,C:\Program Files\SplunkUniversalForwarder\bin\splunkd.exe,"""C:\Program Files\SplunkUniversalForwarder\bin\splunk-powershell.exe""",,,,,,,,{E983936C-DDBF-6006-8A09-00000000A301},5860,,,,,,T1059.001,PowerShell,Execution,TRACE-PS-01,powershell,https://raw.githubusercontent.com/splunk/attack_data/master/datasets/attack_techniques/T1059.001/encoded_powershell/windows-sysmon.log,af111ae4aadf338315f66fed10bf8fe4155ad4ecf2e86b4c4e08b0bcdf91d384,false,Execution,none,raw Computer/IpAddress/User fields,{E983936C-B438-6006-B400-00000000A301}
2021-01-19T13:25:19.694+0000,2021-01-19T13:25:19.694+0000,10,Microsoft-Windows-Sysmon/Operational,ict3214:attack_trace,PS-HOST-01,,,,,,,C:\Program Files\SplunkUniversalForwarder\bin\splunk-powershell.exe,C:\Program Files\SplunkUniversalForwarder\bin\splunkd.exe,0x1fffff,,,,,,,{E983936C-B438-6006-B400-00000000A301},4412,{E983936C-DDBF-6006-8A09-00000000A301},5860,,T1059.001,PowerShell,Execution,TRACE-PS-01,powershell,https://raw.githubusercontent.com/splunk/attack_data/master/datasets/attack_techniques/T1059.001/encoded_powershell/windows-sysmon.log,d88e94aefceede935a09a6f1ce847883524e9484fb4a33ad5863c864f9c82d88,false,Execution,none,raw Computer/IpAddress/User fields,
2021-01-19T13:25:19.695+0000,2021-01-19T13:25:19.695+0000,10,Microsoft-Windows-Sysmon/Operational,ict3214:attack_trace,PS-HOST-01,,,,,,,C:\Program Files\SplunkUniversalForwarder\bin\splunk-powershell.exe,C:\Windows\system32\csrss.exe,0x1fffff,,,,,,,{E983936C-B38D-6006-0500-00000000A301},636,{E983936C-DDBF-6006-8A09-00000000A301},5860,,T1059.001,PowerShell,Execution,TRACE-PS-01,powershell,https://raw.githubusercontent.com/splunk/attack_data/master/datasets/attack_techniques/T1059.001/encoded_powershell/windows-sysmon.log,05d46ec1d64aa3d127c91b2185a5d6143c3d6fb8baa86dc2007f0b657a869d15,false,Execution,none,raw Computer/IpAddress/User fields,
2021-01-19T13:25:19.695+0000,2021-01-19T13:25:19.695+0000,10,Microsoft-Windows-Sysmon/Operational,ict3214:attack_trace,PS-HOST-01,,,,,,,C:\Windows\sysmon64.exe,C:\Windows\system32\svchost.exe,0x1400,,,,,,,{E983936C-B38F-6006-0C00-00000000A301},592,{E983936C-B3A0-6006-3100-00000000A301},2052,,T1059.001,PowerShell,Execution,TRACE-PS-01,powershell,https://raw.githubusercontent.com/splunk/attack_data/master/datasets/attack_techniques/T1059.001/encoded_powershell/windows-sysmon.log,0a0b2807893f593444a109d162826d556ea735f313e0d73d7adbdbd29449bac2,false,Execution,none,raw Computer/IpAddress/User fields,
2021-01-19T13:25:19.695+0000,2021-01-19T13:25:19.695+0000,10,Microsoft-Windows-Sysmon/Operational,ict3214:attack_trace,PS-HOST-01,,,,,,,C:\Windows\sysmon64.exe,C:\Windows\system32\svchost.exe,0x1400,,,,,,,{E983936C-B38F-6006-0C00-00000000A301},592,{E983936C-B3A0-6006-3100-00000000A301},2052,,T1059.001,PowerShell,Execution,TRACE-PS-01,powershell,https://raw.githubusercontent.com/splunk/attack_data/master/datasets/attack_techniques/T1059.001/encoded_powershell/windows-sysmon.log,31cf31742e2a7fcff303d0e69f7500364382cf014d569a10e7dd56eacb3c5fbb,false,Execution,none,raw Computer/IpAddress/User fields,
2021-01-19T13:25:19.695+0000,2021-01-19T13:25:19.695+0000,10,Microsoft-Windows-Sysmon/Operational,ict3214:attack_trace,PS-HOST-01,,,,,,,C:\Windows\sysmon64.exe,C:\Windows\system32\svchost.exe,0x1400,,,,,,,{E983936C-B38F-6006-0C00-00000000A301},592,{E983936C-B3A0-6006-3100-00000000A301},2052,,T1059.001,PowerShell,Execution,TRACE-PS-01,powershell,https://raw.githubusercontent.com/splunk/attack_data/master/datasets/attack_techniques/T1059.001/encoded_powershell/windows-sysmon.log,d46d959f6a7c9f432d0ef959df35215de1fa2467d96e7a1c521d05b9b171e366,false,Execution,none,raw Computer/IpAddress/User fields,
2021-01-19T13:25:19.695+0000,2021-01-19T13:25:19.695+0000,10,Microsoft-Windows-Sysmon/Operational,ict3214:attack_trace,PS-HOST-01,,,,,,,C:\Windows\sysmon64.exe,C:\Windows\system32\svchost.exe,0x1400,,,,,,,{E983936C-B38F-6006-0C00-00000000A301},592,{E983936C-B3A0-6006-3100-00000000A301},2052,,T1059.001,PowerShell,Execution,TRACE-PS-01,powershell,https://raw.githubusercontent.com/splunk/attack_data/master/datasets/attack_techniques/T1059.001/encoded_powershell/windows-sysmon.log,e01732ca51d57a648c74005d4fad47b73a080bae4504382e384b162087467bf5,false,Execution,none,raw Computer/IpAddress/User fields,
2021-01-19T13:25:19.696+0000,2021-01-19T13:25:19.696+0000,10,Microsoft-Windows-Sysmon/Operational,ict3214:attack_trace,PS-HOST-01,,,,,,,C:\Program Files\SplunkUniversalForwarder\bin\splunk-powershell.exe,C:\Windows\system32\conhost.exe,0x1fffff,,,,,,,{E983936C-B439-6006-B800-00000000A301},4284,{E983936C-DDBF-6006-8A09-00000000A301},5860,,T1059.001,PowerShell,Execution,TRACE-PS-01,powershell,https://raw.githubusercontent.com/splunk/attack_data/master/datasets/attack_techniques/T1059.001/encoded_powershell/windows-sysmon.log,aa11eca5b8dc137785287216b4f042ef6ced796497b3021a7e9dd6f9bb899692,false,Execution,none,raw Computer/IpAddress/User fields,
2021-01-19T13:25:19.844+0000,2021-01-19T13:25:19.844+0000,10,Microsoft-Windows-Sysmon/Operational,ict3214:attack_trace,PS-HOST-01,,,,,,,C:\Program Files\SplunkUniversalForwarder\bin\splunkd.exe,C:\Program Files\SplunkUniversalForwarder\bin\splunk-powershell.exe,0x101400,,,,,,,{E983936C-DDBF-6006-8A09-00000000A301},5860,{E983936C-B438-6006-B400-00000000A301},4412,,T1059.001,PowerShell,Execution,TRACE-PS-01,powershell,https://raw.githubusercontent.com/splunk/attack_data/master/datasets/attack_techniques/T1059.001/encoded_powershell/windows-sysmon.log,c17365525554d7ce4113390c794c90df2f9727d0d28e553a240b1b3782428412,false,Execution,none,raw Computer/IpAddress/User fields,
2021-01-19T13:25:20.366+0000,2021-01-19T13:25:20.366+0000,10,Microsoft-Windows-Sysmon/Operational,ict3214:attack_trace,PS-HOST-01,,,,,,,C:\Program Files\SplunkUniversalForwarder\bin\splunk-powershell.exe,C:\Windows\system32\csrss.exe,0x1fffff,,,,,,,{E983936C-B38D-6006-0500-00000000A301},636,{E983936C-DDC0-6006-8B09-00000000A301},5392,,T1059.001,PowerShell,Execution,TRACE-PS-01,powershell,https://raw.githubusercontent.com/splunk/attack_data/master/datasets/attack_techniques/T1059.001/encoded_powershell/windows-sysmon.log,28879283676c1536223256744c8760cd31ab904ad97173d39b8ceb76daea210f,false,Execution,none,raw Computer/IpAddress/User fields,
2021-01-19T13:25:20.366+0000,2021-01-19T13:25:20.366+0000,10,Microsoft-Windows-Sysmon/Operational,ict3214:attack_trace,PS-HOST-01,,,,,,,C:\Program Files\SplunkUniversalForwarder\bin\splunk-powershell.exe,C:\Program Files\SplunkUniversalForwarder\bin\splunkd.exe,0x1fffff,,,,,,,{E983936C-B438-6006-B400-00000000A301},4412,{E983936C-DDC0-6006-8B09-00000000A301},5392,,T1059.001,PowerShell,Execution,TRACE-PS-01,powershell,https://raw.githubusercontent.com/splunk/attack_data/master/datasets/attack_techniques/T1059.001/encoded_powershell/windows-sysmon.log,2a2b47a8f22ea2ac2781888822d87039c49eefb281f69df4b04100fd9ac0d4bb,false,Execution,none,raw Computer/IpAddress/User fields,
2021-01-19T13:25:20.366+0000,2021-01-19T13:25:20.366+0000,1,Microsoft-Windows-Sysmon/Operational,ict3214:attack_trace,PS-HOST-01,,,NT AUTHORITY\SYSTEM,C:\Program Files\SplunkUniversalForwarder\bin\splunk-powershell.exe,C:\Program Files\SplunkUniversalForwarder\bin\splunkd.exe,"""C:\Program Files\SplunkUniversalForwarder\bin\splunk-powershell.exe"" --ps2",,,,,,,,{E983936C-DDC0-6006-8B09-00000000A301},5392,,,,,,T1059.001,PowerShell,Execution,TRACE-PS-01,powershell,https://raw.githubusercontent.com/splunk/attack_data/master/datasets/attack_techniques/T1059.001/encoded_powershell/windows-sysmon.log,3c576d3454fdbe3c41106ce11c2e6484ff13fb6a2070a89e7cb0eb16373c2316,false,Execution,none,raw Computer/IpAddress/User fields,{E983936C-B438-6006-B400-00000000A301}
2021-01-19T13:25:20.366+0000,2021-01-19T13:25:20.366+0000,10,Microsoft-Windows-Sysmon/Operational,ict3214:attack_trace,PS-HOST-01,,,,,,,C:\Windows\sysmon64.exe,C:\Windows\system32\svchost.exe,0x1400,,,,,,,{E983936C-B38F-6006-0C00-00000000A301},592,{E983936C-B3A0-6006-3100-00000000A301},2052,,T1059.001,PowerShell,Execution,TRACE-PS-01,powershell,https://raw.githubusercontent.com/splunk/attack_data/master/datasets/attack_techniques/T1059.001/encoded_powershell/windows-sysmon.log,3ccd91a28c3a491e64fc2e26b91ad7bbf9c7b542bfeec440e017193fa267d4d2,false,Execution,none,raw Computer/IpAddress/User fields,
2021-01-19T13:25:20.366+0000,2021-01-19T13:25:20.366+0000,10,Microsoft-Windows-Sysmon/Operational,ict3214:attack_trace,PS-HOST-01,,,,,,,C:\Windows\sysmon64.exe,C:\Windows\system32\svchost.exe,0x1400,,,,,,,{E983936C-B38F-6006-0C00-00000000A301},592,{E983936C-B3A0-6006-3100-00000000A301},2052,,T1059.001,PowerShell,Execution,TRACE-PS-01,powershell,https://raw.githubusercontent.com/splunk/attack_data/master/datasets/attack_techniques/T1059.001/encoded_powershell/windows-sysmon.log,6e49f48aaba65d38b6e679747164e9c47f10312a5f302da1229e5ff0a73563d4,false,Execution,none,raw Computer/IpAddress/User fields,
2021-01-19T13:25:20.366+0000,2021-01-19T13:25:20.366+0000,10,Microsoft-Windows-Sysmon/Operational,ict3214:attack_trace,PS-HOST-01,,,,,,,C:\Windows\sysmon64.exe,C:\Windows\system32\svchost.exe,0x1400,,,,,,,{E983936C-B38F-6006-0C00-00000000A301},592,{E983936C-B3A0-6006-3100-00000000A301},2052,,T1059.001,PowerShell,Execution,TRACE-PS-01,powershell,https://raw.githubusercontent.com/splunk/attack_data/master/datasets/attack_techniques/T1059.001/encoded_powershell/windows-sysmon.log,8fddb382598f78325a209b9f1196b3eb235ccc1f63b6d79f7fc02a15efb8c752,false,Execution,none,raw Computer/IpAddress/User fields,
2021-01-19T13:25:20.366+0000,2021-01-19T13:25:20.366+0000,10,Microsoft-Windows-Sysmon/Operational,ict3214:attack_trace,PS-HOST-01,,,,,,,C:\Windows\sysmon64.exe,C:\Windows\system32\svchost.exe,0x1400,,,,,,,{E983936C-B38F-6006-0C00-00000000A301},592,{E983936C-B3A0-6006-3100-00000000A301},2052,,T1059.001,PowerShell,Execution,TRACE-PS-01,powershell,https://raw.githubusercontent.com/splunk/attack_data/master/datasets/attack_techniques/T1059.001/encoded_powershell/windows-sysmon.log,bbd24f9ee88a9bf4fda5242eaa59ba3c0e892bb96e84a35a5ac609a459126375,false,Execution,none,raw Computer/IpAddress/User fields,
2021-01-19T13:25:20.367+0000,2021-01-19T13:25:20.367+0000,10,Microsoft-Windows-Sysmon/Operational,ict3214:attack_trace,PS-HOST-01,,,,,,,C:\Program Files\SplunkUniversalForwarder\bin\splunk-powershell.exe,C:\Windows\system32\conhost.exe,0x1fffff,,,,,,,{E983936C-B439-6006-B800-00000000A301},4284,{E983936C-DDC0-6006-8B09-00000000A301},5392,,T1059.001,PowerShell,Execution,TRACE-PS-01,powershell,https://raw.githubusercontent.com/splunk/attack_data/master/datasets/attack_techniques/T1059.001/encoded_powershell/windows-sysmon.log,63b4f256ff730c1be270d9ce00cab43cc7e22c6eeb2ca31b0e86363de3af2e14,false,Execution,none,raw Computer/IpAddress/User fields,
2021-01-19T13:25:20.516+0000,2021-01-19T13:25:20.516+0000,10,Microsoft-Windows-Sysmon/Operational,ict3214:attack_trace,PS-HOST-01,,,,,,,C:\Program Files\SplunkUniversalForwarder\bin\splunkd.exe,C:\Program Files\SplunkUniversalForwarder\bin\splunk-powershell.exe,0x101400,,,,,,,{E983936C-DDC0-6006-8B09-00000000A301},5392,{E983936C-B438-6006-B400-00000000A301},4412,,T1059.001,PowerShell,Execution,TRACE-PS-01,powershell,https://raw.githubusercontent.com/splunk/attack_data/master/datasets/attack_techniques/T1059.001/encoded_powershell/windows-sysmon.log,d77f10b2a1fd917f2d65c00676c402ef4ec4dc8531f4ca5e3417af6e6eba3b54,false,Execution,none,raw Computer/IpAddress/User fields,
2021-01-19T13:25:20.962+0000,2021-01-19T13:25:20.962+0000,10,Microsoft-Windows-Sysmon/Operational,ict3214:attack_trace,PS-HOST-01,,,,,,,C:\Windows\system32\DFSRs.exe,C:\Windows\system32\svchost.exe,0x1fffff,,,,,,,{E983936C-B390-6006-1600-00000000A301},1528,{E983936C-B3A0-6006-2B00-00000000A301},2256,,T1059.001,PowerShell,Execution,TRACE-PS-01,powershell,https://raw.githubusercontent.com/splunk/attack_data/master/datasets/attack_techniques/T1059.001/encoded_powershell/windows-sysmon.log,fbe53fe0e2bcb037d6f49e9ccb0bffa01b5de9dde3cdcacb6f4b4ecd385aa720,false,Execution,none,raw Computer/IpAddress/User fields,
2021-01-19T13:25:20.963+0000,2021-01-19T13:25:20.963+0000,10,Microsoft-Windows-Sysmon/Operational,ict3214:attack_trace,PS-HOST-01,,,,,,,C:\Windows\system32\DFSRs.exe,C:\Windows\system32\svchost.exe,0x1fffff,,,,,,,{E983936C-B390-6006-1600-00000000A301},1528,{E983936C-B3A0-6006-2B00-00000000A301},2256,,T1059.001,PowerShell,Execution,TRACE-PS-01,powershell,https://raw.githubusercontent.com/splunk/attack_data/master/datasets/attack_techniques/T1059.001/encoded_powershell/windows-sysmon.log,12cf6230d804b770e98fcb6449c304c86076abd70cb7350659d22aec3c32885e,false,Execution,none,raw Computer/IpAddress/User fields,
2021-01-19T13:25:21.038+0000,2021-01-19T13:25:21.038+0000,10,Microsoft-Windows-Sysmon/Operational,ict3214:attack_trace,PS-HOST-01,,,,,,,C:\Windows\sysmon64.exe,C:\Windows\system32\svchost.exe,0x1400,,,,,,,{E983936C-B38F-6006-0C00-00000000A301},592,{E983936C-B3A0-6006-3100-00000000A301},2052,,T1059.001,PowerShell,Execution,TRACE-PS-01,powershell,https://raw.githubusercontent.com/splunk/attack_data/master/datasets/attack_techniques/T1059.001/encoded_powershell/windows-sysmon.log,1bb757089ef7249aad5a53c7f847c9a217822952f3e7a14e11d9d41dc3894a87,false,Execution,none,raw Computer/IpAddress/User fields,
