2021-01-19T13:21:59.757+0000,2021-01-19T13:21:59.757+0000,10,Microsoft-Windows-Sysmon/Operational,ict3214:attack_trace,PS-HOST-01,,,,,,,C:\Program Files\Mozilla Firefox\firefox.exe,C:\Program Files\Mozilla Firefox\firefox.exe,0x40,,,,,,,{E983936C-CD5C-6006-8407-00000000A301},6812,{E983936C-CD5F-6006-8607-00000000A301},4500,,T1059.001,PowerShell,Execution,TRACE-PS-01,powershell,https://raw.githubusercontent.com/splunk/attack_data/master/datasets/attack_techniques/T1059.001/encoded_powershell/windows-sysmon.log,842f2e51851e7e097ee00162bd82e4d83d276c0d4365c65290ceda62e9a2528d,false,Execution,none,raw Computer/IpAddress/User fields,
2021-01-19T13:21:59.757+0000,2021-01-19T13:21:59.757+0000,10,Microsoft-Windows-Sysmon/Operational,ict3214:attack_trace,PS-HOST-01,,,,,,,C:\Program Files\Mozilla Firefox\firefox.exe,C:\Program Files\Mozilla Firefox\firefox.exe,0x40,,,,,,,{E983936C-CD5C-6006-8407-00000000A301},6812,{E983936C-CD5F-6006-8607-00000000A301},4500,,T1059.001,PowerShell,Execution,TRACE-PS-01,powershell,https://raw.githubusercontent.com/splunk/attack_data/master/datasets/attack_techniques/T1059.001/encoded_powershell/windows-sysmon.log,8c0897d4d162e3e12418685f4c0cbceddd88325ebe58aa9206920a18c8563eb4,false,Execution,none,raw Computer/IpAddress/User fields,
2021-01-19T13:21:59.758+0000,2021-01-19T13:21:59.758+0000,10,Microsoft-Windows-Sysmon/Operational,ict3214:attack_trace,PS-HOST-01,,,,,,,C:\Program Files\Mozilla Firefox\firefox.exe,C:\Program Files\Mozilla Firefox\firefox.exe,0x40,,,,,,,{E983936C-CD5C-6006-8407-00000000A301},6812,{E983936C-CD5F-6006-8607-00000000A301},4500,,T1059.001,PowerShell,Execution,TRACE-PS-01,powershell,https://raw.githubusercontent.com/splunk/attack_data/master/datasets/attack_techniques/T1059.001/encoded_powershell/windows-sysmon.log,4352ae57c7d3bff35e0f704138e86b5cb5479dea083849ac6af066e6517694d2,false,Execution,none,raw Computer/IpAddress/User fields,
2021-01-19T13:21:59.758+0000,2021-01-19T13:21:59.758+0000,10,Microsoft-Windows-Sysmon/Operational,ict3214:attack_trace,PS-HOST-01,,,,,,,C:\Program Files\Mozilla Firefox\firefox.exe,C:\Program Files\Mozilla Firefox\firefox.exe,0x40,,,,,,,{E983936C-CD5C-6006-8407-00000000A301},6812,{E983936C-CD5F-6006-8607-00000000A301},4500,,T1059.001,PowerShell,Execution,TRACE-PS-01,powershell,https://raw.githubusercontent.com/splunk/attack_data/master/datasets/attack_techniques/T1059.001/encoded_powershell/windows-sysmon.log,a27ef8f4c4683c74834b346f341c1398b2033a83457fa8591d1d7ff0b953ac33,false,Execution,none,raw Computer/IpAddress/User fields,
2021-01-19T13:21:59.758+0000,2021-01-19T13:21:59.758+0000,10,Microsoft-Windows-Sysmon/Operational,ict3214:attack_trace,PS-HOST-01,,,,,,,C:\Program Files\Mozilla Firefox\firefox.exe,C:\Program Files\Mozilla Firefox\firefox.exe,0x40,,,,,,,{E983936C-CD5C-6006-8407-00000000A301},6812,{E983936C-CD5F-6006-8607-00000000A301},4500,,T1059.001,PowerShell,Execution,TRACE-PS-01,powershell,https://raw.githubusercontent.com/splunk/attack_data/master/datasets/attack_techniques/T1059.001/encoded_powershell/windows-sysmon.log,f0cc5a0d5cf5ca9d61bf26056b46e823c5afab20ae709bbd09f94187517ed4f5,false,Execution,none,raw Computer/IpAddress/User fields,
2021-01-19T13:21:59.759+0000,2021-01-19T13:21:59.759+0000,10,Microsoft-Windows-Sysmon/Operational,ict3214:attack_trace,PS-HOST-01,,,,,,,C:\Program Files\Mozilla Firefox\firefox.exe,C:\Program Files\Mozilla Firefox\firefox.exe,0x40,,,,,,,{E983936C-CD5C-6006-8407-00000000A301},6812,{E983936C-CD5F-6006-8607-00000000A301},4500,,T1059.001,PowerShell,Execution,TRACE-PS-01,powershell,https://raw.githubusercontent.com/splunk/attack_data/master/datasets/attack_techniques/T1059.001/encoded_powershell/windows-sysmon.log,2f971e10ea1167746294096dc4d95d9616f0f4bf5f33fc876910368e08e64285,false,Execution,none,raw Computer/IpAddress/User fields,
2021-01-19T13:21:59.759+0000,2021-01-19T13:21:59.759+0000,10,Microsoft-Windows-Sysmon/Operational,ict3214:attack_trace,PS-HOST-01,,,,,,,C:\Program Files\Mozilla Firefox\firefox.exe,C:\Program Files\Mozilla Firefox\firefox.exe,0x40,,,,,,,{E983936C-CD5C-6006-8407-00000000A301},6812,{E983936C-CD5F-6006-8607-00000000A301},4500,,T1059.001,PowerShell,Execution,TRACE-PS-01,powershell,https://raw.githubusercontent.com/splunk/attack_data/master/datasets/attack_techniques/T1059.001/encoded_powershell/windows-sysmon.log,dd512655c1bc0d01b25fb614c063f470b962a8ac5865e440e69af25f9dfafb20,false,Execution,none,raw Computer/IpAddress/User fields,
2021-01-19T13:21:59.759+0000,2021-01-19T13:21:59.759+0000,10,Microsoft-Windows-Sysmon/Operational,ict3214:attack_trace,PS-HOST-01,,,,,,,C:\Program Files\Mozilla Firefox\firefox.exe,C:\Program Files\Mozilla Firefox\firefox.exe,0x40,,,,,,,{E983936C-CD5C-6006-8407-00000000A301},6812,{E983936C-CD5F-6006-8607-00000000A301},4500,,T1059.001,PowerShell,Execution,TRACE-PS-01,powershell,https://raw.githubusercontent.com/splunk/attack_data/master/datasets/attack_techniques/T1059.001/encoded_powershell/windows-sysmon.log,deebe7c972cd8715def7534d05df5d629d56a88dba7a8e615f41406d538be7a4,false,Execution,none,raw Computer/IpAddress/User fields,
2021-01-19T13:21:59.761+0000,2021-01-19T13:21:59.761+0000,10,Microsoft-Windows-Sysmon/Operational,ict3214:attack_trace,PS-HOST-01,,,,,,,C:\Program Files\Mozilla Firefox\firefox.exe,C:\Program Files\Mozilla Firefox\firefox.exe,0x40,,,,,,,{E983936C-CD5C-6006-8407-00000000A301},6812,{E983936C-CD5F-6006-8607-00000000A301},4500,,T1059.001,PowerShell,Execution,TRACE-PS-01,powershell,https://raw.githubusercontent.com/splunk/attack_data/master/datasets/attack_techniques/T1059.001/encoded_powershell/windows-sysmon.log,90462f6fb21c003353964457e1f5a7b874f8e04df6a89f5f4285266312533419,false,Execution,none,raw Computer/IpAddress/User fields,
2021-01-19T13:21:59.763+0000,2021-01-19T13:21:59.763+0000,10,Microsoft-Windows-Sysmon/Operational,ict3214:attack_trace,PS-HOST-01,,,,,,,C:\Program Files\Mozilla Firefox\firefox.exe,C:\Program Files\Mozilla Firefox\firefox.exe,0x40,,,,,,,{E983936C-CD5C-6006-8407-00000000A301},6812,{E983936C-CD5F-6006-8607-00000000A301},4500,,T1059.001,PowerShell,Execution,TRACE-PS-01,powershell,https://raw.githubusercontent.com/splunk/attack_data/master/datasets/attack_techniques/T1059.001/encoded_powershell/windows-sysmon.log,839c1bacfa7be2c16e52550217172d0d8d6ab659a117cb87bf27dcb4755b2468,false,Execution,none,raw Computer/IpAddress/User fields,
2021-01-19T13:21:59.763+0000,2021-01-19T13:21:59.763+0000,10,Microsoft-Windows-Sysmon/Operational,ict3214:attack_trace,PS-HOST-01,,,,,,,C:\Program Files\Mozilla Firefox\firefox.exe,C:\Program Files\Mozilla Firefox\firefox.exe,0x40,,,,,,,{E983936C-CD5C-6006-8407-00000000A301},6812,{E983936C-CD5F-6006-8607-00000000A301},4500,,T1059.001,PowerShell,Execution,TRACE-PS-01,powershell,https://raw.githubusercontent.com/splunk/attack_data/master/datasets/attack_techniques/T1059.001/encoded_powershell/windows-sysmon.log,b002bc2e2b99b29be9d4e7adda21991db495bb343b028e12a83d5c102d9dd059,false,Execution,none,raw Computer/IpAddress/User fields,
2021-01-19T13:21:59.764+0000,2021-01-19T13:21:59.764+0000,10,Microsoft-Windows-Sysmon/Operational,ict3214:attack_trace,PS-HOST-01,,,,,,,C:\Program Files\Mozilla Firefox\firefox.exe,C:\Program Files\Mozilla Firefox\firefox.exe,0x40,,,,,,,{E983936C-CD5C-6006-8407-00000000A301},6812,{E983936C-CD5F-6006-8607-00000000A301},4500,,T1059.001,PowerShell,Execution,TRACE-PS-01,powershell,https://raw.githubusercontent.com/splunk/attack_data/master/datasets/attack_techniques/T1059.001/encoded_powershell/windows-sysmon.log,54da53dafed1381f970d5669a3dbaeb55787f8fc3c15e129611161c11b942edc,false,Execution,none,raw Computer/IpAddress/User fields,
2021-01-19T13:21:59.764+0000,2021-01-19T13:21:59.764+0000,10,Microsoft-Windows-Sysmon/Operational,ict3214:attack_trace,PS-HOST-01,,,,,,,C:\Program Files\Mozilla Firefox\firefox.exe,C:\Program Files\Mozilla Firefox\firefox.exe,0x40,,,,,,,{E983936C-CD5C-6006-8407-00000000A301},6812,{E983936C-CD5F-6006-8607-00000000A301},4500,,T1059.001,PowerShell,Execution,TRACE-PS-01,powershell,https://raw.githubusercontent.com/splunk/attack_data/master/datasets/attack_techniques/T1059.001/encoded_powershell/windows-sysmon.log,699de43d6f6601088a9beea2d7555ab5d77eb8d1228106f6b0fff54eb2d2e8a2,false,Execution,none,raw Computer/IpAddress/User fields,
2021-01-19T13:21:59.764+0000,2021-01-19T13:21:59.764+0000,10,Microsoft-Windows-Sysmon/Operational,ict3214:attack_trace,PS-HOST-01,,,,,,,C:\Program Files\Mozilla Firefox\firefox.exe,C:\Program Files\Mozilla Firefox\firefox.exe,0x40,,,,,,,{E983936C-CD5C-6006-8407-00000000A301},6812,{E983936C-CD5F-6006-8607-00000000A301},4500,,T1059.001,PowerShell,Execution,TRACE-PS-01,powershell,https://raw.githubusercontent.com/splunk/attack_data/master/datasets/attack_techniques/T1059.001/encoded_powershell/windows-sysmon.log,7126a5b15696a11524f43730fb70e0dbd1bbc7bb66a7c1ffef3f6554f2c50d06,false,Execution,none,raw Computer/IpAddress/User fields,
2021-01-19T13:21:59.764+0000,2021-01-19T13:21:59.764+0000,10,Microsoft-Windows-Sysmon/Operational,ict3214:attack_trace,PS-HOST-01,,,,,,,C:\Program Files\Mozilla Firefox\firefox.exe,C:\Program Files\Mozilla Firefox\firefox.exe,0x40,,,,,,,{E983936C-CD5C-6006-8407-00000000A301},6812,{E983936C-CD5F-6006-8607-00000000A301},4500,,T1059.001,PowerShell,Execution,TRACE-PS-01,powershell,https://raw.githubusercontent.com/splunk/attack_data/master/datasets/attack_techniques/T1059.001/encoded_powershell/windows-sysmon.log,762c8d46ff5ea3f3f270f673fc74308d4d990d0189e1733ca5360796f1c48da3,false,Execution,none,raw Computer/IpAddress/User fields,
2021-01-19T13:21:59.765+0000,2021-01-19T13:21:59.765+0000,10,Microsoft-Windows-Sysmon/Operational,ict3214:attack_trace,PS-HOST-01,,,,,,,C:\Program Files\Mozilla Firefox\firefox.exe,C:\Program Files\Mozilla Firefox\firefox.exe,0x40,,,,,,,{E983936C-CD5C-6006-8407-00000000A301},6812,{E983936C-CD5F-6006-8607-00000000A301},4500,,T1059.001,PowerShell,Execution,TRACE-PS-01,powershell,https://raw.githubusercontent.com/splunk/attack_data/master/datasets/attack_techniques/T1059.001/encoded_powershell/windows-sysmon.log,4f57f340c825f14106bf621d79b67370ac1b8bf83aa3ee174b4b9ebf18778654,false,Execution,none,raw Computer/IpAddress/User fields,
2021-01-19T13:21:59.805+0000,2021-01-19T13:21:59.805+0000,10,Microsoft-Windows-Sysmon/Operational,ict3214:attack_trace,PS-HOST-01,,,,,,,C:\Program Files\Mozilla Firefox\firefox.exe,C:\Program Files\Mozilla Firefox\firefox.exe,0x40,,,,,,,{E983936C-CD5C-6006-8407-00000000A301},6812,{E983936C-CD5F-6006-8607-00000000A301},4500,,T1059.001,PowerShell,Execution,TRACE-PS-01,powershell,https://raw.githubusercontent.com/splunk/attack_data/master/datasets/attack_techniques/T1059.001/encoded_powershell/windows-sysmon.log,0315f439079dbeb71677d734274dc6f7ea29cc61dd0559eca00caf339469b1e0,false,Execution,none,raw Computer/IpAddress/User fields,
2021-01-19T13:21:59.806+0000,2021-01-19T13:21:59.806+0000,10,Microsoft-Windows-Sysmon/Operational,ict3214:attack_trace,PS-HOST-01,,,,,,,C:\Program Files\Mozilla Firefox\firefox.exe,C:\Program Files\Mozilla Firefox\firefox.exe,0x40,,,,,,,{E983936C-CD5C-6006-8407-00000000A301},6812,{E983936C-CD5F-6006-8607-00000000A301},4500,,T1059.001,PowerShell,Execution,TRACE-PS-01,powershell,https://raw.githubusercontent.com/splunk/attack_data/master/datasets/attack_techniques/T1059.001/encoded_powershell/windows-sysmon.log,33068481647a3dac7971acca7f4209cb56b31a559ca2771bdb1b7cb78a41d119,false,Execution,none,raw Computer/IpAddress/User fields,
2021-01-19T13:21:59.807+0000,2021-01-19T13:21:59.807+0000,10,Microsoft-Windows-Sysmon/Operational,ict3214:attack_trace,PS-HOST-01,,,,,,,C:\Program Files\Mozilla Firefox\firefox.exe,C:\Program Files\Mozilla Firefox\firefox.exe,0x40,,,,,,,{E983936C-CD5C-6006-8407-00000000A301},6812,{E983936C-CD5F-6006-8607-00000000A301},4500,,T1059.001,PowerShell,Execution,TRACE-PS-01,powershell,https://raw.githubusercontent.com/splunk/attack_data/master/datasets/attack_techniques/T1059.001/encoded_powershell/windows-sysmon.log,5b4591308097352d578a6745b79509a066b02fec58e7ef188f57d709cefa5922,false,Execution,none,raw Computer/IpAddress/User fields,
2021-01-19T13:21:59.808+0000,2021-01-19T13:21:59.808+0000,10,Microsoft-Windows-Sysmon/Operational,ict3214:attack_trace,PS-HOST-01,,,,,,,C:\Program Files\Mozilla Firefox\firefox.exe,C:\Program Files\Mozilla Firefox\firefox.exe,0x40,,,,,,,{E983936C-CD5C-6006-8407-00000000A301},6812,{E983936C-CD5F-6006-8607-00000000A301},4500,,T1059.001,PowerShell,Execution,TRACE-PS-01,powershell,https://raw.githubusercontent.com/splunk/attack_data/master/datasets/attack_techniques/T1059.001/encoded_powershell/windows-sysmon.log,1f386fa94dd393265541397056ccdcd73b7a539dc2398821646a118ca523fa51,false,Execution,none,raw Computer/IpAddress/User fields,
2021-01-19T13:21:59.808+0000,2021-01-19T13:21:59.808+0000,10,Microsoft-Windows-Sysmon/Operational,ict3214:attack_trace,PS-HOST-01,,,,,,,C:\Program Files\Mozilla Firefox\firefox.exe,C:\Program Files\Mozilla Firefox\firefox.exe,0x40,,,,,,,{E983936C-CD5C-6006-8407-00000000A301},6812,{E983936C-CD5F-6006-8607-00000000A301},4500,,T1059.001,PowerShell,Execution,TRACE-PS-01,powershell,https://raw.githubusercontent.com/splunk/attack_data/master/datasets/attack_techniques/T1059.001/encoded_powershell/windows-sysmon.log,455655971af73bd782f5179d4f7b7616938f6c82dc723d2235581a31df429088,false,Execution,none,raw Computer/IpAddress/User fields,
2021-01-19T13:21:59.808+0000,2021-01-19T13:21:59.808+0000,10,Microsoft-Windows-Sysmon/Operational,ict3214:attack_trace,PS-HOST-01,,,,,,,C:\Program Files\Mozilla Firefox\firefox.exe,C:\Program Files\Mozilla Firefox\firefox.exe,0x40,,,,,,,{E983936C-CD5C-6006-8407-00000000A301},6812,{E983936C-CD5F-6006-8607-00000000A301},4500,,T1059.001,PowerShell,Execution,TRACE-PS-01,powershell,https://raw.githubusercontent.com/splunk/attack_data/master/datasets/attack_techniques/T1059.001/encoded_powershell/windows-sysmon.log,ea75bc2420cd23857bcc80e122671b6828900f0b4c58165a69079cb860828a95,false,Execution,none,raw Computer/IpAddress/User fields,
2021-01-19T13:21:59.808+0000,2021-01-19T13:21:59.808+0000,10,Microsoft-Windows-Sysmon/Operational,ict3214:attack_trace,PS-HOST-01,,,,,,,C:\Program Files\Mozilla Firefox\firefox.exe,C:\Program Files\Mozilla Firefox\firefox.exe,0x40,,,,,,,{E983936C-CD5C-6006-8407-00000000A301},6812,{E983936C-CD5F-6006-8607-00000000A301},4500,,T1059.001,PowerShell,Execution,TRACE-PS-01,powershell,https://raw.githubusercontent.com/splunk/attack_data/master/datasets/attack_techniques/T1059.001/encoded_powershell/windows-sysmon.log,f06ce9595b4f6a11c82f51c23fa01c51970079ef59f383c76f382e9f2b25c239,false,Execution,none,raw Computer/IpAddress/User fields,
2021-01-19T13:21:59.809+0000,2021-01-19T13:21:59.809+0000,10,Microsoft-Windows-Sysmon/Operational,ict3214:attack_trace,PS-HOST-01,,,,,,,C:\Program Files\Mozilla Firefox\firefox.exe,C:\Program Files\Mozilla Firefox\firefox.exe,0x40,,,,,,,{E983936C-CD5C-6006-8407-00000000A301},6812,{E983936C-CD5F-6006-8607-00000000A301},4500,,T1059.001,PowerShell,Execution,TRACE-PS-01,powershell,https://raw.githubusercontent.com/splunk/attack_data/master/datasets/attack_techniques/T1059.001/encoded_powershell/windows-sysmon.log,32d9db7a337c527bdd1f7e6f42edad6498e0c55771837cc8624160804bd73cc7,false,Execution,none,raw Computer/IpAddress/User fields,
2021-01-19T13:21:59.809+0000,2021-01-19T13:21:59.809+0000,10,Microsoft-Windows-Sysmon/Operational,ict3214:attack_trace,PS-HOST-01,,,,,,,C:\Program Files\Mozilla Firefox\firefox.exe,C:\Program Files\Mozilla Firefox\firefox.exe,0x40,,,,,,,{E983936C-CD5C-6006-8407-00000000A301},6812,{E983936C-CD5F-6006-8607-00000000A301},4500,,T1059.001,PowerShell,Execution,TRACE-PS-01,powershell,https://raw.githubusercontent.com/splunk/attack_data/master/datasets/attack_techniques/T1059.001/encoded_powershell/windows-sysmon.log,9ff5c00829a1ae637be5148d6d208f4c24405dfee6b656fa6eeb250c5a3c2a16,false,Execution,none,raw Computer/IpAddress/User fields,
2021-01-19T13:21:59.809+0000,2021-01-19T13:21:59.809+0000,10,Microsoft-Windows-Sysmon/Operational,ict3214:attack_trace,PS-HOST-01,,,,,,,C:\Program Files\Mozilla Firefox\firefox.exe,C:\Program Files\Mozilla Firefox\firefox.exe,0x40,,,,,,,{E983936C-CD5C-6006-8407-00000000A301},6812,{E983936C-CD5F-6006-8607-00000000A301},4500,,T1059.001,PowerShell,Execution,TRACE-PS-01,powershell,https://raw.githubusercontent.com/splunk/attack_data/master/datasets/attack_techniques/T1059.001/encoded_powershell/windows-sysmon.log,d193d0d5dc0f4c42a7f51d3f1eeb4c0c2b71753510de0184a22776f2e6f72066,false,Execution,none,raw Computer/IpAddress/User fields,
2021-01-19T13:21:59.829+0000,2021-01-19T13:21:59.829+0000,10,Microsoft-Windows-Sysmon/Operational,ict3214:attack_trace,PS-HOST-01,,,,,,,C:\Program Files\Mozilla Firefox\firefox.exe,C:\Program Files\Mozilla Firefox\firefox.exe,0x40,,,,,,,{E983936C-CD5C-6006-8407-00000000A301},6812,{E983936C-CD5F-6006-8607-00000000A301},4500,,T1059.001,PowerShell,Execution,TRACE-PS-01,powershell,https://raw.githubusercontent.com/splunk/attack_data/master/datasets/attack_techniques/T1059.001/encoded_powershell/windows-sysmon.log,71cb619b00ce9069f3a717617dbfd490cf146a7060e194958075331fe7658549,false,Execution,none,raw Computer/IpAddress/User fields,
2021-01-19T13:21:59.830+0000,2021-01-19T13:21:59.830+0000,10,Microsoft-Windows-Sysmon/Operational,ict3214:attack_trace,PS-HOST-01,,,,,,,C:\Program Files\Mozilla Firefox\firefox.exe,C:\Program Files\Mozilla Firefox\firefox.exe,0x40,,,,,,,{E983936C-CD5C-6006-8407-00000000A301},6812,{E983936C-CD5F-6006-8607-00000000A301},4500,,T1059.001,PowerShell,Execution,TRACE-PS-01,powershell,https://raw.githubusercontent.com/splunk/attack_data/master/datasets/attack_techniques/T1059.001/encoded_powershell/windows-sysmon.log,64b6e1b7ff19898af15a0dae91974034b07f4ec6d8fa5cc07cbbc74b6f30b7c3,false,Execution,none,raw Computer/IpAddress/User fields,
2021-01-19T13:21:59.831+0000,2021-01-19T13:21:59.831+0000,10,Microsoft-Windows-Sysmon/Operational,ict3214:attack_trace,PS-HOST-01,,,,,,,C:\Program Files\Mozilla Firefox\firefox.exe,C:\Program Files\Mozilla Firefox\firefox.exe,0x40,,,,,,,{E983936C-CD5C-6006-8407-00000000A301},6812,{E983936C-CD5F-6006-8607-00000000A301},4500,,T1059.001,PowerShell,Execution,TRACE-PS-01,powershell,https://raw.githubusercontent.com/splunk/attack_data/master/datasets/attack_techniques/T1059.001/encoded_powershell/windows-sysmon.log,117c13da645294258d2ebed5a705d13f6ac9342fec8e3e3502286da2154ada18,false,Execution,none,raw Computer/IpAddress/User fields,
2021-01-19T13:22:00.050+0000,2021-01-19T13:22:00.050+0000,10,Microsoft-Windows-Sysmon/Operational,ict3214:attack_trace,PS-HOST-01,,,,,,,C:\Program Files\Mozilla Firefox\firefox.exe,C:\Program Files\Mozilla Firefox\firefox.exe,0x40,,,,,,,{E983936C-CD5C-6006-8407-00000000A301},6812,{E983936C-CD5F-6006-8607-00000000A301},4500,,T1059.001,PowerShell,Execution,TRACE-PS-01,powershell,https://raw.githubusercontent.com/splunk/attack_data/master/datasets/attack_techniques/T1059.001/encoded_powershell/windows-sysmon.log,b747a9abfb732f87adb3b60a7a1f53bca80c3b30c1cc2f21c2c0e9247106769d,false,Execution,none,raw Computer/IpAddress/User fields,
2021-01-19T13:22:00.087+0000,2021-01-19T13:22:00.087+0000,10,Microsoft-Windows-Sysmon/Operational,ict3214:attack_trace,PS-HOST-01,,,,,,,C:\Program Files\Mozilla Firefox\firefox.exe,C:\Program Files\Mozilla Firefox\firefox.exe,0x40,,,,,,,{E983936C-CD5C-6006-8407-00000000A301},6812,{E983936C-CD5F-6006-8607-00000000A301},4500,,T1059.001,PowerShell,Execution,TRACE-PS-01,powershell,https://raw.githubusercontent.com/splunk/attack_data/master/datasets/attack_techniques/T1059.001/encoded_powershell/windows-sysmon.log,ddd04d29c0176187002285083e7bcb62851a9bcfaa7a44d00f8efbb6c80a6c3d,false,Execution,none,raw Computer/IpAddress/User fields,
2021-01-19T13:22:00.200+0000,2021-01-19T13:22:00.200+0000,10,Microsoft-Windows-Sysmon/Operational,ict3214:attack_trace,PS-HOST-01,,,,,,,C:\Program Files\Mozilla Firefox\firefox.exe,C:\Program Files\Mozilla Firefox\firefox.exe,0x40,,,,,,,{E983936C-CD5C-6006-8407-00000000A301},6812,{E983936C-CD5F-6006-8607-00000000A301},4500,,T1059.001,PowerShell,Execution,TRACE-PS-01,powershell,https://raw.githubusercontent.com/splunk/attack_data/master/datasets/attack_techniques/T1059.001/encoded_powershell/windows-sysmon.log,24c7ce39d936e876157367a9b461384b4a699e3adfe92a64bf682a7e30f69185,false,Execution,none,raw Computer/IpAddress/User fields,
2021-01-19T13:22:00.200+0000,2021-01-19T13:22:00.200+0000,10,Microsoft-Windows-Sysmon/Operational,ict3214:attack_trace,PS-HOST-01,,,,,,,C:\Program Files\Mozilla Firefox\firefox.exe,C:\Program Files\Mozilla Firefox\firefox.exe,0x40,,,,,,,{E983936C-CD5C-6006-8407-00000000A301},6812,{E983936C-CD5F-6006-8607-00000000A301},4500,,T1059.001,PowerShell,Execution,TRACE-PS-01,powershell,https://raw.githubusercontent.com/splunk/attack_data/master/datasets/attack_techniques/T1059.001/encoded_powershell/windows-sysmon.log,bf86fcd8d50b4699efb6d86ffd5bd2da637cfb34a308e386c479aff103c50e6b,false,Execution,none,raw Computer/IpAddress/User fields,
2021-01-19T13:22:00.305+0000,2021-01-19T13:22:00.305+0000,10,Microsoft-Windows-Sysmon/Operational,ict3214:attack_trace,PS-HOST-01,,,,,,,C:\Program Files\Mozilla Firefox\firefox.exe,C:\Program Files\Mozilla Firefox\firefox.exe,0x40,,,,,,,{E983936C-CD5C-6006-8407-00000000A301},6812,{E983936C-CD5F-6006-8607-00000000A301},4500,,T1059.001,PowerShell,Execution,TRACE-PS-01,powershell,https://raw.githubusercontent.com/splunk/attack_data/master/datasets/attack_techniques/T1059.001/encoded_powershell/windows-sysmon.log,7a66f56c25bbf96da157311b88035eb96639f79c539423fa08fa41635f13445e,false,Execution,none,raw Computer/IpAddress/User fields,
2021-01-19T13:22:00.369+0000,2021-01-19T13:22:00.369+0000,10,Microsoft-Windows-Sysmon/Operational,ict3214:attack_trace,PS-HOST-01,,,,,,,C:\Program Files\Mozilla Firefox\firefox.exe,C:\Program Files\Mozilla Firefox\firefox.exe,0x40,,,,,,,{E983936C-CD5C-6006-8407-00000000A301},6812,{E983936C-CD5F-6006-8607-00000000A301},4500,,T1059.001,PowerShell,Execution,TRACE-PS-01,powershell,https://raw.githubusercontent.com/splunk/attack_data/master/datasets/attack_techniques/T1059.001/encoded_powershell/windows-sysmon.log,44142aa821e4cdf07f92350854b591e6dc36af36cd45156c4b4edec92ef8dc03,false,Execution,none,raw Computer/IpAddress/User fields,
2021-01-19T13:22:00.604+0000,2021-01-19T13:22:00.604+0000,10,Microsoft-Windows-Sysmon/Operational,ict3214:attack_trace,PS-HOST-01,,,,,,,C:\Windows\sysmon64.exe,C:\Windows\system32\svchost.exe,0x100000,,,,,,,{E983936C-B390-6006-1400-00000000A301},1296,{E983936C-B3A0-6006-3100-00000000A301},2052,,T1059.001,PowerShell,Execution,TRACE-PS-01,powershell,https://raw.githubusercontent.com/splunk/attack_data/master/datasets/attack_techniques/T1059.001/encoded_powershell/windows-sysmon.log,b50dfece7a07c855ee3962ef8a78f8478f90c3679b402393a9102d1dbda40bd2,false,Execution,none,raw Computer/IpAddress/User fields,
2021-01-19T13:22:00.681+0000,2021-01-19T13:22:00.681+0000,22,Microsoft-Windows-Sysmon/Operational,ict3214:attack_trace,PS-HOST-01,,,,C:\Program Files\Mozilla Firefox\firefox.exe,,,,,,,,,,{E983936C-CD5C-6006-8407-00000000A301},6812,,,,,s0-2mdn-net.l.google.com,T1059.001,PowerShell,Execution,TRACE-PS-01,powershell,https://raw.githubusercontent.com/splunk/attack_data/master/datasets/attack_techniques/T1059.001/encoded_powershell/windows-sysmon.log,755bde53116c211384edac36815e0dea63a06668c0ada0f43e4eda25a4541f45,false,Execution,none,raw Computer/IpAddress/User fields,
2021-01-19T13:22:00.776+0000,2021-01-19T13:22:00.776+0000,10,Microsoft-Windows-Sysmon/Operational,ict3214:attack_trace,PS-HOST-01,,,,,,,C:\Program Files\Mozilla Firefox\firefox.exe,C:\Program Files\Mozilla Firefox\firefox.exe,0x40,,,,,,,{E983936C-CD5C-6006-8407-00000000A301},6812,{E983936C-CD5F-6006-8607-00000000A301},4500,,T1059.001,PowerShell,Execution,TRACE-PS-01,powershell,https://raw.githubusercontent.com/splunk/attack_data/master/datasets/attack_techniques/T1059.001/encoded_powershell/windows-sysmon.log,a4ab2cb2c700ea01857dc3c32a5bca4c1e8da6e92d06860b361c66925420dcfb,false,Execution,none,raw Computer/IpAddress/User fields,
2021-01-19T13:22:00.776+0000,2021-01-19T13:22:00.776+0000,10,Microsoft-Windows-Sysmon/Operational,ict3214:attack_trace,PS-HOST-01,,,,,,,C:\Program Files\Mozilla Firefox\firefox.exe,C:\Program Files\Mozilla Firefox\firefox.exe,0x40,,,,,,,{E983936C-CD5C-6006-8407-00000000A301},6812,{E983936C-CD5F-6006-8607-00000000A301},4500,,T1059.001,PowerShell,Execution,TRACE-PS-01,powershell,https://raw.githubusercontent.com/splunk/attack_data/master/datasets/attack_techniques/T1059.001/encoded_powershell/windows-sysmon.log,d060e98e27bb39bd48fd520e4c5568e932a8c882c3fc757c8cf448bd4f5c73d0,false,Execution,none,raw Computer/IpAddress/User fields,
2021-01-19T13:22:00.808+0000,2021-01-19T13:22:00.808+0000,10,Microsoft-Windows-Sysmon/Operational,ict3214:attack_trace,PS-HOST-01,,,,,,,C:\Program Files\Mozilla Firefox\firefox.exe,C:\Program Files\Mozilla Firefox\firefox.exe,0x40,,,,,,,{E983936C-CD5C-6006-8407-00000000A301},6812,{E983936C-CD5F-6006-8607-00000000A301},4500,,T1059.001,PowerShell,Execution,TRACE-PS-01,powershell,https://raw.githubusercontent.com/splunk/attack_data/master/datasets/attack_techniques/T1059.001/encoded_powershell/windows-sysmon.log,a69cde37f631df80d2146fa382b7055ff208c5b53a00652c4ec70a7423ab0a67,false,Execution,none,raw Computer/IpAddress/User fields,
2021-01-19T13:22:00.809+0000,2021-01-19T13:22:00.809+0000,10,Microsoft-Windows-Sysmon/Operational,ict3214:attack_trace,PS-HOST-01,,,,,,,C:\Program Files\Mozilla Firefox\firefox.exe,C:\Program Files\Mozilla Firefox\firefox.exe,0x40,,,,,,,{E983936C-CD5C-6006-8407-00000000A301},6812,{E983936C-CD5F-6006-8607-00000000A301},4500,,T1059.001,PowerShell,Execution,TRACE-PS-01,powershell,https://raw.githubusercontent.com/splunk/attack_data/master/datasets/attack_techniques/T1059.001/encoded_powershell/windows-sysmon.log,5e0840e29f347b21ef44ced294d3ea77d0a7bdde37fef82ee94ae48662ff488c,false,Execution,none,raw Computer/IpAddress/User fields,
2021-01-19T13:22:00.897+0000,2021-01-19T13:22:00.897+0000,10,Microsoft-Windows-Sysmon/Operational,ict3214:attack_trace,PS-HOST-01,,,,,,,C:\Program Files\Mozilla Firefox\firefox.exe,C:\Program Files\Mozilla Firefox\firefox.exe,0x40,,,,,,,{E983936C-CD5C-6006-8407-00000000A301},6812,{E983936C-CD5F-6006-8607-00000000A301},4500,,T1059.001,PowerShell,Execution,TRACE-PS-01,powershell,https://raw.githubusercontent.com/splunk/attack_data/master/datasets/attack_techniques/T1059.001/encoded_powershell/windows-sysmon.log,6fe83304760fab0663d90a961c4ce9e826c558f388468ab5d1148b05a2ba22f1,false,Execution,none,raw Computer/IpAddress/User fields,
2021-01-19T13:22:00.897+0000,2021-01-19T13:22:00.897+0000,10,Microsoft-Windows-Sysmon/Operational,ict3214:attack_trace,PS-HOST-01,,,,,,,C:\Program Files\Mozilla Firefox\firefox.exe,C:\Program Files\Mozilla Firefox\firefox.exe,0x40,,,,,,,{E983936C-CD5C-6006-8407-00000000A301},6812,{E983936C-CD5F-6006-8607-00000000A301},4500,,T1059.001,PowerShell,Execution,TRACE-PS-01,powershell,https://raw.githubusercontent.com/splunk/attack_data/master/datasets/attack_techniques/T1059.001/encoded_powershell/windows-sysmon.log,8946ac16c03d1698b4e7342aab200194914a45ae520c271bd46bf2c6a896e395,false,Execution,none,raw Computer/IpAddress/User fields,
2021-01-19T13:22:00.910+0000,2021-01-19T13:22:00.910+0000,10,Microsoft-Windows-Sysmon/Operational,ict3214:attack_trace,PS-HOST-01,,,,,,,C:\Program Files\Mozilla Firefox\firefox.exe,C:\Program Files\Mozilla Firefox\firefox.exe,0x40,,,,,,,{E983936C-CD5C-6006-8407-00000000A301},6812,{E983936C-CD5F-6006-8607-00000000A301},4500,,T1059.001,PowerShell,Execution,TRACE-PS-01,powershell,https://raw.githubusercontent.com/splunk/attack_data/master/datasets/attack_techniques/T1059.001/encoded_powershell/windows-sysmon.log,492ad5a512b8250128ba58a9f0c627afcfe835da6c0f54e176d260c16fd876c4,false,Execution,none,raw Computer/IpAddress/User fields,
2021-01-19T13:22:00.913+0000,2021-01-19T13:22:00.913+0000,10,Microsoft-Windows-Sysmon/Operational,ict3214:attack_trace,PS-HOST-01,,,,,,,C:\Program Files\Mozilla Firefox\firefox.exe,C:\Program Files\Mozilla Firefox\firefox.exe,0x40,,,,,,,{E983936C-CD5C-6006-8407-00000000A301},6812,{E983936C-CD5F-6006-8607-00000000A301},4500,,T1059.001,PowerShell,Execution,TRACE-PS-01,powershell,https://raw.githubusercontent.com/splunk/attack_data/master/datasets/attack_techniques/T1059.001/encoded_powershell/windows-sysmon.log,a71abe731373076c4e4c0455612c741ef509b040b69c0d5f381da0c2b4b36cc1,false,Execution,none,raw Computer/IpAddress/User fields,
2021-01-19T13:22:00.914+0000,2021-01-19T13:22:00.914+0000,10,Microsoft-Windows-Sysmon/Operational,ict3214:attack_trace,PS-HOST-01,,,,,,,C:\Program Files\Mozilla Firefox\firefox.exe,C:\Program Files\Mozilla Firefox\firefox.exe,0x40,,,,,,,{E983936C-CD5C-6006-8407-00000000A301},6812,{E983936C-CD5F-6006-8607-00000000A301},4500,,T1059.001,PowerShell,Execution,TRACE-PS-01,powershell,https://raw.githubusercontent.com/splunk/attack_data/master/datasets/attack_techniques/T1059.001/encoded_powershell/windows-sysmon.log,876b98c3015835a07d7a1058408c91d0c525d1313c31d45e572d4569aab75f15,false,Execution,none,raw Computer/IpAddress/User fields,
2021-01-19T13:22:00.915+0000,2021-01-19T13:22:00.915+0000,10,Microsoft-Windows-Sysmon/Operational,ict3214:attack_trace,PS-HOST-01,,,,,,,C:\Program Files\Mozilla Firefox\firefox.exe,C:\Program Files\Mozilla Firefox\firefox.exe,0x40,,,,,,,{E983936C-CD5C-6006-8407-00000000A301},6812,{E983936C-CD5F-6006-8607-00000000A301},4500,,T1059.001,PowerShell,Execution,TRACE-PS-01,powershell,https://raw.githubusercontent.com/splunk/attack_data/master/datasets/attack_techniques/T1059.001/encoded_powershell/windows-sysmon.log,0fcaea338201dec353e91fc59020cc1a2878b1025c8e656fccdfb26492c17911,false,Execution,none,raw Computer/IpAddress/User fields,
2021-01-19T13:22:00.915+0000,2021-01-19T13:22:00.915+0000,10,Microsoft-Windows-Sysmon/Operational,ict3214:attack_trace,PS-HOST-01,,,,,,,C:\Program Files\Mozilla Firefox\firefox.exe,C:\Program Files\Mozilla Firefox\firefox.exe,0x40,,,,,,,{E983936C-CD5C-6006-8407-00000000A301},6812,{E983936C-CD5F-6006-8607-00000000A301},4500,,T1059.001,PowerShell,Execution,TRACE-PS-01,powershell,https://raw.githubusercontent.com/splunk/attack_data/master/datasets/attack_techniques/T1059.001/encoded_powershell/windows-sysmon.log,7b4ce2777c144c37a9ce90fb1ec4422a8ba23afd1be8517bfdcf26447a3e9368,false,Execution,none,raw Computer/IpAddress/User fields,
2021-01-19T13:22:00.915+0000,2021-01-19T13:22:00.915+0000,10,Microsoft-Windows-Sysmon/Operational,ict3214:attack_trace,PS-HOST-01,,,,,,,C:\Program Files\Mozilla Firefox\firefox.exe,C:\Program Files\Mozilla Firefox\firefox.exe,0x40,,,,,,,{E983936C-CD5C-6006-8407-00000000A301},6812,{E983936C-CD5F-6006-8607-00000000A301},4500,,T1059.001,PowerShell,Execution,TRACE-PS-01,powershell,https://raw.githubusercontent.com/splunk/attack_data/master/datasets/attack_techniques/T1059.001/encoded_powershell/windows-sysmon.log,fefafda17313724912cef7fdd6f1027cafe3790b6009047e53dc1da951940b7f,false,Execution,none,raw Computer/IpAddress/User fields,
2021-01-19T13:22:00.916+0000,2021-01-19T13:22:00.916+0000,10,Microsoft-Windows-Sysmon/Operational,ict3214:attack_trace,PS-HOST-01,,,,,,,C:\Program Files\Mozilla Firefox\firefox.exe,C:\Program Files\Mozilla Firefox\firefox.exe,0x40,,,,,,,{E983936C-CD5C-6006-8407-00000000A301},6812,{E983936C-CD5F-6006-8607-00000000A301},4500,,T1059.001,PowerShell,Execution,TRACE-PS-01,powershell,https://raw.githubusercontent.com/splunk/attack_data/master/datasets/attack_techniques/T1059.001/encoded_powershell/windows-sysmon.log,18b2926711b907118bd72bb60dd8a520ed942622f0b24ca0b8369cd42b0c23f4,false,Execution,none,raw Computer/IpAddress/User fields,
2021-01-19T13:22:00.916+0000,2021-01-19T13:22:00.916+0000,10,Microsoft-Windows-Sysmon/Operational,ict3214:attack_trace,PS-HOST-01,,,,,,,C:\Program Files\Mozilla Firefox\firefox.exe,C:\Program Files\Mozilla Firefox\firefox.exe,0x40,,,,,,,{E983936C-CD5C-6006-8407-00000000A301},6812,{E983936C-CD5F-6006-8607-00000000A301},4500,,T1059.001,PowerShell,Execution,TRACE-PS-01,powershell,https://raw.githubusercontent.com/splunk/attack_data/master/datasets/attack_techniques/T1059.001/encoded_powershell/windows-sysmon.log,1933d53647e151dffdef774dc84aa345691766ed905add61f57ba594fdfa4dea,false,Execution,none,raw Computer/IpAddress/User fields,
2021-01-19T13:22:00.916+0000,2021-01-19T13:22:00.916+0000,10,Microsoft-Windows-Sysmon/Operational,ict3214:attack_trace,PS-HOST-01,,,,,,,C:\Program Files\Mozilla Firefox\firefox.exe,C:\Program Files\Mozilla Firefox\firefox.exe,0x40,,,,,,,{E983936C-CD5C-6006-8407-00000000A301},6812,{E983936C-CD5F-6006-8607-00000000A301},4500,,T1059.001,PowerShell,Execution,TRACE-PS-01,powershell,https://raw.githubusercontent.com/splunk/attack_data/master/datasets/attack_techniques/T1059.001/encoded_powershell/windows-sysmon.log,cc51ad6cca44ad1a7f733c14aeb50abd790c2a440cb05cd9d7016bfd639b5ae3,false,Execution,none,raw Computer/IpAddress/User fields,
2021-01-19T13:22:00.917+0000,2021-01-19T13:22:00.917+0000,10,Microsoft-Windows-Sysmon/Operational,ict3214:attack_trace,PS-HOST-01,,,,,,,C:\Program Files\Mozilla Firefox\firefox.exe,C:\Program Files\Mozilla Firefox\firefox.exe,0x40,,,,,,,{E983936C-CD5C-6006-8407-00000000A301},6812,{E983936C-CD5F-6006-8607-00000000A301},4500,,T1059.001,PowerShell,Execution,TRACE-PS-01,powershell,https://raw.githubusercontent.com/splunk/attack_data/master/datasets/attack_techniques/T1059.001/encoded_powershell/windows-sysmon.log,aa861a252bf946b708a9fe24321b692f62be99210c7f0861fcbccad460737b10,false,Execution,none,raw Computer/IpAddress/User fields,
2021-01-19T13:22:00.917+0000,2021-01-19T13:22:00.917+0000,10,Microsoft-Windows-Sysmon/Operational,ict3214:attack_trace,PS-HOST-01,,,,,,,C:\Program Files\Mozilla Firefox\firefox.exe,C:\Program Files\Mozilla Firefox\firefox.exe,0x40,,,,,,,{E983936C-CD5C-6006-8407-00000000A301},6812,{E983936C-CD5F-6006-8607-00000000A301},4500,,T1059.001,PowerShell,Execution,TRACE-PS-01,powershell,https://raw.githubusercontent.com/splunk/attack_data/master/datasets/attack_techniques/T1059.001/encoded_powershell/windows-sysmon.log,ba09c94a35f2ee530a5a3803be95d7c50069f807edadbfd4537f20ac8840d749,false,Execution,none,raw Computer/IpAddress/User fields,
2021-01-19T13:22:00.917+0000,2021-01-19T13:22:00.917+0000,10,Microsoft-Windows-Sysmon/Operational,ict3214:attack_trace,PS-HOST-01,,,,,,,C:\Program Files\Mozilla Firefox\firefox.exe,C:\Program Files\Mozilla Firefox\firefox.exe,0x40,,,,,,,{E983936C-CD5C-6006-8407-00000000A301},6812,{E983936C-CD5F-6006-8607-00000000A301},4500,,T1059.001,PowerShell,Execution,TRACE-PS-01,powershell,https://raw.githubusercontent.com/splunk/attack_data/master/datasets/attack_techniques/T1059.001/encoded_powershell/windows-sysmon.log,e45011d858371590cce62d26934f0b1e2cee3f6b34b34a2b89a508a3abee0af8,false,Execution,none,raw Computer/IpAddress/User fields,
2021-01-19T13:22:00.940+0000,2021-01-19T13:22:00.940+0000,10,Microsoft-Windows-Sysmon/Operational,ict3214:attack_trace,PS-HOST-01,,,,,,,C:\Program Files\Mozilla Firefox\firefox.exe,C:\Program Files\Mozilla Firefox\firefox.exe,0x40,,,,,,,{E983936C-CD5C-6006-8407-00000000A301},6812,{E983936C-CD5F-6006-8607-00000000A301},4500,,T1059.001,PowerShell,Execution,TRACE-PS-01,powershell,https://raw.githubusercontent.com/splunk/attack_data/master/datasets/attack_techniques/T1059.001/encoded_powershell/windows-sysmon.log,f2673ed4797cd05ceba3bb61037b5bcbd6b9dfa190111986a3fdfdc9fca7c040,false,Execution,none,raw Computer/IpAddress/User fields,
2021-01-19T13:22:00.941+0000,2021-01-19T13:22:00.941+0000,10,Microsoft-Windows-Sysmon/Operational,ict3214:attack_trace,PS-HOST-01,,,,,,,C:\Program Files\Mozilla Firefox\firefox.exe,C:\Program Files\Mozilla Firefox\firefox.exe,0x40,,,,,,,{E983936C-CD5C-6006-8407-00000000A301},6812,{E983936C-CD5F-6006-8607-00000000A301},4500,,T1059.001,PowerShell,Execution,TRACE-PS-01,powershell,https://raw.githubusercontent.com/splunk/attack_data/master/datasets/attack_techniques/T1059.001/encoded_powershell/windows-sysmon.log,302f54ab1e5922f8dd87209bf0c697eca0d8aa11694fc3524d08007ee1674cab,false,Execution,none,raw Computer/IpAddress/User fields,
2021-01-19T13:22:00.941+0000,2021-01-19T13:22:00.941+0000,10,Microsoft-Windows-Sysmon/Operational,ict3214:attack_trace,PS-HOST-01,,,,,,,C:\Program Files\Mozilla Firefox\firefox.exe,C:\Program Files\Mozilla Firefox\firefox.exe,0x40,,,,,,,{E983936C-CD5C-6006-8407-00000000A301},6812,{E983936C-CD5F-6006-8607-00000000A301},4500,,T1059.001,PowerShell,Execution,TRACE-PS-01,powershell,https://raw.githubusercontent.com/splunk/attack_data/master/datasets/attack_techniques/T1059.001/encoded_powershell/windows-sysmon.log,a30c8a80a8a654eef028132e43cc2b1658c17131f8236c17142f2e350f16d744,false,Execution,none,raw Computer/IpAddress/User fields,
2021-01-19T13:22:00.942+0000,2021-01-19T13:22:00.942+0000,10,Microsoft-Windows-Sysmon/Operational,ict3214:attack_trace,PS-HOST-01,,,,,,,C:\Program Files\Mozilla Firefox\firefox.exe,C:\Program Files\Mozilla Firefox\firefox.exe,0x40,,,,,,,{E983936C-CD5C-6006-8407-00000000A301},6812,{E983936C-CD5F-6006-8607-00000000A301},4500,,T1059.001,PowerShell,Execution,TRACE-PS-01,powershell,https://raw.githubusercontent.com/splunk/attack_data/master/datasets/attack_techniques/T1059.001/encoded_powershell/windows-sysmon.log,1df149a9258df5600b8987f2aca72ec2c6d81a07a77789821434d7b7260a4f3e,false,Execution,none,raw Computer/IpAddress/User fields,
2021-01-19T13:22:00.942+0000,2021-01-19T13:22:00.942+0000,10,Microsoft-Windows-Sysmon/Operational,ict3214:attack_trace,PS-HOST-01,,,,,,,C:\Program Files\Mozilla Firefox\firefox.exe,C:\Program Files\Mozilla Firefox\firefox.exe,0x40,,,,,,,{E983936C-CD5C-6006-8407-00000000A301},6812,{E983936C-CD5F-6006-8607-00000000A301},4500,,T1059.001,PowerShell,Execution,TRACE-PS-01,powershell,https://raw.githubusercontent.com/splunk/attack_data/master/datasets/attack_techniques/T1059.001/encoded_powershell/windows-sysmon.log,47a27591e994708a9c55dc4ec8d1528ed21fa5aa8eff2517ac9751b6084793ae,false,Execution,none,raw Computer/IpAddress/User fields,
2021-01-19T13:22:00.942+0000,2021-01-19T13:22:00.942+0000,10,Microsoft-Windows-Sysmon/Operational,ict3214:attack_trace,PS-HOST-01,,,,,,,C:\Program Files\Mozilla Firefox\firefox.exe,C:\Program Files\Mozilla Firefox\firefox.exe,0x40,,,,,,,{E983936C-CD5C-6006-8407-00000000A301},6812,{E983936C-CD5F-6006-8607-00000000A301},4500,,T1059.001,PowerShell,Execution,TRACE-PS-01,powershell,https://raw.githubusercontent.com/splunk/attack_data/master/datasets/attack_techniques/T1059.001/encoded_powershell/windows-sysmon.log,6a3ea33ced1d24b061cff043ce0d3499f11e05113119d007239ba19efa3ff1ac,false,Execution,none,raw Computer/IpAddress/User fields,
2021-01-19T13:22:00.942+0000,2021-01-19T13:22:00.942+0000,10,Microsoft-Windows-Sysmon/Operational,ict3214:attack_trace,PS-HOST-01,,,,,,,C:\Program Files\Mozilla Firefox\firefox.exe,C:\Program Files\Mozilla Firefox\firefox.exe,0x40,,,,,,,{E983936C-CD5C-6006-8407-00000000A301},6812,{E983936C-CD5F-6006-8607-00000000A301},4500,,T1059.001,PowerShell,Execution,TRACE-PS-01,powershell,https://raw.githubusercontent.com/splunk/attack_data/master/datasets/attack_techniques/T1059.001/encoded_powershell/windows-sysmon.log,73376009243aaa832d872c6bd4d6fd624fd9b92e49f772d2a4896eb50097e933,false,Execution,none,raw Computer/IpAddress/User fields,
2021-01-19T13:22:00.942+0000,2021-01-19T13:22:00.942+0000,10,Microsoft-Windows-Sysmon/Operational,ict3214:attack_trace,PS-HOST-01,,,,,,,C:\Program Files\Mozilla Firefox\firefox.exe,C:\Program Files\Mozilla Firefox\firefox.exe,0x40,,,,,,,{E983936C-CD5C-6006-8407-00000000A301},6812,{E983936C-CD5F-6006-8607-00000000A301},4500,,T1059.001,PowerShell,Execution,TRACE-PS-01,powershell,https://raw.githubusercontent.com/splunk/attack_data/master/datasets/attack_techniques/T1059.001/encoded_powershell/windows-sysmon.log,f2c8f6d610185d6da4e2abb7c67be81e8c1a1b3153d18f55fa85952d514d6e3a,false,Execution,none,raw Computer/IpAddress/User fields,
2021-01-19T13:22:00.943+0000,2021-01-19T13:22:00.943+0000,10,Microsoft-Windows-Sysmon/Operational,ict3214:attack_trace,PS-HOST-01,,,,,,,C:\Program Files\Mozilla Firefox\firefox.exe,C:\Program Files\Mozilla Firefox\firefox.exe,0x40,,,,,,,{E983936C-CD5C-6006-8407-00000000A301},6812,{E983936C-CD5F-6006-8607-00000000A301},4500,,T1059.001,PowerShell,Execution,TRACE-PS-01,powershell,https://raw.githubusercontent.com/splunk/attack_data/master/datasets/attack_techniques/T1059.001/encoded_powershell/windows-sysmon.log,375e988f1dac2c746992fca9c4910a485e39e9199487479cc900a934c664b645,false,Execution,none,raw Computer/IpAddress/User fields,
2021-01-19T13:22:00.943+0000,2021-01-19T13:22:00.943+0000,10,Microsoft-Windows-Sysmon/Operational,ict3214:attack_trace,PS-HOST-01,,,,,,,C:\Program Files\Mozilla Firefox\firefox.exe,C:\Program Files\Mozilla Firefox\firefox.exe,0x40,,,,,,,{E983936C-CD5C-6006-8407-00000000A301},6812,{E983936C-CD5F-6006-8607-00000000A301},4500,,T1059.001,PowerShell,Execution,TRACE-PS-01,powershell,https://raw.githubusercontent.com/splunk/attack_data/master/datasets/attack_techniques/T1059.001/encoded_powershell/windows-sysmon.log,8819650c3b4006b705ad6683bb258a16621151e1305b0ae0eaa5db91000dbe73,false,Execution,none,raw Computer/IpAddress/User fields,
2021-01-19T13:22:00.943+0000,2021-01-19T13:22:00.943+0000,10,Microsoft-Windows-Sysmon/Operational,ict3214:attack_trace,PS-HOST-01,,,,,,,C:\Program Files\Mozilla Firefox\firefox.exe,C:\Program Files\Mozilla Firefox\firefox.exe,0x40,,,,,,,{E983936C-CD5C-6006-8407-00000000A301},6812,{E983936C-CD5F-6006-8607-00000000A301},4500,,T1059.001,PowerShell,Execution,TRACE-PS-01,powershell,https://raw.githubusercontent.com/splunk/attack_data/master/datasets/attack_techniques/T1059.001/encoded_powershell/windows-sysmon.log,fa4cb544164d66616a6d8aaa860f3cb24da42b6a15f88cb7b3ac0e769d25950f,false,Execution,none,raw Computer/IpAddress/User fields,
2021-01-19T13:22:01.178+0000,2021-01-19T13:22:01.178+0000,10,Microsoft-Windows-Sysmon/Operational,ict3214:attack_trace,PS-HOST-01,,,,,,,C:\Program Files\Mozilla Firefox\firefox.exe,C:\Program Files\Mozilla Firefox\firefox.exe,0x40,,,,,,,{E983936C-CD5C-6006-8407-00000000A301},6812,{E983936C-CD5F-6006-8607-00000000A301},4500,,T1059.001,PowerShell,Execution,TRACE-PS-01,powershell,https://raw.githubusercontent.com/splunk/attack_data/master/datasets/attack_techniques/T1059.001/encoded_powershell/windows-sysmon.log,14692cb8afd3f866647dae883a76b1efc51430cc9e5e34e9d1326bd69b085d23,false,Execution,none,raw Computer/IpAddress/User fields,
2021-01-19T13:22:01.178+0000,2021-01-19T13:22:01.178+0000,10,Microsoft-Windows-Sysmon/Operational,ict3214:attack_trace,PS-HOST-01,,,,,,,C:\Program Files\Mozilla Firefox\firefox.exe,C:\Program Files\Mozilla Firefox\firefox.exe,0x40,,,,,,,{E983936C-CD5C-6006-8407-00000000A301},6812,{E983936C-CD5F-6006-8607-00000000A301},4500,,T1059.001,PowerShell,Execution,TRACE-PS-01,powershell,https://raw.githubusercontent.com/splunk/attack_data/master/datasets/attack_techniques/T1059.001/encoded_powershell/windows-sysmon.log,22f24b12ab874bf5527df08b61516a1d655c3f75368b713acf5689fcb5ab84ac,false,Execution,none,raw Computer/IpAddress/User fields,
2021-01-19T13:22:01.179+0000,2021-01-19T13:22:01.179+0000,10,Microsoft-Windows-Sysmon/Operational,ict3214:attack_trace,PS-HOST-01,,,,,,,C:\Program Files\Mozilla Firefox\firefox.exe,C:\Program Files\Mozilla Firefox\firefox.exe,0x40,,,,,,,{E983936C-CD5C-6006-8407-00000000A301},6812,{E983936C-CD5F-6006-8607-00000000A301},4500,,T1059.001,PowerShell,Execution,TRACE-PS-01,powershell,https://raw.githubusercontent.com/splunk/attack_data/master/datasets/attack_techniques/T1059.001/encoded_powershell/windows-sysmon.log,a253c0a5c75bd04e9181a8971945be113038660a8961948a728a56cfb89c06a7,false,Execution,none,raw Computer/IpAddress/User fields,
2021-01-19T13:22:01.182+0000,2021-01-19T13:22:01.182+0000,10,Microsoft-Windows-Sysmon/Operational,ict3214:attack_trace,PS-HOST-01,,,,,,,C:\Program Files\Mozilla Firefox\firefox.exe,C:\Program Files\Mozilla Firefox\firefox.exe,0x40,,,,,,,{E983936C-CD5C-6006-8407-00000000A301},6812,{E983936C-CD5F-6006-8607-00000000A301},4500,,T1059.001,PowerShell,Execution,TRACE-PS-01,powershell,https://raw.githubusercontent.com/splunk/attack_data/master/datasets/attack_techniques/T1059.001/encoded_powershell/windows-sysmon.log,d1c53b568dc30ced241ec6edd54e57bb7b893a4e20c037321a139edbbe935b81,false,Execution,none,raw Computer/IpAddress/User fields,
2021-01-19T13:22:01.184+0000,2021-01-19T13:22:01.184+0000,10,Microsoft-Windows-Sysmon/Operational,ict3214:attack_trace,PS-HOST-01,,,,,,,C:\Program Files\Mozilla Firefox\firefox.exe,C:\Program Files\Mozilla Firefox\firefox.exe,0x40,,,,,,,{E983936C-CD5C-6006-8407-00000000A301},6812,{E983936C-CD5F-6006-8607-00000000A301},4500,,T1059.001,PowerShell,Execution,TRACE-PS-01,powershell,https://raw.githubusercontent.com/splunk/attack_data/master/datasets/attack_techniques/T1059.001/encoded_powershell/windows-sysmon.log,53596e13e4cb73d3409993cb5cc7810157268aca8430e9c520f4fa415d7b8521,false,Execution,none,raw Computer/IpAddress/User fields,
2021-01-19T13:22:01.185+0000,2021-01-19T13:22:01.185+0000,10,Microsoft-Windows-Sysmon/Operational,ict3214:attack_trace,PS-HOST-01,,,,,,,C:\Program Files\Mozilla Firefox\firefox.exe,C:\Program Files\Mozilla Firefox\firefox.exe,0x40,,,,,,,{E983936C-CD5C-6006-8407-00000000A301},6812,{E983936C-CD5F-6006-8607-00000000A301},4500,,T1059.001,PowerShell,Execution,TRACE-PS-01,powershell,https://raw.githubusercontent.com/splunk/attack_data/master/datasets/attack_techniques/T1059.001/encoded_powershell/windows-sysmon.log,44844b564be8cf432cb480c95e7bde066c5ee35399a5bb99873d74e9135ec323,false,Execution,none,raw Computer/IpAddress/User fields,
2021-01-19T13:22:01.186+0000,2021-01-19T13:22:01.186+0000,10,Microsoft-Windows-Sysmon/Operational,ict3214:attack_trace,PS-HOST-01,,,,,,,C:\Program Files\Mozilla Firefox\firefox.exe,C:\Program Files\Mozilla Firefox\firefox.exe,0x40,,,,,,,{E983936C-CD5C-6006-8407-00000000A301},6812,{E983936C-CD5F-6006-8607-00000000A301},4500,,T1059.001,PowerShell,Execution,TRACE-PS-01,powershell,https://raw.githubusercontent.com/splunk/attack_data/master/datasets/attack_techniques/T1059.001/encoded_powershell/windows-sysmon.log,c46a884a0c969b740903b99143fd5a93d4ec191aebbc26040ab5e19690071328,false,Execution,none,raw Computer/IpAddress/User fields,
2021-01-19T13:22:01.193+0000,2021-01-19T13:22:01.193+0000,10,Microsoft-Windows-Sysmon/Operational,ict3214:attack_trace,PS-HOST-01,,,,,,,C:\Program Files\Mozilla Firefox\firefox.exe,C:\Program Files\Mozilla Firefox\firefox.exe,0x40,,,,,,,{E983936C-CD5C-6006-8407-00000000A301},6812,{E983936C-CD5F-6006-8607-00000000A301},4500,,T1059.001,PowerShell,Execution,TRACE-PS-01,powershell,https://raw.githubusercontent.com/splunk/attack_data/master/datasets/attack_techniques/T1059.001/encoded_powershell/windows-sysmon.log,bd030bf5db99ccfe668d90e90bb9793c174e6094c83823d79745437a3a022fc0,false,Execution,none,raw Computer/IpAddress/User fields,
2021-01-19T13:22:01.195+0000,2021-01-19T13:22:01.195+0000,10,Microsoft-Windows-Sysmon/Operational,ict3214:attack_trace,PS-HOST-01,,,,,,,C:\Program Files\Mozilla Firefox\firefox.exe,C:\Program Files\Mozilla Firefox\firefox.exe,0x40,,,,,,,{E983936C-CD5C-6006-8407-00000000A301},6812,{E983936C-CD5F-6006-8607-00000000A301},4500,,T1059.001,PowerShell,Execution,TRACE-PS-01,powershell,https://raw.githubusercontent.com/splunk/attack_data/master/datasets/attack_techniques/T1059.001/encoded_powershell/windows-sysmon.log,403ef47e618b78c5eb68ff8ae18ed83989f5b7f4c3311fc965c844a77cf22bc5,false,Execution,none,raw Computer/IpAddress/User fields,
2021-01-19T13:22:01.196+0000,2021-01-19T13:22:01.196+0000,10,Microsoft-Windows-Sysmon/Operational,ict3214:attack_trace,PS-HOST-01,,,,,,,C:\Program Files\Mozilla Firefox\firefox.exe,C:\Program Files\Mozilla Firefox\firefox.exe,0x40,,,,,,,{E983936C-CD5C-6006-8407-00000000A301},6812,{E983936C-CD5F-6006-8607-00000000A301},4500,,T1059.001,PowerShell,Execution,TRACE-PS-01,powershell,https://raw.githubusercontent.com/splunk/attack_data/master/datasets/attack_techniques/T1059.001/encoded_powershell/windows-sysmon.log,1f18d572cafd456514b60d9d460b17257ad92a1b91d3d04b529d92fde28b7616,false,Execution,none,raw Computer/IpAddress/User fields,
2021-01-19T13:22:01.198+0000,2021-01-19T13:22:01.198+0000,10,Microsoft-Windows-Sysmon/Operational,ict3214:attack_trace,PS-HOST-01,,,,,,,C:\Program Files\Mozilla Firefox\firefox.exe,C:\Program Files\Mozilla Firefox\firefox.exe,0x40,,,,,,,{E983936C-CD5C-6006-8407-00000000A301},6812,{E983936C-CD5F-6006-8607-00000000A301},4500,,T1059.001,PowerShell,Execution,TRACE-PS-01,powershell,https://raw.githubusercontent.com/splunk/attack_data/master/datasets/attack_techniques/T1059.001/encoded_powershell/windows-sysmon.log,137656576803b70beaf275579c40c9fa1bb5eb2627545364f39653fdf0fae35e,false,Execution,none,raw Computer/IpAddress/User fields,
2021-01-19T13:22:01.199+0000,2021-01-19T13:22:01.199+0000,10,Microsoft-Windows-Sysmon/Operational,ict3214:attack_trace,PS-HOST-01,,,,,,,C:\Program Files\Mozilla Firefox\firefox.exe,C:\Program Files\Mozilla Firefox\firefox.exe,0x40,,,,,,,{E983936C-CD5C-6006-8407-00000000A301},6812,{E983936C-CD5F-6006-8607-00000000A301},4500,,T1059.001,PowerShell,Execution,TRACE-PS-01,powershell,https://raw.githubusercontent.com/splunk/attack_data/master/datasets/attack_techniques/T1059.001/encoded_powershell/windows-sysmon.log,06869d8c7bdbc83c1900b992131fa4f788934fcf27ed02c3235a1ca91a08694b,false,Execution,none,raw Computer/IpAddress/User fields,
