2021-01-19T13:26:21.400+0000,2021-01-19T13:26:21.400+0000,10,Microsoft-Windows-Sysmon/Operational,ict3214:attack_trace,PS-HOST-01,,,,,,,C:\Windows\sysmon64.exe,C:\Windows\system32\svchost.exe,0x1400,,,,,,,{E983936C-B38F-6006-0C00-00000000A301},592,{E983936C-B3A0-6006-3100-00000000A301},2052,,T1059.001,PowerShell,Execution,TRACE-PS-01,powershell,https://raw.githubusercontent.com/splunk/attack_data/master/datasets/attack_techniques/T1059.001/encoded_powershell/windows-sysmon.log,8dcd52d702ba6616f3b9cee576f8f00fb19fcca1d80ace958c74d7c6dab9b6ce,false,Execution,none,raw Computer/IpAddress/User fields,
2021-01-19T13:26:21.400+0000,2021-01-19T13:26:21.400+0000,10,Microsoft-Windows-Sysmon/Operational,ict3214:attack_trace,PS-HOST-01,,,,,,,C:\Windows\sysmon64.exe,C:\Windows\system32\svchost.exe,0x1400,,,,,,,{E983936C-B38F-6006-0C00-00000000A301},592,{E983936C-B3A0-6006-3100-00000000A301},2052,,T1059.001,PowerShell,Execution,TRACE-PS-01,powershell,https://raw.githubusercontent.com/splunk/attack_data/master/datasets/attack_techniques/T1059.001/encoded_powershell/windows-sysmon.log,a7299a8e5588697836b2c291b87c69effb1a2af71fb3feb86a9ba1f3267d84d9,false,Execution,none,raw Computer/IpAddress/User fields,
2021-01-19T13:26:21.401+0000,2021-01-19T13:26:21.401+0000,10,Microsoft-Windows-Sysmon/Operational,ict3214:attack_trace,PS-HOST-01,,,,,,,C:\Program Files\SplunkUniversalForwarder\bin\splunk-MonitorNoHandle.exe,C:\Windows\system32\conhost.exe,0x1fffff,,,,,,,{E983936C-B439-6006-B800-00000000A301},4284,{E983936C-DDFD-6006-9509-00000000A301},6616,,T1059.001,PowerShell,Execution,TRACE-PS-01,powershell,https://raw.githubusercontent.com/splunk/attack_data/master/datasets/attack_techniques/T1059.001/encoded_powershell/windows-sysmon.log,af202b89581eac2790061d51c83fa2c171ba35c0ebe33b0c8f513c854295820e,false,Execution,none,raw Computer/IpAddress/User fields,
2021-01-19T13:26:22.071+0000,2021-01-19T13:26:22.071+0000,10,Microsoft-Windows-Sysmon/Operational,ict3214:attack_trace,PS-HOST-01,,,,,,,C:\Windows\sysmon64.exe,C:\Windows\system32\svchost.exe,0x1400,,,,,,,{E983936C-B38F-6006-0C00-00000000A301},592,{E983936C-B3A0-6006-3100-00000000A301},2052,,T1059.001,PowerShell,Execution,TRACE-PS-01,powershell,https://raw.githubusercontent.com/splunk/attack_data/master/datasets/attack_techniques/T1059.001/encoded_powershell/windows-sysmon.log,11e32633534323362f94abe643c0dae67f556e2419fa780efa0fd30ab114177d,false,Execution,none,raw Computer/IpAddress/User fields,
2021-01-19T13:26:22.071+0000,2021-01-19T13:26:22.071+0000,10,Microsoft-Windows-Sysmon/Operational,ict3214:attack_trace,PS-HOST-01,,,,,,,C:\Windows\sysmon64.exe,C:\Windows\system32\svchost.exe,0x1400,,,,,,,{E983936C-B38F-6006-0C00-00000000A301},592,{E983936C-B3A0-6006-3100-00000000A301},2052,,T1059.001,PowerShell,Execution,TRACE-PS-01,powershell,https://raw.githubusercontent.com/splunk/attack_data/master/datasets/attack_techniques/T1059.001/encoded_powershell/windows-sysmon.log,4b6a71dd0770641e573ced14627499a1e785bc766dbad081de4936a1c7b93966,false,Execution,none,raw Computer/IpAddress/User fields,
2021-01-19T13:26:22.071+0000,2021-01-19T13:26:22.071+0000,10,Microsoft-Windows-Sysmon/Operational,ict3214:attack_trace,PS-HOST-01,,,,,,,C:\Program Files\SplunkUniversalForwarder\bin\splunk-admon.exe,C:\Windows\system32\csrss.exe,0x1fffff,,,,,,,{E983936C-B38D-6006-0500-00000000A301},636,{E983936C-DDFE-6006-9609-00000000A301},6448,,T1059.001,PowerShell,Execution,TRACE-PS-01,powershell,https://raw.githubusercontent.com/splunk/attack_data/master/datasets/attack_techniques/T1059.001/encoded_powershell/windows-sysmon.log,538af07dd279a8fb84395a23f075c5c2382e4c44401e2e8da20cd17b5ae71068,false,Execution,none,raw Computer/IpAddress/User fields,
2021-01-19T13:26:22.071+0000,2021-01-19T13:26:22.071+0000,10,Microsoft-Windows-Sysmon/Operational,ict3214:attack_trace,PS-HOST-01,,,,,,,C:\Windows\sysmon64.exe,C:\Windows\system32\svchost.exe,0x1400,,,,,,,{E983936C-B38F-6006-0C00-00000000A301},592,{E983936C-B3A0-6006-3100-00000000A301},2052,,T1059.001,PowerShell,Execution,TRACE-PS-01,powershell,https://raw.githubusercontent.com/splunk/attack_data/master/datasets/attack_techniques/T1059.001/encoded_powershell/windows-sysmon.log,6475b8bec727c44adafb643ff971312403d61f989dae3773e9731790daefbc41,false,Execution,none,raw Computer/IpAddress/User fields,
2021-01-19T13:26:22.071+0000,2021-01-19T13:26:22.071+0000,10,Microsoft-Windows-Sysmon/Operational,ict3214:attack_trace,PS-HOST-01,,,,,,,C:\Windows\sysmon64.exe,C:\Windows\system32\svchost.exe,0x1400,,,,,,,{E983936C-B38F-6006-0C00-00000000A301},592,{E983936C-B3A0-6006-3100-00000000A301},2052,,T1059.001,PowerShell,Execution,TRACE-PS-01,powershell,https://raw.githubusercontent.com/splunk/attack_data/master/datasets/attack_techniques/T1059.001/encoded_powershell/windows-sysmon.log,69db0d8fad61cb043a8b7c6f8ea21dfd5e7d14a39f0d50573ac68f1728c0197e,false,Execution,none,raw Computer/IpAddress/User fields,
2021-01-19T13:26:22.071+0000,2021-01-19T13:26:22.071+0000,1,Microsoft-Windows-Sysmon/Operational,ict3214:attack_trace,PS-HOST-01,,,NT AUTHORITY\SYSTEM,C:\Program Files\SplunkUniversalForwarder\bin\splunk-admon.exe,C:\Program Files\SplunkUniversalForwarder\bin\splunkd.exe,"""C:\Program Files\SplunkUniversalForwarder\bin\splunk-admon.exe""",,,,,,,,{E983936C-DDFE-6006-9609-00000000A301},6448,,,,,,T1059.001,PowerShell,Execution,TRACE-PS-01,powershell,https://raw.githubusercontent.com/splunk/attack_data/master/datasets/attack_techniques/T1059.001/encoded_powershell/windows-sysmon.log,cb406d330a75c4652aadddfd83c0583e6b19f4916355055c4dde27d978848961,false,Execution,none,raw Computer/IpAddress/User fields,{E983936C-B438-6006-B400-00000000A301}
2021-01-19T13:26:22.071+0000,2021-01-19T13:26:22.071+0000,10,Microsoft-Windows-Sysmon/Operational,ict3214:attack_trace,PS-HOST-01,,,,,,,C:\Program Files\SplunkUniversalForwarder\bin\splunk-admon.exe,C:\Program Files\SplunkUniversalForwarder\bin\splunkd.exe,0x1fffff,,,,,,,{E983936C-B438-6006-B400-00000000A301},4412,{E983936C-DDFE-6006-9609-00000000A301},6448,,T1059.001,PowerShell,Execution,TRACE-PS-01,powershell,https://raw.githubusercontent.com/splunk/attack_data/master/datasets/attack_techniques/T1059.001/encoded_powershell/windows-sysmon.log,ee49faf17b92957e10e59dcfee6c375bfe9809d94e8899d5afbdc028035e717f,false,Execution,none,raw Computer/IpAddress/User fields,
2021-01-19T13:26:22.072+0000,2021-01-19T13:26:22.072+0000,10,Microsoft-Windows-Sysmon/Operational,ict3214:attack_trace,PS-HOST-01,,,,,,,C:\Program Files\SplunkUniversalForwarder\bin\splunk-admon.exe,C:\Windows\system32\conhost.exe,0x1fffff,,,,,,,{E983936C-B439-6006-B800-00000000A301},4284,{E983936C-DDFE-6006-9609-00000000A301},6448,,T1059.001,PowerShell,Execution,TRACE-PS-01,powershell,https://raw.githubusercontent.com/splunk/attack_data/master/datasets/attack_techniques/T1059.001/encoded_powershell/windows-sysmon.log,7f669fc1bff33cccc18b298bcbbf9b7015e77d8622906f66d48bbbd45fa560aa,false,Execution,none,raw Computer/IpAddress/User fields,
2021-01-19T13:26:22.220+0000,2021-01-19T13:26:22.220+0000,10,Microsoft-Windows-Sysmon/Operational,ict3214:attack_trace,PS-HOST-01,,,,,,,C:\Program Files\SplunkUniversalForwarder\bin\splunkd.exe,C:\Program Files\SplunkUniversalForwarder\bin\splunk-admon.exe,0x101400,,,,,,,{E983936C-DDFE-6006-9609-00000000A301},6448,{E983936C-B438-6006-B400-00000000A301},4412,,T1059.001,PowerShell,Execution,TRACE-PS-01,powershell,https://raw.githubusercontent.com/splunk/attack_data/master/datasets/attack_techniques/T1059.001/encoded_powershell/windows-sysmon.log,a1cc547e67380ae324ce9bc843aa8f171560068508bbdd5133a1e8e6442711d5,false,Execution,none,raw Computer/IpAddress/User fields,
2021-01-19T13:26:25.852+0000,2021-01-19T13:26:25.852+0000,10,Microsoft-Windows-Sysmon/Operational,ict3214:attack_trace,PS-HOST-01,,,,,,,C:\Program Files\SplunkUniversalForwarder\bin\splunk-winprintmon.exe,C:\Windows\system32\csrss.exe,0x1fffff,,,,,,,{E983936C-B38D-6006-0500-00000000A301},636,{E983936C-DE01-6006-9709-00000000A301},7576,,T1059.001,PowerShell,Execution,TRACE-PS-01,powershell,https://raw.githubusercontent.com/splunk/attack_data/master/datasets/attack_techniques/T1059.001/encoded_powershell/windows-sysmon.log,073f9732d556d159c48a98f029d9d21bb04ece6e973b1c8da0633fef391782e9,false,Execution,none,raw Computer/IpAddress/User fields,
2021-01-19T13:26:25.852+0000,2021-01-19T13:26:25.852+0000,10,Microsoft-Windows-Sysmon/Operational,ict3214:attack_trace,PS-HOST-01,,,,,,,C:\Program Files\SplunkUniversalForwarder\bin\splunk-winprintmon.exe,C:\Program Files\SplunkUniversalForwarder\bin\splunkd.exe,0x1fffff,,,,,,,{E983936C-B438-6006-B400-00000000A301},4412,{E983936C-DE01-6006-9709-00000000A301},7576,,T1059.001,PowerShell,Execution,TRACE-PS-01,powershell,https://raw.githubusercontent.com/splunk/attack_data/master/datasets/attack_techniques/T1059.001/encoded_powershell/windows-sysmon.log,0b524fd497cfb298e36e94f5e957ce81c7ec1e550d249d209ab3fff37cd7e7c1,false,Execution,none,raw Computer/IpAddress/User fields,
2021-01-19T13:26:25.852+0000,2021-01-19T13:26:25.852+0000,10,Microsoft-Windows-Sysmon/Operational,ict3214:attack_trace,PS-HOST-01,,,,,,,C:\Windows\sysmon64.exe,C:\Windows\system32\svchost.exe,0x1400,,,,,,,{E983936C-B38F-6006-0C00-00000000A301},592,{E983936C-B3A0-6006-3100-00000000A301},2052,,T1059.001,PowerShell,Execution,TRACE-PS-01,powershell,https://raw.githubusercontent.com/splunk/attack_data/master/datasets/attack_techniques/T1059.001/encoded_powershell/windows-sysmon.log,19fed3696f39f60a078f70f9cffd0710ff19e11e2709758bc16ffe60f3e65c9f,false,Execution,none,raw Computer/IpAddress/User fields,
2021-01-19T13:26:25.852+0000,2021-01-19T13:26:25.852+0000,10,Microsoft-Windows-Sysmon/Operational,ict3214:attack_trace,PS-HOST-01,,,,,,,C:\Windows\sysmon64.exe,C:\Windows\system32\svchost.exe,0x1400,,,,,,,{E983936C-B38F-6006-0C00-00000000A301},592,{E983936C-B3A0-6006-3100-00000000A301},2052,,T1059.001,PowerShell,Execution,TRACE-PS-01,powershell,https://raw.githubusercontent.com/splunk/attack_data/master/datasets/attack_techniques/T1059.001/encoded_powershell/windows-sysmon.log,72fa6a74126f191087d72b98dbdfb854564995ee7f52cb94e98442ac228ee6fa,false,Execution,none,raw Computer/IpAddress/User fields,
2021-01-19T13:26:25.852+0000,2021-01-19T13:26:25.852+0000,10,Microsoft-Windows-Sysmon/Operational,ict3214:attack_trace,PS-HOST-01,,,,,,,C:\Windows\sysmon64.exe,C:\Windows\system32\svchost.exe,0x1400,,,,,,,{E983936C-B38F-6006-0C00-00000000A301},592,{E983936C-B3A0-6006-3100-00000000A301},2052,,T1059.001,PowerShell,Execution,TRACE-PS-01,powershell,https://raw.githubusercontent.com/splunk/attack_data/master/datasets/attack_techniques/T1059.001/encoded_powershell/windows-sysmon.log,bbb7b486a4f3fc4935197dff33fd8bdb61c371e1d6938a96249edb67225a6a1f,false,Execution,none,raw Computer/IpAddress/User fields,
2021-01-19T13:26:25.852+0000,2021-01-19T13:26:25.852+0000,1,Microsoft-Windows-Sysmon/Operational,ict3214:attack_trace,PS-HOST-01,,,NT AUTHORITY\SYSTEM,C:\Program Files\SplunkUniversalForwarder\bin\splunk-winprintmon.exe,C:\Program Files\SplunkUniversalForwarder\bin\splunkd.exe,"""C:\Program Files\SplunkUniversalForwarder\bin\splunk-winprintmon.exe""",,,,,,,,{E983936C-DE01-6006-9709-00000000A301},7576,,,,,,T1059.001,PowerShell,Execution,TRACE-PS-01,powershell,https://raw.githubusercontent.com/splunk/attack_data/master/datasets/attack_techniques/T1059.001/encoded_powershell/windows-sysmon.log,d973b161d1c85386c0c08315060ecd5180c7625479691faea31e740b02f30cfe,false,Execution,none,raw Computer/IpAddress/User fields,{E983936C-B438-6006-B400-00000000A301}
2021-01-19T13:26:25.853+0000,2021-01-19T13:26:25.853+0000,10,Microsoft-Windows-Sysmon/Operational,ict3214:attack_trace,PS-HOST-01,,,,,,,C:\Program Files\SplunkUniversalForwarder\bin\splunk-winprintmon.exe,C:\Windows\system32\conhost.exe,0x1fffff,,,,,,,{E983936C-B439-6006-B800-00000000A301},4284,{E983936C-DE01-6006-9709-00000000A301},7576,,T1059.001,PowerShell,Execution,TRACE-PS-01,powershell,https://raw.githubusercontent.com/splunk/attack_data/master/datasets/attack_techniques/T1059.001/encoded_powershell/windows-sysmon.log,71ed575871b9cfa75dc4516b0e33ad8897e3a3d986b53536cc1b6bef74f949dd,false,Execution,none,raw Computer/IpAddress/User fields,
2021-01-19T13:26:25.853+0000,2021-01-19T13:26:25.853+0000,10,Microsoft-Windows-Sysmon/Operational,ict3214:attack_trace,PS-HOST-01,,,,,,,C:\Windows\sysmon64.exe,C:\Windows\system32\svchost.exe,0x1400,,,,,,,{E983936C-B38F-6006-0C00-00000000A301},592,{E983936C-B3A0-6006-3100-00000000A301},2052,,T1059.001,PowerShell,Execution,TRACE-PS-01,powershell,https://raw.githubusercontent.com/splunk/attack_data/master/datasets/attack_techniques/T1059.001/encoded_powershell/windows-sysmon.log,a18f1fda5ccd0c70e72aaf50d9dd573aef50df4df6855e4a96cfe1ec7c62419e,false,Execution,none,raw Computer/IpAddress/User fields,
2021-01-19T13:26:32.539+0000,2021-01-19T13:26:32.539+0000,10,Microsoft-Windows-Sysmon/Operational,ict3214:attack_trace,PS-HOST-01,,,,,,,C:\Program Files\Mozilla Firefox\firefox.exe,C:\Program Files\Mozilla Firefox\firefox.exe,0x2200,,,,,,,{E983936C-CD5C-6006-8407-00000000A301},6812,{E983936C-D0E5-6006-0C08-00000000A301},4648,,T1059.001,PowerShell,Execution,TRACE-PS-01,powershell,https://raw.githubusercontent.com/splunk/attack_data/master/datasets/attack_techniques/T1059.001/encoded_powershell/windows-sysmon.log,6ec5562fe9567b36cfacc4818f8b416f7eb4e5163339bdca93c74de8066580d9,false,Execution,none,raw Computer/IpAddress/User fields,
2021-01-19T13:26:32.539+0000,2021-01-19T13:26:32.539+0000,10,Microsoft-Windows-Sysmon/Operational,ict3214:attack_trace,PS-HOST-01,,,,,,,C:\Program Files\Mozilla Firefox\firefox.exe,C:\Program Files\Mozilla Firefox\firefox.exe,0x2200,,,,,,,{E983936C-CD5C-6006-8407-00000000A301},6812,{E983936C-DDC9-6006-9009-00000000A301},6048,,T1059.001,PowerShell,Execution,TRACE-PS-01,powershell,https://raw.githubusercontent.com/splunk/attack_data/master/datasets/attack_techniques/T1059.001/encoded_powershell/windows-sysmon.log,caa2e6abf5e3d588bf11537f984c6f43b45bf044a5a739f75774ea11e6a1a9ba,false,Execution,none,raw Computer/IpAddress/User fields,
2021-01-19T13:26:41.664+0000,2021-01-19T13:26:41.664+0000,10,Microsoft-Windows-Sysmon/Operational,ict3214:attack_trace,PS-HOST-01,,,,,,,C:\Windows\system32\conhost.exe,C:\Windows\Explorer.EXE,0x1410,,,,,,,{E983936C-CCDD-6006-4607-00000000A301},5080,{E983936C-D08F-6006-FC07-00000000A301},4924,,T1059.001,PowerShell,Execution,TRACE-PS-01,powershell,https://raw.githubusercontent.com/splunk/attack_data/master/datasets/attack_techniques/T1059.001/encoded_powershell/windows-sysmon.log,45072f26681c017b0de6fc3e9997dae9096dd87b8a15ffd1549695eaa1777a62,false,Execution,none,raw Computer/IpAddress/User fields,
2021-01-19T13:26:41.664+0000,2021-01-19T13:26:41.664+0000,10,Microsoft-Windows-Sysmon/Operational,ict3214:attack_trace,PS-HOST-01,,,,,,,C:\Windows\system32\conhost.exe,C:\Windows\Explorer.EXE,0x1000,,,,,,,{E983936C-CCDD-6006-4607-00000000A301},5080,{E983936C-D08F-6006-FC07-00000000A301},4924,,T1059.001,PowerShell,Execution,TRACE-PS-01,powershell,https://raw.githubusercontent.com/splunk/attack_data/master/datasets/attack_techniques/T1059.001/encoded_powershell/windows-sysmon.log,98561426a4b8a74c252b71d751efc9588c69f52087ba23767c54febc6d5b3a06,false,Execution,none,raw Computer/IpAddress/User fields,
2021-01-19T13:26:41.664+0000,2021-01-19T13:26:41.664+0000,10,Microsoft-Windows-Sysmon/Operational,ict3214:attack_trace,PS-HOST-01,,,,,,,C:\Windows\system32\conhost.exe,C:\Windows\Explorer.EXE,0x1000,,,,,,,{E983936C-CCDD-6006-4607-00000000A301},5080,{E983936C-D08F-6006-FC07-00000000A301},4924,,T1059.001,PowerShell,Execution,TRACE-PS-01,powershell,https://raw.githubusercontent.com/splunk/attack_data/master/datasets/attack_techniques/T1059.001/encoded_powershell/windows-sysmon.log,9f73e67f14f4ce639c74e99d58dbac6e9ce7e04f5187a978249c26078ea78835,false,Execution,none,raw Computer/IpAddress/User fields,
2021-01-19T13:26:41.664+0000,2021-01-19T13:26:41.664+0000,10,Microsoft-Windows-Sysmon/Operational,ict3214:attack_trace,PS-HOST-01,,,,,,,C:\Windows\system32\conhost.exe,C:\Windows\Explorer.EXE,0x1410,,,,,,,{E983936C-CCDD-6006-4607-00000000A301},5080,{E983936C-D08F-6006-FC07-00000000A301},4924,,T1059.001,PowerShell,Execution,TRACE-PS-01,powershell,https://raw.githubusercontent.com/splunk/attack_data/master/datasets/attack_techniques/T1059.001/encoded_powershell/windows-sysmon.log,f18546b9ca1dc57694e49420d359f3eb7bcfe564be640460e3f5249f59989ff1,false,Execution,none,raw Computer/IpAddress/User fields,
2021-01-19T13:26:41.666+0000,2021-01-19T13:26:41.666+0000,10,Microsoft-Windows-Sysmon/Operational,ict3214:attack_trace,PS-HOST-01,,,,,,,C:\Windows\system32\cmd.exe,C:\Windows\Explorer.EXE,0x1400,,,,,,,{E983936C-CCDD-6006-4607-00000000A301},5080,{E983936C-D08F-6006-FB07-00000000A301},4936,,T1059.001,PowerShell,Execution,TRACE-PS-01,powershell,https://raw.githubusercontent.com/splunk/attack_data/master/datasets/attack_techniques/T1059.001/encoded_powershell/windows-sysmon.log,34fd57233acbd0b6cee49e8298a0aebbe16c0ecf56c31cecd3331da2b026cbe6,false,Execution,none,raw Computer/IpAddress/User fields,
2021-01-19T13:26:41.666+0000,2021-01-19T13:26:41.666+0000,10,Microsoft-Windows-Sysmon/Operational,ict3214:attack_trace,PS-HOST-01,,,,,,,C:\Windows\system32\cmd.exe,C:\Windows\Explorer.EXE,0x1000,,,,,,,{E983936C-CCDD-6006-4607-00000000A301},5080,{E983936C-D08F-6006-FB07-00000000A301},4936,,T1059.001,PowerShell,Execution,TRACE-PS-01,powershell,https://raw.githubusercontent.com/splunk/attack_data/master/datasets/attack_techniques/T1059.001/encoded_powershell/windows-sysmon.log,76622374556a6c735e0b0d9655530d6c99b02a7361571a65a9b92c24db9af053,false,Execution,none,raw Computer/IpAddress/User fields,
2021-01-19T13:26:43.225+0000,2021-01-19T13:26:43.225+0000,11,Microsoft-Windows-Sysmon/Operational,ict3214:attack_trace,PS-HOST-01,,,,C:\Program Files\Mozilla Firefox\firefox.exe,,,,,,,,,,{E983936C-CD5C-6006-8407-00000000A301},6812,,,,,,T1059.001,PowerShell,Execution,TRACE-PS-01,powershell,https://raw.githubusercontent.com/splunk/attack_data/master/datasets/attack_techniques/T1059.001/encoded_powershell/windows-sysmon.log,80bf5b8fa8ca96c36828669a3fadeefeaa62dadb58632980fc0a18e7c9a4cadc,false,Execution,none,raw Computer/IpAddress/User fields,
2021-01-19T13:26:57.947+0000,2021-01-19T13:26:57.947+0000,10,Microsoft-Windows-Sysmon/Operational,ict3214:attack_trace,PS-HOST-01,,,,,,,C:\Windows\system32\conhost.exe,C:\Windows\Explorer.EXE,0x1410,,,,,,,{E983936C-CCDD-6006-4607-00000000A301},5080,{E983936C-D083-6006-F907-00000000A301},8048,,T1059.001,PowerShell,Execution,TRACE-PS-01,powershell,https://raw.githubusercontent.com/splunk/attack_data/master/datasets/attack_techniques/T1059.001/encoded_powershell/windows-sysmon.log,7061eee5ba950b6c725491276fed3d3fc8dabfd053c4807676a909fa6defa249,false,Execution,none,raw Computer/IpAddress/User fields,
2021-01-19T13:26:57.948+0000,2021-01-19T13:26:57.948+0000,10,Microsoft-Windows-Sysmon/Operational,ict3214:attack_trace,PS-HOST-01,,,,,,,C:\Windows\system32\conhost.exe,C:\Windows\Explorer.EXE,0x1410,,,,,,,{E983936C-CCDD-6006-4607-00000000A301},5080,{E983936C-D083-6006-F907-00000000A301},8048,,T1059.001,PowerShell,Execution,TRACE-PS-01,powershell,https://raw.githubusercontent.com/splunk/attack_data/master/datasets/attack_techniques/T1059.001/encoded_powershell/windows-sysmon.log,2c456d07b98b83626ac5713a5556c2097bd2cb41fbd18a1f68e5ceb9a967254b,false,Execution,none,raw Computer/IpAddress/User fields,
2021-01-19T13:26:57.948+0000,2021-01-19T13:26:57.948+0000,10,Microsoft-Windows-Sysmon/Operational,ict3214:attack_trace,PS-HOST-01,,,,,,,C:\Windows\system32\conhost.exe,C:\Windows\Explorer.EXE,0x1000,,,,,,,{E983936C-CCDD-6006-4607-00000000A301},5080,{E983936C-D083-6006-F907-00000000A301},8048,,T1059.001,PowerShell,Execution,TRACE-PS-01,powershell,https://raw.githubusercontent.com/splunk/attack_data/master/datasets/attack_techniques/T1059.001/encoded_powershell/windows-sysmon.log,adc3fcbab1c21a540652c139960f71962fa8bed87a0a893fdfd1146b7bc97386,false,Execution,none,raw Computer/IpAddress/User fields,
2021-01-19T13:26:57.948+0000,2021-01-19T13:26:57.948+0000,10,Microsoft-Windows-Sysmon/Operational,ict3214:attack_trace,PS-HOST-01,,,,,,,C:\Windows\system32\conhost.exe,C:\Windows\Explorer.EXE,0x1000,,,,,,,{E983936C-CCDD-6006-4607-00000000A301},5080,{E983936C-D083-6006-F907-00000000A301},8048,,T1059.001,PowerShell,Execution,TRACE-PS-01,powershell,https://raw.githubusercontent.com/splunk/attack_data/master/datasets/attack_techniques/T1059.001/encoded_powershell/windows-sysmon.log,c455419b2c4e1a6a59ec70a7db56a5d1108f33e00b1d931c7f453d0b148652a5,false,Execution,none,raw Computer/IpAddress/User fields,
2021-01-19T13:26:57.950+0000,2021-01-19T13:26:57.950+0000,10,Microsoft-Windows-Sysmon/Operational,ict3214:attack_trace,PS-HOST-01,,,,,,,C:\Windows\System32\WindowsPowerShell\v1.0\powershell.exe,C:\Windows\Explorer.EXE,0x1000,,,,,,,{E983936C-CCDD-6006-4607-00000000A301},5080,{E983936C-D083-6006-F807-00000000A301},7900,,T1059.001,PowerShell,Execution,TRACE-PS-01,powershell,https://raw.githubusercontent.com/splunk/attack_data/master/datasets/attack_techniques/T1059.001/encoded_powershell/windows-sysmon.log,d7872803cc4525acf102287ea7b74b781380e7dfaa37e24132b3ba31412d0df9,false,Execution,none,raw Computer/IpAddress/User fields,
2021-01-19T13:26:57.950+0000,2021-01-19T13:26:57.950+0000,10,Microsoft-Windows-Sysmon/Operational,ict3214:attack_trace,PS-HOST-01,,,,,,,C:\Windows\System32\WindowsPowerShell\v1.0\powershell.exe,C:\Windows\Explorer.EXE,0x1400,,,,,,,{E983936C-CCDD-6006-4607-00000000A301},5080,{E983936C-D083-6006-F807-00000000A301},7900,,T1059.001,PowerShell,Execution,TRACE-PS-01,powershell,https://raw.githubusercontent.com/splunk/attack_data/master/datasets/attack_techniques/T1059.001/encoded_powershell/windows-sysmon.log,e57bf028a1b51976bf0b0cf5524af750c470be534153e179b046a88cf25a0d4c,false,Execution,none,raw Computer/IpAddress/User fields,
2021-01-19T13:27:03.557+0000,2021-01-19T13:27:03.557+0000,10,Microsoft-Windows-Sysmon/Operational,ict3214:attack_trace,PS-HOST-01,,,,,,,C:\Windows\system32\conhost.exe,C:\Windows\Explorer.EXE,0x1410,,,,,,,{E983936C-CCDD-6006-4607-00000000A301},5080,{E983936C-D08F-6006-FC07-00000000A301},4924,,T1059.001,PowerShell,Execution,TRACE-PS-01,powershell,https://raw.githubusercontent.com/splunk/attack_data/master/datasets/attack_techniques/T1059.001/encoded_powershell/windows-sysmon.log,41c2c31f7b2e996f4b5ec655e3cc204917a777bcfb2875ee2bcdd85f22b29219,false,Execution,none,raw Computer/IpAddress/User fields,
2021-01-19T13:27:03.557+0000,2021-01-19T13:27:03.557+0000,10,Microsoft-Windows-Sysmon/Operational,ict3214:attack_trace,PS-HOST-01,,,,,,,C:\Windows\system32\conhost.exe,C:\Windows\Explorer.EXE,0x1410,,,,,,,{E983936C-CCDD-6006-4607-00000000A301},5080,{E983936C-D08F-6006-FC07-00000000A301},4924,,T1059.001,PowerShell,Execution,TRACE-PS-01,powershell,https://raw.githubusercontent.com/splunk/attack_data/master/datasets/attack_techniques/T1059.001/encoded_powershell/windows-sysmon.log,9004d65cb1939d317341372673cb6a5162e5ef753a7eb01fba4cd4c487b46247,false,Execution,none,raw Computer/IpAddress/User fields,
2021-01-19T13:27:03.557+0000,2021-01-19T13:27:03.557+0000,10,Microsoft-Windows-Sysmon/Operational,ict3214:attack_trace,PS-HOST-01,,,,,,,C:\Windows\system32\conhost.exe,C:\Windows\Explorer.EXE,0x1000,,,,,,,{E983936C-CCDD-6006-4607-00000000A301},5080,{E983936C-D08F-6006-FC07-00000000A301},4924,,T1059.001,PowerShell,Execution,TRACE-PS-01,powershell,https://raw.githubusercontent.com/splunk/attack_data/master/datasets/attack_techniques/T1059.001/encoded_powershell/windows-sysmon.log,b9d4d13c1d191244b10a883d2f93ca30475482b9cadba4dc1a4e931664cf3b3e,false,Execution,none,raw Computer/IpAddress/User fields,
2021-01-19T13:27:03.557+0000,2021-01-19T13:27:03.557+0000,10,Microsoft-Windows-Sysmon/Operational,ict3214:attack_trace,PS-HOST-01,,,,,,,C:\Windows\system32\conhost.exe,C:\Windows\Explorer.EXE,0x1000,,,,,,,{E983936C-CCDD-6006-4607-00000000A301},5080,{E983936C-D08F-6006-FC07-00000000A301},4924,,T1059.001,PowerShell,Execution,TRACE-PS-01,powershell,https://raw.githubusercontent.com/splunk/attack_data/master/datasets/attack_techniques/T1059.001/encoded_powershell/windows-sysmon.log,fd6755b6ef0b0c05535429ede85b619e4477d45c663b94a115f7a7d3298ab306,false,Execution,none,raw Computer/IpAddress/User fields,
2021-01-19T13:27:03.559+0000,2021-01-19T13:27:03.559+0000,10,Microsoft-Windows-Sysmon/Operational,ict3214:attack_trace,PS-HOST-01,,,,,,,C:\Windows\system32\cmd.exe,C:\Windows\Explorer.EXE,0x1000,,,,,,,{E983936C-CCDD-6006-4607-00000000A301},5080,{E983936C-D08F-6006-FB07-00000000A301},4936,,T1059.001,PowerShell,Execution,TRACE-PS-01,powershell,https://raw.githubusercontent.com/splunk/attack_data/master/datasets/attack_techniques/T1059.001/encoded_powershell/windows-sysmon.log,11c1734ba2a1250ab5de76bcf50936b6898304d67e739e5f5bfeb75c4e50e7e9,false,Execution,none,raw Computer/IpAddress/User fields,
2021-01-19T13:27:03.559+0000,2021-01-19T13:27:03.559+0000,10,Microsoft-Windows-Sysmon/Operational,ict3214:attack_trace,PS-HOST-01,,,,,,,C:\Windows\system32\cmd.exe,C:\Windows\Explorer.EXE,0x1400,,,,,,,{E983936C-CCDD-6006-4607-00000000A301},5080,{E983936C-D08F-6006-FB07-00000000A301},4936,,T1059.001,PowerShell,Execution,TRACE-PS-01,powershell,https://raw.githubusercontent.com/splunk/attack_data/master/datasets/attack_techniques/T1059.001/encoded_powershell/windows-sysmon.log,e98cba2f39e3eab61eee74b49ee75c236cfd671f6a1aa5b2f60bcc67425d605d,false,Execution,none,raw Computer/IpAddress/User fields,
2021-01-19T13:27:04.923+0000,2021-01-19T13:27:04.923+0000,10,Microsoft-Windows-Sysmon/Operational,ict3214:attack_trace,PS-HOST-01,,,,,,,C:\Windows\sysmon64.exe,C:\Windows\system32\svchost.exe,0x1400,,,,,,,{E983936C-B38F-6006-0C00-00000000A301},592,{E983936C-B3A0-6006-3100-00000000A301},2052,,T1059.001,PowerShell,Execution,TRACE-PS-01,powershell,https://raw.githubusercontent.com/splunk/attack_data/master/datasets/attack_techniques/T1059.001/encoded_powershell/windows-sysmon.log,4588e1667e35ae73db9a31a0d5bfc15815a471bc97c9e9c8e7158f527ac8c0f7,false,Execution,none,raw Computer/IpAddress/User fields,
2021-01-19T13:27:04.923+0000,2021-01-19T13:27:04.923+0000,1,Microsoft-Windows-Sysmon/Operational,ict3214:attack_trace,PS-HOST-01,,,LAB\user-admin,C:\Windows\System32\WindowsPowerShell\v1.0\powershell.exe,C:\Windows\System32\cmd.exe,powershell.exe  -Exec bypass -enc VwByAGkAdABlAC0ASABvAHMAdAAgACIASABlAGwAbABvACAAVwBvAHIAbABkACIA,,,,,,,,{E983936C-DE28-6006-9809-00000000A301},5948,,,,,,T1059.001,PowerShell,Execution,TRACE-PS-01,powershell,https://raw.githubusercontent.com/splunk/attack_data/master/datasets/attack_techniques/T1059.001/encoded_powershell/windows-sysmon.log,a3bccca73668ae0b092392ecd4c0379ae0f00a3cac7f6ea694af086907608db7,true,Execution,none,raw Computer/IpAddress/User fields,{E983936C-D08F-6006-FB07-00000000A301}
2021-01-19T13:27:04.923+0000,2021-01-19T13:27:04.923+0000,10,Microsoft-Windows-Sysmon/Operational,ict3214:attack_trace,PS-HOST-01,,,,,,,C:\Windows\System32\WindowsPowerShell\v1.0\powershell.exe,C:\Windows\system32\cmd.exe,0x1fffff,,,,,,,{E983936C-D08F-6006-FB07-00000000A301},4936,{E983936C-DE28-6006-9809-00000000A301},5948,,T1059.001,PowerShell,Execution,TRACE-PS-01,powershell,https://raw.githubusercontent.com/splunk/attack_data/master/datasets/attack_techniques/T1059.001/encoded_powershell/windows-sysmon.log,a3eeff486098eeb3b035d641247946a554bcfda4ddf39e89aabe5ee64c05d679,false,Execution,none,raw Computer/IpAddress/User fields,
2021-01-19T13:27:04.923+0000,2021-01-19T13:27:04.923+0000,10,Microsoft-Windows-Sysmon/Operational,ict3214:attack_trace,PS-HOST-01,,,,,,,C:\Windows\sysmon64.exe,C:\Windows\system32\svchost.exe,0x1400,,,,,,,{E983936C-B38F-6006-0C00-00000000A301},592,{E983936C-B3A0-6006-3100-00000000A301},2052,,T1059.001,PowerShell,Execution,TRACE-PS-01,powershell,https://raw.githubusercontent.com/splunk/attack_data/master/datasets/attack_techniques/T1059.001/encoded_powershell/windows-sysmon.log,b600358d2e848745f46fa32f1c006e8fd8b8b07aceb10e82d861223517c41e94,false,Execution,none,raw Computer/IpAddress/User fields,
2021-01-19T13:27:04.923+0000,2021-01-19T13:27:04.923+0000,10,Microsoft-Windows-Sysmon/Operational,ict3214:attack_trace,PS-HOST-01,,,,,,,C:\Windows\System32\WindowsPowerShell\v1.0\powershell.exe,C:\Windows\system32\csrss.exe,0x1fffff,,,,,,,{E983936C-CCD9-6006-3007-00000000A301},3648,{E983936C-DE28-6006-9809-00000000A301},5948,,T1059.001,PowerShell,Execution,TRACE-PS-01,powershell,https://raw.githubusercontent.com/splunk/attack_data/master/datasets/attack_techniques/T1059.001/encoded_powershell/windows-sysmon.log,ef954c0940b3d1fb6687888f364a532abe557ca2417d3da2702dfb6d99887752,false,Execution,none,raw Computer/IpAddress/User fields,
2021-01-19T13:27:04.923+0000,2021-01-19T13:27:04.923+0000,10,Microsoft-Windows-Sysmon/Operational,ict3214:attack_trace,PS-HOST-01,,,,,,,C:\Windows\sysmon64.exe,C:\Windows\system32\svchost.exe,0x1400,,,,,,,{E983936C-B38F-6006-0C00-00000000A301},592,{E983936C-B3A0-6006-3100-00000000A301},2052,,T1059.001,PowerShell,Execution,TRACE-PS-01,powershell,https://raw.githubusercontent.com/splunk/attack_data/master/datasets/attack_techniques/T1059.001/encoded_powershell/windows-sysmon.log,f4a212fb85a58e60d00bfe1ad1e3cabc6d5c71e4c3ca273c512123ac80073f24,false,Execution,none,raw Computer/IpAddress/User fields,
2021-01-19T13:27:04.924+0000,2021-01-19T13:27:04.924+0000,10,Microsoft-Windows-Sysmon/Operational,ict3214:attack_trace,PS-HOST-01,,,,,,,C:\Windows\sysmon64.exe,C:\Windows\system32\svchost.exe,0x1400,,,,,,,{E983936C-B38F-6006-0C00-00000000A301},592,{E983936C-B3A0-6006-3100-00000000A301},2052,,T1059.001,PowerShell,Execution,TRACE-PS-01,powershell,https://raw.githubusercontent.com/splunk/attack_data/master/datasets/attack_techniques/T1059.001/encoded_powershell/windows-sysmon.log,19a7639e983e8424fa06bfa445986a9ef24236da830f7638db2b313c2391ca82,false,Execution,none,raw Computer/IpAddress/User fields,
2021-01-19T13:27:04.924+0000,2021-01-19T13:27:04.924+0000,10,Microsoft-Windows-Sysmon/Operational,ict3214:attack_trace,PS-HOST-01,,,,,,,C:\Windows\System32\WindowsPowerShell\v1.0\powershell.exe,C:\Windows\system32\conhost.exe,0x1fffff,,,,,,,{E983936C-D08F-6006-FC07-00000000A301},4924,{E983936C-DE28-6006-9809-00000000A301},5948,,T1059.001,PowerShell,Execution,TRACE-PS-01,powershell,https://raw.githubusercontent.com/splunk/attack_data/master/datasets/attack_techniques/T1059.001/encoded_powershell/windows-sysmon.log,7c4951120717df72510de482b46d92ca5201f4bacae3281f268a14de87e35015,false,Execution,none,raw Computer/IpAddress/User fields,
2021-01-19T13:27:04.953+0000,2021-01-19T13:27:04.953+0000,10,Microsoft-Windows-Sysmon/Operational,ict3214:attack_trace,PS-HOST-01,,,,,,,C:\Windows\System32\WindowsPowerShell\v1.0\powershell.exe,C:\Windows\system32\svchost.exe,0x1000,,,,,,,{E983936C-B38F-6006-0C00-00000000A301},592,{E983936C-DE28-6006-9809-00000000A301},5948,,T1059.001,PowerShell,Execution,TRACE-PS-01,powershell,https://raw.githubusercontent.com/splunk/attack_data/master/datasets/attack_techniques/T1059.001/encoded_powershell/windows-sysmon.log,a72c5406e4fe7d46777fc8da2b4d74ec52268e9943b7a3bf1ad463d51bd2bad4,false,Execution,none,raw Computer/IpAddress/User fields,
2021-01-19T13:27:04.966+0000,2021-01-19T13:27:04.966+0000,11,Microsoft-Windows-Sysmon/Operational,ict3214:attack_trace,PS-HOST-01,,,,C:\Windows\System32\WindowsPowerShell\v1.0\powershell.exe,,,,,,,,,,{E983936C-DE28-6006-9809-00000000A301},5948,,,,,,T1059.001,PowerShell,Execution,TRACE-PS-01,powershell,https://raw.githubusercontent.com/splunk/attack_data/master/datasets/attack_techniques/T1059.001/encoded_powershell/windows-sysmon.log,e5d0cbc6a0c1bd428e29329be180ab7017c25cc29925b8340e659fe4abb22da9,false,Execution,none,raw Computer/IpAddress/User fields,
2021-01-19T13:27:05.004+0000,2021-01-19T13:27:05.004+0000,10,Microsoft-Windows-Sysmon/Operational,ict3214:attack_trace,PS-HOST-01,,,,,,,C:\Windows\System32\WindowsPowerShell\v1.0\powershell.exe,C:\Windows\system32\lsass.exe,0x1478,,,,,,,{E983936C-B38D-6006-0B00-00000000A301},852,{E983936C-DE28-6006-9809-00000000A301},5948,,T1059.001,PowerShell,Execution,TRACE-PS-01,powershell,https://raw.githubusercontent.com/splunk/attack_data/master/datasets/attack_techniques/T1059.001/encoded_powershell/windows-sysmon.log,9d2a2c76e57a59379b2d9e41443cc9d646f13b86f9aeb1354239cc3075fcb6b7,false,Execution,none,raw Computer/IpAddress/User fields,
2021-01-19T13:27:05.004+0000,2021-01-19T13:27:05.004+0000,10,Microsoft-Windows-Sysmon/Operational,ict3214:attack_trace,PS-HOST-01,,,,,,,C:\Windows\System32\WindowsPowerShell\v1.0\powershell.exe,C:\Windows\system32\lsass.exe,0x1000,,,,,,,{E983936C-B38D-6006-0B00-00000000A301},852,{E983936C-DE28-6006-9809-00000000A301},5948,,T1059.001,PowerShell,Execution,TRACE-PS-01,powershell,https://raw.githubusercontent.com/splunk/attack_data/master/datasets/attack_techniques/T1059.001/encoded_powershell/windows-sysmon.log,a75821ad6718370978487714a06be3bc319c73849290d4a960e131bff412ee37,false,Execution,none,raw Computer/IpAddress/User fields,
2021-01-19T13:27:05.044+0000,2021-01-19T13:27:05.044+0000,10,Microsoft-Windows-Sysmon/Operational,ict3214:attack_trace,PS-HOST-01,,,,,,,C:\Windows\System32\WindowsPowerShell\v1.0\powershell.exe,C:\Windows\system32\svchost.exe,0x1478,,,,,,,{E983936C-B390-6006-1600-00000000A301},1528,{E983936C-DE28-6006-9809-00000000A301},5948,,T1059.001,PowerShell,Execution,TRACE-PS-01,powershell,https://raw.githubusercontent.com/splunk/attack_data/master/datasets/attack_techniques/T1059.001/encoded_powershell/windows-sysmon.log,13f6c28bb94b5ec8cc898a5524952067202ad309761497a1da33756f1f171682,false,Execution,none,raw Computer/IpAddress/User fields,
2021-01-19T13:27:05.044+0000,2021-01-19T13:27:05.044+0000,10,Microsoft-Windows-Sysmon/Operational,ict3214:attack_trace,PS-HOST-01,,,,,,,C:\Windows\System32\WindowsPowerShell\v1.0\powershell.exe,C:\Windows\system32\svchost.exe,0x1400,,,,,,,{E983936C-B390-6006-1600-00000000A301},1528,{E983936C-DE28-6006-9809-00000000A301},5948,,T1059.001,PowerShell,Execution,TRACE-PS-01,powershell,https://raw.githubusercontent.com/splunk/attack_data/master/datasets/attack_techniques/T1059.001/encoded_powershell/windows-sysmon.log,73f1461a616b4aa1d867f5a7601591266e4e9c0936f472409f1b6e3d6502f1a8,false,Execution,none,raw Computer/IpAddress/User fields,
2021-01-19T13:27:18.901+0000,2021-01-19T13:27:18.901+0000,10,Microsoft-Windows-Sysmon/Operational,ict3214:attack_trace,PS-HOST-01,,,,,,,C:\Windows\sysmon64.exe,C:\Windows\system32\svchost.exe,0x1400,,,,,,,{E983936C-B38F-6006-0C00-00000000A301},592,{E983936C-B3A0-6006-3100-00000000A301},2052,,T1059.001,PowerShell,Execution,TRACE-PS-01,powershell,https://raw.githubusercontent.com/splunk/attack_data/master/datasets/attack_techniques/T1059.001/encoded_powershell/windows-sysmon.log,34c484c9c1b9c734c6d1a29182ad26cd94f649835fcedbeb2e6fe1dc3055a8c2,false,Execution,none,raw Computer/IpAddress/User fields,
2021-01-19T13:27:18.901+0000,2021-01-19T13:27:18.901+0000,10,Microsoft-Windows-Sysmon/Operational,ict3214:attack_trace,PS-HOST-01,,,,,,,C:\Program Files\SplunkUniversalForwarder\bin\splunk-MonitorNoHandle.exe,C:\Program Files\SplunkUniversalForwarder\bin\splunkd.exe,0x1fffff,,,,,,,{E983936C-B438-6006-B400-00000000A301},4412,{E983936C-DE36-6006-9909-00000000A301},5860,,T1059.001,PowerShell,Execution,TRACE-PS-01,powershell,https://raw.githubusercontent.com/splunk/attack_data/master/datasets/attack_techniques/T1059.001/encoded_powershell/windows-sysmon.log,445e80c13e837d6daec74afe5fc92b75264a8478a880d1eac3b5855834162dce,false,Execution,none,raw Computer/IpAddress/User fields,
2021-01-19T13:27:18.901+0000,2021-01-19T13:27:18.901+0000,10,Microsoft-Windows-Sysmon/Operational,ict3214:attack_trace,PS-HOST-01,,,,,,,C:\Windows\sysmon64.exe,C:\Windows\system32\svchost.exe,0x1400,,,,,,,{E983936C-B38F-6006-0C00-00000000A301},592,{E983936C-B3A0-6006-3100-00000000A301},2052,,T1059.001,PowerShell,Execution,TRACE-PS-01,powershell,https://raw.githubusercontent.com/splunk/attack_data/master/datasets/attack_techniques/T1059.001/encoded_powershell/windows-sysmon.log,5dc1860915c2b0b23db5e42399c3145ad35acb88e59f2cd57fc3602ded8652cf,false,Execution,none,raw Computer/IpAddress/User fields,
2021-01-19T13:27:18.901+0000,2021-01-19T13:27:18.901+0000,10,Microsoft-Windows-Sysmon/Operational,ict3214:attack_trace,PS-HOST-01,,,,,,,C:\Windows\sysmon64.exe,C:\Windows\system32\svchost.exe,0x1400,,,,,,,{E983936C-B38F-6006-0C00-00000000A301},592,{E983936C-B3A0-6006-3100-00000000A301},2052,,T1059.001,PowerShell,Execution,TRACE-PS-01,powershell,https://raw.githubusercontent.com/splunk/attack_data/master/datasets/attack_techniques/T1059.001/encoded_powershell/windows-sysmon.log,b8ac6ea0229213de2634c94494678940288479287c259920fdb6dd15da05a9e1,false,Execution,none,raw Computer/IpAddress/User fields,
2021-01-19T13:27:18.901+0000,2021-01-19T13:27:18.901+0000,1,Microsoft-Windows-Sysmon/Operational,ict3214:attack_trace,PS-HOST-01,,,NT AUTHORITY\SYSTEM,C:\Program Files\SplunkUniversalForwarder\bin\splunk-MonitorNoHandle.exe,C:\Program Files\SplunkUniversalForwarder\bin\splunkd.exe,"""C:\Program Files\SplunkUniversalForwarder\bin\splunk-MonitorNoHandle.exe""",,,,,,,,{E983936C-DE36-6006-9909-00000000A301},5860,,,,,,T1059.001,PowerShell,Execution,TRACE-PS-01,powershell,https://raw.githubusercontent.com/splunk/attack_data/master/datasets/attack_techniques/T1059.001/encoded_powershell/windows-sysmon.log,bc77a48cf86ca4da3af2e9af82294fa7add2d8865878655c85a2f8b1084ae476,false,Execution,none,raw Computer/IpAddress/User fields,{E983936C-B438-6006-B400-00000000A301}
2021-01-19T13:27:18.901+0000,2021-01-19T13:27:18.901+0000,10,Microsoft-Windows-Sysmon/Operational,ict3214:attack_trace,PS-HOST-01,,,,,,,C:\Program Files\SplunkUniversalForwarder\bin\splunk-MonitorNoHandle.exe,C:\Windows\system32\csrss.exe,0x1fffff,,,,,,,{E983936C-B38D-6006-0500-00000000A301},636,{E983936C-DE36-6006-9909-00000000A301},5860,,T1059.001,PowerShell,Execution,TRACE-PS-01,powershell,https://raw.githubusercontent.com/splunk/attack_data/master/datasets/attack_techniques/T1059.001/encoded_powershell/windows-sysmon.log,e147ab517d568f25140294ca9beb166a0ea335950fd5f186320f4c1a01a3e709,false,Execution,none,raw Computer/IpAddress/User fields,
2021-01-19T13:27:18.901+0000,2021-01-19T13:27:18.901+0000,10,Microsoft-Windows-Sysmon/Operational,ict3214:attack_trace,PS-HOST-01,,,,,,,C:\Windows\sysmon64.exe,C:\Windows\system32\svchost.exe,0x1400,,,,,,,{E983936C-B38F-6006-0C00-00000000A301},592,{E983936C-B3A0-6006-3100-00000000A301},2052,,T1059.001,PowerShell,Execution,TRACE-PS-01,powershell,https://raw.githubusercontent.com/splunk/attack_data/master/datasets/attack_techniques/T1059.001/encoded_powershell/windows-sysmon.log,f67a1754927f87637f1448c1a3031737e494a5d35b7b79cf296dad5c4de46ede,false,Execution,none,raw Computer/IpAddress/User fields,
2021-01-19T13:27:18.902+0000,2021-01-19T13:27:18.902+0000,10,Microsoft-Windows-Sysmon/Operational,ict3214:attack_trace,PS-HOST-01,,,,,,,C:\Program Files\SplunkUniversalForwarder\bin\splunk-MonitorNoHandle.exe,C:\Windows\system32\conhost.exe,0x1fffff,,,,,,,{E983936C-B439-6006-B800-00000000A301},4284,{E983936C-DE36-6006-9909-00000000A301},5860,,T1059.001,PowerShell,Execution,TRACE-PS-01,powershell,https://raw.githubusercontent.com/splunk/attack_data/master/datasets/attack_techniques/T1059.001/encoded_powershell/windows-sysmon.log,eea4ea7920a273fe5958e722ca1a7710a52830e185579347c91a44959d4666c8,false,Execution,none,raw Computer/IpAddress/User fields,
2021-01-19T13:27:19.572+0000,2021-01-19T13:27:19.572+0000,10,Microsoft-Windows-Sysmon/Operational,ict3214:attack_trace,PS-HOST-01,,,,,,,C:\Windows\sysmon64.exe,C:\Windows\system32\svchost.exe,0x1400,,,,,,,{E983936C-B38F-6006-0C00-00000000A301},592,{E983936C-B3A0-6006-3100-00000000A301},2052,,T1059.001,PowerShell,Execution,TRACE-PS-01,powershell,https://raw.githubusercontent.com/splunk/attack_data/master/datasets/attack_techniques/T1059.001/encoded_powershell/windows-sysmon.log,3c17c45d89d5847a9e881eb3dde17d4e40afa10252304a07919781c29cbd3c88,false,Execution,none,raw Computer/IpAddress/User fields,
2021-01-19T13:27:19.572+0000,2021-01-19T13:27:19.572+0000,10,Microsoft-Windows-Sysmon/Operational,ict3214:attack_trace,PS-HOST-01,,,,,,,C:\Program Files\SplunkUniversalForwarder\bin\splunk-powershell.exe,C:\Windows\system32\csrss.exe,0x1fffff,,,,,,,{E983936C-B38D-6006-0500-00000000A301},636,{E983936C-DE37-6006-9A09-00000000A301},7992,,T1059.001,PowerShell,Execution,TRACE-PS-01,powershell,https://raw.githubusercontent.com/splunk/attack_data/master/datasets/attack_techniques/T1059.001/encoded_powershell/windows-sysmon.log,4183e5d9c4875f171433f4cfe405a900d01ab9202c17c20678d841bc99030df3,false,Execution,none,raw Computer/IpAddress/User fields,
2021-01-19T13:27:19.572+0000,2021-01-19T13:27:19.572+0000,10,Microsoft-Windows-Sysmon/Operational,ict3214:attack_trace,PS-HOST-01,,,,,,,C:\Program Files\SplunkUniversalForwarder\bin\splunk-powershell.exe,C:\Program Files\SplunkUniversalForwarder\bin\splunkd.exe,0x1fffff,,,,,,,{E983936C-B438-6006-B400-00000000A301},4412,{E983936C-DE37-6006-9A09-00000000A301},7992,,T1059.001,PowerShell,Execution,TRACE-PS-01,powershell,https://raw.githubusercontent.com/splunk/attack_data/master/datasets/attack_techniques/T1059.001/encoded_powershell/windows-sysmon.log,85a8f0790164922964adb0ce70ab365768be7eb30c668e16dff861d92dbb46fc,false,Execution,none,raw Computer/IpAddress/User fields,
2021-01-19T13:27:19.572+0000,2021-01-19T13:27:19.572+0000,1,Microsoft-Windows-Sysmon/Operational,ict3214:attack_trace,PS-HOST-01,,,NT AUTHORITY\SYSTEM,C:\Program Files\SplunkUniversalForwarder\bin\splunk-powershell.exe,C:\Program Files\SplunkUniversalForwarder\bin\splunkd.exe,"""C:\Program Files\SplunkUniversalForwarder\bin\splunk-powershell.exe""",,,,,,,,{E983936C-DE37-6006-9A09-00000000A301},7992,,,,,,T1059.001,PowerShell,Execution,TRACE-PS-01,powershell,https://raw.githubusercontent.com/splunk/attack_data/master/datasets/attack_techniques/T1059.001/encoded_powershell/windows-sysmon.log,875c10ed6b7e0b832e89bd43327854eef187ca059cfd63c5b50c8589d3ebf37a,false,Execution,none,raw Computer/IpAddress/User fields,{E983936C-B438-6006-B400-00000000A301}
2021-01-19T13:27:19.572+0000,2021-01-19T13:27:19.572+0000,10,Microsoft-Windows-Sysmon/Operational,ict3214:attack_trace,PS-HOST-01,,,,,,,C:\Windows\sysmon64.exe,C:\Windows\system32\svchost.exe,0x1400,,,,,,,{E983936C-B38F-6006-0C00-00000000A301},592,{E983936C-B3A0-6006-3100-00000000A301},2052,,T1059.001,PowerShell,Execution,TRACE-PS-01,powershell,https://raw.githubusercontent.com/splunk/attack_data/master/datasets/attack_techniques/T1059.001/encoded_powershell/windows-sysmon.log,893b269eb7783b92d3ceefb6c6d6b337e750df470528aed12d040af84ab2693b,false,Execution,none,raw Computer/IpAddress/User fields,
2021-01-19T13:27:19.572+0000,2021-01-19T13:27:19.572+0000,10,Microsoft-Windows-Sysmon/Operational,ict3214:attack_trace,PS-HOST-01,,,,,,,C:\Windows\sysmon64.exe,C:\Windows\system32\svchost.exe,0x1400,,,,,,,{E983936C-B38F-6006-0C00-00000000A301},592,{E983936C-B3A0-6006-3100-00000000A301},2052,,T1059.001,PowerShell,Execution,TRACE-PS-01,powershell,https://raw.githubusercontent.com/splunk/attack_data/master/datasets/attack_techniques/T1059.001/encoded_powershell/windows-sysmon.log,920ba28ee68dc636945b0e74d958da520abca67efe65e7c4aae9f334e00bfe20,false,Execution,none,raw Computer/IpAddress/User fields,
2021-01-19T13:27:19.572+0000,2021-01-19T13:27:19.572+0000,10,Microsoft-Windows-Sysmon/Operational,ict3214:attack_trace,PS-HOST-01,,,,,,,C:\Windows\sysmon64.exe,C:\Windows\system32\svchost.exe,0x1400,,,,,,,{E983936C-B38F-6006-0C00-00000000A301},592,{E983936C-B3A0-6006-3100-00000000A301},2052,,T1059.001,PowerShell,Execution,TRACE-PS-01,powershell,https://raw.githubusercontent.com/splunk/attack_data/master/datasets/attack_techniques/T1059.001/encoded_powershell/windows-sysmon.log,df92557c0bb8f5a80d81f48efacafe040b527abbf21e794281c42dca2df1cfc6,false,Execution,none,raw Computer/IpAddress/User fields,
2021-01-19T13:27:19.573+0000,2021-01-19T13:27:19.573+0000,10,Microsoft-Windows-Sysmon/Operational,ict3214:attack_trace,PS-HOST-01,,,,,,,C:\Program Files\SplunkUniversalForwarder\bin\splunk-powershell.exe,C:\Windows\system32\conhost.exe,0x1fffff,,,,,,,{E983936C-B439-6006-B800-00000000A301},4284,{E983936C-DE37-6006-9A09-00000000A301},7992,,T1059.001,PowerShell,Execution,TRACE-PS-01,powershell,https://raw.githubusercontent.com/splunk/attack_data/master/datasets/attack_techniques/T1059.001/encoded_powershell/windows-sysmon.log,9118dca43ac50ab8e8f32225bf1e1ef901cf5e6ec9b829eb58fa42bc9fdd359a,false,Execution,none,raw Computer/IpAddress/User fields,
2021-01-19T13:27:19.721+0000,2021-01-19T13:27:19.721+0000,10,Microsoft-Windows-Sysmon/Operational,ict3214:attack_trace,PS-HOST-01,,,,,,,C:\Program Files\SplunkUniversalForwarder\bin\splunkd.exe,C:\Program Files\SplunkUniversalForwarder\bin\splunk-powershell.exe,0x101400,,,,,,,{E983936C-DE37-6006-9A09-00000000A301},7992,{E983936C-B438-6006-B400-00000000A301},4412,,T1059.001,PowerShell,Execution,TRACE-PS-01,powershell,https://raw.githubusercontent.com/splunk/attack_data/master/datasets/attack_techniques/T1059.001/encoded_powershell/windows-sysmon.log,31cff01cc95e44a4abd3fcec293141503ff80ebd903eb6989d3cd02bf2f69a4b,false,Execution,none,raw Computer/IpAddress/User fields,
2021-01-19T13:27:20.244+0000,2021-01-19T13:27:20.244+0000,10,Microsoft-Windows-Sysmon/Operational,ict3214:attack_trace,PS-HOST-01,,,,,,,C:\Windows\sysmon64.exe,C:\Windows\system32\svchost.exe,0x1400,,,,,,,{E983936C-B38F-6006-0C00-00000000A301},592,{E983936C-B3A0-6006-3100-00000000A301},2052,,T1059.001,PowerShell,Execution,TRACE-PS-01,powershell,https://raw.githubusercontent.com/splunk/attack_data/master/datasets/attack_techniques/T1059.001/encoded_powershell/windows-sysmon.log,0ab41dbede8a07cbef099f11c25cb9739de1e066d51c4f96717ffe117427e804,false,Execution,none,raw Computer/IpAddress/User fields,
2021-01-19T13:27:20.244+0000,2021-01-19T13:27:20.244+0000,10,Microsoft-Windows-Sysmon/Operational,ict3214:attack_trace,PS-HOST-01,,,,,,,C:\Windows\sysmon64.exe,C:\Windows\system32\svchost.exe,0x1400,,,,,,,{E983936C-B38F-6006-0C00-00000000A301},592,{E983936C-B3A0-6006-3100-00000000A301},2052,,T1059.001,PowerShell,Execution,TRACE-PS-01,powershell,https://raw.githubusercontent.com/splunk/attack_data/master/datasets/attack_techniques/T1059.001/encoded_powershell/windows-sysmon.log,23c9180fb03cf7b2d771d3014de565387e8fc211a3a34669decddd613a7e7dda,false,Execution,none,raw Computer/IpAddress/User fields,
2021-01-19T13:27:20.244+0000,2021-01-19T13:27:20.244+0000,10,Microsoft-Windows-Sysmon/Operational,ict3214:attack_trace,PS-HOST-01,,,,,,,C:\Windows\sysmon64.exe,C:\Windows\system32\svchost.exe,0x1400,,,,,,,{E983936C-B38F-6006-0C00-00000000A301},592,{E983936C-B3A0-6006-3100-00000000A301},2052,,T1059.001,PowerShell,Execution,TRACE-PS-01,powershell,https://raw.githubusercontent.com/splunk/attack_data/master/datasets/attack_techniques/T1059.001/encoded_powershell/windows-sysmon.log,371e92ece7d4f0543af05e548263ed1cf04077fd8fc06f57e6d8f8c7a4610d5f,false,Execution,none,raw Computer/IpAddress/User fields,
2021-01-19T13:27:20.244+0000,2021-01-19T13:27:20.244+0000,10,Microsoft-Windows-Sysmon/Operational,ict3214:attack_trace,PS-HOST-01,,,,,,,C:\Program Files\SplunkUniversalForwarder\bin\splunk-powershell.exe,C:\Windows\system32\csrss.exe,0x1fffff,,,,,,,{E983936C-B38D-6006-0500-00000000A301},636,{E983936C-DE38-6006-9B09-00000000A301},7984,,T1059.001,PowerShell,Execution,TRACE-PS-01,powershell,https://raw.githubusercontent.com/splunk/attack_data/master/datasets/attack_techniques/T1059.001/encoded_powershell/windows-sysmon.log,acdfcc841d8cb785932b3869dafb29954336346ed16ccffe896bf8da07a2caf8,false,Execution,none,raw Computer/IpAddress/User fields,
2021-01-19T13:27:20.244+0000,2021-01-19T13:27:20.244+0000,10,Microsoft-Windows-Sysmon/Operational,ict3214:attack_trace,PS-HOST-01,,,,,,,C:\Program Files\SplunkUniversalForwarder\bin\splunk-powershell.exe,C:\Program Files\SplunkUniversalForwarder\bin\splunkd.exe,0x1fffff,,,,,,,{E983936C-B438-6006-B400-00000000A301},4412,{E983936C-DE38-6006-9B09-00000000A301},7984,,T1059.001,PowerShell,Execution,TRACE-PS-01,powershell,https://raw.githubusercontent.com/splunk/attack_data/master/datasets/attack_techniques/T1059.001/encoded_powershell/windows-sysmon.log,e31b37082919db760cf19f750c053415faa67b1d14efb1d5a177b8bf055d11ac,false,Execution,none,raw Computer/IpAddress/User fields,
2021-01-19T13:27:20.244+0000,2021-01-19T13:27:20.244+0000,1,Microsoft-Windows-Sysmon/Operational,ict3214:attack_trace,PS-HOST-01,,,NT AUTHORITY\SYSTEM,C:\Program Files\SplunkUniversalForwarder\bin\splunk-powershell.exe,C:\Program Files\SplunkUniversalForwarder\bin\splunkd.exe,"""C:\Program Files\SplunkUniversalForwarder\bin\splunk-powershell.exe"" --ps2",,,,,,,,{E983936C-DE38-6006-9B09-00000000A301},7984,,,,,,T1059.001,PowerShell,Execution,TRACE-PS-01,powershell,https://raw.githubusercontent.com/splunk/attack_data/master/datasets/attack_techniques/T1059.001/encoded_powershell/windows-sysmon.log,e3e2d1bb6341de6cc36aa735f038e80ef7279ab4c5eb016c2043a3e3e9827c94,false,Execution,none,raw Computer/IpAddress/User fields,{E983936C-B438-6006-B400-00000000A301}
2021-01-19T13:27:20.244+0000,2021-01-19T13:27:20.244+0000,10,Microsoft-Windows-Sysmon/Operational,ict3214:attack_trace,PS-HOST-01,,,,,,,C:\Windows\sysmon64.exe,C:\Windows\system32\svchost.exe,0x1400,,,,,,,{E983936C-B38F-6006-0C00-00000000A301},592,{E983936C-B3A0-6006-3100-00000000A301},2052,,T1059.001,PowerShell,Execution,TRACE-PS-01,powershell,https://raw.githubusercontent.com/splunk/attack_data/master/datasets/attack_techniques/T1059.001/encoded_powershell/windows-sysmon.log,fbcf2334a9c3118bec0faf1399d773e06f8291c4b1a10f9803427a13ad5b5943,false,Execution,none,raw Computer/IpAddress/User fields,
