2021-01-19T13:20:22.157+0000,2021-01-19T13:20:22.157+0000,10,Microsoft-Windows-Sysmon/Operational,ict3214:attack_trace,PS-HOST-01,,,,,,,C:\Program Files\SplunkUniversalForwarder\bin\splunk-admon.exe,C:\Program Files\SplunkUniversalForwarder\bin\splunkd.exe,0x1fffff,,,,,,,{E983936C-B438-6006-B400-00000000A301},4412,{E983936C-DC96-6006-6B09-00000000A301},5392,,T1059.001,PowerShell,Execution,TRACE-PS-01,powershell,https://raw.githubusercontent.com/splunk/attack_data/master/datasets/attack_techniques/T1059.001/encoded_powershell/windows-sysmon.log,147f2fdc042ec9ed41bcbddfd629d9abde7c41635c7f618cbcd1b3bfeb66726e,false,Execution,none,raw Computer/IpAddress/User fields,
2021-01-19T13:20:22.157+0000,2021-01-19T13:20:22.157+0000,10,Microsoft-Windows-Sysmon/Operational,ict3214:attack_trace,PS-HOST-01,,,,,,,C:\Windows\sysmon64.exe,C:\Windows\system32\svchost.exe,0x1400,,,,,,,{E983936C-B38F-6006-0C00-00000000A301},592,{E983936C-B3A0-6006-3100-00000000A301},2052,,T1059.001,PowerShell,Execution,TRACE-PS-01,powershell,https://raw.githubusercontent.com/splunk/attack_data/master/datasets/attack_techniques/T1059.001/encoded_powershell/windows-sysmon.log,27225c354e07d29d37d739dc7c3a4fe9d41364245f5cd26c0e20eca54fe68095,false,Execution,none,raw Computer/IpAddress/User fields,
2021-01-19T13:20:22.157+0000,2021-01-19T13:20:22.157+0000,10,Microsoft-Windows-Sysmon/Operational,ict3214:attack_trace,PS-HOST-01,,,,,,,C:\Program Files\SplunkUniversalForwarder\bin\splunk-admon.exe,C:\Windows\system32\csrss.exe,0x1fffff,,,,,,,{E983936C-B38D-6006-0500-00000000A301},636,{E983936C-DC96-6006-6B09-00000000A301},5392,,T1059.001,PowerShell,Execution,TRACE-PS-01,powershell,https://raw.githubusercontent.com/splunk/attack_data/master/datasets/attack_techniques/T1059.001/encoded_powershell/windows-sysmon.log,2a15e9f318d2863706f229ab91697d0dba52c08df5c6cdd84d0368ef8f6cb05e,false,Execution,none,raw Computer/IpAddress/User fields,
2021-01-19T13:20:22.157+0000,2021-01-19T13:20:22.157+0000,10,Microsoft-Windows-Sysmon/Operational,ict3214:attack_trace,PS-HOST-01,,,,,,,C:\Windows\sysmon64.exe,C:\Windows\system32\svchost.exe,0x1400,,,,,,,{E983936C-B38F-6006-0C00-00000000A301},592,{E983936C-B3A0-6006-3100-00000000A301},2052,,T1059.001,PowerShell,Execution,TRACE-PS-01,powershell,https://raw.githubusercontent.com/splunk/attack_data/master/datasets/attack_techniques/T1059.001/encoded_powershell/windows-sysmon.log,44b7e07e9d39fe0cf26fd3e15b354a4128045a9f30310d5c7c029aff22b6e330,false,Execution,none,raw Computer/IpAddress/User fields,
2021-01-19T13:20:22.157+0000,2021-01-19T13:20:22.157+0000,10,Microsoft-Windows-Sysmon/Operational,ict3214:attack_trace,PS-HOST-01,,,,,,,C:\Windows\sysmon64.exe,C:\Windows\system32\svchost.exe,0x1400,,,,,,,{E983936C-B38F-6006-0C00-00000000A301},592,{E983936C-B3A0-6006-3100-00000000A301},2052,,T1059.001,PowerShell,Execution,TRACE-PS-01,powershell,https://raw.githubusercontent.com/splunk/attack_data/master/datasets/attack_techniques/T1059.001/encoded_powershell/windows-sysmon.log,5e66ffda076becd9c29887668b2abcfdd09f7415ddd25de567eddc27a31899cb,false,Execution,none,raw Computer/IpAddress/User fields,
2021-01-19T13:20:22.157+0000,2021-01-19T13:20:22.157+0000,1,Microsoft-Windows-Sysmon/Operational,ict3214:attack_trace,PS-HOST-01,,,NT AUTHORITY\SYSTEM,C:\Program Files\SplunkUniversalForwarder\bin\splunk-admon.exe,C:\Program Files\SplunkUniversalForwarder\bin\splunkd.exe,"""C:\Program Files\SplunkUniversalForwarder\bin\splunk-admon.exe""",,,,,,,,{E983936C-DC96-6006-6B09-00000000A301},5392,,,,,,T1059.001,PowerShell,Execution,TRACE-PS-01,powershell,https://raw.githubusercontent.com/splunk/attack_data/master/datasets/attack_techniques/T1059.001/encoded_powershell/windows-sysmon.log,7a77a39d546b5753d8783cd0446d73ff7aa571639c4dc54bc783c3016215ae31,false,Execution,none,raw Computer/IpAddress/User fields,{E983936C-B438-6006-B400-00000000A301}
2021-01-19T13:20:22.157+0000,2021-01-19T13:20:22.157+0000,10,Microsoft-Windows-Sysmon/Operational,ict3214:attack_trace,PS-HOST-01,,,,,,,C:\Windows\sysmon64.exe,C:\Windows\system32\svchost.exe,0x1400,,,,,,,{E983936C-B38F-6006-0C00-00000000A301},592,{E983936C-B3A0-6006-3100-00000000A301},2052,,T1059.001,PowerShell,Execution,TRACE-PS-01,powershell,https://raw.githubusercontent.com/splunk/attack_data/master/datasets/attack_techniques/T1059.001/encoded_powershell/windows-sysmon.log,89b3e3314c94dc54a3ba6112916d2480ebab507e640da599617b3f2dc8359eb1,false,Execution,none,raw Computer/IpAddress/User fields,
2021-01-19T13:20:22.158+0000,2021-01-19T13:20:22.158+0000,10,Microsoft-Windows-Sysmon/Operational,ict3214:attack_trace,PS-HOST-01,,,,,,,C:\Program Files\SplunkUniversalForwarder\bin\splunk-admon.exe,C:\Windows\system32\conhost.exe,0x1fffff,,,,,,,{E983936C-B439-6006-B800-00000000A301},4284,{E983936C-DC96-6006-6B09-00000000A301},5392,,T1059.001,PowerShell,Execution,TRACE-PS-01,powershell,https://raw.githubusercontent.com/splunk/attack_data/master/datasets/attack_techniques/T1059.001/encoded_powershell/windows-sysmon.log,2237d094bda056d4e9a4558acfb6ba5ef990364ad5697a470b4138464f05286e,false,Execution,none,raw Computer/IpAddress/User fields,
2021-01-19T13:20:22.264+0000,2021-01-19T13:20:22.264+0000,13,Microsoft-Windows-Sysmon/Operational,ict3214:attack_trace,PS-HOST-01,,,,C:\Windows\system32\lsass.exe,,,,,,,,HKLM\System\CurrentControlSet\Services\W32Time\SecureTimeLimits\SecureTimeLow,QWORD (0x01d6ee5d-0x74d62e9d),{E983936C-B38D-6006-0B00-00000000A301},852,,,,,,T1059.001,PowerShell,Execution,TRACE-PS-01,powershell,https://raw.githubusercontent.com/splunk/attack_data/master/datasets/attack_techniques/T1059.001/encoded_powershell/windows-sysmon.log,20e9b50f377635d9d7bc60c71115be9ec521a310efe76425f88b3567f58af5d8,false,Execution,none,raw Computer/IpAddress/User fields,
2021-01-19T13:20:22.264+0000,2021-01-19T13:20:22.264+0000,13,Microsoft-Windows-Sysmon/Operational,ict3214:attack_trace,PS-HOST-01,,,,C:\Windows\system32\lsass.exe,,,,,,,,HKLM\System\CurrentControlSet\Services\W32Time\SecureTimeLimits\RunTime\SecureTimeConfidence,DWORD (0x00000008),{E983936C-B38D-6006-0B00-00000000A301},852,,,,,,T1059.001,PowerShell,Execution,TRACE-PS-01,powershell,https://raw.githubusercontent.com/splunk/attack_data/master/datasets/attack_techniques/T1059.001/encoded_powershell/windows-sysmon.log,3ef9f2644f9836f465e3d7e287f123289e72e51f68f3d2dd249d8504641af95b,false,Execution,none,raw Computer/IpAddress/User fields,
2021-01-19T13:20:22.264+0000,2021-01-19T13:20:22.264+0000,13,Microsoft-Windows-Sysmon/Operational,ict3214:attack_trace,PS-HOST-01,,,,C:\Windows\system32\lsass.exe,,,,,,,,HKLM\System\CurrentControlSet\Services\W32Time\SecureTimeLimits\SecureTimeEstimated,QWORD (0x01d6ee65-0xd69a969d),{E983936C-B38D-6006-0B00-00000000A301},852,,,,,,T1059.001,PowerShell,Execution,TRACE-PS-01,powershell,https://raw.githubusercontent.com/splunk/attack_data/master/datasets/attack_techniques/T1059.001/encoded_powershell/windows-sysmon.log,5bcaccf7875839b81619b215ec6ac825e74fb9443790efca9d7d21decfa3a1ce,false,Execution,none,raw Computer/IpAddress/User fields,
2021-01-19T13:20:22.264+0000,2021-01-19T13:20:22.264+0000,13,Microsoft-Windows-Sysmon/Operational,ict3214:attack_trace,PS-HOST-01,,,,C:\Windows\system32\lsass.exe,,,,,,,,HKLM\System\CurrentControlSet\Services\W32Time\SecureTimeLimits\SecureTimeHigh,QWORD (0x01d6ee6e-0x385efe9d),{E983936C-B38D-6006-0B00-00000000A301},852,,,,,,T1059.001,PowerShell,Execution,TRACE-PS-01,powershell,https://raw.githubusercontent.com/splunk/attack_data/master/datasets/attack_techniques/T1059.001/encoded_powershell/windows-sysmon.log,db32194fe2f7094da74dead3d9395bb8cbfc05d8caf26bbb1d1246acf23ec9e5,false,Execution,none,raw Computer/IpAddress/User fields,
2021-01-19T13:20:22.264+0000,2021-01-19T13:20:22.264+0000,13,Microsoft-Windows-Sysmon/Operational,ict3214:attack_trace,PS-HOST-01,,,,C:\Windows\system32\lsass.exe,,,,,,,,HKLM\System\CurrentControlSet\Services\W32Time\SecureTimeLimits\RunTime\SecureTimeTickCount,QWORD (0x00000000-0x00a06036),{E983936C-B38D-6006-0B00-00000000A301},852,,,,,,T1059.001,PowerShell,Execution,TRACE-PS-01,powershell,https://raw.githubusercontent.com/splunk/attack_data/master/datasets/attack_techniques/T1059.001/encoded_powershell/windows-sysmon.log,ffda74b0d8f899d7fa80176210e7765afb52c69f8a96e26f2aad44e9f9692313,false,Execution,none,raw Computer/IpAddress/User fields,
2021-01-19T13:20:22.265+0000,2021-01-19T13:20:22.265+0000,13,Microsoft-Windows-Sysmon/Operational,ict3214:attack_trace,PS-HOST-01,,,,C:\Windows\system32\lsass.exe,,,,,,,,HKLM\System\CurrentControlSet\Services\W32Time\SecureTimeLimits\SecureTimeHigh,QWORD (0x01d6ee6e-0x385efe9d),{E983936C-B38D-6006-0B00-00000000A301},852,,,,,,T1059.001,PowerShell,Execution,TRACE-PS-01,powershell,https://raw.githubusercontent.com/splunk/attack_data/master/datasets/attack_techniques/T1059.001/encoded_powershell/windows-sysmon.log,6c268143a873d9ef0501d0a394c3a40907d7deddda7c167aa9c394204acc2a1a,false,Execution,none,raw Computer/IpAddress/User fields,
2021-01-19T13:20:22.265+0000,2021-01-19T13:20:22.265+0000,13,Microsoft-Windows-Sysmon/Operational,ict3214:attack_trace,PS-HOST-01,,,,C:\Windows\system32\lsass.exe,,,,,,,,HKLM\System\CurrentControlSet\Services\W32Time\SecureTimeLimits\RunTime\SecureTimeTickCount,QWORD (0x00000000-0x00a06036),{E983936C-B38D-6006-0B00-00000000A301},852,,,,,,T1059.001,PowerShell,Execution,TRACE-PS-01,powershell,https://raw.githubusercontent.com/splunk/attack_data/master/datasets/attack_techniques/T1059.001/encoded_powershell/windows-sysmon.log,a37bf92ccc2d0644e75dfc78ac7fabd910c3bb22e880a28111671356e5a9066a,false,Execution,none,raw Computer/IpAddress/User fields,
2021-01-19T13:20:22.265+0000,2021-01-19T13:20:22.265+0000,13,Microsoft-Windows-Sysmon/Operational,ict3214:attack_trace,PS-HOST-01,,,,C:\Windows\system32\lsass.exe,,,,,,,,HKLM\System\CurrentControlSet\Services\W32Time\SecureTimeLimits\SecureTimeLow,QWORD (0x01d6ee5d-0x74d62e9d),{E983936C-B38D-6006-0B00-00000000A301},852,,,,,,T1059.001,PowerShell,Execution,TRACE-PS-01,powershell,https://raw.githubusercontent.com/splunk/attack_data/master/datasets/attack_techniques/T1059.001/encoded_powershell/windows-sysmon.log,bdaa868d5fde31b57ebd18e96a1e133be4a9d6a10db104032bd1672af35a2526,false,Execution,none,raw Computer/IpAddress/User fields,
2021-01-19T13:20:22.265+0000,2021-01-19T13:20:22.265+0000,13,Microsoft-Windows-Sysmon/Operational,ict3214:attack_trace,PS-HOST-01,,,,C:\Windows\system32\lsass.exe,,,,,,,,HKLM\System\CurrentControlSet\Services\W32Time\SecureTimeLimits\RunTime\SecureTimeConfidence,DWORD (0x00000008),{E983936C-B38D-6006-0B00-00000000A301},852,,,,,,T1059.001,PowerShell,Execution,TRACE-PS-01,powershell,https://raw.githubusercontent.com/splunk/attack_data/master/datasets/attack_techniques/T1059.001/encoded_powershell/windows-sysmon.log,fd190a1ac524e6a936e7ea0df4e122d2491bb2926de20c13ac7239f5f6a04956,false,Execution,none,raw Computer/IpAddress/User fields,
2021-01-19T13:20:22.265+0000,2021-01-19T13:20:22.265+0000,13,Microsoft-Windows-Sysmon/Operational,ict3214:attack_trace,PS-HOST-01,,,,C:\Windows\system32\lsass.exe,,,,,,,,HKLM\System\CurrentControlSet\Services\W32Time\SecureTimeLimits\SecureTimeEstimated,QWORD (0x01d6ee65-0xd69a969d),{E983936C-B38D-6006-0B00-00000000A301},852,,,,,,T1059.001,PowerShell,Execution,TRACE-PS-01,powershell,https://raw.githubusercontent.com/splunk/attack_data/master/datasets/attack_techniques/T1059.001/encoded_powershell/windows-sysmon.log,ffff86a3d81705a955a7e8686f418dfbfb36916916775f5ccba35b1c06da949c,false,Execution,none,raw Computer/IpAddress/User fields,
2021-01-19T13:20:22.305+0000,2021-01-19T13:20:22.305+0000,10,Microsoft-Windows-Sysmon/Operational,ict3214:attack_trace,PS-HOST-01,,,,,,,C:\Program Files\SplunkUniversalForwarder\bin\splunkd.exe,C:\Program Files\SplunkUniversalForwarder\bin\splunk-admon.exe,0x101400,,,,,,,{E983936C-DC96-6006-6B09-00000000A301},5392,{E983936C-B438-6006-B400-00000000A301},4412,,T1059.001,PowerShell,Execution,TRACE-PS-01,powershell,https://raw.githubusercontent.com/splunk/attack_data/master/datasets/attack_techniques/T1059.001/encoded_powershell/windows-sysmon.log,08d46b76b24499d41dd386247d2bdbc315682cf95608e573b79960f152972cb5,false,Execution,none,raw Computer/IpAddress/User fields,
2021-01-19T13:20:24.751+0000,2021-01-19T13:20:24.751+0000,10,Microsoft-Windows-Sysmon/Operational,ict3214:attack_trace,PS-HOST-01,,,,,,,C:\Windows\sysmon64.exe,C:\Windows\system32\svchost.exe,0x1400,,,,,,,{E983936C-B38F-6006-0C00-00000000A301},592,{E983936C-B3A0-6006-3100-00000000A301},2052,,T1059.001,PowerShell,Execution,TRACE-PS-01,powershell,https://raw.githubusercontent.com/splunk/attack_data/master/datasets/attack_techniques/T1059.001/encoded_powershell/windows-sysmon.log,03d1de0f56ef2e8bee31ac13d0799c5d5a5a51fa5ede3e7c00fa7ea9f7921f6a,false,Execution,none,raw Computer/IpAddress/User fields,
2021-01-19T13:20:24.751+0000,2021-01-19T13:20:24.751+0000,10,Microsoft-Windows-Sysmon/Operational,ict3214:attack_trace,PS-HOST-01,,,,,,,C:\Windows\sysmon64.exe,C:\Windows\system32\svchost.exe,0x1400,,,,,,,{E983936C-B38F-6006-0C00-00000000A301},592,{E983936C-B3A0-6006-3100-00000000A301},2052,,T1059.001,PowerShell,Execution,TRACE-PS-01,powershell,https://raw.githubusercontent.com/splunk/attack_data/master/datasets/attack_techniques/T1059.001/encoded_powershell/windows-sysmon.log,629878a5c09f4ce8e3ed2b859bf4f6fa9545c5326263c9bba07cc2118021f2aa,false,Execution,none,raw Computer/IpAddress/User fields,
2021-01-19T13:20:24.751+0000,2021-01-19T13:20:24.751+0000,1,Microsoft-Windows-Sysmon/Operational,ict3214:attack_trace,PS-HOST-01,,,NT AUTHORITY\SYSTEM,C:\Program Files\SplunkUniversalForwarder\bin\splunk-winprintmon.exe,C:\Program Files\SplunkUniversalForwarder\bin\splunkd.exe,"""C:\Program Files\SplunkUniversalForwarder\bin\splunk-winprintmon.exe""",,,,,,,,{E983936C-DC98-6006-6C09-00000000A301},4496,,,,,,T1059.001,PowerShell,Execution,TRACE-PS-01,powershell,https://raw.githubusercontent.com/splunk/attack_data/master/datasets/attack_techniques/T1059.001/encoded_powershell/windows-sysmon.log,776a1a1adad2242c3b459eeac38324ec97085adc3ed83a64d9ee55d5d8004eed,false,Execution,none,raw Computer/IpAddress/User fields,{E983936C-B438-6006-B400-00000000A301}
2021-01-19T13:20:24.751+0000,2021-01-19T13:20:24.751+0000,10,Microsoft-Windows-Sysmon/Operational,ict3214:attack_trace,PS-HOST-01,,,,,,,C:\Windows\sysmon64.exe,C:\Windows\system32\svchost.exe,0x1400,,,,,,,{E983936C-B38F-6006-0C00-00000000A301},592,{E983936C-B3A0-6006-3100-00000000A301},2052,,T1059.001,PowerShell,Execution,TRACE-PS-01,powershell,https://raw.githubusercontent.com/splunk/attack_data/master/datasets/attack_techniques/T1059.001/encoded_powershell/windows-sysmon.log,80646df187bfafbd73ccddd5b80e6342f96082e7e29c1724927f7d696314d346,false,Execution,none,raw Computer/IpAddress/User fields,
2021-01-19T13:20:24.751+0000,2021-01-19T13:20:24.751+0000,10,Microsoft-Windows-Sysmon/Operational,ict3214:attack_trace,PS-HOST-01,,,,,,,C:\Program Files\SplunkUniversalForwarder\bin\splunk-winprintmon.exe,C:\Windows\system32\csrss.exe,0x1fffff,,,,,,,{E983936C-B38D-6006-0500-00000000A301},636,{E983936C-DC98-6006-6C09-00000000A301},4496,,T1059.001,PowerShell,Execution,TRACE-PS-01,powershell,https://raw.githubusercontent.com/splunk/attack_data/master/datasets/attack_techniques/T1059.001/encoded_powershell/windows-sysmon.log,a3f8e801699b2466ff3c56fa4ec21e52b83f2e8ea007e2963a0bc5d5568da135,false,Execution,none,raw Computer/IpAddress/User fields,
2021-01-19T13:20:24.751+0000,2021-01-19T13:20:24.751+0000,10,Microsoft-Windows-Sysmon/Operational,ict3214:attack_trace,PS-HOST-01,,,,,,,C:\Program Files\SplunkUniversalForwarder\bin\splunk-winprintmon.exe,C:\Program Files\SplunkUniversalForwarder\bin\splunkd.exe,0x1fffff,,,,,,,{E983936C-B438-6006-B400-00000000A301},4412,{E983936C-DC98-6006-6C09-00000000A301},4496,,T1059.001,PowerShell,Execution,TRACE-PS-01,powershell,https://raw.githubusercontent.com/splunk/attack_data/master/datasets/attack_techniques/T1059.001/encoded_powershell/windows-sysmon.log,a5d04f544d839d4b0c51617f84834c6b958aae30e3f07618dcf1659fbadec874,false,Execution,none,raw Computer/IpAddress/User fields,
2021-01-19T13:20:24.751+0000,2021-01-19T13:20:24.751+0000,10,Microsoft-Windows-Sysmon/Operational,ict3214:attack_trace,PS-HOST-01,,,,,,,C:\Windows\sysmon64.exe,C:\Windows\system32\svchost.exe,0x1400,,,,,,,{E983936C-B38F-6006-0C00-00000000A301},592,{E983936C-B3A0-6006-3100-00000000A301},2052,,T1059.001,PowerShell,Execution,TRACE-PS-01,powershell,https://raw.githubusercontent.com/splunk/attack_data/master/datasets/attack_techniques/T1059.001/encoded_powershell/windows-sysmon.log,e87f56fca457ab4e4833bf7815ba0da5d902801eee93bba4870092e4e59e66b4,false,Execution,none,raw Computer/IpAddress/User fields,
2021-01-19T13:20:24.752+0000,2021-01-19T13:20:24.752+0000,10,Microsoft-Windows-Sysmon/Operational,ict3214:attack_trace,PS-HOST-01,,,,,,,C:\Program Files\SplunkUniversalForwarder\bin\splunk-winprintmon.exe,C:\Windows\system32\conhost.exe,0x1fffff,,,,,,,{E983936C-B439-6006-B800-00000000A301},4284,{E983936C-DC98-6006-6C09-00000000A301},4496,,T1059.001,PowerShell,Execution,TRACE-PS-01,powershell,https://raw.githubusercontent.com/splunk/attack_data/master/datasets/attack_techniques/T1059.001/encoded_powershell/windows-sysmon.log,0d0f71b044a58377e1d90c2fe13e7961cc414f50b3b7deaeb81f0bb897e9dedf,false,Execution,none,raw Computer/IpAddress/User fields,
2021-01-19T13:20:30.827+0000,2021-01-19T13:20:30.827+0000,11,Microsoft-Windows-Sysmon/Operational,ict3214:attack_trace,PS-HOST-01,,,,C:\Program Files\Mozilla Firefox\firefox.exe,,,,,,,,,,{E983936C-CD5C-6006-8407-00000000A301},6812,,,,,,T1059.001,PowerShell,Execution,TRACE-PS-01,powershell,https://raw.githubusercontent.com/splunk/attack_data/master/datasets/attack_techniques/T1059.001/encoded_powershell/windows-sysmon.log,86b7d0bee5fed5b084f8538965e44212261863cb84742f71cee3ec76759898a0,false,Execution,none,raw Computer/IpAddress/User fields,
2021-01-19T13:21:06.531+0000,2021-01-19T13:21:06.531+0000,13,Microsoft-Windows-Sysmon/Operational,ict3214:attack_trace,PS-HOST-01,,,,C:\Windows\system32\DFSRs.exe,,,,,,,,HKLM\System\CurrentControlSet\Services\DFSR\Parameters\Replication Groups\194FB71A-2A2E-4F97-8266-02E138A28647\Replica Set Configuration File,\\?\C:\System Volume Information\DFSR\Config\Replica_194FB71A-2A2E-4F97-8266-02E138A28647.XML,{E983936C-B3A0-6006-2B00-00000000A301},2256,,,,,,T1059.001,PowerShell,Execution,TRACE-PS-01,powershell,https://raw.githubusercontent.com/splunk/attack_data/master/datasets/attack_techniques/T1059.001/encoded_powershell/windows-sysmon.log,3e7218cd9bf951f0cae4b981b68b35b17281ccdd333d367775e14c408345dc00,false,Execution,none,raw Computer/IpAddress/User fields,
2021-01-19T13:21:06.531+0000,2021-01-19T13:21:06.531+0000,13,Microsoft-Windows-Sysmon/Operational,ict3214:attack_trace,PS-HOST-01,,,,C:\Windows\system32\DFSRs.exe,,,,,,,,HKLM\System\CurrentControlSet\Services\DFSR\Parameters\Replication Groups\194FB71A-2A2E-4F97-8266-02E138A28647\Config Source,DWORD (0x00000001),{E983936C-B3A0-6006-2B00-00000000A301},2256,,,,,,T1059.001,PowerShell,Execution,TRACE-PS-01,powershell,https://raw.githubusercontent.com/splunk/attack_data/master/datasets/attack_techniques/T1059.001/encoded_powershell/windows-sysmon.log,d2d9917e1b83aabb13d560399103486b9afebadba81d7aaf1e2f71cfa5f7b0d1,false,Execution,none,raw Computer/IpAddress/User fields,
2021-01-19T13:21:06.534+0000,2021-01-19T13:21:06.534+0000,13,Microsoft-Windows-Sysmon/Operational,ict3214:attack_trace,PS-HOST-01,,,,C:\Windows\system32\DFSRs.exe,,,,,,,,HKLM\System\CurrentControlSet\Services\DFSR\Parameters\Volumes\0C308890-0000-0000-0000-100000000000\Volume Configuration File,\\.\C:\System Volume Information\DFSR\Config\Volume_0C308890-0000-0000-0000-100000000000.XML,{E983936C-B3A0-6006-2B00-00000000A301},2256,,,,,,T1059.001,PowerShell,Execution,TRACE-PS-01,powershell,https://raw.githubusercontent.com/splunk/attack_data/master/datasets/attack_techniques/T1059.001/encoded_powershell/windows-sysmon.log,788e26d60247db06e105e99fdcfad749f07a3031f6b06078f88e688ddae16a24,false,Execution,none,raw Computer/IpAddress/User fields,
2021-01-19T13:21:19.612+0000,2021-01-19T13:21:19.612+0000,1,Microsoft-Windows-Sysmon/Operational,ict3214:attack_trace,PS-HOST-01,,,NT AUTHORITY\SYSTEM,C:\Program Files\SplunkUniversalForwarder\bin\splunk-MonitorNoHandle.exe,C:\Program Files\SplunkUniversalForwarder\bin\splunkd.exe,"""C:\Program Files\SplunkUniversalForwarder\bin\splunk-MonitorNoHandle.exe""",,,,,,,,{E983936C-DCCF-6006-6D09-00000000A301},6140,,,,,,T1059.001,PowerShell,Execution,TRACE-PS-01,powershell,https://raw.githubusercontent.com/splunk/attack_data/master/datasets/attack_techniques/T1059.001/encoded_powershell/windows-sysmon.log,9ece276f9da2da545e29fdbb6155ae02e4dc2a0d3562120c4c903f3899c11fb3,false,Execution,none,raw Computer/IpAddress/User fields,{E983936C-B438-6006-B400-00000000A301}
2021-01-19T13:21:19.612+0000,2021-01-19T13:21:19.612+0000,10,Microsoft-Windows-Sysmon/Operational,ict3214:attack_trace,PS-HOST-01,,,,,,,C:\Program Files\SplunkUniversalForwarder\bin\splunk-MonitorNoHandle.exe,C:\Program Files\SplunkUniversalForwarder\bin\splunkd.exe,0x1fffff,,,,,,,{E983936C-B438-6006-B400-00000000A301},4412,{E983936C-DCCF-6006-6D09-00000000A301},6140,,T1059.001,PowerShell,Execution,TRACE-PS-01,powershell,https://raw.githubusercontent.com/splunk/attack_data/master/datasets/attack_techniques/T1059.001/encoded_powershell/windows-sysmon.log,b524384f75aac3ff97ed39ec02c9325f1ca7c45438c5f0773df245d2401c7002,false,Execution,none,raw Computer/IpAddress/User fields,
2021-01-19T13:21:19.613+0000,2021-01-19T13:21:19.613+0000,10,Microsoft-Windows-Sysmon/Operational,ict3214:attack_trace,PS-HOST-01,,,,,,,C:\Windows\sysmon64.exe,C:\Windows\system32\svchost.exe,0x1400,,,,,,,{E983936C-B38F-6006-0C00-00000000A301},592,{E983936C-B3A0-6006-3100-00000000A301},2052,,T1059.001,PowerShell,Execution,TRACE-PS-01,powershell,https://raw.githubusercontent.com/splunk/attack_data/master/datasets/attack_techniques/T1059.001/encoded_powershell/windows-sysmon.log,05c573bc117dc2e3152cf5fae172745c0aa6c248d01dc911d5650d4852a78894,false,Execution,none,raw Computer/IpAddress/User fields,
2021-01-19T13:21:19.613+0000,2021-01-19T13:21:19.613+0000,10,Microsoft-Windows-Sysmon/Operational,ict3214:attack_trace,PS-HOST-01,,,,,,,C:\Windows\sysmon64.exe,C:\Windows\system32\svchost.exe,0x1400,,,,,,,{E983936C-B38F-6006-0C00-00000000A301},592,{E983936C-B3A0-6006-3100-00000000A301},2052,,T1059.001,PowerShell,Execution,TRACE-PS-01,powershell,https://raw.githubusercontent.com/splunk/attack_data/master/datasets/attack_techniques/T1059.001/encoded_powershell/windows-sysmon.log,6012bc11572b1defaee77bd6230f0a132750d7e0ada1f92c0b10d0cd48567431,false,Execution,none,raw Computer/IpAddress/User fields,
2021-01-19T13:21:19.613+0000,2021-01-19T13:21:19.613+0000,10,Microsoft-Windows-Sysmon/Operational,ict3214:attack_trace,PS-HOST-01,,,,,,,C:\Program Files\SplunkUniversalForwarder\bin\splunk-MonitorNoHandle.exe,C:\Windows\system32\csrss.exe,0x1fffff,,,,,,,{E983936C-B38D-6006-0500-00000000A301},636,{E983936C-DCCF-6006-6D09-00000000A301},6140,,T1059.001,PowerShell,Execution,TRACE-PS-01,powershell,https://raw.githubusercontent.com/splunk/attack_data/master/datasets/attack_techniques/T1059.001/encoded_powershell/windows-sysmon.log,9fa7c76c147cca26d2bbc525be008894944c0850e7da001ecea4955f01132944,false,Execution,none,raw Computer/IpAddress/User fields,
2021-01-19T13:21:19.613+0000,2021-01-19T13:21:19.613+0000,10,Microsoft-Windows-Sysmon/Operational,ict3214:attack_trace,PS-HOST-01,,,,,,,C:\Windows\sysmon64.exe,C:\Windows\system32\svchost.exe,0x1400,,,,,,,{E983936C-B38F-6006-0C00-00000000A301},592,{E983936C-B3A0-6006-3100-00000000A301},2052,,T1059.001,PowerShell,Execution,TRACE-PS-01,powershell,https://raw.githubusercontent.com/splunk/attack_data/master/datasets/attack_techniques/T1059.001/encoded_powershell/windows-sysmon.log,adcbe2f7a8947e81d36bb31354932046b012c9de49aa99caadc4eb6e4604bb54,false,Execution,none,raw Computer/IpAddress/User fields,
2021-01-19T13:21:19.613+0000,2021-01-19T13:21:19.613+0000,10,Microsoft-Windows-Sysmon/Operational,ict3214:attack_trace,PS-HOST-01,,,,,,,C:\Windows\sysmon64.exe,C:\Windows\system32\svchost.exe,0x1400,,,,,,,{E983936C-B38F-6006-0C00-00000000A301},592,{E983936C-B3A0-6006-3100-00000000A301},2052,,T1059.001,PowerShell,Execution,TRACE-PS-01,powershell,https://raw.githubusercontent.com/splunk/attack_data/master/datasets/attack_techniques/T1059.001/encoded_powershell/windows-sysmon.log,f5e3eba8725495a709e8c6fd19c48b8c1fa26b73485db99a7858ec60b2ddc437,false,Execution,none,raw Computer/IpAddress/User fields,
2021-01-19T13:21:19.614+0000,2021-01-19T13:21:19.614+0000,10,Microsoft-Windows-Sysmon/Operational,ict3214:attack_trace,PS-HOST-01,,,,,,,C:\Program Files\SplunkUniversalForwarder\bin\splunk-MonitorNoHandle.exe,C:\Windows\system32\conhost.exe,0x1fffff,,,,,,,{E983936C-B439-6006-B800-00000000A301},4284,{E983936C-DCCF-6006-6D09-00000000A301},6140,,T1059.001,PowerShell,Execution,TRACE-PS-01,powershell,https://raw.githubusercontent.com/splunk/attack_data/master/datasets/attack_techniques/T1059.001/encoded_powershell/windows-sysmon.log,d92a16bd73ff94dfafca7934874b48af8f1eba19e63bdb69cdcdbccc6d6aec8c,false,Execution,none,raw Computer/IpAddress/User fields,
2021-01-19T13:21:20.186+0000,2021-01-19T13:21:20.186+0000,10,Microsoft-Windows-Sysmon/Operational,ict3214:attack_trace,PS-HOST-01,,,,,,,C:\Windows\sysmon64.exe,C:\Windows\system32\svchost.exe,0x1400,,,,,,,{E983936C-B38F-6006-0C00-00000000A301},592,{E983936C-B3A0-6006-3100-00000000A301},2052,,T1059.001,PowerShell,Execution,TRACE-PS-01,powershell,https://raw.githubusercontent.com/splunk/attack_data/master/datasets/attack_techniques/T1059.001/encoded_powershell/windows-sysmon.log,01e13f66aba90137cfbf9f303d514cdd5484d7366d864b4c3c6b41e17247bcf7,false,Execution,none,raw Computer/IpAddress/User fields,
2021-01-19T13:21:20.186+0000,2021-01-19T13:21:20.186+0000,10,Microsoft-Windows-Sysmon/Operational,ict3214:attack_trace,PS-HOST-01,,,,,,,C:\Windows\sysmon64.exe,C:\Windows\system32\svchost.exe,0x1400,,,,,,,{E983936C-B38F-6006-0C00-00000000A301},592,{E983936C-B3A0-6006-3100-00000000A301},2052,,T1059.001,PowerShell,Execution,TRACE-PS-01,powershell,https://raw.githubusercontent.com/splunk/attack_data/master/datasets/attack_techniques/T1059.001/encoded_powershell/windows-sysmon.log,1f247450b3dbfaf8cf73ea998362d87f301245d20f93dd944205a22680edbecc,false,Execution,none,raw Computer/IpAddress/User fields,
2021-01-19T13:21:20.186+0000,2021-01-19T13:21:20.186+0000,1,Microsoft-Windows-Sysmon/Operational,ict3214:attack_trace,PS-HOST-01,,,NT AUTHORITY\SYSTEM,C:\Program Files\SplunkUniversalForwarder\bin\splunk-powershell.exe,C:\Program Files\SplunkUniversalForwarder\bin\splunkd.exe,"""C:\Program Files\SplunkUniversalForwarder\bin\splunk-powershell.exe""",,,,,,,,{E983936C-DCD0-6006-6E09-00000000A301},7460,,,,,,T1059.001,PowerShell,Execution,TRACE-PS-01,powershell,https://raw.githubusercontent.com/splunk/attack_data/master/datasets/attack_techniques/T1059.001/encoded_powershell/windows-sysmon.log,4b423e3d797dc1a1b7c4330ad6223edc13808e4809298adee9fa91b6c252b009,false,Execution,none,raw Computer/IpAddress/User fields,{E983936C-B438-6006-B400-00000000A301}
2021-01-19T13:21:20.186+0000,2021-01-19T13:21:20.186+0000,10,Microsoft-Windows-Sysmon/Operational,ict3214:attack_trace,PS-HOST-01,,,,,,,C:\Program Files\SplunkUniversalForwarder\bin\splunk-powershell.exe,C:\Windows\system32\csrss.exe,0x1fffff,,,,,,,{E983936C-B38D-6006-0500-00000000A301},636,{E983936C-DCD0-6006-6E09-00000000A301},7460,,T1059.001,PowerShell,Execution,TRACE-PS-01,powershell,https://raw.githubusercontent.com/splunk/attack_data/master/datasets/attack_techniques/T1059.001/encoded_powershell/windows-sysmon.log,620d21a1041509821984674ae024a7988c3b6259611e654d4106261c08f4b22f,false,Execution,none,raw Computer/IpAddress/User fields,
2021-01-19T13:21:20.186+0000,2021-01-19T13:21:20.186+0000,10,Microsoft-Windows-Sysmon/Operational,ict3214:attack_trace,PS-HOST-01,,,,,,,C:\Program Files\SplunkUniversalForwarder\bin\splunk-powershell.exe,C:\Program Files\SplunkUniversalForwarder\bin\splunkd.exe,0x1fffff,,,,,,,{E983936C-B438-6006-B400-00000000A301},4412,{E983936C-DCD0-6006-6E09-00000000A301},7460,,T1059.001,PowerShell,Execution,TRACE-PS-01,powershell,https://raw.githubusercontent.com/splunk/attack_data/master/datasets/attack_techniques/T1059.001/encoded_powershell/windows-sysmon.log,94d25d713a3f4341cd280d59d568470d092cd8681fc5f1a2bf45fd086cf402bc,false,Execution,none,raw Computer/IpAddress/User fields,
2021-01-19T13:21:20.186+0000,2021-01-19T13:21:20.186+0000,10,Microsoft-Windows-Sysmon/Operational,ict3214:attack_trace,PS-HOST-01,,,,,,,C:\Windows\sysmon64.exe,C:\Windows\system32\svchost.exe,0x1400,,,,,,,{E983936C-B38F-6006-0C00-00000000A301},592,{E983936C-B3A0-6006-3100-00000000A301},2052,,T1059.001,PowerShell,Execution,TRACE-PS-01,powershell,https://raw.githubusercontent.com/splunk/attack_data/master/datasets/attack_techniques/T1059.001/encoded_powershell/windows-sysmon.log,9c1b70292fbd220172f234e9ead853baa2527f4785c6dc0e74b367a136e46e9c,false,Execution,none,raw Computer/IpAddress/User fields,
2021-01-19T13:21:20.186+0000,2021-01-19T13:21:20.186+0000,10,Microsoft-Windows-Sysmon/Operational,ict3214:attack_trace,PS-HOST-01,,,,,,,C:\Windows\sysmon64.exe,C:\Windows\system32\svchost.exe,0x1400,,,,,,,{E983936C-B38F-6006-0C00-00000000A301},592,{E983936C-B3A0-6006-3100-00000000A301},2052,,T1059.001,PowerShell,Execution,TRACE-PS-01,powershell,https://raw.githubusercontent.com/splunk/attack_data/master/datasets/attack_techniques/T1059.001/encoded_powershell/windows-sysmon.log,c58ede590ccfefa4c6e00166fe906f17f2fdb4bebef89d273ed68790f45b99cd,false,Execution,none,raw Computer/IpAddress/User fields,
2021-01-19T13:21:20.187+0000,2021-01-19T13:21:20.187+0000,10,Microsoft-Windows-Sysmon/Operational,ict3214:attack_trace,PS-HOST-01,,,,,,,C:\Program Files\SplunkUniversalForwarder\bin\splunk-powershell.exe,C:\Windows\system32\conhost.exe,0x1fffff,,,,,,,{E983936C-B439-6006-B800-00000000A301},4284,{E983936C-DCD0-6006-6E09-00000000A301},7460,,T1059.001,PowerShell,Execution,TRACE-PS-01,powershell,https://raw.githubusercontent.com/splunk/attack_data/master/datasets/attack_techniques/T1059.001/encoded_powershell/windows-sysmon.log,5fde7cf2bc9d688823688fa78332fdff0ae23277543d642bf78ecb3cde2fba64,false,Execution,none,raw Computer/IpAddress/User fields,
2021-01-19T13:21:20.336+0000,2021-01-19T13:21:20.336+0000,10,Microsoft-Windows-Sysmon/Operational,ict3214:attack_trace,PS-HOST-01,,,,,,,C:\Program Files\SplunkUniversalForwarder\bin\splunkd.exe,C:\Program Files\SplunkUniversalForwarder\bin\splunk-powershell.exe,0x101400,,,,,,,{E983936C-DCD0-6006-6E09-00000000A301},7460,{E983936C-B438-6006-B400-00000000A301},4412,,T1059.001,PowerShell,Execution,TRACE-PS-01,powershell,https://raw.githubusercontent.com/splunk/attack_data/master/datasets/attack_techniques/T1059.001/encoded_powershell/windows-sysmon.log,ffb23adfd2aad0435bf7c826477a927879dd6948faeefe9df830241dff8c765f,false,Execution,none,raw Computer/IpAddress/User fields,
2021-01-19T13:21:20.775+0000,2021-01-19T13:21:20.775+0000,10,Microsoft-Windows-Sysmon/Operational,ict3214:attack_trace,PS-HOST-01,,,,,,,C:\Windows\sysmon64.exe,C:\Windows\system32\svchost.exe,0x1400,,,,,,,{E983936C-B38F-6006-0C00-00000000A301},592,{E983936C-B3A0-6006-3100-00000000A301},2052,,T1059.001,PowerShell,Execution,TRACE-PS-01,powershell,https://raw.githubusercontent.com/splunk/attack_data/master/datasets/attack_techniques/T1059.001/encoded_powershell/windows-sysmon.log,12e39c393cb7435bb56a2f8f9418ad34f8eff93996d5069583e090b8782b2167,false,Execution,none,raw Computer/IpAddress/User fields,
2021-01-19T13:21:20.775+0000,2021-01-19T13:21:20.775+0000,1,Microsoft-Windows-Sysmon/Operational,ict3214:attack_trace,PS-HOST-01,,,NT AUTHORITY\SYSTEM,C:\Program Files\SplunkUniversalForwarder\bin\splunk-powershell.exe,C:\Program Files\SplunkUniversalForwarder\bin\splunkd.exe,"""C:\Program Files\SplunkUniversalForwarder\bin\splunk-powershell.exe"" --ps2",,,,,,,,{E983936C-DCD0-6006-6F09-00000000A301},4960,,,,,,T1059.001,PowerShell,Execution,TRACE-PS-01,powershell,https://raw.githubusercontent.com/splunk/attack_data/master/datasets/attack_techniques/T1059.001/encoded_powershell/windows-sysmon.log,97e7ef13794fd78989b2d4d5950343724b8b5c1c49508c1467fc6812fd620e8c,false,Execution,none,raw Computer/IpAddress/User fields,{E983936C-B438-6006-B400-00000000A301}
2021-01-19T13:21:20.775+0000,2021-01-19T13:21:20.775+0000,10,Microsoft-Windows-Sysmon/Operational,ict3214:attack_trace,PS-HOST-01,,,,,,,C:\Program Files\SplunkUniversalForwarder\bin\splunk-powershell.exe,C:\Windows\system32\csrss.exe,0x1fffff,,,,,,,{E983936C-B38D-6006-0500-00000000A301},636,{E983936C-DCD0-6006-6F09-00000000A301},4960,,T1059.001,PowerShell,Execution,TRACE-PS-01,powershell,https://raw.githubusercontent.com/splunk/attack_data/master/datasets/attack_techniques/T1059.001/encoded_powershell/windows-sysmon.log,a6d76033bef8c5ef8ea1896cd557b01c0b5b7f13b9bc6ea32d7a86efdd6c9177,false,Execution,none,raw Computer/IpAddress/User fields,
2021-01-19T13:21:20.775+0000,2021-01-19T13:21:20.775+0000,10,Microsoft-Windows-Sysmon/Operational,ict3214:attack_trace,PS-HOST-01,,,,,,,C:\Windows\sysmon64.exe,C:\Windows\system32\svchost.exe,0x1400,,,,,,,{E983936C-B38F-6006-0C00-00000000A301},592,{E983936C-B3A0-6006-3100-00000000A301},2052,,T1059.001,PowerShell,Execution,TRACE-PS-01,powershell,https://raw.githubusercontent.com/splunk/attack_data/master/datasets/attack_techniques/T1059.001/encoded_powershell/windows-sysmon.log,b54b3b4b627bd17c91838cd2bf6c1c8c5880425d645c652251963f5555da705c,false,Execution,none,raw Computer/IpAddress/User fields,
2021-01-19T13:21:20.775+0000,2021-01-19T13:21:20.775+0000,10,Microsoft-Windows-Sysmon/Operational,ict3214:attack_trace,PS-HOST-01,,,,,,,C:\Program Files\SplunkUniversalForwarder\bin\splunk-powershell.exe,C:\Program Files\SplunkUniversalForwarder\bin\splunkd.exe,0x1fffff,,,,,,,{E983936C-B438-6006-B400-00000000A301},4412,{E983936C-DCD0-6006-6F09-00000000A301},4960,,T1059.001,PowerShell,Execution,TRACE-PS-01,powershell,https://raw.githubusercontent.com/splunk/attack_data/master/datasets/attack_techniques/T1059.001/encoded_powershell/windows-sysmon.log,caac35bdd722a7af020bd3cc5e850e5762c0251c46cd9fd464e7514a96766089,false,Execution,none,raw Computer/IpAddress/User fields,
2021-01-19T13:21:20.775+0000,2021-01-19T13:21:20.775+0000,10,Microsoft-Windows-Sysmon/Operational,ict3214:attack_trace,PS-HOST-01,,,,,,,C:\Windows\sysmon64.exe,C:\Windows\system32\svchost.exe,0x1400,,,,,,,{E983936C-B38F-6006-0C00-00000000A301},592,{E983936C-B3A0-6006-3100-00000000A301},2052,,T1059.001,PowerShell,Execution,TRACE-PS-01,powershell,https://raw.githubusercontent.com/splunk/attack_data/master/datasets/attack_techniques/T1059.001/encoded_powershell/windows-sysmon.log,e697597fa6f1292d59dbc02dc9200276d091a30be28c4f9baf85b7c617d3abfb,false,Execution,none,raw Computer/IpAddress/User fields,
2021-01-19T13:21:20.775+0000,2021-01-19T13:21:20.775+0000,10,Microsoft-Windows-Sysmon/Operational,ict3214:attack_trace,PS-HOST-01,,,,,,,C:\Windows\sysmon64.exe,C:\Windows\system32\svchost.exe,0x1400,,,,,,,{E983936C-B38F-6006-0C00-00000000A301},592,{E983936C-B3A0-6006-3100-00000000A301},2052,,T1059.001,PowerShell,Execution,TRACE-PS-01,powershell,https://raw.githubusercontent.com/splunk/attack_data/master/datasets/attack_techniques/T1059.001/encoded_powershell/windows-sysmon.log,ff1032096f8b050d2d3e31bd4dc1b72ab8cc1b9eb0f6153c1689b804b5e337b7,false,Execution,none,raw Computer/IpAddress/User fields,
2021-01-19T13:21:20.776+0000,2021-01-19T13:21:20.776+0000,10,Microsoft-Windows-Sysmon/Operational,ict3214:attack_trace,PS-HOST-01,,,,,,,C:\Program Files\SplunkUniversalForwarder\bin\splunk-powershell.exe,C:\Windows\system32\conhost.exe,0x1fffff,,,,,,,{E983936C-B439-6006-B800-00000000A301},4284,{E983936C-DCD0-6006-6F09-00000000A301},4960,,T1059.001,PowerShell,Execution,TRACE-PS-01,powershell,https://raw.githubusercontent.com/splunk/attack_data/master/datasets/attack_techniques/T1059.001/encoded_powershell/windows-sysmon.log,faa3f8e28229f2c7f5287f6affdcf0a9361a15192d9417ba817b8830325a9b33,false,Execution,none,raw Computer/IpAddress/User fields,
2021-01-19T13:21:20.926+0000,2021-01-19T13:21:20.926+0000,10,Microsoft-Windows-Sysmon/Operational,ict3214:attack_trace,PS-HOST-01,,,,,,,C:\Program Files\SplunkUniversalForwarder\bin\splunkd.exe,C:\Program Files\SplunkUniversalForwarder\bin\splunk-powershell.exe,0x101400,,,,,,,{E983936C-DCD0-6006-6F09-00000000A301},4960,{E983936C-B438-6006-B400-00000000A301},4412,,T1059.001,PowerShell,Execution,TRACE-PS-01,powershell,https://raw.githubusercontent.com/splunk/attack_data/master/datasets/attack_techniques/T1059.001/encoded_powershell/windows-sysmon.log,a6d7b612faf7651e951c63fbe7eb128a1c2b7fdfea3a79e6b0b67cfe384d1cea,false,Execution,none,raw Computer/IpAddress/User fields,
2021-01-19T13:21:21.350+0000,2021-01-19T13:21:21.350+0000,10,Microsoft-Windows-Sysmon/Operational,ict3214:attack_trace,PS-HOST-01,,,,,,,C:\Program Files\SplunkUniversalForwarder\bin\splunk-regmon.exe,C:\Program Files\SplunkUniversalForwarder\bin\splunkd.exe,0x1fffff,,,,,,,{E983936C-B438-6006-B400-00000000A301},4412,{E983936C-DCD1-6006-7009-00000000A301},7872,,T1059.001,PowerShell,Execution,TRACE-PS-01,powershell,https://raw.githubusercontent.com/splunk/attack_data/master/datasets/attack_techniques/T1059.001/encoded_powershell/windows-sysmon.log,016609fe0a501a719c258690f72c2b5354cdb212f93bcb18c078aad1a21cd11b,false,Execution,none,raw Computer/IpAddress/User fields,
2021-01-19T13:21:21.350+0000,2021-01-19T13:21:21.350+0000,10,Microsoft-Windows-Sysmon/Operational,ict3214:attack_trace,PS-HOST-01,,,,,,,C:\Windows\sysmon64.exe,C:\Windows\system32\svchost.exe,0x1400,,,,,,,{E983936C-B38F-6006-0C00-00000000A301},592,{E983936C-B3A0-6006-3100-00000000A301},2052,,T1059.001,PowerShell,Execution,TRACE-PS-01,powershell,https://raw.githubusercontent.com/splunk/attack_data/master/datasets/attack_techniques/T1059.001/encoded_powershell/windows-sysmon.log,101bfe25e6ad81d2467b778966dd7bababf0940d7e83a5336f81fe900d161c87,false,Execution,none,raw Computer/IpAddress/User fields,
2021-01-19T13:21:21.350+0000,2021-01-19T13:21:21.350+0000,10,Microsoft-Windows-Sysmon/Operational,ict3214:attack_trace,PS-HOST-01,,,,,,,C:\Program Files\SplunkUniversalForwarder\bin\splunk-regmon.exe,C:\Windows\system32\csrss.exe,0x1fffff,,,,,,,{E983936C-B38D-6006-0500-00000000A301},636,{E983936C-DCD1-6006-7009-00000000A301},7872,,T1059.001,PowerShell,Execution,TRACE-PS-01,powershell,https://raw.githubusercontent.com/splunk/attack_data/master/datasets/attack_techniques/T1059.001/encoded_powershell/windows-sysmon.log,2ec9b25b3825873582ff8c4daa2700dfd252b67d735ab2235ee38086c72fbff0,false,Execution,none,raw Computer/IpAddress/User fields,
2021-01-19T13:21:21.350+0000,2021-01-19T13:21:21.350+0000,10,Microsoft-Windows-Sysmon/Operational,ict3214:attack_trace,PS-HOST-01,,,,,,,C:\Windows\sysmon64.exe,C:\Windows\system32\svchost.exe,0x1400,,,,,,,{E983936C-B38F-6006-0C00-00000000A301},592,{E983936C-B3A0-6006-3100-00000000A301},2052,,T1059.001,PowerShell,Execution,TRACE-PS-01,powershell,https://raw.githubusercontent.com/splunk/attack_data/master/datasets/attack_techniques/T1059.001/encoded_powershell/windows-sysmon.log,5fece026a97e9ee46365af852d34471742c27d0a4c3fd636611d7e5624abc83c,false,Execution,none,raw Computer/IpAddress/User fields,
2021-01-19T13:21:21.350+0000,2021-01-19T13:21:21.350+0000,10,Microsoft-Windows-Sysmon/Operational,ict3214:attack_trace,PS-HOST-01,,,,,,,C:\Windows\sysmon64.exe,C:\Windows\system32\svchost.exe,0x1400,,,,,,,{E983936C-B38F-6006-0C00-00000000A301},592,{E983936C-B3A0-6006-3100-00000000A301},2052,,T1059.001,PowerShell,Execution,TRACE-PS-01,powershell,https://raw.githubusercontent.com/splunk/attack_data/master/datasets/attack_techniques/T1059.001/encoded_powershell/windows-sysmon.log,6b34aa6b5dd0c4d2e2af36453393bdedb0cce43b327e369e02711d12cd01ce55,false,Execution,none,raw Computer/IpAddress/User fields,
2021-01-19T13:21:21.350+0000,2021-01-19T13:21:21.350+0000,10,Microsoft-Windows-Sysmon/Operational,ict3214:attack_trace,PS-HOST-01,,,,,,,C:\Windows\sysmon64.exe,C:\Windows\system32\svchost.exe,0x1400,,,,,,,{E983936C-B38F-6006-0C00-00000000A301},592,{E983936C-B3A0-6006-3100-00000000A301},2052,,T1059.001,PowerShell,Execution,TRACE-PS-01,powershell,https://raw.githubusercontent.com/splunk/attack_data/master/datasets/attack_techniques/T1059.001/encoded_powershell/windows-sysmon.log,796334cc4b44a4a518b2582cdcc3d29f72796aeb970adc6c4c104c1525ddd17d,false,Execution,none,raw Computer/IpAddress/User fields,
2021-01-19T13:21:21.350+0000,2021-01-19T13:21:21.350+0000,1,Microsoft-Windows-Sysmon/Operational,ict3214:attack_trace,PS-HOST-01,,,NT AUTHORITY\SYSTEM,C:\Program Files\SplunkUniversalForwarder\bin\splunk-regmon.exe,C:\Program Files\SplunkUniversalForwarder\bin\splunkd.exe,"""C:\Program Files\SplunkUniversalForwarder\bin\splunk-regmon.exe""",,,,,,,,{E983936C-DCD1-6006-7009-00000000A301},7872,,,,,,T1059.001,PowerShell,Execution,TRACE-PS-01,powershell,https://raw.githubusercontent.com/splunk/attack_data/master/datasets/attack_techniques/T1059.001/encoded_powershell/windows-sysmon.log,881a0182a61b3ac0af046850a57434ac69dc26cc5e51b7f4809fa2fcaa2f230f,false,Execution,none,raw Computer/IpAddress/User fields,{E983936C-B438-6006-B400-00000000A301}
2021-01-19T13:21:21.351+0000,2021-01-19T13:21:21.351+0000,10,Microsoft-Windows-Sysmon/Operational,ict3214:attack_trace,PS-HOST-01,,,,,,,C:\Program Files\SplunkUniversalForwarder\bin\splunk-regmon.exe,C:\Windows\system32\conhost.exe,0x1fffff,,,,,,,{E983936C-B439-6006-B800-00000000A301},4284,{E983936C-DCD1-6006-7009-00000000A301},7872,,T1059.001,PowerShell,Execution,TRACE-PS-01,powershell,https://raw.githubusercontent.com/splunk/attack_data/master/datasets/attack_techniques/T1059.001/encoded_powershell/windows-sysmon.log,fe11ec4f6783a5ae6c037c0df1fe8634c4c18fb152010826b5338e698faf995b,false,Execution,none,raw Computer/IpAddress/User fields,
2021-01-19T13:21:21.453+0000,2021-01-19T13:21:21.453+0000,10,Microsoft-Windows-Sysmon/Operational,ict3214:attack_trace,PS-HOST-01,,,,,,,C:\Windows\Explorer.EXE,C:\Windows\system32\svchost.exe,0x1000,,,,,,,{E983936C-B38F-6006-0D00-00000000A301},992,{E983936C-CCDD-6006-4607-00000000A301},5080,,T1059.001,PowerShell,Execution,TRACE-PS-01,powershell,https://raw.githubusercontent.com/splunk/attack_data/master/datasets/attack_techniques/T1059.001/encoded_powershell/windows-sysmon.log,06ed3d5c1d58e32271e818e67d37e7632a2b2a3e463da72c098e9d70da66d6d3,false,Execution,none,raw Computer/IpAddress/User fields,
2021-01-19T13:21:21.453+0000,2021-01-19T13:21:21.453+0000,10,Microsoft-Windows-Sysmon/Operational,ict3214:attack_trace,PS-HOST-01,,,,,,,C:\Windows\Explorer.EXE,C:\Windows\system32\svchost.exe,0x1000,,,,,,,{E983936C-B38F-6006-0D00-00000000A301},992,{E983936C-CCDD-6006-4607-00000000A301},5080,,T1059.001,PowerShell,Execution,TRACE-PS-01,powershell,https://raw.githubusercontent.com/splunk/attack_data/master/datasets/attack_techniques/T1059.001/encoded_powershell/windows-sysmon.log,3ea2e788ea33b7774d497ea689ef5e08fd712947e9ee81961ac77df03ac2afc1,false,Execution,none,raw Computer/IpAddress/User fields,
2021-01-19T13:21:21.453+0000,2021-01-19T13:21:21.453+0000,10,Microsoft-Windows-Sysmon/Operational,ict3214:attack_trace,PS-HOST-01,,,,,,,C:\Windows\Explorer.EXE,C:\Windows\system32\svchost.exe,0x1000,,,,,,,{E983936C-B38F-6006-0D00-00000000A301},992,{E983936C-CCDD-6006-4607-00000000A301},5080,,T1059.001,PowerShell,Execution,TRACE-PS-01,powershell,https://raw.githubusercontent.com/splunk/attack_data/master/datasets/attack_techniques/T1059.001/encoded_powershell/windows-sysmon.log,47c7f8526afcc9ce486b58dd8c520b9b9ddefdeda4155cd701cc7bf5166ea116,false,Execution,none,raw Computer/IpAddress/User fields,
2021-01-19T13:21:21.453+0000,2021-01-19T13:21:21.453+0000,10,Microsoft-Windows-Sysmon/Operational,ict3214:attack_trace,PS-HOST-01,,,,,,,C:\Windows\Explorer.EXE,C:\Windows\system32\svchost.exe,0x1000,,,,,,,{E983936C-B38F-6006-0D00-00000000A301},992,{E983936C-CCDD-6006-4607-00000000A301},5080,,T1059.001,PowerShell,Execution,TRACE-PS-01,powershell,https://raw.githubusercontent.com/splunk/attack_data/master/datasets/attack_techniques/T1059.001/encoded_powershell/windows-sysmon.log,4f3f2025f9b9e125e6ec05458008c7206524ca34f3214747c26a0c1ec93ee9fd,false,Execution,none,raw Computer/IpAddress/User fields,
2021-01-19T13:21:21.453+0000,2021-01-19T13:21:21.453+0000,10,Microsoft-Windows-Sysmon/Operational,ict3214:attack_trace,PS-HOST-01,,,,,,,C:\Windows\Explorer.EXE,C:\Windows\system32\svchost.exe,0x1000,,,,,,,{E983936C-B38F-6006-0D00-00000000A301},992,{E983936C-CCDD-6006-4607-00000000A301},5080,,T1059.001,PowerShell,Execution,TRACE-PS-01,powershell,https://raw.githubusercontent.com/splunk/attack_data/master/datasets/attack_techniques/T1059.001/encoded_powershell/windows-sysmon.log,5b97390a915bca9edbdc8e82398c37843b9ed51e1402cc0b6a7d8695d4c3332d,false,Execution,none,raw Computer/IpAddress/User fields,
2021-01-19T13:21:21.453+0000,2021-01-19T13:21:21.453+0000,10,Microsoft-Windows-Sysmon/Operational,ict3214:attack_trace,PS-HOST-01,,,,,,,C:\Windows\Explorer.EXE,C:\Windows\system32\svchost.exe,0x1000,,,,,,,{E983936C-B38F-6006-0D00-00000000A301},992,{E983936C-CCDD-6006-4607-00000000A301},5080,,T1059.001,PowerShell,Execution,TRACE-PS-01,powershell,https://raw.githubusercontent.com/splunk/attack_data/master/datasets/attack_techniques/T1059.001/encoded_powershell/windows-sysmon.log,7d4f8d1ceafd48ec28d6cb4f27af8f6f4c21ac76ca18524f2cbcd62d8de269af,false,Execution,none,raw Computer/IpAddress/User fields,
2021-01-19T13:21:21.453+0000,2021-01-19T13:21:21.453+0000,10,Microsoft-Windows-Sysmon/Operational,ict3214:attack_trace,PS-HOST-01,,,,,,,C:\Windows\Explorer.EXE,C:\Windows\system32\svchost.exe,0x1000,,,,,,,{E983936C-B38F-6006-0D00-00000000A301},992,{E983936C-CCDD-6006-4607-00000000A301},5080,,T1059.001,PowerShell,Execution,TRACE-PS-01,powershell,https://raw.githubusercontent.com/splunk/attack_data/master/datasets/attack_techniques/T1059.001/encoded_powershell/windows-sysmon.log,97e7ea0dafea47f8941b9d84fd1a1d3ba55ab6b0db7d7b3fea80f729bdccbd72,false,Execution,none,raw Computer/IpAddress/User fields,
2021-01-19T13:21:21.454+0000,2021-01-19T13:21:21.454+0000,10,Microsoft-Windows-Sysmon/Operational,ict3214:attack_trace,PS-HOST-01,,,,,,,C:\Windows\Explorer.EXE,C:\Windows\system32\svchost.exe,0x1000,,,,,,,{E983936C-B38F-6006-0D00-00000000A301},992,{E983936C-CCDD-6006-4607-00000000A301},5080,,T1059.001,PowerShell,Execution,TRACE-PS-01,powershell,https://raw.githubusercontent.com/splunk/attack_data/master/datasets/attack_techniques/T1059.001/encoded_powershell/windows-sysmon.log,17dbbf7f698c52fb8734b1f7eb572744757d4f1515c2bd0e5e4a830e054dab88,false,Execution,none,raw Computer/IpAddress/User fields,
2021-01-19T13:21:21.454+0000,2021-01-19T13:21:21.454+0000,10,Microsoft-Windows-Sysmon/Operational,ict3214:attack_trace,PS-HOST-01,,,,,,,C:\Windows\Explorer.EXE,C:\Windows\system32\svchost.exe,0x1000,,,,,,,{E983936C-B38F-6006-0D00-00000000A301},992,{E983936C-CCDD-6006-4607-00000000A301},5080,,T1059.001,PowerShell,Execution,TRACE-PS-01,powershell,https://raw.githubusercontent.com/splunk/attack_data/master/datasets/attack_techniques/T1059.001/encoded_powershell/windows-sysmon.log,260f2e6c765b52ae319862ae6f25f99e133370d358e7fde57bcbdd2173eb0bf3,false,Execution,none,raw Computer/IpAddress/User fields,
2021-01-19T13:21:21.454+0000,2021-01-19T13:21:21.454+0000,10,Microsoft-Windows-Sysmon/Operational,ict3214:attack_trace,PS-HOST-01,,,,,,,C:\Windows\SystemApps\Microsoft.Windows.Cortana_cw5n1h2txyewy\SearchUI.exe,C:\Windows\system32\svchost.exe,0x1000,,,,,,,{E983936C-B38F-6006-0D00-00000000A301},992,{E983936C-CCEC-6006-5C07-00000000A301},5768,,T1059.001,PowerShell,Execution,TRACE-PS-01,powershell,https://raw.githubusercontent.com/splunk/attack_data/master/datasets/attack_techniques/T1059.001/encoded_powershell/windows-sysmon.log,2eb6edce103b92ce2e0fc193f61edf0079fb13b519d8a3a8c3a23680a14827de,false,Execution,none,raw Computer/IpAddress/User fields,
2021-01-19T13:21:21.454+0000,2021-01-19T13:21:21.454+0000,10,Microsoft-Windows-Sysmon/Operational,ict3214:attack_trace,PS-HOST-01,,,,,,,C:\Windows\SystemApps\Microsoft.Windows.Cortana_cw5n1h2txyewy\SearchUI.exe,C:\Windows\system32\svchost.exe,0x1000,,,,,,,{E983936C-B38F-6006-0D00-00000000A301},992,{E983936C-CCEC-6006-5C07-00000000A301},5768,,T1059.001,PowerShell,Execution,TRACE-PS-01,powershell,https://raw.githubusercontent.com/splunk/attack_data/master/datasets/attack_techniques/T1059.001/encoded_powershell/windows-sysmon.log,341b6fa48824f730984de9d75b52c41fa0d7d0fdc0f8cfe60e373faca25db4f9,false,Execution,none,raw Computer/IpAddress/User fields,
2021-01-19T13:21:21.454+0000,2021-01-19T13:21:21.454+0000,10,Microsoft-Windows-Sysmon/Operational,ict3214:attack_trace,PS-HOST-01,,,,,,,C:\Windows\Explorer.EXE,C:\Windows\system32\svchost.exe,0x1000,,,,,,,{E983936C-B38F-6006-0D00-00000000A301},992,{E983936C-CCDD-6006-4607-00000000A301},5080,,T1059.001,PowerShell,Execution,TRACE-PS-01,powershell,https://raw.githubusercontent.com/splunk/attack_data/master/datasets/attack_techniques/T1059.001/encoded_powershell/windows-sysmon.log,68e55a94ab683f515939f20fc52b7ff0072397c3e2bdb4b7a7ec7a0f13802cda,false,Execution,none,raw Computer/IpAddress/User fields,
