2021-01-19T13:25:23.490+0000,2021-01-19T13:25:23.490+0000,10,Microsoft-Windows-Sysmon/Operational,ict3214:attack_trace,PS-HOST-01,,,,,,,C:\Windows\Explorer.EXE,C:\Windows\system32\svchost.exe,0x1000,,,,,,,{E983936C-B38F-6006-0D00-00000000A301},992,{E983936C-CCDD-6006-4607-00000000A301},5080,,T1059.001,PowerShell,Execution,TRACE-PS-01,powershell,https://raw.githubusercontent.com/splunk/attack_data/master/datasets/attack_techniques/T1059.001/encoded_powershell/windows-sysmon.log,41d952623e1091f3ab9969ab07167a5a1de95f447aea63ffa40e02f4d44ccb11,false,Execution,none,raw Computer/IpAddress/User fields,
2021-01-19T13:25:23.490+0000,2021-01-19T13:25:23.490+0000,10,Microsoft-Windows-Sysmon/Operational,ict3214:attack_trace,PS-HOST-01,,,,,,,C:\Windows\SystemApps\ShellExperienceHost_cw5n1h2txyewy\ShellExperienceHost.exe,C:\Windows\system32\svchost.exe,0x1000,,,,,,,{E983936C-B38F-6006-0D00-00000000A301},992,{E983936C-CCEA-6006-5B07-00000000A301},5624,,T1059.001,PowerShell,Execution,TRACE-PS-01,powershell,https://raw.githubusercontent.com/splunk/attack_data/master/datasets/attack_techniques/T1059.001/encoded_powershell/windows-sysmon.log,6dbb7d6bccb80669c44c66b225e72a05d25f2ad7e2fa6ad05f0201664336a4a9,false,Execution,none,raw Computer/IpAddress/User fields,
2021-01-19T13:25:23.490+0000,2021-01-19T13:25:23.490+0000,10,Microsoft-Windows-Sysmon/Operational,ict3214:attack_trace,PS-HOST-01,,,,,,,C:\Windows\SystemApps\Microsoft.Windows.Cortana_cw5n1h2txyewy\SearchUI.exe,C:\Windows\system32\svchost.exe,0x1000,,,,,,,{E983936C-B38F-6006-0D00-00000000A301},992,{E983936C-CCEC-6006-5C07-00000000A301},5768,,T1059.001,PowerShell,Execution,TRACE-PS-01,powershell,https://raw.githubusercontent.com/splunk/attack_data/master/datasets/attack_techniques/T1059.001/encoded_powershell/windows-sysmon.log,6e0d363a9fe766ea95ef58a697d6602edd80f93fc09acdef2c30168043f1f5d3,false,Execution,none,raw Computer/IpAddress/User fields,
2021-01-19T13:25:23.490+0000,2021-01-19T13:25:23.490+0000,10,Microsoft-Windows-Sysmon/Operational,ict3214:attack_trace,PS-HOST-01,,,,,,,C:\Windows\SystemApps\ShellExperienceHost_cw5n1h2txyewy\ShellExperienceHost.exe,C:\Windows\system32\svchost.exe,0x1000,,,,,,,{E983936C-B38F-6006-0D00-00000000A301},992,{E983936C-CCEA-6006-5B07-00000000A301},5624,,T1059.001,PowerShell,Execution,TRACE-PS-01,powershell,https://raw.githubusercontent.com/splunk/attack_data/master/datasets/attack_techniques/T1059.001/encoded_powershell/windows-sysmon.log,79d5003e29d717b6e34e504af5aeee1cabe8b44d9ce6ffeb3d499c9174a56527,false,Execution,none,raw Computer/IpAddress/User fields,
2021-01-19T13:25:23.490+0000,2021-01-19T13:25:23.490+0000,10,Microsoft-Windows-Sysmon/Operational,ict3214:attack_trace,PS-HOST-01,,,,,,,C:\Windows\SystemApps\ShellExperienceHost_cw5n1h2txyewy\ShellExperienceHost.exe,C:\Windows\system32\svchost.exe,0x1000,,,,,,,{E983936C-B38F-6006-0D00-00000000A301},992,{E983936C-CCEA-6006-5B07-00000000A301},5624,,T1059.001,PowerShell,Execution,TRACE-PS-01,powershell,https://raw.githubusercontent.com/splunk/attack_data/master/datasets/attack_techniques/T1059.001/encoded_powershell/windows-sysmon.log,91cb2f62828e2830fc2b6ef0dfb755e5cebd57e79d3999febfaa290bbd8b52a0,false,Execution,none,raw Computer/IpAddress/User fields,
2021-01-19T13:25:23.490+0000,2021-01-19T13:25:23.490+0000,10,Microsoft-Windows-Sysmon/Operational,ict3214:attack_trace,PS-HOST-01,,,,,,,C:\Windows\Explorer.EXE,C:\Windows\system32\svchost.exe,0x1000,,,,,,,{E983936C-B38F-6006-0D00-00000000A301},992,{E983936C-CCDD-6006-4607-00000000A301},5080,,T1059.001,PowerShell,Execution,TRACE-PS-01,powershell,https://raw.githubusercontent.com/splunk/attack_data/master/datasets/attack_techniques/T1059.001/encoded_powershell/windows-sysmon.log,9d4c7d84986f3e3d96b0e0423d35868230e0a6bbc6f5684e1cd3f14f15150223,false,Execution,none,raw Computer/IpAddress/User fields,
2021-01-19T13:25:23.490+0000,2021-01-19T13:25:23.490+0000,10,Microsoft-Windows-Sysmon/Operational,ict3214:attack_trace,PS-HOST-01,,,,,,,C:\Windows\SystemApps\Microsoft.Windows.Cortana_cw5n1h2txyewy\SearchUI.exe,C:\Windows\system32\svchost.exe,0x1000,,,,,,,{E983936C-B38F-6006-0D00-00000000A301},992,{E983936C-CCEC-6006-5C07-00000000A301},5768,,T1059.001,PowerShell,Execution,TRACE-PS-01,powershell,https://raw.githubusercontent.com/splunk/attack_data/master/datasets/attack_techniques/T1059.001/encoded_powershell/windows-sysmon.log,bdbe04f7ce1f53794b0a8045bf435b6e197a468b7e07db473beb244ed16dc8b0,false,Execution,none,raw Computer/IpAddress/User fields,
2021-01-19T13:25:23.490+0000,2021-01-19T13:25:23.490+0000,10,Microsoft-Windows-Sysmon/Operational,ict3214:attack_trace,PS-HOST-01,,,,,,,C:\Windows\SystemApps\ShellExperienceHost_cw5n1h2txyewy\ShellExperienceHost.exe,C:\Windows\system32\svchost.exe,0x1000,,,,,,,{E983936C-B38F-6006-0D00-00000000A301},992,{E983936C-CCEA-6006-5B07-00000000A301},5624,,T1059.001,PowerShell,Execution,TRACE-PS-01,powershell,https://raw.githubusercontent.com/splunk/attack_data/master/datasets/attack_techniques/T1059.001/encoded_powershell/windows-sysmon.log,c907245f50ead3a8bb373beff12ed573d5387b06cbb679c1f43008cf2aa7e8cc,false,Execution,none,raw Computer/IpAddress/User fields,
2021-01-19T13:25:23.490+0000,2021-01-19T13:25:23.490+0000,10,Microsoft-Windows-Sysmon/Operational,ict3214:attack_trace,PS-HOST-01,,,,,,,C:\Windows\SystemApps\ShellExperienceHost_cw5n1h2txyewy\ShellExperienceHost.exe,C:\Windows\system32\svchost.exe,0x1000,,,,,,,{E983936C-B38F-6006-0D00-00000000A301},992,{E983936C-CCEA-6006-5B07-00000000A301},5624,,T1059.001,PowerShell,Execution,TRACE-PS-01,powershell,https://raw.githubusercontent.com/splunk/attack_data/master/datasets/attack_techniques/T1059.001/encoded_powershell/windows-sysmon.log,db8be85149bfc9fd5f73ed9973249c8e9d6e91213fd98f485c0a5f34d058416d,false,Execution,none,raw Computer/IpAddress/User fields,
2021-01-19T13:25:23.490+0000,2021-01-19T13:25:23.490+0000,10,Microsoft-Windows-Sysmon/Operational,ict3214:attack_trace,PS-HOST-01,,,,,,,C:\Windows\SystemApps\ShellExperienceHost_cw5n1h2txyewy\ShellExperienceHost.exe,C:\Windows\system32\svchost.exe,0x1000,,,,,,,{E983936C-B38F-6006-0D00-00000000A301},992,{E983936C-CCEA-6006-5B07-00000000A301},5624,,T1059.001,PowerShell,Execution,TRACE-PS-01,powershell,https://raw.githubusercontent.com/splunk/attack_data/master/datasets/attack_techniques/T1059.001/encoded_powershell/windows-sysmon.log,fcde5b54af33f444bed8898f4ef685392eb085750c028557fb26d299c7fa9c9b,false,Execution,none,raw Computer/IpAddress/User fields,
2021-01-19T13:25:23.490+0000,2021-01-19T13:25:23.490+0000,10,Microsoft-Windows-Sysmon/Operational,ict3214:attack_trace,PS-HOST-01,,,,,,,C:\Windows\SystemApps\Microsoft.Windows.Cortana_cw5n1h2txyewy\SearchUI.exe,C:\Windows\system32\svchost.exe,0x1000,,,,,,,{E983936C-B38F-6006-0D00-00000000A301},992,{E983936C-CCEC-6006-5C07-00000000A301},5768,,T1059.001,PowerShell,Execution,TRACE-PS-01,powershell,https://raw.githubusercontent.com/splunk/attack_data/master/datasets/attack_techniques/T1059.001/encoded_powershell/windows-sysmon.log,fead48cc23e6465dbbcb616dbe617fe57acc69b29fa2644d923cd62ebf7c5baa,false,Execution,none,raw Computer/IpAddress/User fields,
2021-01-19T13:25:23.491+0000,2021-01-19T13:25:23.491+0000,10,Microsoft-Windows-Sysmon/Operational,ict3214:attack_trace,PS-HOST-01,,,,,,,C:\Windows\system32\svchost.exe,C:\Windows\system32\svchost.exe,0x1000,,,,,,,{E983936C-B38F-6006-0D00-00000000A301},992,{E983936C-B3A0-6006-3000-00000000A301},2668,,T1059.001,PowerShell,Execution,TRACE-PS-01,powershell,https://raw.githubusercontent.com/splunk/attack_data/master/datasets/attack_techniques/T1059.001/encoded_powershell/windows-sysmon.log,d07b756c8a5bba9faec71574375c100af9c09addf6a9dcaf81a541a1769af9f0,false,Execution,none,raw Computer/IpAddress/User fields,
2021-01-19T13:25:25.835+0000,2021-01-19T13:25:25.835+0000,10,Microsoft-Windows-Sysmon/Operational,ict3214:attack_trace,PS-HOST-01,,,,,,,C:\Program Files\SplunkUniversalForwarder\bin\splunk-winprintmon.exe,C:\Program Files\SplunkUniversalForwarder\bin\splunkd.exe,0x1fffff,,,,,,,{E983936C-B438-6006-B400-00000000A301},4412,{E983936C-DDC5-6006-8F09-00000000A301},7524,,T1059.001,PowerShell,Execution,TRACE-PS-01,powershell,https://raw.githubusercontent.com/splunk/attack_data/master/datasets/attack_techniques/T1059.001/encoded_powershell/windows-sysmon.log,818bfdd62d287fc00886e91d3fadd6048a36c80bda40d9a763bd88cd18711bc0,false,Execution,none,raw Computer/IpAddress/User fields,
2021-01-19T13:25:25.835+0000,2021-01-19T13:25:25.835+0000,1,Microsoft-Windows-Sysmon/Operational,ict3214:attack_trace,PS-HOST-01,,,NT AUTHORITY\SYSTEM,C:\Program Files\SplunkUniversalForwarder\bin\splunk-winprintmon.exe,C:\Program Files\SplunkUniversalForwarder\bin\splunkd.exe,"""C:\Program Files\SplunkUniversalForwarder\bin\splunk-winprintmon.exe""",,,,,,,,{E983936C-DDC5-6006-8F09-00000000A301},7524,,,,,,T1059.001,PowerShell,Execution,TRACE-PS-01,powershell,https://raw.githubusercontent.com/splunk/attack_data/master/datasets/attack_techniques/T1059.001/encoded_powershell/windows-sysmon.log,c76d2bad60f8b886f836b545ef8eea54a71bf16c403daec24a924656e0dfffe6,false,Execution,none,raw Computer/IpAddress/User fields,{E983936C-B438-6006-B400-00000000A301}
2021-01-19T13:25:25.836+0000,2021-01-19T13:25:25.836+0000,10,Microsoft-Windows-Sysmon/Operational,ict3214:attack_trace,PS-HOST-01,,,,,,,C:\Windows\sysmon64.exe,C:\Windows\system32\svchost.exe,0x1400,,,,,,,{E983936C-B38F-6006-0C00-00000000A301},592,{E983936C-B3A0-6006-3100-00000000A301},2052,,T1059.001,PowerShell,Execution,TRACE-PS-01,powershell,https://raw.githubusercontent.com/splunk/attack_data/master/datasets/attack_techniques/T1059.001/encoded_powershell/windows-sysmon.log,0fed8544bbef4757cf6ff98b68a418128d80703a19cc03bc4908129cc12dbed0,false,Execution,none,raw Computer/IpAddress/User fields,
2021-01-19T13:25:25.836+0000,2021-01-19T13:25:25.836+0000,10,Microsoft-Windows-Sysmon/Operational,ict3214:attack_trace,PS-HOST-01,,,,,,,C:\Windows\sysmon64.exe,C:\Windows\system32\svchost.exe,0x1400,,,,,,,{E983936C-B38F-6006-0C00-00000000A301},592,{E983936C-B3A0-6006-3100-00000000A301},2052,,T1059.001,PowerShell,Execution,TRACE-PS-01,powershell,https://raw.githubusercontent.com/splunk/attack_data/master/datasets/attack_techniques/T1059.001/encoded_powershell/windows-sysmon.log,527beaed97418a0bff390b1483664774502b024b0af676c163bab90299137279,false,Execution,none,raw Computer/IpAddress/User fields,
2021-01-19T13:25:25.836+0000,2021-01-19T13:25:25.836+0000,10,Microsoft-Windows-Sysmon/Operational,ict3214:attack_trace,PS-HOST-01,,,,,,,C:\Program Files\SplunkUniversalForwarder\bin\splunk-winprintmon.exe,C:\Windows\system32\csrss.exe,0x1fffff,,,,,,,{E983936C-B38D-6006-0500-00000000A301},636,{E983936C-DDC5-6006-8F09-00000000A301},7524,,T1059.001,PowerShell,Execution,TRACE-PS-01,powershell,https://raw.githubusercontent.com/splunk/attack_data/master/datasets/attack_techniques/T1059.001/encoded_powershell/windows-sysmon.log,5775703143face70dd04f5a90116f02ec06499509885f2d896b83ea4419e5b18,false,Execution,none,raw Computer/IpAddress/User fields,
2021-01-19T13:25:25.836+0000,2021-01-19T13:25:25.836+0000,10,Microsoft-Windows-Sysmon/Operational,ict3214:attack_trace,PS-HOST-01,,,,,,,C:\Windows\sysmon64.exe,C:\Windows\system32\svchost.exe,0x1400,,,,,,,{E983936C-B38F-6006-0C00-00000000A301},592,{E983936C-B3A0-6006-3100-00000000A301},2052,,T1059.001,PowerShell,Execution,TRACE-PS-01,powershell,https://raw.githubusercontent.com/splunk/attack_data/master/datasets/attack_techniques/T1059.001/encoded_powershell/windows-sysmon.log,b9b418e050552cb7590637564bbd5b96da0e78dcb24d1ab78739da634d98c760,false,Execution,none,raw Computer/IpAddress/User fields,
2021-01-19T13:25:25.836+0000,2021-01-19T13:25:25.836+0000,10,Microsoft-Windows-Sysmon/Operational,ict3214:attack_trace,PS-HOST-01,,,,,,,C:\Windows\sysmon64.exe,C:\Windows\system32\svchost.exe,0x1400,,,,,,,{E983936C-B38F-6006-0C00-00000000A301},592,{E983936C-B3A0-6006-3100-00000000A301},2052,,T1059.001,PowerShell,Execution,TRACE-PS-01,powershell,https://raw.githubusercontent.com/splunk/attack_data/master/datasets/attack_techniques/T1059.001/encoded_powershell/windows-sysmon.log,dd7960536400d5f61bfaecf897711f59253e782307e300db4c495634bb2a3e27,false,Execution,none,raw Computer/IpAddress/User fields,
2021-01-19T13:25:25.837+0000,2021-01-19T13:25:25.837+0000,10,Microsoft-Windows-Sysmon/Operational,ict3214:attack_trace,PS-HOST-01,,,,,,,C:\Program Files\SplunkUniversalForwarder\bin\splunk-winprintmon.exe,C:\Windows\system32\conhost.exe,0x1fffff,,,,,,,{E983936C-B439-6006-B800-00000000A301},4284,{E983936C-DDC5-6006-8F09-00000000A301},7524,,T1059.001,PowerShell,Execution,TRACE-PS-01,powershell,https://raw.githubusercontent.com/splunk/attack_data/master/datasets/attack_techniques/T1059.001/encoded_powershell/windows-sysmon.log,1bac013dd7f43471b07cba47aabb8a7893d94548bb72b8fb053ed02bb31d82eb,false,Execution,none,raw Computer/IpAddress/User fields,
2021-01-19T13:25:29.815+0000,2021-01-19T13:25:29.815+0000,10,Microsoft-Windows-Sysmon/Operational,ict3214:attack_trace,PS-HOST-01,,,,,,,C:\Program Files\Mozilla Firefox\firefox.exe,C:\Program Files\Mozilla Firefox\firefox.exe,0x2200,,,,,,,{E983936C-CD5C-6006-8407-00000000A301},6812,{E983936C-D0E5-6006-0C08-00000000A301},4648,,T1059.001,PowerShell,Execution,TRACE-PS-01,powershell,https://raw.githubusercontent.com/splunk/attack_data/master/datasets/attack_techniques/T1059.001/encoded_powershell/windows-sysmon.log,22bd7530fef0284b81d45c8d42a32b0d8bf9ff4033b7b16c1ca1763b87be1367,false,Execution,none,raw Computer/IpAddress/User fields,
2021-01-19T13:25:29.842+0000,2021-01-19T13:25:29.842+0000,10,Microsoft-Windows-Sysmon/Operational,ict3214:attack_trace,PS-HOST-01,,,,,,,C:\Program Files\Mozilla Firefox\firefox.exe,C:\Windows\System32\svchost.exe,0x1fffff,,,,,,,{E983936C-B390-6006-1200-00000000A301},1184,{E983936C-DDC9-6006-9009-00000000A301},6048,,T1059.001,PowerShell,Execution,TRACE-PS-01,powershell,https://raw.githubusercontent.com/splunk/attack_data/master/datasets/attack_techniques/T1059.001/encoded_powershell/windows-sysmon.log,3f92e2f81f61d7e6e8dd44040b5500e12780066a9b4f3d264b562d46830e1e9c,false,Execution,none,raw Computer/IpAddress/User fields,
2021-01-19T13:25:29.844+0000,2021-01-19T13:25:29.844+0000,10,Microsoft-Windows-Sysmon/Operational,ict3214:attack_trace,PS-HOST-01,,,,,,,C:\Program Files\Mozilla Firefox\firefox.exe,C:\Program Files\Mozilla Firefox\firefox.exe,0x1fffff,,,,,,,{E983936C-CD5C-6006-8407-00000000A301},6812,{E983936C-DDC9-6006-9009-00000000A301},6048,,T1059.001,PowerShell,Execution,TRACE-PS-01,powershell,https://raw.githubusercontent.com/splunk/attack_data/master/datasets/attack_techniques/T1059.001/encoded_powershell/windows-sysmon.log,b7457c3dce37c6845f8c9df2210df764fc056041f28e993da28e875fd1ecaef1,false,Execution,none,raw Computer/IpAddress/User fields,
2021-01-19T13:25:29.844+0000,2021-01-19T13:25:29.844+0000,1,Microsoft-Windows-Sysmon/Operational,ict3214:attack_trace,PS-HOST-01,,,LAB\user-admin,C:\Program Files\Mozilla Firefox\firefox.exe,C:\Program Files\Mozilla Firefox\firefox.exe,"""C:\Program Files\Mozilla Firefox\firefox.exe"" -contentproc --channel=""6812.76.1071093447\496561762"" -childID 11 -isForBrowser -prefsHandle 7916 -prefMapHandle 8280 -prefsLen 16388 -prefMapSize 229288 -parentBuildID 20210105180113 -appdir ""C:\Program Files\Mozilla Firefox\browser"" - 6812 ""\\.\pipe\gecko-crash-server-pipe.6812"" 7764 tab",,,,,,,,{E983936C-DDC9-6006-9009-00000000A301},6048,,,,,,T1059.001,PowerShell,Execution,TRACE-PS-01,powershell,https://raw.githubusercontent.com/splunk/attack_data/master/datasets/attack_techniques/T1059.001/encoded_powershell/windows-sysmon.log,db0d4f785a49e70ae34cfcc60032059e2c25650ef466a190717b0bac3bfa238d,false,Execution,none,raw Computer/IpAddress/User fields,{E983936C-CD5C-6006-8407-00000000A301}
2021-01-19T13:25:29.845+0000,2021-01-19T13:25:29.845+0000,10,Microsoft-Windows-Sysmon/Operational,ict3214:attack_trace,PS-HOST-01,,,,,,,C:\Windows\sysmon64.exe,C:\Windows\system32\svchost.exe,0x1400,,,,,,,{E983936C-B38F-6006-0C00-00000000A301},592,{E983936C-B3A0-6006-3100-00000000A301},2052,,T1059.001,PowerShell,Execution,TRACE-PS-01,powershell,https://raw.githubusercontent.com/splunk/attack_data/master/datasets/attack_techniques/T1059.001/encoded_powershell/windows-sysmon.log,04391d00f04b3683226626d88dfbcf303fa52dc84522903bcc0c0490c2010217,false,Execution,none,raw Computer/IpAddress/User fields,
2021-01-19T13:25:29.845+0000,2021-01-19T13:25:29.845+0000,10,Microsoft-Windows-Sysmon/Operational,ict3214:attack_trace,PS-HOST-01,,,,,,,C:\Windows\sysmon64.exe,C:\Windows\system32\svchost.exe,0x1400,,,,,,,{E983936C-B38F-6006-0C00-00000000A301},592,{E983936C-B3A0-6006-3100-00000000A301},2052,,T1059.001,PowerShell,Execution,TRACE-PS-01,powershell,https://raw.githubusercontent.com/splunk/attack_data/master/datasets/attack_techniques/T1059.001/encoded_powershell/windows-sysmon.log,3b4f4af72aff277bc9f4cc5759276bd82f0cf1edf1832c44a8a18569844b53f9,false,Execution,none,raw Computer/IpAddress/User fields,
2021-01-19T13:25:29.845+0000,2021-01-19T13:25:29.845+0000,10,Microsoft-Windows-Sysmon/Operational,ict3214:attack_trace,PS-HOST-01,,,,,,,C:\Program Files\Mozilla Firefox\firefox.exe,C:\Windows\system32\csrss.exe,0x1fffff,,,,,,,{E983936C-CCD9-6006-3007-00000000A301},3648,{E983936C-DDC9-6006-9009-00000000A301},6048,,T1059.001,PowerShell,Execution,TRACE-PS-01,powershell,https://raw.githubusercontent.com/splunk/attack_data/master/datasets/attack_techniques/T1059.001/encoded_powershell/windows-sysmon.log,a3089e1cf53c1b8b4ad5662c1200fd72449c800eb626004a5917e54e93bed095,false,Execution,none,raw Computer/IpAddress/User fields,
2021-01-19T13:25:29.845+0000,2021-01-19T13:25:29.845+0000,10,Microsoft-Windows-Sysmon/Operational,ict3214:attack_trace,PS-HOST-01,,,,,,,C:\Windows\sysmon64.exe,C:\Windows\system32\svchost.exe,0x1400,,,,,,,{E983936C-B38F-6006-0C00-00000000A301},592,{E983936C-B3A0-6006-3100-00000000A301},2052,,T1059.001,PowerShell,Execution,TRACE-PS-01,powershell,https://raw.githubusercontent.com/splunk/attack_data/master/datasets/attack_techniques/T1059.001/encoded_powershell/windows-sysmon.log,e7c422ca4a22da866611a3b975a97f7adac3425fc52718060bdd7a9165ccf6a0,false,Execution,none,raw Computer/IpAddress/User fields,
2021-01-19T13:25:29.845+0000,2021-01-19T13:25:29.845+0000,10,Microsoft-Windows-Sysmon/Operational,ict3214:attack_trace,PS-HOST-01,,,,,,,C:\Windows\sysmon64.exe,C:\Windows\system32\svchost.exe,0x1400,,,,,,,{E983936C-B38F-6006-0C00-00000000A301},592,{E983936C-B3A0-6006-3100-00000000A301},2052,,T1059.001,PowerShell,Execution,TRACE-PS-01,powershell,https://raw.githubusercontent.com/splunk/attack_data/master/datasets/attack_techniques/T1059.001/encoded_powershell/windows-sysmon.log,f1624f9b1fa8ca8631a053b1144acfd9465eb2967b220b86bff2bb6ea78a6552,false,Execution,none,raw Computer/IpAddress/User fields,
2021-01-19T13:25:29.848+0000,2021-01-19T13:25:29.848+0000,10,Microsoft-Windows-Sysmon/Operational,ict3214:attack_trace,PS-HOST-01,,,,,,,C:\Program Files\Mozilla Firefox\firefox.exe,C:\Program Files\Mozilla Firefox\firefox.exe,0x40,,,,,,,{E983936C-CD5C-6006-8407-00000000A301},6812,{E983936C-DDC9-6006-9009-00000000A301},6048,,T1059.001,PowerShell,Execution,TRACE-PS-01,powershell,https://raw.githubusercontent.com/splunk/attack_data/master/datasets/attack_techniques/T1059.001/encoded_powershell/windows-sysmon.log,5dc474fff3bc56a9f456cdf179560701ee7c2523e6112cafe67e0f66bb293320,false,Execution,none,raw Computer/IpAddress/User fields,
2021-01-19T13:25:29.848+0000,2021-01-19T13:25:29.848+0000,10,Microsoft-Windows-Sysmon/Operational,ict3214:attack_trace,PS-HOST-01,,,,,,,C:\Program Files\Mozilla Firefox\firefox.exe,C:\Program Files\Mozilla Firefox\firefox.exe,0x101451,,,,,,,{E983936C-CD5C-6006-8407-00000000A301},6812,{E983936C-DDC9-6006-9009-00000000A301},6048,,T1059.001,PowerShell,Execution,TRACE-PS-01,powershell,https://raw.githubusercontent.com/splunk/attack_data/master/datasets/attack_techniques/T1059.001/encoded_powershell/windows-sysmon.log,776e0df8201155a64ffd5dd3c073635c6b6b9a514e3195d8d9044d7f9ad3d8d0,false,Execution,none,raw Computer/IpAddress/User fields,
2021-01-19T13:25:29.848+0000,2021-01-19T13:25:29.848+0000,10,Microsoft-Windows-Sysmon/Operational,ict3214:attack_trace,PS-HOST-01,,,,,,,C:\Program Files\Mozilla Firefox\firefox.exe,C:\Program Files\Mozilla Firefox\firefox.exe,0x40,,,,,,,{E983936C-CD5C-6006-8407-00000000A301},6812,{E983936C-DDC9-6006-9009-00000000A301},6048,,T1059.001,PowerShell,Execution,TRACE-PS-01,powershell,https://raw.githubusercontent.com/splunk/attack_data/master/datasets/attack_techniques/T1059.001/encoded_powershell/windows-sysmon.log,77e80cf1140287311587621b30a4928c384dae481206e878ab62fb2623c395a8,false,Execution,none,raw Computer/IpAddress/User fields,
2021-01-19T13:25:29.849+0000,2021-01-19T13:25:29.849+0000,10,Microsoft-Windows-Sysmon/Operational,ict3214:attack_trace,PS-HOST-01,,,,,,,C:\Program Files\Mozilla Firefox\firefox.exe,C:\Program Files\Mozilla Firefox\firefox.exe,0x40,,,,,,,{E983936C-CD5C-6006-8407-00000000A301},6812,{E983936C-DDC9-6006-9009-00000000A301},6048,,T1059.001,PowerShell,Execution,TRACE-PS-01,powershell,https://raw.githubusercontent.com/splunk/attack_data/master/datasets/attack_techniques/T1059.001/encoded_powershell/windows-sysmon.log,004e0a5b1ee63f77a78bf59a0c36d536ba01b2104465635ee37cb9124dfc808e,false,Execution,none,raw Computer/IpAddress/User fields,
2021-01-19T13:25:29.849+0000,2021-01-19T13:25:29.849+0000,10,Microsoft-Windows-Sysmon/Operational,ict3214:attack_trace,PS-HOST-01,,,,,,,C:\Program Files\Mozilla Firefox\firefox.exe,C:\Program Files\Mozilla Firefox\firefox.exe,0x40,,,,,,,{E983936C-CD5C-6006-8407-00000000A301},6812,{E983936C-DDC9-6006-9009-00000000A301},6048,,T1059.001,PowerShell,Execution,TRACE-PS-01,powershell,https://raw.githubusercontent.com/splunk/attack_data/master/datasets/attack_techniques/T1059.001/encoded_powershell/windows-sysmon.log,11a109f444b9c9c0298818c84a287fd964d2782f0df090c4ba5fad0446c17406,false,Execution,none,raw Computer/IpAddress/User fields,
2021-01-19T13:25:29.849+0000,2021-01-19T13:25:29.849+0000,10,Microsoft-Windows-Sysmon/Operational,ict3214:attack_trace,PS-HOST-01,,,,,,,C:\Program Files\Mozilla Firefox\firefox.exe,C:\Program Files\Mozilla Firefox\firefox.exe,0x40,,,,,,,{E983936C-CD5C-6006-8407-00000000A301},6812,{E983936C-DDC9-6006-9009-00000000A301},6048,,T1059.001,PowerShell,Execution,TRACE-PS-01,powershell,https://raw.githubusercontent.com/splunk/attack_data/master/datasets/attack_techniques/T1059.001/encoded_powershell/windows-sysmon.log,224734629b79101c4ac32137033280223861bc709584ff106bc66accbb8313d0,false,Execution,none,raw Computer/IpAddress/User fields,
2021-01-19T13:25:29.849+0000,2021-01-19T13:25:29.849+0000,10,Microsoft-Windows-Sysmon/Operational,ict3214:attack_trace,PS-HOST-01,,,,,,,C:\Program Files\Mozilla Firefox\firefox.exe,C:\Program Files\Mozilla Firefox\firefox.exe,0x40,,,,,,,{E983936C-CD5C-6006-8407-00000000A301},6812,{E983936C-DDC9-6006-9009-00000000A301},6048,,T1059.001,PowerShell,Execution,TRACE-PS-01,powershell,https://raw.githubusercontent.com/splunk/attack_data/master/datasets/attack_techniques/T1059.001/encoded_powershell/windows-sysmon.log,90693b52c9f0d399d05fcf461d639966443067243def94e2c6e006619e6ebcbd,false,Execution,none,raw Computer/IpAddress/User fields,
2021-01-19T13:25:29.849+0000,2021-01-19T13:25:29.849+0000,10,Microsoft-Windows-Sysmon/Operational,ict3214:attack_trace,PS-HOST-01,,,,,,,C:\Program Files\Mozilla Firefox\firefox.exe,C:\Program Files\Mozilla Firefox\firefox.exe,0x40,,,,,,,{E983936C-CD5C-6006-8407-00000000A301},6812,{E983936C-DDC9-6006-9009-00000000A301},6048,,T1059.001,PowerShell,Execution,TRACE-PS-01,powershell,https://raw.githubusercontent.com/splunk/attack_data/master/datasets/attack_techniques/T1059.001/encoded_powershell/windows-sysmon.log,9241bc98f043cbc1b99ddfdd67c2d7c733c8c27e0840dc251ae20ddd1f82a488,false,Execution,none,raw Computer/IpAddress/User fields,
2021-01-19T13:25:29.849+0000,2021-01-19T13:25:29.849+0000,10,Microsoft-Windows-Sysmon/Operational,ict3214:attack_trace,PS-HOST-01,,,,,,,C:\Program Files\Mozilla Firefox\firefox.exe,C:\Program Files\Mozilla Firefox\firefox.exe,0x40,,,,,,,{E983936C-CD5C-6006-8407-00000000A301},6812,{E983936C-DDC9-6006-9009-00000000A301},6048,,T1059.001,PowerShell,Execution,TRACE-PS-01,powershell,https://raw.githubusercontent.com/splunk/attack_data/master/datasets/attack_techniques/T1059.001/encoded_powershell/windows-sysmon.log,927203a25d3b86cfca5bd04956187248d835d48e30cbce237bd0cc2c0fcef490,false,Execution,none,raw Computer/IpAddress/User fields,
2021-01-19T13:25:29.849+0000,2021-01-19T13:25:29.849+0000,10,Microsoft-Windows-Sysmon/Operational,ict3214:attack_trace,PS-HOST-01,,,,,,,C:\Program Files\Mozilla Firefox\firefox.exe,C:\Program Files\Mozilla Firefox\firefox.exe,0x40,,,,,,,{E983936C-CD5C-6006-8407-00000000A301},6812,{E983936C-DDC9-6006-9009-00000000A301},6048,,T1059.001,PowerShell,Execution,TRACE-PS-01,powershell,https://raw.githubusercontent.com/splunk/attack_data/master/datasets/attack_techniques/T1059.001/encoded_powershell/windows-sysmon.log,a7ed0ded2f76a648adefb476341fa3b01d780164ca1d04d9119ff711b5b99a83,false,Execution,none,raw Computer/IpAddress/User fields,
2021-01-19T13:25:29.849+0000,2021-01-19T13:25:29.849+0000,10,Microsoft-Windows-Sysmon/Operational,ict3214:attack_trace,PS-HOST-01,,,,,,,C:\Program Files\Mozilla Firefox\firefox.exe,C:\Program Files\Mozilla Firefox\firefox.exe,0x40,,,,,,,{E983936C-CD5C-6006-8407-00000000A301},6812,{E983936C-DDC9-6006-9009-00000000A301},6048,,T1059.001,PowerShell,Execution,TRACE-PS-01,powershell,https://raw.githubusercontent.com/splunk/attack_data/master/datasets/attack_techniques/T1059.001/encoded_powershell/windows-sysmon.log,bc3cb58b6495708b0080ff1da8acf33fa3435c104eef84a2d9e4d1419b2299ca,false,Execution,none,raw Computer/IpAddress/User fields,
2021-01-19T13:25:29.849+0000,2021-01-19T13:25:29.849+0000,10,Microsoft-Windows-Sysmon/Operational,ict3214:attack_trace,PS-HOST-01,,,,,,,C:\Program Files\Mozilla Firefox\firefox.exe,C:\Program Files\Mozilla Firefox\firefox.exe,0x40,,,,,,,{E983936C-CD5C-6006-8407-00000000A301},6812,{E983936C-DDC9-6006-9009-00000000A301},6048,,T1059.001,PowerShell,Execution,TRACE-PS-01,powershell,https://raw.githubusercontent.com/splunk/attack_data/master/datasets/attack_techniques/T1059.001/encoded_powershell/windows-sysmon.log,d04e6cda65fa6e9b71cee0c7ba411879598870a7b8b8f47276e5679b7b41cc9c,false,Execution,none,raw Computer/IpAddress/User fields,
2021-01-19T13:25:29.849+0000,2021-01-19T13:25:29.849+0000,10,Microsoft-Windows-Sysmon/Operational,ict3214:attack_trace,PS-HOST-01,,,,,,,C:\Program Files\Mozilla Firefox\firefox.exe,C:\Program Files\Mozilla Firefox\firefox.exe,0x40,,,,,,,{E983936C-CD5C-6006-8407-00000000A301},6812,{E983936C-DDC9-6006-9009-00000000A301},6048,,T1059.001,PowerShell,Execution,TRACE-PS-01,powershell,https://raw.githubusercontent.com/splunk/attack_data/master/datasets/attack_techniques/T1059.001/encoded_powershell/windows-sysmon.log,f7cff415748813ecc2541b3f1149b8d9bbce82c334f565af26ccda2c99a679f2,false,Execution,none,raw Computer/IpAddress/User fields,
2021-01-19T13:25:29.850+0000,2021-01-19T13:25:29.850+0000,10,Microsoft-Windows-Sysmon/Operational,ict3214:attack_trace,PS-HOST-01,,,,,,,C:\Program Files\Mozilla Firefox\firefox.exe,C:\Program Files\Mozilla Firefox\firefox.exe,0x40,,,,,,,{E983936C-CD5C-6006-8407-00000000A301},6812,{E983936C-DDC9-6006-9009-00000000A301},6048,,T1059.001,PowerShell,Execution,TRACE-PS-01,powershell,https://raw.githubusercontent.com/splunk/attack_data/master/datasets/attack_techniques/T1059.001/encoded_powershell/windows-sysmon.log,0e6c7d5ad712d2ebf05b81bb36034e0f34cc951b170c9e164a96d7e3930d53b0,false,Execution,none,raw Computer/IpAddress/User fields,
2021-01-19T13:25:29.850+0000,2021-01-19T13:25:29.850+0000,10,Microsoft-Windows-Sysmon/Operational,ict3214:attack_trace,PS-HOST-01,,,,,,,C:\Program Files\Mozilla Firefox\firefox.exe,C:\Program Files\Mozilla Firefox\firefox.exe,0x40,,,,,,,{E983936C-CD5C-6006-8407-00000000A301},6812,{E983936C-DDC9-6006-9009-00000000A301},6048,,T1059.001,PowerShell,Execution,TRACE-PS-01,powershell,https://raw.githubusercontent.com/splunk/attack_data/master/datasets/attack_techniques/T1059.001/encoded_powershell/windows-sysmon.log,1ec902915c9be23ff978188d9797c5d9059bf9020abd06184143efb13e23a7d0,false,Execution,none,raw Computer/IpAddress/User fields,
2021-01-19T13:25:29.850+0000,2021-01-19T13:25:29.850+0000,10,Microsoft-Windows-Sysmon/Operational,ict3214:attack_trace,PS-HOST-01,,,,,,,C:\Program Files\Mozilla Firefox\firefox.exe,C:\Program Files\Mozilla Firefox\firefox.exe,0x40,,,,,,,{E983936C-CD5C-6006-8407-00000000A301},6812,{E983936C-CD5F-6006-8607-00000000A301},4500,,T1059.001,PowerShell,Execution,TRACE-PS-01,powershell,https://raw.githubusercontent.com/splunk/attack_data/master/datasets/attack_techniques/T1059.001/encoded_powershell/windows-sysmon.log,57754327c9cbff016e2dded8943ac2384b309ca120aba3187a5ac4befa00bba8,false,Execution,none,raw Computer/IpAddress/User fields,
2021-01-19T13:25:29.850+0000,2021-01-19T13:25:29.850+0000,10,Microsoft-Windows-Sysmon/Operational,ict3214:attack_trace,PS-HOST-01,,,,,,,C:\Program Files\Mozilla Firefox\firefox.exe,C:\Program Files\Mozilla Firefox\firefox.exe,0x40,,,,,,,{E983936C-CD5C-6006-8407-00000000A301},6812,{E983936C-CD5F-6006-8607-00000000A301},4500,,T1059.001,PowerShell,Execution,TRACE-PS-01,powershell,https://raw.githubusercontent.com/splunk/attack_data/master/datasets/attack_techniques/T1059.001/encoded_powershell/windows-sysmon.log,8264996ede52911964e19ec3df0e20f2e7b853353ea32ffe739b4c61c4fdcc69,false,Execution,none,raw Computer/IpAddress/User fields,
2021-01-19T13:25:29.850+0000,2021-01-19T13:25:29.850+0000,10,Microsoft-Windows-Sysmon/Operational,ict3214:attack_trace,PS-HOST-01,,,,,,,C:\Program Files\Mozilla Firefox\firefox.exe,C:\Program Files\Mozilla Firefox\firefox.exe,0x40,,,,,,,{E983936C-CD5C-6006-8407-00000000A301},6812,{E983936C-DDC9-6006-9009-00000000A301},6048,,T1059.001,PowerShell,Execution,TRACE-PS-01,powershell,https://raw.githubusercontent.com/splunk/attack_data/master/datasets/attack_techniques/T1059.001/encoded_powershell/windows-sysmon.log,94f66ea40a2d3b1fed8cdbf5c2a82660c8b5c7529ce6cbc322b2f6d026355854,false,Execution,none,raw Computer/IpAddress/User fields,
2021-01-19T13:25:29.850+0000,2021-01-19T13:25:29.850+0000,10,Microsoft-Windows-Sysmon/Operational,ict3214:attack_trace,PS-HOST-01,,,,,,,C:\Program Files\Mozilla Firefox\firefox.exe,C:\Program Files\Mozilla Firefox\firefox.exe,0x40,,,,,,,{E983936C-CD5C-6006-8407-00000000A301},6812,{E983936C-CD5F-6006-8607-00000000A301},4500,,T1059.001,PowerShell,Execution,TRACE-PS-01,powershell,https://raw.githubusercontent.com/splunk/attack_data/master/datasets/attack_techniques/T1059.001/encoded_powershell/windows-sysmon.log,9bd26d0dd10807388f17fceb7a7fdca8126bbabc965e3b2d9e9887f2ab59fc7a,false,Execution,none,raw Computer/IpAddress/User fields,
2021-01-19T13:25:29.850+0000,2021-01-19T13:25:29.850+0000,10,Microsoft-Windows-Sysmon/Operational,ict3214:attack_trace,PS-HOST-01,,,,,,,C:\Program Files\Mozilla Firefox\firefox.exe,C:\Program Files\Mozilla Firefox\firefox.exe,0x40,,,,,,,{E983936C-CD5C-6006-8407-00000000A301},6812,{E983936C-CD5F-6006-8607-00000000A301},4500,,T1059.001,PowerShell,Execution,TRACE-PS-01,powershell,https://raw.githubusercontent.com/splunk/attack_data/master/datasets/attack_techniques/T1059.001/encoded_powershell/windows-sysmon.log,b38d843b078d5dcd5e598ee4783229c8d15000e22bf9aeccab7b4e00f509f241,false,Execution,none,raw Computer/IpAddress/User fields,
2021-01-19T13:25:29.850+0000,2021-01-19T13:25:29.850+0000,10,Microsoft-Windows-Sysmon/Operational,ict3214:attack_trace,PS-HOST-01,,,,,,,C:\Program Files\Mozilla Firefox\firefox.exe,C:\Program Files\Mozilla Firefox\firefox.exe,0x40,,,,,,,{E983936C-CD5C-6006-8407-00000000A301},6812,{E983936C-DDC9-6006-9009-00000000A301},6048,,T1059.001,PowerShell,Execution,TRACE-PS-01,powershell,https://raw.githubusercontent.com/splunk/attack_data/master/datasets/attack_techniques/T1059.001/encoded_powershell/windows-sysmon.log,e7f04fc4666d35a86954b36a8ed309c7f353b582669f71f76c9ea82c22a48f20,false,Execution,none,raw Computer/IpAddress/User fields,
2021-01-19T13:25:29.850+0000,2021-01-19T13:25:29.850+0000,10,Microsoft-Windows-Sysmon/Operational,ict3214:attack_trace,PS-HOST-01,,,,,,,C:\Program Files\Mozilla Firefox\firefox.exe,C:\Program Files\Mozilla Firefox\firefox.exe,0x2200,,,,,,,{E983936C-CD5C-6006-8407-00000000A301},6812,{E983936C-DDC9-6006-9009-00000000A301},6048,,T1059.001,PowerShell,Execution,TRACE-PS-01,powershell,https://raw.githubusercontent.com/splunk/attack_data/master/datasets/attack_techniques/T1059.001/encoded_powershell/windows-sysmon.log,fd7913456b7d6b4343699a5f2e1a6c8274d992e86461c2d8ceb468518ee6d444,false,Execution,none,raw Computer/IpAddress/User fields,
2021-01-19T13:25:29.882+0000,2021-01-19T13:25:29.882+0000,10,Microsoft-Windows-Sysmon/Operational,ict3214:attack_trace,PS-HOST-01,,,,,,,C:\Program Files\Mozilla Firefox\firefox.exe,C:\Program Files\Mozilla Firefox\firefox.exe,0x1fffff,,,,,,,{E983936C-CD5C-6006-8407-00000000A301},6812,{E983936C-DDC9-6006-9009-00000000A301},6048,,T1059.001,PowerShell,Execution,TRACE-PS-01,powershell,https://raw.githubusercontent.com/splunk/attack_data/master/datasets/attack_techniques/T1059.001/encoded_powershell/windows-sysmon.log,f028ca57051e1aaa95e9296bd5a69d74001ff59f7ba03dfb7404712f0b1a2ada,false,Execution,none,raw Computer/IpAddress/User fields,
2021-01-19T13:25:29.884+0000,2021-01-19T13:25:29.884+0000,10,Microsoft-Windows-Sysmon/Operational,ict3214:attack_trace,PS-HOST-01,,,,,,,C:\Program Files\Mozilla Firefox\firefox.exe,C:\Windows\system32\svchost.exe,0x1478,,,,,,,{E983936C-B390-6006-1600-00000000A301},1528,{E983936C-DDC9-6006-9009-00000000A301},6048,,T1059.001,PowerShell,Execution,TRACE-PS-01,powershell,https://raw.githubusercontent.com/splunk/attack_data/master/datasets/attack_techniques/T1059.001/encoded_powershell/windows-sysmon.log,1503376170773be396fca047dcf246511005a6ca214938208df6fc11e346a3e9,false,Execution,none,raw Computer/IpAddress/User fields,
2021-01-19T13:25:29.886+0000,2021-01-19T13:25:29.886+0000,10,Microsoft-Windows-Sysmon/Operational,ict3214:attack_trace,PS-HOST-01,,,,,,,C:\Program Files\Mozilla Firefox\firefox.exe,C:\Windows\system32\svchost.exe,0x1000,,,,,,,{E983936C-B38F-6006-0C00-00000000A301},592,{E983936C-DDC9-6006-9009-00000000A301},6048,,T1059.001,PowerShell,Execution,TRACE-PS-01,powershell,https://raw.githubusercontent.com/splunk/attack_data/master/datasets/attack_techniques/T1059.001/encoded_powershell/windows-sysmon.log,20403bd830fa950216171b7d5d1d23750690721524a5c348eab9708f93adbf84,false,Execution,none,raw Computer/IpAddress/User fields,
2021-01-19T13:25:29.896+0000,2021-01-19T13:25:29.896+0000,10,Microsoft-Windows-Sysmon/Operational,ict3214:attack_trace,PS-HOST-01,,,,,,,C:\Program Files\Mozilla Firefox\firefox.exe,C:\Program Files\Mozilla Firefox\firefox.exe,0x40,,,,,,,{E983936C-CD5C-6006-8407-00000000A301},6812,{E983936C-DDC9-6006-9009-00000000A301},6048,,T1059.001,PowerShell,Execution,TRACE-PS-01,powershell,https://raw.githubusercontent.com/splunk/attack_data/master/datasets/attack_techniques/T1059.001/encoded_powershell/windows-sysmon.log,5914f0cb43718b0461432a414e26fde0c8ffc18b59d5a12f96cc127ad786a687,false,Execution,none,raw Computer/IpAddress/User fields,
2021-01-19T13:25:29.924+0000,2021-01-19T13:25:29.924+0000,10,Microsoft-Windows-Sysmon/Operational,ict3214:attack_trace,PS-HOST-01,,,,,,,C:\Program Files\Mozilla Firefox\firefox.exe,C:\Windows\system32\lsass.exe,0x1478,,,,,,,{E983936C-B38D-6006-0B00-00000000A301},852,{E983936C-DDC9-6006-9009-00000000A301},6048,,T1059.001,PowerShell,Execution,TRACE-PS-01,powershell,https://raw.githubusercontent.com/splunk/attack_data/master/datasets/attack_techniques/T1059.001/encoded_powershell/windows-sysmon.log,a6855dc0330705f1b760b305eea20aa021a9cc5d617d08218faa90354f9adb4d,false,Execution,none,raw Computer/IpAddress/User fields,
2021-01-19T13:25:29.924+0000,2021-01-19T13:25:29.924+0000,10,Microsoft-Windows-Sysmon/Operational,ict3214:attack_trace,PS-HOST-01,,,,,,,C:\Program Files\Mozilla Firefox\firefox.exe,C:\Windows\system32\lsass.exe,0x1000,,,,,,,{E983936C-B38D-6006-0B00-00000000A301},852,{E983936C-DDC9-6006-9009-00000000A301},6048,,T1059.001,PowerShell,Execution,TRACE-PS-01,powershell,https://raw.githubusercontent.com/splunk/attack_data/master/datasets/attack_techniques/T1059.001/encoded_powershell/windows-sysmon.log,d0f22917d6cf5611090ff704506e186a30af97ab4f6752eeb7aca702170bad09,false,Execution,none,raw Computer/IpAddress/User fields,
2021-01-19T13:25:29.925+0000,2021-01-19T13:25:29.925+0000,10,Microsoft-Windows-Sysmon/Operational,ict3214:attack_trace,PS-HOST-01,,,,,,,C:\Program Files\Mozilla Firefox\firefox.exe,C:\Windows\system32\svchost.exe,0x40,,,,,,,{E983936C-B390-6006-1000-00000000A301},1160,{E983936C-D0E5-6006-0C08-00000000A301},4648,,T1059.001,PowerShell,Execution,TRACE-PS-01,powershell,https://raw.githubusercontent.com/splunk/attack_data/master/datasets/attack_techniques/T1059.001/encoded_powershell/windows-sysmon.log,5d1f88bbcf75d01c66e7942bf4667ad6d637ce8e3f5bced94a449dd469116124,false,Execution,none,raw Computer/IpAddress/User fields,
2021-01-19T13:25:29.938+0000,2021-01-19T13:25:29.938+0000,10,Microsoft-Windows-Sysmon/Operational,ict3214:attack_trace,PS-HOST-01,,,,,,,C:\Program Files\Mozilla Firefox\firefox.exe,C:\Windows\system32\svchost.exe,0x40,,,,,,,{E983936C-B390-6006-1000-00000000A301},1160,{E983936C-DDC9-6006-9009-00000000A301},6048,,T1059.001,PowerShell,Execution,TRACE-PS-01,powershell,https://raw.githubusercontent.com/splunk/attack_data/master/datasets/attack_techniques/T1059.001/encoded_powershell/windows-sysmon.log,241b8688e1fddbe2e30ba4e1e78fb7d18c73be5fa64d51dafbe838769dc2524e,false,Execution,none,raw Computer/IpAddress/User fields,
2021-01-19T13:25:29.939+0000,2021-01-19T13:25:29.939+0000,10,Microsoft-Windows-Sysmon/Operational,ict3214:attack_trace,PS-HOST-01,,,,,,,C:\Program Files\Mozilla Firefox\firefox.exe,C:\Windows\system32\svchost.exe,0x40,,,,,,,{E983936C-B390-6006-1000-00000000A301},1160,{E983936C-DDC9-6006-9009-00000000A301},6048,,T1059.001,PowerShell,Execution,TRACE-PS-01,powershell,https://raw.githubusercontent.com/splunk/attack_data/master/datasets/attack_techniques/T1059.001/encoded_powershell/windows-sysmon.log,9d238e3bd0d37a4680be81aed8974fb62cd93d2c95d364baadaecc317f2bf983,false,Execution,none,raw Computer/IpAddress/User fields,
2021-01-19T13:25:29.951+0000,2021-01-19T13:25:29.951+0000,10,Microsoft-Windows-Sysmon/Operational,ict3214:attack_trace,PS-HOST-01,,,,,,,C:\Program Files\Mozilla Firefox\firefox.exe,C:\Program Files\Mozilla Firefox\firefox.exe,0x40,,,,,,,{E983936C-CD5C-6006-8407-00000000A301},6812,{E983936C-DDC9-6006-9009-00000000A301},6048,,T1059.001,PowerShell,Execution,TRACE-PS-01,powershell,https://raw.githubusercontent.com/splunk/attack_data/master/datasets/attack_techniques/T1059.001/encoded_powershell/windows-sysmon.log,3d09c6c89a7e233c2858dd78ed373dbb885f83c59963b936c8148a2fab279a72,false,Execution,none,raw Computer/IpAddress/User fields,
2021-01-19T13:25:30.817+0000,2021-01-19T13:25:30.817+0000,22,Microsoft-Windows-Sysmon/Operational,ict3214:attack_trace,PS-HOST-01,,,,C:\Program Files\Mozilla Firefox\firefox.exe,,,,,,,,,,{E983936C-CD5C-6006-8407-00000000A301},6812,,,,,spocs.getpocket.com,T1059.001,PowerShell,Execution,TRACE-PS-01,powershell,https://raw.githubusercontent.com/splunk/attack_data/master/datasets/attack_techniques/T1059.001/encoded_powershell/windows-sysmon.log,c36e9dee4ab867b3fa6c611b6370601622fdc03c6ca456d57680d958a71d0b3b,false,Execution,none,raw Computer/IpAddress/User fields,
2021-01-19T13:25:31.529+0000,2021-01-19T13:25:31.529+0000,10,Microsoft-Windows-Sysmon/Operational,ict3214:attack_trace,PS-HOST-01,,,,,,,C:\Windows\system32\conhost.exe,C:\Windows\Explorer.EXE,0x1000,,,,,,,{E983936C-CCDD-6006-4607-00000000A301},5080,{E983936C-D083-6006-F907-00000000A301},8048,,T1059.001,PowerShell,Execution,TRACE-PS-01,powershell,https://raw.githubusercontent.com/splunk/attack_data/master/datasets/attack_techniques/T1059.001/encoded_powershell/windows-sysmon.log,59a3b57ceec71f7d5097af7af1fea72c40e0841445b3d69d7aa288a34c59717d,false,Execution,none,raw Computer/IpAddress/User fields,
2021-01-19T13:25:31.529+0000,2021-01-19T13:25:31.529+0000,10,Microsoft-Windows-Sysmon/Operational,ict3214:attack_trace,PS-HOST-01,,,,,,,C:\Windows\system32\conhost.exe,C:\Windows\Explorer.EXE,0x1410,,,,,,,{E983936C-CCDD-6006-4607-00000000A301},5080,{E983936C-D083-6006-F907-00000000A301},8048,,T1059.001,PowerShell,Execution,TRACE-PS-01,powershell,https://raw.githubusercontent.com/splunk/attack_data/master/datasets/attack_techniques/T1059.001/encoded_powershell/windows-sysmon.log,652c62d53d863574856ecc0700c20dd70861541ddb2b14c517c7ba10fc4dfb21,false,Execution,none,raw Computer/IpAddress/User fields,
2021-01-19T13:25:31.529+0000,2021-01-19T13:25:31.529+0000,10,Microsoft-Windows-Sysmon/Operational,ict3214:attack_trace,PS-HOST-01,,,,,,,C:\Windows\system32\conhost.exe,C:\Windows\Explorer.EXE,0x1000,,,,,,,{E983936C-CCDD-6006-4607-00000000A301},5080,{E983936C-D083-6006-F907-00000000A301},8048,,T1059.001,PowerShell,Execution,TRACE-PS-01,powershell,https://raw.githubusercontent.com/splunk/attack_data/master/datasets/attack_techniques/T1059.001/encoded_powershell/windows-sysmon.log,94ffe2388564928409e960c999321a40a0d4582e0ee39d82cbbf3e3e239bad7f,false,Execution,none,raw Computer/IpAddress/User fields,
2021-01-19T13:25:31.530+0000,2021-01-19T13:25:31.530+0000,10,Microsoft-Windows-Sysmon/Operational,ict3214:attack_trace,PS-HOST-01,,,,,,,C:\Windows\system32\conhost.exe,C:\Windows\Explorer.EXE,0x1410,,,,,,,{E983936C-CCDD-6006-4607-00000000A301},5080,{E983936C-D083-6006-F907-00000000A301},8048,,T1059.001,PowerShell,Execution,TRACE-PS-01,powershell,https://raw.githubusercontent.com/splunk/attack_data/master/datasets/attack_techniques/T1059.001/encoded_powershell/windows-sysmon.log,b21ad92981f006466782924155cd2397bf36bb19d9c36004ebab8f53c473bf64,false,Execution,none,raw Computer/IpAddress/User fields,
2021-01-19T13:25:31.532+0000,2021-01-19T13:25:31.532+0000,10,Microsoft-Windows-Sysmon/Operational,ict3214:attack_trace,PS-HOST-01,,,,,,,C:\Windows\System32\WindowsPowerShell\v1.0\powershell.exe,C:\Windows\Explorer.EXE,0x1000,,,,,,,{E983936C-CCDD-6006-4607-00000000A301},5080,{E983936C-D083-6006-F807-00000000A301},7900,,T1059.001,PowerShell,Execution,TRACE-PS-01,powershell,https://raw.githubusercontent.com/splunk/attack_data/master/datasets/attack_techniques/T1059.001/encoded_powershell/windows-sysmon.log,a78c2cae0929788da6e5f56365c9995223e5a3e3cc10ed562f6f189bd44bea1c,false,Execution,none,raw Computer/IpAddress/User fields,
2021-01-19T13:25:31.532+0000,2021-01-19T13:25:31.532+0000,10,Microsoft-Windows-Sysmon/Operational,ict3214:attack_trace,PS-HOST-01,,,,,,,C:\Windows\System32\WindowsPowerShell\v1.0\powershell.exe,C:\Windows\Explorer.EXE,0x1400,,,,,,,{E983936C-CCDD-6006-4607-00000000A301},5080,{E983936C-D083-6006-F807-00000000A301},7900,,T1059.001,PowerShell,Execution,TRACE-PS-01,powershell,https://raw.githubusercontent.com/splunk/attack_data/master/datasets/attack_techniques/T1059.001/encoded_powershell/windows-sysmon.log,f88d2e5f7c2dfa10dc33a3a2967d2282bb1784659a3e5edfba75723d8b684761,false,Execution,none,raw Computer/IpAddress/User fields,
2021-01-19T13:25:31.848+0000,2021-01-19T13:25:31.848+0000,22,Microsoft-Windows-Sysmon/Operational,ict3214:attack_trace,PS-HOST-01,,,,C:\Program Files\Mozilla Firefox\firefox.exe,,,,,,,,,,{E983936C-CD5C-6006-8407-00000000A301},6812,,,,,spocs.getpocket.com,T1059.001,PowerShell,Execution,TRACE-PS-01,powershell,https://raw.githubusercontent.com/splunk/attack_data/master/datasets/attack_techniques/T1059.001/encoded_powershell/windows-sysmon.log,1efe3375a21298a5c58768c265388f6ef102880eb504e30abc6d3aacd620067e,false,Execution,none,raw Computer/IpAddress/User fields,
2021-01-19T13:25:31.848+0000,2021-01-19T13:25:31.848+0000,22,Microsoft-Windows-Sysmon/Operational,ict3214:attack_trace,PS-HOST-01,,,,C:\Program Files\Mozilla Firefox\firefox.exe,,,,,,,,,,{E983936C-CD5C-6006-8407-00000000A301},6812,,,,,proxyserverecs-1736642167.us-east-1.elb.amazonaws.com,T1059.001,PowerShell,Execution,TRACE-PS-01,powershell,https://raw.githubusercontent.com/splunk/attack_data/master/datasets/attack_techniques/T1059.001/encoded_powershell/windows-sysmon.log,60e3fbe72a85fa7ef4e75906609936075ff9f8d6d178533e067b493b3ff954c1,false,Execution,none,raw Computer/IpAddress/User fields,
2021-01-19T13:25:31.848+0000,2021-01-19T13:25:31.848+0000,22,Microsoft-Windows-Sysmon/Operational,ict3214:attack_trace,PS-HOST-01,,,,C:\Program Files\Mozilla Firefox\firefox.exe,,,,,,,,,,{E983936C-CD5C-6006-8407-00000000A301},6812,,,,,d3pjq9s091b915.cloudfront.net,T1059.001,PowerShell,Execution,TRACE-PS-01,powershell,https://raw.githubusercontent.com/splunk/attack_data/master/datasets/attack_techniques/T1059.001/encoded_powershell/windows-sysmon.log,86d9680460e6eea3b4c5a216645dabfe8709839e64e976d764804a87e89e8df4,false,Execution,none,raw Computer/IpAddress/User fields,
2021-01-19T13:25:31.848+0000,2021-01-19T13:25:31.848+0000,22,Microsoft-Windows-Sysmon/Operational,ict3214:attack_trace,PS-HOST-01,,,,C:\Program Files\Mozilla Firefox\firefox.exe,,,,,,,,,,{E983936C-CD5C-6006-8407-00000000A301},6812,,,,,d3pjq9s091b915.cloudfront.net,T1059.001,PowerShell,Execution,TRACE-PS-01,powershell,https://raw.githubusercontent.com/splunk/attack_data/master/datasets/attack_techniques/T1059.001/encoded_powershell/windows-sysmon.log,8d679b10df777a76cf57f3d15038694fcabaaa5e1c4544a5bfd788e12307134c,false,Execution,none,raw Computer/IpAddress/User fields,
2021-01-19T13:25:32.527+0000,2021-01-19T13:25:32.527+0000,10,Microsoft-Windows-Sysmon/Operational,ict3214:attack_trace,PS-HOST-01,,,,,,,C:\Program Files\Mozilla Firefox\firefox.exe,C:\Program Files\Mozilla Firefox\firefox.exe,0x40,,,,,,,{E983936C-CD5C-6006-8407-00000000A301},6812,{E983936C-CD60-6006-8907-00000000A301},6724,,T1059.001,PowerShell,Execution,TRACE-PS-01,powershell,https://raw.githubusercontent.com/splunk/attack_data/master/datasets/attack_techniques/T1059.001/encoded_powershell/windows-sysmon.log,fbd9fad8e9996fe9a58fe0faef9484e2f0ed5e6f0b456248910d0edd11ed6357,false,Execution,none,raw Computer/IpAddress/User fields,
2021-01-19T13:25:32.853+0000,2021-01-19T13:25:32.853+0000,22,Microsoft-Windows-Sysmon/Operational,ict3214:attack_trace,PS-HOST-01,,,,C:\Program Files\Mozilla Firefox\firefox.exe,,,,,,,,,,{E983936C-CD5C-6006-8407-00000000A301},6812,,,,,noom.8utb.net,T1059.001,PowerShell,Execution,TRACE-PS-01,powershell,https://raw.githubusercontent.com/splunk/attack_data/master/datasets/attack_techniques/T1059.001/encoded_powershell/windows-sysmon.log,351d02d6373e469abf558eab78092eefd856b450306c735a6a518e697f3a7869,false,Execution,none,raw Computer/IpAddress/User fields,
2021-01-19T13:25:32.853+0000,2021-01-19T13:25:32.853+0000,22,Microsoft-Windows-Sysmon/Operational,ict3214:attack_trace,PS-HOST-01,,,,C:\Program Files\Mozilla Firefox\firefox.exe,,,,,,,,,,{E983936C-CD5C-6006-8407-00000000A301},6812,,,,,noom.8utb.net,T1059.001,PowerShell,Execution,TRACE-PS-01,powershell,https://raw.githubusercontent.com/splunk/attack_data/master/datasets/attack_techniques/T1059.001/encoded_powershell/windows-sysmon.log,36116d7a81b551758865a5fccbda1fcb79bf08cce1ab000e58a28674ddad6248,false,Execution,none,raw Computer/IpAddress/User fields,
2021-01-19T13:25:32.853+0000,2021-01-19T13:25:32.853+0000,22,Microsoft-Windows-Sysmon/Operational,ict3214:attack_trace,PS-HOST-01,,,,C:\Program Files\Mozilla Firefox\firefox.exe,,,,,,,,,,{E983936C-CD5C-6006-8407-00000000A301},6812,,,,,simplisafe.com,T1059.001,PowerShell,Execution,TRACE-PS-01,powershell,https://raw.githubusercontent.com/splunk/attack_data/master/datasets/attack_techniques/T1059.001/encoded_powershell/windows-sysmon.log,48217edc804ee68f2d97b2dfe5e90a94a4688efe186eb69dc42b809cdd0750c8,false,Execution,none,raw Computer/IpAddress/User fields,
2021-01-19T13:25:32.853+0000,2021-01-19T13:25:32.853+0000,22,Microsoft-Windows-Sysmon/Operational,ict3214:attack_trace,PS-HOST-01,,,,C:\Program Files\Mozilla Firefox\firefox.exe,,,,,,,,,,{E983936C-CD5C-6006-8407-00000000A301},6812,,,,,noom.8utb.net,T1059.001,PowerShell,Execution,TRACE-PS-01,powershell,https://raw.githubusercontent.com/splunk/attack_data/master/datasets/attack_techniques/T1059.001/encoded_powershell/windows-sysmon.log,a7d969ecc66411357bf2752cc9f903edfb43f13354f0ea3867bbc2b9ec475e45,false,Execution,none,raw Computer/IpAddress/User fields,
2021-01-19T13:25:32.853+0000,2021-01-19T13:25:32.853+0000,22,Microsoft-Windows-Sysmon/Operational,ict3214:attack_trace,PS-HOST-01,,,,C:\Program Files\Mozilla Firefox\firefox.exe,,,,,,,,,,{E983936C-CD5C-6006-8407-00000000A301},6812,,,,,simplisafe.com,T1059.001,PowerShell,Execution,TRACE-PS-01,powershell,https://raw.githubusercontent.com/splunk/attack_data/master/datasets/attack_techniques/T1059.001/encoded_powershell/windows-sysmon.log,c326803c1a9b4056b905859e7b6b1a4f913c4fe6bd757c1a07c97449930de8a7,false,Execution,none,raw Computer/IpAddress/User fields,
2021-01-19T13:25:37.411+0000,2021-01-19T13:25:37.411+0000,22,Microsoft-Windows-Sysmon/Operational,ict3214:attack_trace,PS-HOST-01,,,,C:\Program Files\Mozilla Firefox\firefox.exe,,,,,,,,,,{E983936C-CD5C-6006-8407-00000000A301},6812,,,,,i.geistm.com,T1059.001,PowerShell,Execution,TRACE-PS-01,powershell,https://raw.githubusercontent.com/splunk/attack_data/master/datasets/attack_techniques/T1059.001/encoded_powershell/windows-sysmon.log,2bf6bd926af8a6050ddbf01fb5cc484251074cac4a7e21c7ba94abe252bea1ea,false,Execution,none,raw Computer/IpAddress/User fields,
