_time,original_time,event_id,channel,sourcetype,host,src_host,src_ip,user,image,parent_image,command_line,target_image,source_image,granted_access,share_name,relative_target_name,registry_target,registry_details,process_guid,process_id,source_process_guid,source_process_id,target_process_guid,target_process_id,query_name,technique_id,technique_name,tactic,trace_id,source_dataset,source_url,source_record_hash,ground_truth,scenario_stage,time_transform,identity_mapping_basis,parent_process_guid
2022-01-12T16:25:27.413+0000,2022-01-12T16:25:27.413+0000,10,Microsoft-Windows-Sysmon/Operational,ict3214:attack_trace,LSASS-HOST-01,,,NT AUTHORITY\SYSTEM,,,,C:\Windows\system32\lsass.exe,C:\Windows\system32\svchost.exe,0x1400,,,,,,,{9DBE88B5-2DA7-61D7-0C00-000000001302},840,{9DBE88B5-2DA6-61D7-0B00-000000001302},636,,T1003.001,LSASS Memory,Credential Access,TRACE-LSASS-01,lsass,https://raw.githubusercontent.com/splunk/attack_data/master/datasets/attack_techniques/T1003.001/atomic_red_team/windows-sysmon_creddump.log,5ac1f5f55b6dd758f35690332b151961bff396dbaa92fa7262a43dda5a9a6703,false,Credential Access,none,raw Computer/IpAddress/User fields,
2022-01-12T16:25:27.967+0000,2022-01-12T16:25:27.967+0000,10,Microsoft-Windows-Sysmon/Operational,ict3214:attack_trace,LSASS-HOST-01,,,NT AUTHORITY\SYSTEM,,,,C:\Windows\system32\lsass.exe,C:\Windows\system32\svchost.exe,0x1400,,,,,,,{9DBE88B5-2DA7-61D7-0C00-000000001302},840,{9DBE88B5-2DA6-61D7-0B00-000000001302},636,,T1003.001,LSASS Memory,Credential Access,TRACE-LSASS-01,lsass,https://raw.githubusercontent.com/splunk/attack_data/master/datasets/attack_techniques/T1003.001/atomic_red_team/windows-sysmon_creddump.log,b1558ca12fbc44e4719c00067dd91d86b203d0c3e70ed9a7c3f8eb5a45385eba,false,Credential Access,none,raw Computer/IpAddress/User fields,
2022-01-12T16:25:28.762+0000,2022-01-12T16:25:28.762+0000,10,Microsoft-Windows-Sysmon/Operational,ict3214:attack_trace,LSASS-HOST-01,,,NT AUTHORITY\SYSTEM,,,,C:\Windows\system32\lsass.exe,C:\Windows\system32\svchost.exe,0x101001,,,,,,,{9DBE88B5-2DA7-61D7-0C00-000000001302},840,{9DBE88B5-2DA6-61D7-0B00-000000001302},636,,T1003.001,LSASS Memory,Credential Access,TRACE-LSASS-01,lsass,https://raw.githubusercontent.com/splunk/attack_data/master/datasets/attack_techniques/T1003.001/atomic_red_team/windows-sysmon_creddump.log,350091bde4aab2f35d1ab345bf5c7c8c42a243ef8e30b7631be043e297822d26,false,Credential Access,none,raw Computer/IpAddress/User fields,
2022-01-12T16:25:28.767+0000,2022-01-12T16:25:28.767+0000,10,Microsoft-Windows-Sysmon/Operational,ict3214:attack_trace,LSASS-HOST-01,,,NT AUTHORITY\SYSTEM,,,,C:\Windows\system32\lsass.exe,C:\Windows\system32\svchost.exe,0x101001,,,,,,,{9DBE88B5-2DA7-61D7-0C00-000000001302},840,{9DBE88B5-2DA6-61D7-0B00-000000001302},636,,T1003.001,LSASS Memory,Credential Access,TRACE-LSASS-01,lsass,https://raw.githubusercontent.com/splunk/attack_data/master/datasets/attack_techniques/T1003.001/atomic_red_team/windows-sysmon_creddump.log,3a023d811cc36f0de77ddc309c7db45933dc5ccf46347e5dbf70e5feba4a4e4c,false,Credential Access,none,raw Computer/IpAddress/User fields,
2022-01-12T16:26:27.303+0000,2022-01-12T16:26:27.303+0000,10,Microsoft-Windows-Sysmon/Operational,ict3214:attack_trace,LSASS-HOST-01,,,NT AUTHORITY\SYSTEM,,,,C:\Windows\system32\lsass.exe,C:\Windows\system32\svchost.exe,0x1400,,,,,,,{9DBE88B5-2DA7-61D7-0C00-000000001302},840,{9DBE88B5-2DA6-61D7-0B00-000000001302},636,,T1003.001,LSASS Memory,Credential Access,TRACE-LSASS-01,lsass,https://raw.githubusercontent.com/splunk/attack_data/master/datasets/attack_techniques/T1003.001/atomic_red_team/windows-sysmon_creddump.log,3b4bdf42ad37b9fc0c0a505c475746fdea59d805e541d92781e836c06445ee55,false,Credential Access,none,raw Computer/IpAddress/User fields,
2022-01-12T16:26:27.303+0000,2022-01-12T16:26:27.303+0000,10,Microsoft-Windows-Sysmon/Operational,ict3214:attack_trace,LSASS-HOST-01,,,NT AUTHORITY\SYSTEM,,,,C:\Windows\system32\lsass.exe,C:\Windows\system32\svchost.exe,0x1400,,,,,,,{9DBE88B5-2DA7-61D7-0C00-000000001302},840,{9DBE88B5-2DA6-61D7-0B00-000000001302},636,,T1003.001,LSASS Memory,Credential Access,TRACE-LSASS-01,lsass,https://raw.githubusercontent.com/splunk/attack_data/master/datasets/attack_techniques/T1003.001/atomic_red_team/windows-sysmon_creddump.log,66f5e8739c1c13c754d2b27d283302a456168f0fd97c6eaf468ff67e53972dd1,false,Credential Access,none,raw Computer/IpAddress/User fields,
2022-01-12T16:29:39.434+0000,2022-01-12T16:29:39.434+0000,10,Microsoft-Windows-Sysmon/Operational,ict3214:attack_trace,LSASS-HOST-01,,,LAB\user-admin,,,,C:\Windows\system32\lsass.exe,C:\Users\user-admin\Downloads\mimikatz_trunk\x64\mimikatz.exe,0x1010,,,,,,,{9DBE88B5-01F3-61DF-5703-010000001302},392408,{9DBE88B5-2DA6-61D7-0B00-000000001302},636,,T1003.001,LSASS Memory,Credential Access,TRACE-LSASS-01,lsass,https://raw.githubusercontent.com/splunk/attack_data/master/datasets/attack_techniques/T1003.001/atomic_red_team/windows-sysmon_creddump.log,ad59dee204fd544bebaf02c4ef5a86bea5326ce6980dfb2c781cf24ec28175f7,true,Credential Access,none,raw Computer/IpAddress/User fields,
2022-01-12T16:29:39.746+0000,2022-01-12T16:29:39.746+0000,10,Microsoft-Windows-Sysmon/Operational,ict3214:attack_trace,LSASS-HOST-01,,,LAB\user-admin,,,,C:\Windows\system32\lsass.exe,C:\Users\user-admin\Downloads\mimikatz_trunk\x64\mimikatz.exe,0x1010,,,,,,,{9DBE88B5-01F3-61DF-5803-010000001302},392468,{9DBE88B5-2DA6-61D7-0B00-000000001302},636,,T1003.001,LSASS Memory,Credential Access,TRACE-LSASS-01,lsass,https://raw.githubusercontent.com/splunk/attack_data/master/datasets/attack_techniques/T1003.001/atomic_red_team/windows-sysmon_creddump.log,60db110beafba8a223b594abb6f054543b58ae816a26994b3e96301ed34f71ce,true,Credential Access,none,raw Computer/IpAddress/User fields,
2022-01-12T16:29:40.868+0000,2022-01-12T16:29:40.868+0000,10,Microsoft-Windows-Sysmon/Operational,ict3214:attack_trace,LSASS-HOST-01,,,NT AUTHORITY\SYSTEM,,,,C:\Windows\system32\lsass.exe,C:\Windows\system32\svchost.exe,0x1400,,,,,,,{9DBE88B5-2DA7-61D7-0C00-000000001302},840,{9DBE88B5-2DA6-61D7-0B00-000000001302},636,,T1003.001,LSASS Memory,Credential Access,TRACE-LSASS-01,lsass,https://raw.githubusercontent.com/splunk/attack_data/master/datasets/attack_techniques/T1003.001/atomic_red_team/windows-sysmon_creddump.log,1985f1d3207b0c699c89fe80517e8fb40156a9a19df793bb2a82f415afa4a9fd,false,Credential Access,none,raw Computer/IpAddress/User fields,
2022-01-12T16:29:40.868+0000,2022-01-12T16:29:40.868+0000,10,Microsoft-Windows-Sysmon/Operational,ict3214:attack_trace,LSASS-HOST-01,,,NT AUTHORITY\SYSTEM,,,,C:\Windows\system32\lsass.exe,C:\Windows\system32\svchost.exe,0x1400,,,,,,,{9DBE88B5-2DA7-61D7-0C00-000000001302},840,{9DBE88B5-2DA6-61D7-0B00-000000001302},636,,T1003.001,LSASS Memory,Credential Access,TRACE-LSASS-01,lsass,https://raw.githubusercontent.com/splunk/attack_data/master/datasets/attack_techniques/T1003.001/atomic_red_team/windows-sysmon_creddump.log,a44066dae538a43eb0e9722cd73d62cd9a0ccaf4bcf44f687fca638f61354fc6,false,Credential Access,none,raw Computer/IpAddress/User fields,
2022-01-12T16:29:41.067+0000,2022-01-12T16:29:41.067+0000,10,Microsoft-Windows-Sysmon/Operational,ict3214:attack_trace,LSASS-HOST-01,,,NT AUTHORITY\NETWORK SERVICE,,,,C:\Windows\system32\lsass.exe,C:\Windows\system32\wbem\wmiprvse.exe,0x1410,,,,,,,{9DBE88B5-01F4-61DF-5F03-010000001302},392764,{9DBE88B5-2DA6-61D7-0B00-000000001302},636,,T1003.001,LSASS Memory,Credential Access,TRACE-LSASS-01,lsass,https://raw.githubusercontent.com/splunk/attack_data/master/datasets/attack_techniques/T1003.001/atomic_red_team/windows-sysmon_creddump.log,029b5eb1dc5465d66547aeb540c8ca06fc3747ba5c811460a4ff416126404fce,false,Credential Access,none,raw Computer/IpAddress/User fields,
2022-01-12T16:29:41.341+0000,2022-01-12T16:29:41.341+0000,10,Microsoft-Windows-Sysmon/Operational,ict3214:attack_trace,LSASS-HOST-01,,,NT AUTHORITY\NETWORK SERVICE,,,,C:\Windows\system32\lsass.exe,C:\Windows\system32\wbem\wmiprvse.exe,0x1410,,,,,,,{9DBE88B5-01F4-61DF-5F03-010000001302},392764,{9DBE88B5-2DA6-61D7-0B00-000000001302},636,,T1003.001,LSASS Memory,Credential Access,TRACE-LSASS-01,lsass,https://raw.githubusercontent.com/splunk/attack_data/master/datasets/attack_techniques/T1003.001/atomic_red_team/windows-sysmon_creddump.log,19523235a773aa4d4491167c7780fdf651f3926b09b4603b485ee422e96e64c3,false,Credential Access,none,raw Computer/IpAddress/User fields,
2022-01-12T16:29:41.611+0000,2022-01-12T16:29:41.611+0000,10,Microsoft-Windows-Sysmon/Operational,ict3214:attack_trace,LSASS-HOST-01,,,NT AUTHORITY\NETWORK SERVICE,,,,C:\Windows\system32\lsass.exe,C:\Windows\system32\wbem\wmiprvse.exe,0x1410,,,,,,,{9DBE88B5-01F4-61DF-5F03-010000001302},392764,{9DBE88B5-2DA6-61D7-0B00-000000001302},636,,T1003.001,LSASS Memory,Credential Access,TRACE-LSASS-01,lsass,https://raw.githubusercontent.com/splunk/attack_data/master/datasets/attack_techniques/T1003.001/atomic_red_team/windows-sysmon_creddump.log,8565ee527e848e938c230691c1e0f7a7e3309456788c493c218a5464a91ed959,false,Credential Access,none,raw Computer/IpAddress/User fields,
2022-01-12T16:29:45.974+0000,2022-01-12T16:29:45.974+0000,10,Microsoft-Windows-Sysmon/Operational,ict3214:attack_trace,LSASS-HOST-01,,,LAB\user-admin,,,,C:\Windows\system32\lsass.exe,C:\Windows\System32\rundll32.exe,0x1410,,,,,,,{9DBE88B5-01F9-61DF-7803-010000001302},393024,{9DBE88B5-2DA6-61D7-0B00-000000001302},636,,T1003.001,LSASS Memory,Credential Access,TRACE-LSASS-01,lsass,https://raw.githubusercontent.com/splunk/attack_data/master/datasets/attack_techniques/T1003.001/atomic_red_team/windows-sysmon_creddump.log,41af53ad482feca0b5a1cfe62608af3fc24f49c01a43cd687802785477c945d2,true,Credential Access,none,raw Computer/IpAddress/User fields,
2022-01-12T16:29:47.188+0000,2022-01-12T16:29:47.188+0000,10,Microsoft-Windows-Sysmon/Operational,ict3214:attack_trace,LSASS-HOST-01,,,NT AUTHORITY\NETWORK SERVICE,,,,C:\Windows\system32\lsass.exe,C:\Windows\system32\wbem\wmiprvse.exe,0x1410,,,,,,,{9DBE88B5-01F4-61DF-5F03-010000001302},392764,{9DBE88B5-2DA6-61D7-0B00-000000001302},636,,T1003.001,LSASS Memory,Credential Access,TRACE-LSASS-01,lsass,https://raw.githubusercontent.com/splunk/attack_data/master/datasets/attack_techniques/T1003.001/atomic_red_team/windows-sysmon_creddump.log,84df17f5e1e9057e59ea9098ab11baaad525bc85c4a9d81a85a462437de2d71f,false,Credential Access,none,raw Computer/IpAddress/User fields,
2022-01-12T16:29:47.464+0000,2022-01-12T16:29:47.464+0000,10,Microsoft-Windows-Sysmon/Operational,ict3214:attack_trace,LSASS-HOST-01,,,NT AUTHORITY\NETWORK SERVICE,,,,C:\Windows\system32\lsass.exe,C:\Windows\system32\wbem\wmiprvse.exe,0x1410,,,,,,,{9DBE88B5-01F4-61DF-5F03-010000001302},392764,{9DBE88B5-2DA6-61D7-0B00-000000001302},636,,T1003.001,LSASS Memory,Credential Access,TRACE-LSASS-01,lsass,https://raw.githubusercontent.com/splunk/attack_data/master/datasets/attack_techniques/T1003.001/atomic_red_team/windows-sysmon_creddump.log,978a3553d491c0fb1642e67a4785a6cd45436c6abd583e634510f76e996e0685,false,Credential Access,none,raw Computer/IpAddress/User fields,
2022-01-12T16:29:47.743+0000,2022-01-12T16:29:47.743+0000,10,Microsoft-Windows-Sysmon/Operational,ict3214:attack_trace,LSASS-HOST-01,,,NT AUTHORITY\NETWORK SERVICE,,,,C:\Windows\system32\lsass.exe,C:\Windows\system32\wbem\wmiprvse.exe,0x1410,,,,,,,{9DBE88B5-01F4-61DF-5F03-010000001302},392764,{9DBE88B5-2DA6-61D7-0B00-000000001302},636,,T1003.001,LSASS Memory,Credential Access,TRACE-LSASS-01,lsass,https://raw.githubusercontent.com/splunk/attack_data/master/datasets/attack_techniques/T1003.001/atomic_red_team/windows-sysmon_creddump.log,3eb4867fa5e1bbbe478a64fa7a8a73e2932770e2494bc3da43bb71e68018f18c,false,Credential Access,none,raw Computer/IpAddress/User fields,
2022-01-12T16:29:50.722+0000,2022-01-12T16:29:50.722+0000,10,Microsoft-Windows-Sysmon/Operational,ict3214:attack_trace,LSASS-HOST-01,,,NT AUTHORITY\NETWORK SERVICE,,,,C:\Windows\system32\lsass.exe,C:\Windows\system32\wbem\wmiprvse.exe,0x1410,,,,,,,{9DBE88B5-01F4-61DF-5F03-010000001302},392764,{9DBE88B5-2DA6-61D7-0B00-000000001302},636,,T1003.001,LSASS Memory,Credential Access,TRACE-LSASS-01,lsass,https://raw.githubusercontent.com/splunk/attack_data/master/datasets/attack_techniques/T1003.001/atomic_red_team/windows-sysmon_creddump.log,f172b17b615c46711b7b0cafcb7b20c86d6540ff749e78c9ea12acb45a12f663,false,Credential Access,none,raw Computer/IpAddress/User fields,
2022-01-12T16:29:50.990+0000,2022-01-12T16:29:50.990+0000,10,Microsoft-Windows-Sysmon/Operational,ict3214:attack_trace,LSASS-HOST-01,,,NT AUTHORITY\NETWORK SERVICE,,,,C:\Windows\system32\lsass.exe,C:\Windows\system32\wbem\wmiprvse.exe,0x1410,,,,,,,{9DBE88B5-01F4-61DF-5F03-010000001302},392764,{9DBE88B5-2DA6-61D7-0B00-000000001302},636,,T1003.001,LSASS Memory,Credential Access,TRACE-LSASS-01,lsass,https://raw.githubusercontent.com/splunk/attack_data/master/datasets/attack_techniques/T1003.001/atomic_red_team/windows-sysmon_creddump.log,780e1330a9d6025f4c0cb386455915b02b175f50475fe9d8b86cf6e184719968,false,Credential Access,none,raw Computer/IpAddress/User fields,
2022-01-12T16:29:51.252+0000,2022-01-12T16:29:51.252+0000,10,Microsoft-Windows-Sysmon/Operational,ict3214:attack_trace,LSASS-HOST-01,,,NT AUTHORITY\NETWORK SERVICE,,,,C:\Windows\system32\lsass.exe,C:\Windows\system32\wbem\wmiprvse.exe,0x1410,,,,,,,{9DBE88B5-01F4-61DF-5F03-010000001302},392764,{9DBE88B5-2DA6-61D7-0B00-000000001302},636,,T1003.001,LSASS Memory,Credential Access,TRACE-LSASS-01,lsass,https://raw.githubusercontent.com/splunk/attack_data/master/datasets/attack_techniques/T1003.001/atomic_red_team/windows-sysmon_creddump.log,7ad7b926c61c19ddd30e253d474a85f29a3fafa95d8d1efab45fb4df729f7fac,false,Credential Access,none,raw Computer/IpAddress/User fields,
2022-01-12T16:29:53.899+0000,2022-01-12T16:29:53.899+0000,10,Microsoft-Windows-Sysmon/Operational,ict3214:attack_trace,LSASS-HOST-01,,,NT AUTHORITY\NETWORK SERVICE,,,,C:\Windows\system32\lsass.exe,C:\Windows\system32\wbem\wmiprvse.exe,0x1410,,,,,,,{9DBE88B5-01F4-61DF-5F03-010000001302},392764,{9DBE88B5-2DA6-61D7-0B00-000000001302},636,,T1003.001,LSASS Memory,Credential Access,TRACE-LSASS-01,lsass,https://raw.githubusercontent.com/splunk/attack_data/master/datasets/attack_techniques/T1003.001/atomic_red_team/windows-sysmon_creddump.log,dd08d87ff3ac1dfcd9121ff275845082d41b75af27aae3516128b531b77bcfe2,false,Credential Access,none,raw Computer/IpAddress/User fields,
2022-01-12T16:29:54.175+0000,2022-01-12T16:29:54.175+0000,10,Microsoft-Windows-Sysmon/Operational,ict3214:attack_trace,LSASS-HOST-01,,,NT AUTHORITY\NETWORK SERVICE,,,,C:\Windows\system32\lsass.exe,C:\Windows\system32\wbem\wmiprvse.exe,0x1410,,,,,,,{9DBE88B5-01F4-61DF-5F03-010000001302},392764,{9DBE88B5-2DA6-61D7-0B00-000000001302},636,,T1003.001,LSASS Memory,Credential Access,TRACE-LSASS-01,lsass,https://raw.githubusercontent.com/splunk/attack_data/master/datasets/attack_techniques/T1003.001/atomic_red_team/windows-sysmon_creddump.log,a4858ce8f4efc7d874ecce88238f9fef47267d567736c9c96634eddb3af124ed,false,Credential Access,none,raw Computer/IpAddress/User fields,
2022-01-12T16:29:54.450+0000,2022-01-12T16:29:54.450+0000,10,Microsoft-Windows-Sysmon/Operational,ict3214:attack_trace,LSASS-HOST-01,,,NT AUTHORITY\NETWORK SERVICE,,,,C:\Windows\system32\lsass.exe,C:\Windows\system32\wbem\wmiprvse.exe,0x1410,,,,,,,{9DBE88B5-01F4-61DF-5F03-010000001302},392764,{9DBE88B5-2DA6-61D7-0B00-000000001302},636,,T1003.001,LSASS Memory,Credential Access,TRACE-LSASS-01,lsass,https://raw.githubusercontent.com/splunk/attack_data/master/datasets/attack_techniques/T1003.001/atomic_red_team/windows-sysmon_creddump.log,5fa48ad4d1218dfe0292ec216c32a996f9dd9aa9ec2bfc78f3c70bfeb215e7b2,false,Credential Access,none,raw Computer/IpAddress/User fields,
2022-01-12T16:29:56.530+0000,2022-01-12T16:29:56.530+0000,10,Microsoft-Windows-Sysmon/Operational,ict3214:attack_trace,LSASS-HOST-01,,,NT AUTHORITY\NETWORK SERVICE,,,,C:\Windows\system32\lsass.exe,C:\Windows\system32\wbem\wmiprvse.exe,0x1410,,,,,,,{9DBE88B5-01F4-61DF-5F03-010000001302},392764,{9DBE88B5-2DA6-61D7-0B00-000000001302},636,,T1003.001,LSASS Memory,Credential Access,TRACE-LSASS-01,lsass,https://raw.githubusercontent.com/splunk/attack_data/master/datasets/attack_techniques/T1003.001/atomic_red_team/windows-sysmon_creddump.log,9cb304ec1d1b429cd68d451ad31bcadc7d8857b6c61160b13022a47ab582e757,false,Credential Access,none,raw Computer/IpAddress/User fields,
2022-01-12T16:29:57.284+0000,2022-01-12T16:29:57.284+0000,10,Microsoft-Windows-Sysmon/Operational,ict3214:attack_trace,LSASS-HOST-01,,,NT AUTHORITY\NETWORK SERVICE,,,,C:\Windows\system32\lsass.exe,C:\Windows\system32\wbem\wmiprvse.exe,0x1410,,,,,,,{9DBE88B5-01F4-61DF-5F03-010000001302},392764,{9DBE88B5-2DA6-61D7-0B00-000000001302},636,,T1003.001,LSASS Memory,Credential Access,TRACE-LSASS-01,lsass,https://raw.githubusercontent.com/splunk/attack_data/master/datasets/attack_techniques/T1003.001/atomic_red_team/windows-sysmon_creddump.log,6d785adcb8efb23a2af519679c87382212ab8b46e4c4f0d9aba8aa3974b86e23,false,Credential Access,none,raw Computer/IpAddress/User fields,
2022-01-12T16:29:57.557+0000,2022-01-12T16:29:57.557+0000,10,Microsoft-Windows-Sysmon/Operational,ict3214:attack_trace,LSASS-HOST-01,,,NT AUTHORITY\NETWORK SERVICE,,,,C:\Windows\system32\lsass.exe,C:\Windows\system32\wbem\wmiprvse.exe,0x1410,,,,,,,{9DBE88B5-01F4-61DF-5F03-010000001302},392764,{9DBE88B5-2DA6-61D7-0B00-000000001302},636,,T1003.001,LSASS Memory,Credential Access,TRACE-LSASS-01,lsass,https://raw.githubusercontent.com/splunk/attack_data/master/datasets/attack_techniques/T1003.001/atomic_red_team/windows-sysmon_creddump.log,ee3d121b90295835ea6a52c57248e4a538d21a9a38076cd4c223d2af5e1bbdfa,false,Credential Access,none,raw Computer/IpAddress/User fields,
2022-01-12T16:29:57.835+0000,2022-01-12T16:29:57.835+0000,10,Microsoft-Windows-Sysmon/Operational,ict3214:attack_trace,LSASS-HOST-01,,,NT AUTHORITY\NETWORK SERVICE,,,,C:\Windows\system32\lsass.exe,C:\Windows\system32\wbem\wmiprvse.exe,0x1410,,,,,,,{9DBE88B5-01F4-61DF-5F03-010000001302},392764,{9DBE88B5-2DA6-61D7-0B00-000000001302},636,,T1003.001,LSASS Memory,Credential Access,TRACE-LSASS-01,lsass,https://raw.githubusercontent.com/splunk/attack_data/master/datasets/attack_techniques/T1003.001/atomic_red_team/windows-sysmon_creddump.log,3eaf5b85fc268a6664e30dc60d02d06f7b451b6c301666859237ca423f50131d,false,Credential Access,none,raw Computer/IpAddress/User fields,
2022-01-12T16:29:59.804+0000,2022-01-12T16:29:59.804+0000,10,Microsoft-Windows-Sysmon/Operational,ict3214:attack_trace,LSASS-HOST-01,,,LAB\user-admin,,,,C:\Windows\system32\lsass.exe,C:\Windows\Temp\xordump.exe,0x1f3fff,,,,,,,{9DBE88B5-0207-61DF-E803-010000001302},392620,{9DBE88B5-2DA6-61D7-0B00-000000001302},636,,T1003.001,LSASS Memory,Credential Access,TRACE-LSASS-01,lsass,https://raw.githubusercontent.com/splunk/attack_data/master/datasets/attack_techniques/T1003.001/atomic_red_team/windows-sysmon_creddump.log,7b5a519f9d463af70b2dd490b9d55c94e14638181c00ebd88683b93e2ddb9624,true,Credential Access,none,raw Computer/IpAddress/User fields,
2022-01-12T16:29:59.905+0000,2022-01-12T16:29:59.905+0000,10,Microsoft-Windows-Sysmon/Operational,ict3214:attack_trace,LSASS-HOST-01,,,LAB\user-admin,,,,C:\Windows\system32\lsass.exe,C:\Windows\Temp\xordump.exe,0x1fffff,,,,,,,{9DBE88B5-0207-61DF-E803-010000001302},392620,{9DBE88B5-2DA6-61D7-0B00-000000001302},636,,T1003.001,LSASS Memory,Credential Access,TRACE-LSASS-01,lsass,https://raw.githubusercontent.com/splunk/attack_data/master/datasets/attack_techniques/T1003.001/atomic_red_team/windows-sysmon_creddump.log,08b461394f5a6a52871c36177587d045c2d1fb865ec0c64e77e4b3b40be503e4,true,Credential Access,none,raw Computer/IpAddress/User fields,
2022-01-12T16:30:01.239+0000,2022-01-12T16:30:01.239+0000,10,Microsoft-Windows-Sysmon/Operational,ict3214:attack_trace,LSASS-HOST-01,,,NT AUTHORITY\NETWORK SERVICE,,,,C:\Windows\system32\lsass.exe,C:\Windows\system32\wbem\wmiprvse.exe,0x1410,,,,,,,{9DBE88B5-01F4-61DF-5F03-010000001302},392764,{9DBE88B5-2DA6-61D7-0B00-000000001302},636,,T1003.001,LSASS Memory,Credential Access,TRACE-LSASS-01,lsass,https://raw.githubusercontent.com/splunk/attack_data/master/datasets/attack_techniques/T1003.001/atomic_red_team/windows-sysmon_creddump.log,9e257da527021468385ba0ad4c6957f88edbea040996c04b75fb9741fe53db43,false,Credential Access,none,raw Computer/IpAddress/User fields,
2022-01-12T16:30:01.519+0000,2022-01-12T16:30:01.519+0000,10,Microsoft-Windows-Sysmon/Operational,ict3214:attack_trace,LSASS-HOST-01,,,NT AUTHORITY\NETWORK SERVICE,,,,C:\Windows\system32\lsass.exe,C:\Windows\system32\wbem\wmiprvse.exe,0x1410,,,,,,,{9DBE88B5-01F4-61DF-5F03-010000001302},392764,{9DBE88B5-2DA6-61D7-0B00-000000001302},636,,T1003.001,LSASS Memory,Credential Access,TRACE-LSASS-01,lsass,https://raw.githubusercontent.com/splunk/attack_data/master/datasets/attack_techniques/T1003.001/atomic_red_team/windows-sysmon_creddump.log,5f97315a6d2f6af48d9d95d54f1e99ffe8c50170af47a6ca1192fa5aa6f1676a,false,Credential Access,none,raw Computer/IpAddress/User fields,
2022-01-12T16:30:01.802+0000,2022-01-12T16:30:01.802+0000,10,Microsoft-Windows-Sysmon/Operational,ict3214:attack_trace,LSASS-HOST-01,,,NT AUTHORITY\NETWORK SERVICE,,,,C:\Windows\system32\lsass.exe,C:\Windows\system32\wbem\wmiprvse.exe,0x1410,,,,,,,{9DBE88B5-01F4-61DF-5F03-010000001302},392764,{9DBE88B5-2DA6-61D7-0B00-000000001302},636,,T1003.001,LSASS Memory,Credential Access,TRACE-LSASS-01,lsass,https://raw.githubusercontent.com/splunk/attack_data/master/datasets/attack_techniques/T1003.001/atomic_red_team/windows-sysmon_creddump.log,0592804f4eeb0d415090b96e1b4253ff6108c5dd3675bc2412cdf7cd65a50d03,false,Credential Access,none,raw Computer/IpAddress/User fields,
2021-01-19T13:20:18.798+0000,2021-01-19T13:20:18.798+0000,1,Microsoft-Windows-Sysmon/Operational,ict3214:attack_trace,PS-HOST-01,,,NT AUTHORITY\SYSTEM,C:\Program Files\SplunkUniversalForwarder\bin\splunk-netmon.exe,C:\Program Files\SplunkUniversalForwarder\bin\splunkd.exe,"""C:\Program Files\SplunkUniversalForwarder\bin\splunk-netmon.exe""",,,,,,,,{E983936C-DC92-6006-6609-00000000A301},7312,,,,,,T1059.001,PowerShell,Execution,TRACE-PS-01,powershell,https://raw.githubusercontent.com/splunk/attack_data/master/datasets/attack_techniques/T1059.001/encoded_powershell/windows-sysmon.log,25abf5e4fe08a1d0b2b5bc0685a26c1b1926c5e657904de5bb43a42d0021b264,false,Execution,none,raw Computer/IpAddress/User fields,{E983936C-B438-6006-B400-00000000A301}
2021-01-19T13:20:18.799+0000,2021-01-19T13:20:18.799+0000,10,Microsoft-Windows-Sysmon/Operational,ict3214:attack_trace,PS-HOST-01,,,,,,,C:\Windows\sysmon64.exe,C:\Windows\system32\svchost.exe,0x1400,,,,,,,{E983936C-B38F-6006-0C00-00000000A301},592,{E983936C-B3A0-6006-3100-00000000A301},2052,,T1059.001,PowerShell,Execution,TRACE-PS-01,powershell,https://raw.githubusercontent.com/splunk/attack_data/master/datasets/attack_techniques/T1059.001/encoded_powershell/windows-sysmon.log,0a9dbd54a11f84996dfd626a34aa46608b0d75431eeca3f4f45dbf9f25815e54,false,Execution,none,raw Computer/IpAddress/User fields,
2021-01-19T13:20:18.799+0000,2021-01-19T13:20:18.799+0000,10,Microsoft-Windows-Sysmon/Operational,ict3214:attack_trace,PS-HOST-01,,,,,,,C:\Program Files\SplunkUniversalForwarder\bin\splunk-netmon.exe,C:\Program Files\SplunkUniversalForwarder\bin\splunkd.exe,0x1fffff,,,,,,,{E983936C-B438-6006-B400-00000000A301},4412,{E983936C-DC92-6006-6609-00000000A301},7312,,T1059.001,PowerShell,Execution,TRACE-PS-01,powershell,https://raw.githubusercontent.com/splunk/attack_data/master/datasets/attack_techniques/T1059.001/encoded_powershell/windows-sysmon.log,0fc2cda500d27d1ea93075ef8497742ff2c8f80a2f9df3dc41cd3a50293c2fed,false,Execution,none,raw Computer/IpAddress/User fields,
2021-01-19T13:20:18.799+0000,2021-01-19T13:20:18.799+0000,10,Microsoft-Windows-Sysmon/Operational,ict3214:attack_trace,PS-HOST-01,,,,,,,C:\Windows\sysmon64.exe,C:\Windows\system32\svchost.exe,0x1400,,,,,,,{E983936C-B38F-6006-0C00-00000000A301},592,{E983936C-B3A0-6006-3100-00000000A301},2052,,T1059.001,PowerShell,Execution,TRACE-PS-01,powershell,https://raw.githubusercontent.com/splunk/attack_data/master/datasets/attack_techniques/T1059.001/encoded_powershell/windows-sysmon.log,9319e0e05a105b92cafe629cee0dcbf426db92e41d8ebfda142120536ca22776,false,Execution,none,raw Computer/IpAddress/User fields,
2021-01-19T13:20:18.799+0000,2021-01-19T13:20:18.799+0000,10,Microsoft-Windows-Sysmon/Operational,ict3214:attack_trace,PS-HOST-01,,,,,,,C:\Windows\sysmon64.exe,C:\Windows\system32\svchost.exe,0x1400,,,,,,,{E983936C-B38F-6006-0C00-00000000A301},592,{E983936C-B3A0-6006-3100-00000000A301},2052,,T1059.001,PowerShell,Execution,TRACE-PS-01,powershell,https://raw.githubusercontent.com/splunk/attack_data/master/datasets/attack_techniques/T1059.001/encoded_powershell/windows-sysmon.log,9d5f3d252b563ea5832aedae8c00f39db62acc770fc4f1de7b294539776d97a6,false,Execution,none,raw Computer/IpAddress/User fields,
2021-01-19T13:20:18.799+0000,2021-01-19T13:20:18.799+0000,10,Microsoft-Windows-Sysmon/Operational,ict3214:attack_trace,PS-HOST-01,,,,,,,C:\Program Files\SplunkUniversalForwarder\bin\splunk-netmon.exe,C:\Windows\system32\csrss.exe,0x1fffff,,,,,,,{E983936C-B38D-6006-0500-00000000A301},636,{E983936C-DC92-6006-6609-00000000A301},7312,,T1059.001,PowerShell,Execution,TRACE-PS-01,powershell,https://raw.githubusercontent.com/splunk/attack_data/master/datasets/attack_techniques/T1059.001/encoded_powershell/windows-sysmon.log,a305ec19fe46b23132ef935e25a872ecee325729e56c38a66363a1f3090b421b,false,Execution,none,raw Computer/IpAddress/User fields,
2021-01-19T13:20:18.799+0000,2021-01-19T13:20:18.799+0000,10,Microsoft-Windows-Sysmon/Operational,ict3214:attack_trace,PS-HOST-01,,,,,,,C:\Windows\sysmon64.exe,C:\Windows\system32\svchost.exe,0x1400,,,,,,,{E983936C-B38F-6006-0C00-00000000A301},592,{E983936C-B3A0-6006-3100-00000000A301},2052,,T1059.001,PowerShell,Execution,TRACE-PS-01,powershell,https://raw.githubusercontent.com/splunk/attack_data/master/datasets/attack_techniques/T1059.001/encoded_powershell/windows-sysmon.log,f1e58364515d210a00fd1830f0783ebaed8fb8c71bb8dc4930914f8983a18500,false,Execution,none,raw Computer/IpAddress/User fields,
2021-01-19T13:20:18.800+0000,2021-01-19T13:20:18.800+0000,10,Microsoft-Windows-Sysmon/Operational,ict3214:attack_trace,PS-HOST-01,,,,,,,C:\Program Files\SplunkUniversalForwarder\bin\splunk-netmon.exe,C:\Windows\system32\conhost.exe,0x1fffff,,,,,,,{E983936C-B439-6006-B800-00000000A301},4284,{E983936C-DC92-6006-6609-00000000A301},7312,,T1059.001,PowerShell,Execution,TRACE-PS-01,powershell,https://raw.githubusercontent.com/splunk/attack_data/master/datasets/attack_techniques/T1059.001/encoded_powershell/windows-sysmon.log,e064a4dadb18794cf465df356d076d6fc14aa62bd56cc12be3afd4b7f4e987c1,false,Execution,none,raw Computer/IpAddress/User fields,
2021-01-19T13:20:19.469+0000,2021-01-19T13:20:19.469+0000,1,Microsoft-Windows-Sysmon/Operational,ict3214:attack_trace,PS-HOST-01,,,NT AUTHORITY\SYSTEM,C:\Program Files\SplunkUniversalForwarder\bin\splunk-powershell.exe,C:\Program Files\SplunkUniversalForwarder\bin\splunkd.exe,"""C:\Program Files\SplunkUniversalForwarder\bin\splunk-powershell.exe""",,,,,,,,{E983936C-DC93-6006-6709-00000000A301},7968,,,,,,T1059.001,PowerShell,Execution,TRACE-PS-01,powershell,https://raw.githubusercontent.com/splunk/attack_data/master/datasets/attack_techniques/T1059.001/encoded_powershell/windows-sysmon.log,957c3bb9238d69015a1a19ecd92ff9f44d939d0c0c212f6aa127e4416d694f42,false,Execution,none,raw Computer/IpAddress/User fields,{E983936C-B438-6006-B400-00000000A301}
2021-01-19T13:20:19.469+0000,2021-01-19T13:20:19.469+0000,10,Microsoft-Windows-Sysmon/Operational,ict3214:attack_trace,PS-HOST-01,,,,,,,C:\Program Files\SplunkUniversalForwarder\bin\splunk-powershell.exe,C:\Program Files\SplunkUniversalForwarder\bin\splunkd.exe,0x1fffff,,,,,,,{E983936C-B438-6006-B400-00000000A301},4412,{E983936C-DC93-6006-6709-00000000A301},7968,,T1059.001,PowerShell,Execution,TRACE-PS-01,powershell,https://raw.githubusercontent.com/splunk/attack_data/master/datasets/attack_techniques/T1059.001/encoded_powershell/windows-sysmon.log,d6f2116a6465a6cadcec8246ab9c41d6930e5cef114fedea05692886c0a97676,false,Execution,none,raw Computer/IpAddress/User fields,
2021-01-19T13:20:19.470+0000,2021-01-19T13:20:19.470+0000,10,Microsoft-Windows-Sysmon/Operational,ict3214:attack_trace,PS-HOST-01,,,,,,,C:\Program Files\SplunkUniversalForwarder\bin\splunk-powershell.exe,C:\Windows\system32\csrss.exe,0x1fffff,,,,,,,{E983936C-B38D-6006-0500-00000000A301},636,{E983936C-DC93-6006-6709-00000000A301},7968,,T1059.001,PowerShell,Execution,TRACE-PS-01,powershell,https://raw.githubusercontent.com/splunk/attack_data/master/datasets/attack_techniques/T1059.001/encoded_powershell/windows-sysmon.log,304feff8a018d0a4f7355e4d2b0a9218c9b18882e99ce8d2169d222ecd320469,false,Execution,none,raw Computer/IpAddress/User fields,
2021-01-19T13:20:19.470+0000,2021-01-19T13:20:19.470+0000,10,Microsoft-Windows-Sysmon/Operational,ict3214:attack_trace,PS-HOST-01,,,,,,,C:\Windows\sysmon64.exe,C:\Windows\system32\svchost.exe,0x1400,,,,,,,{E983936C-B38F-6006-0C00-00000000A301},592,{E983936C-B3A0-6006-3100-00000000A301},2052,,T1059.001,PowerShell,Execution,TRACE-PS-01,powershell,https://raw.githubusercontent.com/splunk/attack_data/master/datasets/attack_techniques/T1059.001/encoded_powershell/windows-sysmon.log,42770164a8b219a9eaa0817676fa2448e62e4cfba05932262cf961c95011fa53,false,Execution,none,raw Computer/IpAddress/User fields,
2021-01-19T13:20:19.470+0000,2021-01-19T13:20:19.470+0000,10,Microsoft-Windows-Sysmon/Operational,ict3214:attack_trace,PS-HOST-01,,,,,,,C:\Windows\sysmon64.exe,C:\Windows\system32\svchost.exe,0x1400,,,,,,,{E983936C-B38F-6006-0C00-00000000A301},592,{E983936C-B3A0-6006-3100-00000000A301},2052,,T1059.001,PowerShell,Execution,TRACE-PS-01,powershell,https://raw.githubusercontent.com/splunk/attack_data/master/datasets/attack_techniques/T1059.001/encoded_powershell/windows-sysmon.log,61f7f5ce01ba48d2d0b262bd2639009580eaa63d74a74b61e7ca443428225e2b,false,Execution,none,raw Computer/IpAddress/User fields,
2021-01-19T13:20:19.470+0000,2021-01-19T13:20:19.470+0000,10,Microsoft-Windows-Sysmon/Operational,ict3214:attack_trace,PS-HOST-01,,,,,,,C:\Windows\sysmon64.exe,C:\Windows\system32\svchost.exe,0x1400,,,,,,,{E983936C-B38F-6006-0C00-00000000A301},592,{E983936C-B3A0-6006-3100-00000000A301},2052,,T1059.001,PowerShell,Execution,TRACE-PS-01,powershell,https://raw.githubusercontent.com/splunk/attack_data/master/datasets/attack_techniques/T1059.001/encoded_powershell/windows-sysmon.log,920bc725bf544bfbb0336081399e4bfcb46b6013341e2558ed4f5756d2282f7a,false,Execution,none,raw Computer/IpAddress/User fields,
2021-01-19T13:20:19.470+0000,2021-01-19T13:20:19.470+0000,10,Microsoft-Windows-Sysmon/Operational,ict3214:attack_trace,PS-HOST-01,,,,,,,C:\Windows\sysmon64.exe,C:\Windows\system32\svchost.exe,0x1400,,,,,,,{E983936C-B38F-6006-0C00-00000000A301},592,{E983936C-B3A0-6006-3100-00000000A301},2052,,T1059.001,PowerShell,Execution,TRACE-PS-01,powershell,https://raw.githubusercontent.com/splunk/attack_data/master/datasets/attack_techniques/T1059.001/encoded_powershell/windows-sysmon.log,f1cec90e4efcd37c62a6adadaf976814d4657c1b380251a42fbd242dcf1b107a,false,Execution,none,raw Computer/IpAddress/User fields,
2021-01-19T13:20:19.471+0000,2021-01-19T13:20:19.471+0000,10,Microsoft-Windows-Sysmon/Operational,ict3214:attack_trace,PS-HOST-01,,,,,,,C:\Program Files\SplunkUniversalForwarder\bin\splunk-powershell.exe,C:\Windows\system32\conhost.exe,0x1fffff,,,,,,,{E983936C-B439-6006-B800-00000000A301},4284,{E983936C-DC93-6006-6709-00000000A301},7968,,T1059.001,PowerShell,Execution,TRACE-PS-01,powershell,https://raw.githubusercontent.com/splunk/attack_data/master/datasets/attack_techniques/T1059.001/encoded_powershell/windows-sysmon.log,65d4726bc109f426a96af0075e11fa443409a28197e9be51f1de4100aade2f94,false,Execution,none,raw Computer/IpAddress/User fields,
2021-01-19T13:20:19.616+0000,2021-01-19T13:20:19.616+0000,10,Microsoft-Windows-Sysmon/Operational,ict3214:attack_trace,PS-HOST-01,,,,,,,C:\Program Files\SplunkUniversalForwarder\bin\splunkd.exe,C:\Program Files\SplunkUniversalForwarder\bin\splunk-powershell.exe,0x101400,,,,,,,{E983936C-DC93-6006-6709-00000000A301},7968,{E983936C-B438-6006-B400-00000000A301},4412,,T1059.001,PowerShell,Execution,TRACE-PS-01,powershell,https://raw.githubusercontent.com/splunk/attack_data/master/datasets/attack_techniques/T1059.001/encoded_powershell/windows-sysmon.log,c8275d9ae1acec7bf1b1ec2ede612e4c64c3c90fd070df8ade441b76e6bb9859,false,Execution,none,raw Computer/IpAddress/User fields,
2021-01-19T13:20:20.135+0000,2021-01-19T13:20:20.135+0000,10,Microsoft-Windows-Sysmon/Operational,ict3214:attack_trace,PS-HOST-01,,,,,,,C:\Program Files\SplunkUniversalForwarder\bin\splunk-powershell.exe,C:\Program Files\SplunkUniversalForwarder\bin\splunkd.exe,0x1fffff,,,,,,,{E983936C-B438-6006-B400-00000000A301},4412,{E983936C-DC94-6006-6809-00000000A301},8024,,T1059.001,PowerShell,Execution,TRACE-PS-01,powershell,https://raw.githubusercontent.com/splunk/attack_data/master/datasets/attack_techniques/T1059.001/encoded_powershell/windows-sysmon.log,1871400dd4a41796d7638d373167928850868ac821016093b6dd9717d5fe768e,false,Execution,none,raw Computer/IpAddress/User fields,
2021-01-19T13:20:20.135+0000,2021-01-19T13:20:20.135+0000,10,Microsoft-Windows-Sysmon/Operational,ict3214:attack_trace,PS-HOST-01,,,,,,,C:\Windows\sysmon64.exe,C:\Windows\system32\svchost.exe,0x1400,,,,,,,{E983936C-B38F-6006-0C00-00000000A301},592,{E983936C-B3A0-6006-3100-00000000A301},2052,,T1059.001,PowerShell,Execution,TRACE-PS-01,powershell,https://raw.githubusercontent.com/splunk/attack_data/master/datasets/attack_techniques/T1059.001/encoded_powershell/windows-sysmon.log,283ae2171e00c0c97812054f7298aa5b474108011bcd45b6668adf2e0a7779e4,false,Execution,none,raw Computer/IpAddress/User fields,
2021-01-19T13:20:20.135+0000,2021-01-19T13:20:20.135+0000,1,Microsoft-Windows-Sysmon/Operational,ict3214:attack_trace,PS-HOST-01,,,NT AUTHORITY\SYSTEM,C:\Program Files\SplunkUniversalForwarder\bin\splunk-powershell.exe,C:\Program Files\SplunkUniversalForwarder\bin\splunkd.exe,"""C:\Program Files\SplunkUniversalForwarder\bin\splunk-powershell.exe"" --ps2",,,,,,,,{E983936C-DC94-6006-6809-00000000A301},8024,,,,,,T1059.001,PowerShell,Execution,TRACE-PS-01,powershell,https://raw.githubusercontent.com/splunk/attack_data/master/datasets/attack_techniques/T1059.001/encoded_powershell/windows-sysmon.log,507b5e11f44454f6e022b426223607c6dac15f87e70114c9f621443b0f723372,false,Execution,none,raw Computer/IpAddress/User fields,{E983936C-B438-6006-B400-00000000A301}
2021-01-19T13:20:20.135+0000,2021-01-19T13:20:20.135+0000,10,Microsoft-Windows-Sysmon/Operational,ict3214:attack_trace,PS-HOST-01,,,,,,,C:\Windows\sysmon64.exe,C:\Windows\system32\svchost.exe,0x1400,,,,,,,{E983936C-B38F-6006-0C00-00000000A301},592,{E983936C-B3A0-6006-3100-00000000A301},2052,,T1059.001,PowerShell,Execution,TRACE-PS-01,powershell,https://raw.githubusercontent.com/splunk/attack_data/master/datasets/attack_techniques/T1059.001/encoded_powershell/windows-sysmon.log,8682f1eebc12be166aa801d457f00741dff44c794bdd6299ed8cceb79d659218,false,Execution,none,raw Computer/IpAddress/User fields,
2021-01-19T13:20:20.135+0000,2021-01-19T13:20:20.135+0000,10,Microsoft-Windows-Sysmon/Operational,ict3214:attack_trace,PS-HOST-01,,,,,,,C:\Windows\sysmon64.exe,C:\Windows\system32\svchost.exe,0x1400,,,,,,,{E983936C-B38F-6006-0C00-00000000A301},592,{E983936C-B3A0-6006-3100-00000000A301},2052,,T1059.001,PowerShell,Execution,TRACE-PS-01,powershell,https://raw.githubusercontent.com/splunk/attack_data/master/datasets/attack_techniques/T1059.001/encoded_powershell/windows-sysmon.log,89eaea4f7ccbb01bda28aa19d23a0e17057fd7f4e46ef2e6eaa6c1687a5b1281,false,Execution,none,raw Computer/IpAddress/User fields,
2021-01-19T13:20:20.135+0000,2021-01-19T13:20:20.135+0000,10,Microsoft-Windows-Sysmon/Operational,ict3214:attack_trace,PS-HOST-01,,,,,,,C:\Program Files\SplunkUniversalForwarder\bin\splunk-powershell.exe,C:\Windows\system32\csrss.exe,0x1fffff,,,,,,,{E983936C-B38D-6006-0500-00000000A301},636,{E983936C-DC94-6006-6809-00000000A301},8024,,T1059.001,PowerShell,Execution,TRACE-PS-01,powershell,https://raw.githubusercontent.com/splunk/attack_data/master/datasets/attack_techniques/T1059.001/encoded_powershell/windows-sysmon.log,9fed9a4cbcf3af7717e2b69643c13cda18a3821b2dfc7c4ead56125058487f7d,false,Execution,none,raw Computer/IpAddress/User fields,
2021-01-19T13:20:20.136+0000,2021-01-19T13:20:20.136+0000,10,Microsoft-Windows-Sysmon/Operational,ict3214:attack_trace,PS-HOST-01,,,,,,,C:\Windows\sysmon64.exe,C:\Windows\system32\svchost.exe,0x1400,,,,,,,{E983936C-B38F-6006-0C00-00000000A301},592,{E983936C-B3A0-6006-3100-00000000A301},2052,,T1059.001,PowerShell,Execution,TRACE-PS-01,powershell,https://raw.githubusercontent.com/splunk/attack_data/master/datasets/attack_techniques/T1059.001/encoded_powershell/windows-sysmon.log,699c200a02a54ed75c375dc1ddf4e518b15407dd54f2554e2dae4adf83e3554b,false,Execution,none,raw Computer/IpAddress/User fields,
2021-01-19T13:20:20.136+0000,2021-01-19T13:20:20.136+0000,10,Microsoft-Windows-Sysmon/Operational,ict3214:attack_trace,PS-HOST-01,,,,,,,C:\Program Files\SplunkUniversalForwarder\bin\splunk-powershell.exe,C:\Windows\system32\conhost.exe,0x1fffff,,,,,,,{E983936C-B439-6006-B800-00000000A301},4284,{E983936C-DC94-6006-6809-00000000A301},8024,,T1059.001,PowerShell,Execution,TRACE-PS-01,powershell,https://raw.githubusercontent.com/splunk/attack_data/master/datasets/attack_techniques/T1059.001/encoded_powershell/windows-sysmon.log,d0deea16418ad702b19794e83fa87a063e46c25ec33d0300acbd54dcf54b5607,false,Execution,none,raw Computer/IpAddress/User fields,
2021-01-19T13:20:20.281+0000,2021-01-19T13:20:20.281+0000,10,Microsoft-Windows-Sysmon/Operational,ict3214:attack_trace,PS-HOST-01,,,,,,,C:\Program Files\SplunkUniversalForwarder\bin\splunkd.exe,C:\Program Files\SplunkUniversalForwarder\bin\splunk-powershell.exe,0x101400,,,,,,,{E983936C-DC94-6006-6809-00000000A301},8024,{E983936C-B438-6006-B400-00000000A301},4412,,T1059.001,PowerShell,Execution,TRACE-PS-01,powershell,https://raw.githubusercontent.com/splunk/attack_data/master/datasets/attack_techniques/T1059.001/encoded_powershell/windows-sysmon.log,1ab81c04d642db73ad3f9c4497b772d1d12e8597ab1ffe9aa3546021091cf463,false,Execution,none,raw Computer/IpAddress/User fields,
2021-01-19T13:20:20.813+0000,2021-01-19T13:20:20.813+0000,1,Microsoft-Windows-Sysmon/Operational,ict3214:attack_trace,PS-HOST-01,,,NT AUTHORITY\SYSTEM,C:\Program Files\SplunkUniversalForwarder\bin\splunk-regmon.exe,C:\Program Files\SplunkUniversalForwarder\bin\splunkd.exe,"""C:\Program Files\SplunkUniversalForwarder\bin\splunk-regmon.exe""",,,,,,,,{E983936C-DC94-6006-6909-00000000A301},4692,,,,,,T1059.001,PowerShell,Execution,TRACE-PS-01,powershell,https://raw.githubusercontent.com/splunk/attack_data/master/datasets/attack_techniques/T1059.001/encoded_powershell/windows-sysmon.log,07a74bc8870111bd30b3c499f178ce2abf681e7c65b6302dcdfc84335b01a92d,false,Execution,none,raw Computer/IpAddress/User fields,{E983936C-B438-6006-B400-00000000A301}
2021-01-19T13:20:20.814+0000,2021-01-19T13:20:20.814+0000,10,Microsoft-Windows-Sysmon/Operational,ict3214:attack_trace,PS-HOST-01,,,,,,,C:\Windows\sysmon64.exe,C:\Windows\system32\svchost.exe,0x1400,,,,,,,{E983936C-B38F-6006-0C00-00000000A301},592,{E983936C-B3A0-6006-3100-00000000A301},2052,,T1059.001,PowerShell,Execution,TRACE-PS-01,powershell,https://raw.githubusercontent.com/splunk/attack_data/master/datasets/attack_techniques/T1059.001/encoded_powershell/windows-sysmon.log,0bc9e11b931416d9772153a44e9315fb69d2129ef2219dd35b859d8890faf96e,false,Execution,none,raw Computer/IpAddress/User fields,
2021-01-19T13:20:20.814+0000,2021-01-19T13:20:20.814+0000,10,Microsoft-Windows-Sysmon/Operational,ict3214:attack_trace,PS-HOST-01,,,,,,,C:\Program Files\SplunkUniversalForwarder\bin\splunk-regmon.exe,C:\Windows\system32\csrss.exe,0x1fffff,,,,,,,{E983936C-B38D-6006-0500-00000000A301},636,{E983936C-DC94-6006-6909-00000000A301},4692,,T1059.001,PowerShell,Execution,TRACE-PS-01,powershell,https://raw.githubusercontent.com/splunk/attack_data/master/datasets/attack_techniques/T1059.001/encoded_powershell/windows-sysmon.log,360f3baed12c150776258a4338e31276b71087979c183f34e9f91f4c2f011d9e,false,Execution,none,raw Computer/IpAddress/User fields,
2021-01-19T13:20:20.814+0000,2021-01-19T13:20:20.814+0000,10,Microsoft-Windows-Sysmon/Operational,ict3214:attack_trace,PS-HOST-01,,,,,,,C:\Program Files\SplunkUniversalForwarder\bin\splunk-regmon.exe,C:\Program Files\SplunkUniversalForwarder\bin\splunkd.exe,0x1fffff,,,,,,,{E983936C-B438-6006-B400-00000000A301},4412,{E983936C-DC94-6006-6909-00000000A301},4692,,T1059.001,PowerShell,Execution,TRACE-PS-01,powershell,https://raw.githubusercontent.com/splunk/attack_data/master/datasets/attack_techniques/T1059.001/encoded_powershell/windows-sysmon.log,72681a83e65b7477495dbc5bac8553ec65d6c6babd2e91679e52f6dc013e9128,false,Execution,none,raw Computer/IpAddress/User fields,
2021-01-19T13:20:20.814+0000,2021-01-19T13:20:20.814+0000,10,Microsoft-Windows-Sysmon/Operational,ict3214:attack_trace,PS-HOST-01,,,,,,,C:\Windows\sysmon64.exe,C:\Windows\system32\svchost.exe,0x1400,,,,,,,{E983936C-B38F-6006-0C00-00000000A301},592,{E983936C-B3A0-6006-3100-00000000A301},2052,,T1059.001,PowerShell,Execution,TRACE-PS-01,powershell,https://raw.githubusercontent.com/splunk/attack_data/master/datasets/attack_techniques/T1059.001/encoded_powershell/windows-sysmon.log,78cc7033339f23cecc3c0991a0aa423fe81dbc23bd824d74986e22c19cf17aba,false,Execution,none,raw Computer/IpAddress/User fields,
2021-01-19T13:20:20.814+0000,2021-01-19T13:20:20.814+0000,10,Microsoft-Windows-Sysmon/Operational,ict3214:attack_trace,PS-HOST-01,,,,,,,C:\Windows\sysmon64.exe,C:\Windows\system32\svchost.exe,0x1400,,,,,,,{E983936C-B38F-6006-0C00-00000000A301},592,{E983936C-B3A0-6006-3100-00000000A301},2052,,T1059.001,PowerShell,Execution,TRACE-PS-01,powershell,https://raw.githubusercontent.com/splunk/attack_data/master/datasets/attack_techniques/T1059.001/encoded_powershell/windows-sysmon.log,b528516e3f6a1005b7f23014c77bbb55419469f45ea6cc0a12ebaf8175e9262e,false,Execution,none,raw Computer/IpAddress/User fields,
2021-01-19T13:20:20.814+0000,2021-01-19T13:20:20.814+0000,10,Microsoft-Windows-Sysmon/Operational,ict3214:attack_trace,PS-HOST-01,,,,,,,C:\Windows\sysmon64.exe,C:\Windows\system32\svchost.exe,0x1400,,,,,,,{E983936C-B38F-6006-0C00-00000000A301},592,{E983936C-B3A0-6006-3100-00000000A301},2052,,T1059.001,PowerShell,Execution,TRACE-PS-01,powershell,https://raw.githubusercontent.com/splunk/attack_data/master/datasets/attack_techniques/T1059.001/encoded_powershell/windows-sysmon.log,c3dc3d58b4fed45c47e5548f051e41c3c5a89e84b33e2d65fd51d695afc5c1ef,false,Execution,none,raw Computer/IpAddress/User fields,
2021-01-19T13:20:20.815+0000,2021-01-19T13:20:20.815+0000,10,Microsoft-Windows-Sysmon/Operational,ict3214:attack_trace,PS-HOST-01,,,,,,,C:\Program Files\SplunkUniversalForwarder\bin\splunk-regmon.exe,C:\Windows\system32\conhost.exe,0x1fffff,,,,,,,{E983936C-B439-6006-B800-00000000A301},4284,{E983936C-DC94-6006-6909-00000000A301},4692,,T1059.001,PowerShell,Execution,TRACE-PS-01,powershell,https://raw.githubusercontent.com/splunk/attack_data/master/datasets/attack_techniques/T1059.001/encoded_powershell/windows-sysmon.log,2eb0adea5d5b33e8a8c82a005c6015e2bff695542ff70a215fb084599fd6f9ab,false,Execution,none,raw Computer/IpAddress/User fields,
2021-01-19T13:20:20.967+0000,2021-01-19T13:20:20.967+0000,10,Microsoft-Windows-Sysmon/Operational,ict3214:attack_trace,PS-HOST-01,,,,,,,C:\Program Files\SplunkUniversalForwarder\bin\splunkd.exe,C:\Program Files\SplunkUniversalForwarder\bin\splunk-regmon.exe,0x101400,,,,,,,{E983936C-DC94-6006-6909-00000000A301},4692,{E983936C-B438-6006-B400-00000000A301},4412,,T1059.001,PowerShell,Execution,TRACE-PS-01,powershell,https://raw.githubusercontent.com/splunk/attack_data/master/datasets/attack_techniques/T1059.001/encoded_powershell/windows-sysmon.log,dff42367adc90106d5b707644db48aa8b7ee14b4caa1f992da17f5f27d5d4066,false,Execution,none,raw Computer/IpAddress/User fields,
2021-01-19T13:20:21.485+0000,2021-01-19T13:20:21.485+0000,10,Microsoft-Windows-Sysmon/Operational,ict3214:attack_trace,PS-HOST-01,,,,,,,C:\Program Files\SplunkUniversalForwarder\bin\splunk-MonitorNoHandle.exe,C:\Windows\system32\csrss.exe,0x1fffff,,,,,,,{E983936C-B38D-6006-0500-00000000A301},636,{E983936C-DC95-6006-6A09-00000000A301},7848,,T1059.001,PowerShell,Execution,TRACE-PS-01,powershell,https://raw.githubusercontent.com/splunk/attack_data/master/datasets/attack_techniques/T1059.001/encoded_powershell/windows-sysmon.log,02af103f22f4722a247a08a01fc6de41ebe96ed86c13b2a873416336dc033da6,false,Execution,none,raw Computer/IpAddress/User fields,
2021-01-19T13:20:21.485+0000,2021-01-19T13:20:21.485+0000,10,Microsoft-Windows-Sysmon/Operational,ict3214:attack_trace,PS-HOST-01,,,,,,,C:\Windows\sysmon64.exe,C:\Windows\system32\svchost.exe,0x1400,,,,,,,{E983936C-B38F-6006-0C00-00000000A301},592,{E983936C-B3A0-6006-3100-00000000A301},2052,,T1059.001,PowerShell,Execution,TRACE-PS-01,powershell,https://raw.githubusercontent.com/splunk/attack_data/master/datasets/attack_techniques/T1059.001/encoded_powershell/windows-sysmon.log,70c654cb052504d24ac96ef2f033a11cac9f58e5012ff2915fcb8d3398a301a4,false,Execution,none,raw Computer/IpAddress/User fields,
2021-01-19T13:20:21.485+0000,2021-01-19T13:20:21.485+0000,10,Microsoft-Windows-Sysmon/Operational,ict3214:attack_trace,PS-HOST-01,,,,,,,C:\Windows\sysmon64.exe,C:\Windows\system32\svchost.exe,0x1400,,,,,,,{E983936C-B38F-6006-0C00-00000000A301},592,{E983936C-B3A0-6006-3100-00000000A301},2052,,T1059.001,PowerShell,Execution,TRACE-PS-01,powershell,https://raw.githubusercontent.com/splunk/attack_data/master/datasets/attack_techniques/T1059.001/encoded_powershell/windows-sysmon.log,b1b03fc55bf2641856c4a2fa4acc96bc3a07a5d1461600568e9a2d494251d9d6,false,Execution,none,raw Computer/IpAddress/User fields,
2021-01-19T13:20:21.485+0000,2021-01-19T13:20:21.485+0000,10,Microsoft-Windows-Sysmon/Operational,ict3214:attack_trace,PS-HOST-01,,,,,,,C:\Windows\sysmon64.exe,C:\Windows\system32\svchost.exe,0x1400,,,,,,,{E983936C-B38F-6006-0C00-00000000A301},592,{E983936C-B3A0-6006-3100-00000000A301},2052,,T1059.001,PowerShell,Execution,TRACE-PS-01,powershell,https://raw.githubusercontent.com/splunk/attack_data/master/datasets/attack_techniques/T1059.001/encoded_powershell/windows-sysmon.log,b6c05b6890f0a13fcf8eaf343ed4fe75bed91d8e91091b2e8209fcec01579b59,false,Execution,none,raw Computer/IpAddress/User fields,
2021-01-19T13:20:21.485+0000,2021-01-19T13:20:21.485+0000,1,Microsoft-Windows-Sysmon/Operational,ict3214:attack_trace,PS-HOST-01,,,NT AUTHORITY\SYSTEM,C:\Program Files\SplunkUniversalForwarder\bin\splunk-MonitorNoHandle.exe,C:\Program Files\SplunkUniversalForwarder\bin\splunkd.exe,"""C:\Program Files\SplunkUniversalForwarder\bin\splunk-MonitorNoHandle.exe""",,,,,,,,{E983936C-DC95-6006-6A09-00000000A301},7848,,,,,,T1059.001,PowerShell,Execution,TRACE-PS-01,powershell,https://raw.githubusercontent.com/splunk/attack_data/master/datasets/attack_techniques/T1059.001/encoded_powershell/windows-sysmon.log,c9b7a9c711dc75240a2b53b6d2a5238b1596b03d77f17e47d7260d94969364c8,false,Execution,none,raw Computer/IpAddress/User fields,{E983936C-B438-6006-B400-00000000A301}
2021-01-19T13:20:21.485+0000,2021-01-19T13:20:21.485+0000,10,Microsoft-Windows-Sysmon/Operational,ict3214:attack_trace,PS-HOST-01,,,,,,,C:\Program Files\SplunkUniversalForwarder\bin\splunk-MonitorNoHandle.exe,C:\Program Files\SplunkUniversalForwarder\bin\splunkd.exe,0x1fffff,,,,,,,{E983936C-B438-6006-B400-00000000A301},4412,{E983936C-DC95-6006-6A09-00000000A301},7848,,T1059.001,PowerShell,Execution,TRACE-PS-01,powershell,https://raw.githubusercontent.com/splunk/attack_data/master/datasets/attack_techniques/T1059.001/encoded_powershell/windows-sysmon.log,dcbe3b10e810d87eb40f0341a9e004f347cf5ae0230043d98c3b7c330c3fe9bd,false,Execution,none,raw Computer/IpAddress/User fields,
2021-01-19T13:20:21.485+0000,2021-01-19T13:20:21.485+0000,10,Microsoft-Windows-Sysmon/Operational,ict3214:attack_trace,PS-HOST-01,,,,,,,C:\Windows\sysmon64.exe,C:\Windows\system32\svchost.exe,0x1400,,,,,,,{E983936C-B38F-6006-0C00-00000000A301},592,{E983936C-B3A0-6006-3100-00000000A301},2052,,T1059.001,PowerShell,Execution,TRACE-PS-01,powershell,https://raw.githubusercontent.com/splunk/attack_data/master/datasets/attack_techniques/T1059.001/encoded_powershell/windows-sysmon.log,e4a699d7ab283587ae19b2c05bba1a789d0fb34b2ea28b7c125c8fdd34db7ec4,false,Execution,none,raw Computer/IpAddress/User fields,
2021-01-19T13:20:21.486+0000,2021-01-19T13:20:21.486+0000,10,Microsoft-Windows-Sysmon/Operational,ict3214:attack_trace,PS-HOST-01,,,,,,,C:\Program Files\SplunkUniversalForwarder\bin\splunk-MonitorNoHandle.exe,C:\Windows\system32\conhost.exe,0x1fffff,,,,,,,{E983936C-B439-6006-B800-00000000A301},4284,{E983936C-DC95-6006-6A09-00000000A301},7848,,T1059.001,PowerShell,Execution,TRACE-PS-01,powershell,https://raw.githubusercontent.com/splunk/attack_data/master/datasets/attack_techniques/T1059.001/encoded_powershell/windows-sysmon.log,9dc69b2ff1b68df7928b2a2cb818c6bd03a2c56e9a60ef1540ce94c3f6eace23,false,Execution,none,raw Computer/IpAddress/User fields,
