2021-01-19T13:25:37.411+0000,2021-01-19T13:25:37.411+0000,22,Microsoft-Windows-Sysmon/Operational,ict3214:attack_trace,PS-HOST-01,,,,C:\Program Files\Mozilla Firefox\firefox.exe,,,,,,,,,,{E983936C-CD5C-6006-8407-00000000A301},6812,,,,,int-classic-scout-production-1074780512.us-east-1.elb.amazonaws.com,T1059.001,PowerShell,Execution,TRACE-PS-01,powershell,https://raw.githubusercontent.com/splunk/attack_data/master/datasets/attack_techniques/T1059.001/encoded_powershell/windows-sysmon.log,3dfb7a95d006fb2342e6d604587abf27db1273ab288d19fcd5a730abdad1dc2e,false,Execution,none,raw Computer/IpAddress/User fields,
2021-01-19T13:25:37.411+0000,2021-01-19T13:25:37.411+0000,22,Microsoft-Windows-Sysmon/Operational,ict3214:attack_trace,PS-HOST-01,,,,C:\Program Files\Mozilla Firefox\firefox.exe,,,,,,,,,,{E983936C-CD5C-6006-8407-00000000A301},6812,,,,,int-classic-scout-production-1074780512.us-east-1.elb.amazonaws.com,T1059.001,PowerShell,Execution,TRACE-PS-01,powershell,https://raw.githubusercontent.com/splunk/attack_data/master/datasets/attack_techniques/T1059.001/encoded_powershell/windows-sysmon.log,789ac06a8215378b7e01d19bf7954763b5023856d780075819d65c2a2cf54307,false,Execution,none,raw Computer/IpAddress/User fields,
2021-01-19T13:25:41.715+0000,2021-01-19T13:25:41.715+0000,10,Microsoft-Windows-Sysmon/Operational,ict3214:attack_trace,PS-HOST-01,,,,,,,C:\Program Files\Mozilla Firefox\firefox.exe,C:\Windows\Explorer.EXE,0x1410,,,,,,,{E983936C-CCDD-6006-4607-00000000A301},5080,{E983936C-CD5C-6006-8407-00000000A301},6812,,T1059.001,PowerShell,Execution,TRACE-PS-01,powershell,https://raw.githubusercontent.com/splunk/attack_data/master/datasets/attack_techniques/T1059.001/encoded_powershell/windows-sysmon.log,470445323c7e7b58a90571d0a1ea6deb509364a7228c10e66d95108b94337382,false,Execution,none,raw Computer/IpAddress/User fields,
2021-01-19T13:25:41.715+0000,2021-01-19T13:25:41.715+0000,10,Microsoft-Windows-Sysmon/Operational,ict3214:attack_trace,PS-HOST-01,,,,,,,C:\Program Files\Mozilla Firefox\firefox.exe,C:\Windows\Explorer.EXE,0x1000,,,,,,,{E983936C-CCDD-6006-4607-00000000A301},5080,{E983936C-CD5C-6006-8407-00000000A301},6812,,T1059.001,PowerShell,Execution,TRACE-PS-01,powershell,https://raw.githubusercontent.com/splunk/attack_data/master/datasets/attack_techniques/T1059.001/encoded_powershell/windows-sysmon.log,d2a6f4232da0314240342884dc29feeda352eb31ab456a8655d84ec57fbfc06a,false,Execution,none,raw Computer/IpAddress/User fields,
2021-01-19T13:25:41.721+0000,2021-01-19T13:25:41.721+0000,10,Microsoft-Windows-Sysmon/Operational,ict3214:attack_trace,PS-HOST-01,,,,,,,C:\Program Files\Mozilla Firefox\firefox.exe,C:\Windows\Explorer.EXE,0x1000,,,,,,,{E983936C-CCDD-6006-4607-00000000A301},5080,{E983936C-CD5C-6006-8407-00000000A301},6812,,T1059.001,PowerShell,Execution,TRACE-PS-01,powershell,https://raw.githubusercontent.com/splunk/attack_data/master/datasets/attack_techniques/T1059.001/encoded_powershell/windows-sysmon.log,80736fe7b118018b120703dafc40c093ebc2bb9a91695e1002b813de95150492,false,Execution,none,raw Computer/IpAddress/User fields,
2021-01-19T13:25:45.999+0000,2021-01-19T13:25:45.999+0000,10,Microsoft-Windows-Sysmon/Operational,ict3214:attack_trace,PS-HOST-01,,,,,,,C:\Program Files\Mozilla Firefox\firefox.exe,C:\Program Files\Mozilla Firefox\firefox.exe,0x40,,,,,,,{E983936C-CD5C-6006-8407-00000000A301},6812,{E983936C-CD5F-6006-8607-00000000A301},4500,,T1059.001,PowerShell,Execution,TRACE-PS-01,powershell,https://raw.githubusercontent.com/splunk/attack_data/master/datasets/attack_techniques/T1059.001/encoded_powershell/windows-sysmon.log,259c90ba895708216e18e9a6015800d80afa82cca9c01708eb1ab997d08617c2,false,Execution,none,raw Computer/IpAddress/User fields,
2021-01-19T13:25:46.144+0000,2021-01-19T13:25:46.144+0000,10,Microsoft-Windows-Sysmon/Operational,ict3214:attack_trace,PS-HOST-01,,,,,,,C:\Program Files\Mozilla Firefox\firefox.exe,C:\Program Files\Mozilla Firefox\firefox.exe,0x40,,,,,,,{E983936C-CD5C-6006-8407-00000000A301},6812,{E983936C-CD5F-6006-8607-00000000A301},4500,,T1059.001,PowerShell,Execution,TRACE-PS-01,powershell,https://raw.githubusercontent.com/splunk/attack_data/master/datasets/attack_techniques/T1059.001/encoded_powershell/windows-sysmon.log,8fc047b0cd0ceebb7a14e0dfffc5048db2a9e82934f2edafc2fe71e4b5e92e2a,false,Execution,none,raw Computer/IpAddress/User fields,
2021-01-19T13:25:46.623+0000,2021-01-19T13:25:46.623+0000,10,Microsoft-Windows-Sysmon/Operational,ict3214:attack_trace,PS-HOST-01,,,,,,,C:\Windows\system32\conhost.exe,C:\Windows\Explorer.EXE,0x1410,,,,,,,{E983936C-CCDD-6006-4607-00000000A301},5080,{E983936C-D083-6006-F907-00000000A301},8048,,T1059.001,PowerShell,Execution,TRACE-PS-01,powershell,https://raw.githubusercontent.com/splunk/attack_data/master/datasets/attack_techniques/T1059.001/encoded_powershell/windows-sysmon.log,4d08fa2db1f8f4a4dd39408788acc864b7ead4bfaa4c6d625aeaf2ca70deba24,false,Execution,none,raw Computer/IpAddress/User fields,
2021-01-19T13:25:46.623+0000,2021-01-19T13:25:46.623+0000,10,Microsoft-Windows-Sysmon/Operational,ict3214:attack_trace,PS-HOST-01,,,,,,,C:\Windows\system32\conhost.exe,C:\Windows\Explorer.EXE,0x1410,,,,,,,{E983936C-CCDD-6006-4607-00000000A301},5080,{E983936C-D083-6006-F907-00000000A301},8048,,T1059.001,PowerShell,Execution,TRACE-PS-01,powershell,https://raw.githubusercontent.com/splunk/attack_data/master/datasets/attack_techniques/T1059.001/encoded_powershell/windows-sysmon.log,61dd66b33ecbbf848325bf740a51b5a2661a08e8e2e7298fd7835d4093539892,false,Execution,none,raw Computer/IpAddress/User fields,
2021-01-19T13:25:46.623+0000,2021-01-19T13:25:46.623+0000,10,Microsoft-Windows-Sysmon/Operational,ict3214:attack_trace,PS-HOST-01,,,,,,,C:\Windows\system32\conhost.exe,C:\Windows\Explorer.EXE,0x1000,,,,,,,{E983936C-CCDD-6006-4607-00000000A301},5080,{E983936C-D083-6006-F907-00000000A301},8048,,T1059.001,PowerShell,Execution,TRACE-PS-01,powershell,https://raw.githubusercontent.com/splunk/attack_data/master/datasets/attack_techniques/T1059.001/encoded_powershell/windows-sysmon.log,b6acbd86d00150fc4c9496bd1af26854710fd2b8bbce6ec8974f789f01af3a50,false,Execution,none,raw Computer/IpAddress/User fields,
2021-01-19T13:25:46.623+0000,2021-01-19T13:25:46.623+0000,10,Microsoft-Windows-Sysmon/Operational,ict3214:attack_trace,PS-HOST-01,,,,,,,C:\Windows\system32\conhost.exe,C:\Windows\Explorer.EXE,0x1000,,,,,,,{E983936C-CCDD-6006-4607-00000000A301},5080,{E983936C-D083-6006-F907-00000000A301},8048,,T1059.001,PowerShell,Execution,TRACE-PS-01,powershell,https://raw.githubusercontent.com/splunk/attack_data/master/datasets/attack_techniques/T1059.001/encoded_powershell/windows-sysmon.log,d9690d25b5251c9047dc439dcd480b93d107dca7970978c25bfe632b904abd8e,false,Execution,none,raw Computer/IpAddress/User fields,
2021-01-19T13:25:46.625+0000,2021-01-19T13:25:46.625+0000,10,Microsoft-Windows-Sysmon/Operational,ict3214:attack_trace,PS-HOST-01,,,,,,,C:\Windows\System32\WindowsPowerShell\v1.0\powershell.exe,C:\Windows\Explorer.EXE,0x1000,,,,,,,{E983936C-CCDD-6006-4607-00000000A301},5080,{E983936C-D083-6006-F807-00000000A301},7900,,T1059.001,PowerShell,Execution,TRACE-PS-01,powershell,https://raw.githubusercontent.com/splunk/attack_data/master/datasets/attack_techniques/T1059.001/encoded_powershell/windows-sysmon.log,10c2371bd11d7103914ec1181b41718624687f93a296e9968d0af2a443b66a68,false,Execution,none,raw Computer/IpAddress/User fields,
2021-01-19T13:25:46.625+0000,2021-01-19T13:25:46.625+0000,10,Microsoft-Windows-Sysmon/Operational,ict3214:attack_trace,PS-HOST-01,,,,,,,C:\Windows\System32\WindowsPowerShell\v1.0\powershell.exe,C:\Windows\Explorer.EXE,0x1400,,,,,,,{E983936C-CCDD-6006-4607-00000000A301},5080,{E983936C-D083-6006-F807-00000000A301},7900,,T1059.001,PowerShell,Execution,TRACE-PS-01,powershell,https://raw.githubusercontent.com/splunk/attack_data/master/datasets/attack_techniques/T1059.001/encoded_powershell/windows-sysmon.log,62a3f0589c714a6438197e313373aac714c77795cecaac61d104b370f0b54d02,false,Execution,none,raw Computer/IpAddress/User fields,
2021-01-19T13:25:52.433+0000,2021-01-19T13:25:52.433+0000,10,Microsoft-Windows-Sysmon/Operational,ict3214:attack_trace,PS-HOST-01,,,,,,,C:\Program Files\Mozilla Firefox\firefox.exe,C:\Windows\Explorer.EXE,0x1000,,,,,,,{E983936C-CCDD-6006-4607-00000000A301},5080,{E983936C-CD5C-6006-8407-00000000A301},6812,,T1059.001,PowerShell,Execution,TRACE-PS-01,powershell,https://raw.githubusercontent.com/splunk/attack_data/master/datasets/attack_techniques/T1059.001/encoded_powershell/windows-sysmon.log,6fbec92d73912426e40c99c54e9c06751b703b05a95aac49cdc4467ef8414f6a,false,Execution,none,raw Computer/IpAddress/User fields,
2021-01-19T13:25:52.433+0000,2021-01-19T13:25:52.433+0000,10,Microsoft-Windows-Sysmon/Operational,ict3214:attack_trace,PS-HOST-01,,,,,,,C:\Program Files\Mozilla Firefox\firefox.exe,C:\Windows\Explorer.EXE,0x1410,,,,,,,{E983936C-CCDD-6006-4607-00000000A301},5080,{E983936C-CD5C-6006-8407-00000000A301},6812,,T1059.001,PowerShell,Execution,TRACE-PS-01,powershell,https://raw.githubusercontent.com/splunk/attack_data/master/datasets/attack_techniques/T1059.001/encoded_powershell/windows-sysmon.log,c9c895a456c4e01963e8f0dd149cd317223194113839864edb5cbe9f7adf7300,false,Execution,none,raw Computer/IpAddress/User fields,
2021-01-19T13:25:52.438+0000,2021-01-19T13:25:52.438+0000,10,Microsoft-Windows-Sysmon/Operational,ict3214:attack_trace,PS-HOST-01,,,,,,,C:\Program Files\Mozilla Firefox\firefox.exe,C:\Windows\Explorer.EXE,0x1000,,,,,,,{E983936C-CCDD-6006-4607-00000000A301},5080,{E983936C-CD5C-6006-8407-00000000A301},6812,,T1059.001,PowerShell,Execution,TRACE-PS-01,powershell,https://raw.githubusercontent.com/splunk/attack_data/master/datasets/attack_techniques/T1059.001/encoded_powershell/windows-sysmon.log,5d7185401c865e98e99f3cf76415278b279dce22b8322e2b2259229f947ad389,false,Execution,none,raw Computer/IpAddress/User fields,
2021-01-19T13:25:53.673+0000,2021-01-19T13:25:53.673+0000,10,Microsoft-Windows-Sysmon/Operational,ict3214:attack_trace,PS-HOST-01,,,,,,,C:\Program Files\Mozilla Firefox\firefox.exe,C:\Program Files\Mozilla Firefox\firefox.exe,0x40,,,,,,,{E983936C-CD5C-6006-8407-00000000A301},6812,{E983936C-CD5F-6006-8607-00000000A301},4500,,T1059.001,PowerShell,Execution,TRACE-PS-01,powershell,https://raw.githubusercontent.com/splunk/attack_data/master/datasets/attack_techniques/T1059.001/encoded_powershell/windows-sysmon.log,8f756b29aaa9df0ed8ad8ab126d56590b6c6071d8f3e29ddb3eed4cabb0a5649,false,Execution,none,raw Computer/IpAddress/User fields,
2021-01-19T13:25:53.766+0000,2021-01-19T13:25:53.766+0000,10,Microsoft-Windows-Sysmon/Operational,ict3214:attack_trace,PS-HOST-01,,,,,,,C:\Program Files\Mozilla Firefox\firefox.exe,C:\Program Files\Mozilla Firefox\firefox.exe,0x40,,,,,,,{E983936C-CD5C-6006-8407-00000000A301},6812,{E983936C-CD5F-6006-8607-00000000A301},4500,,T1059.001,PowerShell,Execution,TRACE-PS-01,powershell,https://raw.githubusercontent.com/splunk/attack_data/master/datasets/attack_techniques/T1059.001/encoded_powershell/windows-sysmon.log,dfe6b65a83225fec92bbf44f498ebfe6d0c0d7de4d014bfab79fc809b67cb132,false,Execution,none,raw Computer/IpAddress/User fields,
2021-01-19T13:25:54.063+0000,2021-01-19T13:25:54.063+0000,10,Microsoft-Windows-Sysmon/Operational,ict3214:attack_trace,PS-HOST-01,,,,,,,C:\Program Files\Mozilla Firefox\firefox.exe,C:\Program Files\Mozilla Firefox\firefox.exe,0x40,,,,,,,{E983936C-CD5C-6006-8407-00000000A301},6812,{E983936C-CD5F-6006-8607-00000000A301},4500,,T1059.001,PowerShell,Execution,TRACE-PS-01,powershell,https://raw.githubusercontent.com/splunk/attack_data/master/datasets/attack_techniques/T1059.001/encoded_powershell/windows-sysmon.log,1e1bb7e79c4dd5b85ee74677ef7489ad4d222b89f7661b3077a88c762384e791,false,Execution,none,raw Computer/IpAddress/User fields,
2021-01-19T13:25:54.157+0000,2021-01-19T13:25:54.157+0000,10,Microsoft-Windows-Sysmon/Operational,ict3214:attack_trace,PS-HOST-01,,,,,,,C:\Program Files\Mozilla Firefox\firefox.exe,C:\Program Files\Mozilla Firefox\firefox.exe,0x40,,,,,,,{E983936C-CD5C-6006-8407-00000000A301},6812,{E983936C-CD5F-6006-8607-00000000A301},4500,,T1059.001,PowerShell,Execution,TRACE-PS-01,powershell,https://raw.githubusercontent.com/splunk/attack_data/master/datasets/attack_techniques/T1059.001/encoded_powershell/windows-sysmon.log,bb71cefdfb3efc996caea3104f87696db467cb9bfc461453f3e5b8f731aed9be,false,Execution,none,raw Computer/IpAddress/User fields,
2021-01-19T13:25:54.595+0000,2021-01-19T13:25:54.595+0000,10,Microsoft-Windows-Sysmon/Operational,ict3214:attack_trace,PS-HOST-01,,,,,,,C:\Windows\system32\conhost.exe,C:\Windows\Explorer.EXE,0x1000,,,,,,,{E983936C-CCDD-6006-4607-00000000A301},5080,{E983936C-D083-6006-F907-00000000A301},8048,,T1059.001,PowerShell,Execution,TRACE-PS-01,powershell,https://raw.githubusercontent.com/splunk/attack_data/master/datasets/attack_techniques/T1059.001/encoded_powershell/windows-sysmon.log,18f4dbf1741e3562ddd1212c73c29fac143639cae3be5f2a95fbbddf56168de8,false,Execution,none,raw Computer/IpAddress/User fields,
2021-01-19T13:25:54.595+0000,2021-01-19T13:25:54.595+0000,10,Microsoft-Windows-Sysmon/Operational,ict3214:attack_trace,PS-HOST-01,,,,,,,C:\Windows\system32\conhost.exe,C:\Windows\Explorer.EXE,0x1000,,,,,,,{E983936C-CCDD-6006-4607-00000000A301},5080,{E983936C-D083-6006-F907-00000000A301},8048,,T1059.001,PowerShell,Execution,TRACE-PS-01,powershell,https://raw.githubusercontent.com/splunk/attack_data/master/datasets/attack_techniques/T1059.001/encoded_powershell/windows-sysmon.log,2c75e48a48a5fcde38ad3302294bd451a4983928cca8eb9074ebf8736b995732,false,Execution,none,raw Computer/IpAddress/User fields,
2021-01-19T13:25:54.595+0000,2021-01-19T13:25:54.595+0000,10,Microsoft-Windows-Sysmon/Operational,ict3214:attack_trace,PS-HOST-01,,,,,,,C:\Windows\system32\conhost.exe,C:\Windows\Explorer.EXE,0x1410,,,,,,,{E983936C-CCDD-6006-4607-00000000A301},5080,{E983936C-D083-6006-F907-00000000A301},8048,,T1059.001,PowerShell,Execution,TRACE-PS-01,powershell,https://raw.githubusercontent.com/splunk/attack_data/master/datasets/attack_techniques/T1059.001/encoded_powershell/windows-sysmon.log,3131f4ae216380531c733c16c4c11f1a2ada84c089457e3e3983003ba4d8d2ed,false,Execution,none,raw Computer/IpAddress/User fields,
2021-01-19T13:25:54.595+0000,2021-01-19T13:25:54.595+0000,10,Microsoft-Windows-Sysmon/Operational,ict3214:attack_trace,PS-HOST-01,,,,,,,C:\Windows\system32\conhost.exe,C:\Windows\Explorer.EXE,0x1410,,,,,,,{E983936C-CCDD-6006-4607-00000000A301},5080,{E983936C-D083-6006-F907-00000000A301},8048,,T1059.001,PowerShell,Execution,TRACE-PS-01,powershell,https://raw.githubusercontent.com/splunk/attack_data/master/datasets/attack_techniques/T1059.001/encoded_powershell/windows-sysmon.log,6a3855d5d38cba92219e3304fd3f1e5508e02d97b908ac3718ed7e90f6aab38d,false,Execution,none,raw Computer/IpAddress/User fields,
2021-01-19T13:25:54.597+0000,2021-01-19T13:25:54.597+0000,10,Microsoft-Windows-Sysmon/Operational,ict3214:attack_trace,PS-HOST-01,,,,,,,C:\Windows\System32\WindowsPowerShell\v1.0\powershell.exe,C:\Windows\Explorer.EXE,0x1400,,,,,,,{E983936C-CCDD-6006-4607-00000000A301},5080,{E983936C-D083-6006-F807-00000000A301},7900,,T1059.001,PowerShell,Execution,TRACE-PS-01,powershell,https://raw.githubusercontent.com/splunk/attack_data/master/datasets/attack_techniques/T1059.001/encoded_powershell/windows-sysmon.log,869728c386167ac71c31bacbb2eea75e23de617a7bf8b53c1186d8f48ebfa11f,false,Execution,none,raw Computer/IpAddress/User fields,
2021-01-19T13:25:54.597+0000,2021-01-19T13:25:54.597+0000,10,Microsoft-Windows-Sysmon/Operational,ict3214:attack_trace,PS-HOST-01,,,,,,,C:\Windows\System32\WindowsPowerShell\v1.0\powershell.exe,C:\Windows\Explorer.EXE,0x1000,,,,,,,{E983936C-CCDD-6006-4607-00000000A301},5080,{E983936C-D083-6006-F807-00000000A301},7900,,T1059.001,PowerShell,Execution,TRACE-PS-01,powershell,https://raw.githubusercontent.com/splunk/attack_data/master/datasets/attack_techniques/T1059.001/encoded_powershell/windows-sysmon.log,f79dc2794b9095b3d4c1b93ed04b4e0bab1dc44575ffe91f7c3e2cc850e0fb9c,false,Execution,none,raw Computer/IpAddress/User fields,
2021-01-19T13:26:06.751+0000,2021-01-19T13:26:06.751+0000,13,Microsoft-Windows-Sysmon/Operational,ict3214:attack_trace,PS-HOST-01,,,,C:\Windows\system32\DFSRs.exe,,,,,,,,HKLM\System\CurrentControlSet\Services\DFSR\Parameters\Replication Groups\194FB71A-2A2E-4F97-8266-02E138A28647\Replica Set Configuration File,\\?\C:\System Volume Information\DFSR\Config\Replica_194FB71A-2A2E-4F97-8266-02E138A28647.XML,{E983936C-B3A0-6006-2B00-00000000A301},2256,,,,,,T1059.001,PowerShell,Execution,TRACE-PS-01,powershell,https://raw.githubusercontent.com/splunk/attack_data/master/datasets/attack_techniques/T1059.001/encoded_powershell/windows-sysmon.log,2a05249dd3b55b2f025debad385fadca2e9ee9d8a9c4d00dc9fa2b85a11ff31c,false,Execution,none,raw Computer/IpAddress/User fields,
2021-01-19T13:26:06.752+0000,2021-01-19T13:26:06.752+0000,13,Microsoft-Windows-Sysmon/Operational,ict3214:attack_trace,PS-HOST-01,,,,C:\Windows\system32\DFSRs.exe,,,,,,,,HKLM\System\CurrentControlSet\Services\DFSR\Parameters\Replication Groups\194FB71A-2A2E-4F97-8266-02E138A28647\Config Source,DWORD (0x00000001),{E983936C-B3A0-6006-2B00-00000000A301},2256,,,,,,T1059.001,PowerShell,Execution,TRACE-PS-01,powershell,https://raw.githubusercontent.com/splunk/attack_data/master/datasets/attack_techniques/T1059.001/encoded_powershell/windows-sysmon.log,a4e6a5db47832342a641d7c9cecfc7caf393b386cd88aa5739e90d3651bfe19b,false,Execution,none,raw Computer/IpAddress/User fields,
2021-01-19T13:26:06.754+0000,2021-01-19T13:26:06.754+0000,13,Microsoft-Windows-Sysmon/Operational,ict3214:attack_trace,PS-HOST-01,,,,C:\Windows\system32\DFSRs.exe,,,,,,,,HKLM\System\CurrentControlSet\Services\DFSR\Parameters\Volumes\0C308890-0000-0000-0000-100000000000\Volume Configuration File,\\.\C:\System Volume Information\DFSR\Config\Volume_0C308890-0000-0000-0000-100000000000.XML,{E983936C-B3A0-6006-2B00-00000000A301},2256,,,,,,T1059.001,PowerShell,Execution,TRACE-PS-01,powershell,https://raw.githubusercontent.com/splunk/attack_data/master/datasets/attack_techniques/T1059.001/encoded_powershell/windows-sysmon.log,8a21bdf32a467e88fb15b2734d6bfe65c03b6fc9e051131349d112a9ec5de59f,false,Execution,none,raw Computer/IpAddress/User fields,
2021-01-19T13:26:15.693+0000,2021-01-19T13:26:15.693+0000,10,Microsoft-Windows-Sysmon/Operational,ict3214:attack_trace,PS-HOST-01,,,,,,,C:\Program Files\Mozilla Firefox\firefox.exe,C:\Program Files\Mozilla Firefox\firefox.exe,0x40,,,,,,,{E983936C-CD5C-6006-8407-00000000A301},6812,{E983936C-CD5F-6006-8607-00000000A301},4500,,T1059.001,PowerShell,Execution,TRACE-PS-01,powershell,https://raw.githubusercontent.com/splunk/attack_data/master/datasets/attack_techniques/T1059.001/encoded_powershell/windows-sysmon.log,3dc95c19a25482c61e0b5cbc54285cc3297da94eb33c8311e019fc8a092565a5,false,Execution,none,raw Computer/IpAddress/User fields,
2021-01-19T13:26:15.693+0000,2021-01-19T13:26:15.693+0000,10,Microsoft-Windows-Sysmon/Operational,ict3214:attack_trace,PS-HOST-01,,,,,,,C:\Program Files\Mozilla Firefox\firefox.exe,C:\Program Files\Mozilla Firefox\firefox.exe,0x40,,,,,,,{E983936C-CD5C-6006-8407-00000000A301},6812,{E983936C-CD5F-6006-8607-00000000A301},4500,,T1059.001,PowerShell,Execution,TRACE-PS-01,powershell,https://raw.githubusercontent.com/splunk/attack_data/master/datasets/attack_techniques/T1059.001/encoded_powershell/windows-sysmon.log,bff6720501314e424d4120eea4b4d7aa8730e2db387239c24bcb41148eb6d02c,false,Execution,none,raw Computer/IpAddress/User fields,
2021-01-19T13:26:15.771+0000,2021-01-19T13:26:15.771+0000,10,Microsoft-Windows-Sysmon/Operational,ict3214:attack_trace,PS-HOST-01,,,,,,,C:\Program Files\Mozilla Firefox\firefox.exe,C:\Program Files\Mozilla Firefox\firefox.exe,0x40,,,,,,,{E983936C-CD5C-6006-8407-00000000A301},6812,{E983936C-CD5F-6006-8607-00000000A301},4500,,T1059.001,PowerShell,Execution,TRACE-PS-01,powershell,https://raw.githubusercontent.com/splunk/attack_data/master/datasets/attack_techniques/T1059.001/encoded_powershell/windows-sysmon.log,32dcd315f9fb87e8dbd35099e685b5f1041932cd44919b428a9d3597cce5cc4e,false,Execution,none,raw Computer/IpAddress/User fields,
2021-01-19T13:26:15.771+0000,2021-01-19T13:26:15.771+0000,10,Microsoft-Windows-Sysmon/Operational,ict3214:attack_trace,PS-HOST-01,,,,,,,C:\Program Files\Mozilla Firefox\firefox.exe,C:\Program Files\Mozilla Firefox\firefox.exe,0x40,,,,,,,{E983936C-CD5C-6006-8407-00000000A301},6812,{E983936C-CD5F-6006-8607-00000000A301},4500,,T1059.001,PowerShell,Execution,TRACE-PS-01,powershell,https://raw.githubusercontent.com/splunk/attack_data/master/datasets/attack_techniques/T1059.001/encoded_powershell/windows-sysmon.log,c7d144b6f80c248b2dd9ad95be082135b574a85946145e2eb62af53c792ca7c8,false,Execution,none,raw Computer/IpAddress/User fields,
2021-01-19T13:26:16.195+0000,2021-01-19T13:26:16.195+0000,10,Microsoft-Windows-Sysmon/Operational,ict3214:attack_trace,PS-HOST-01,,,,,,,C:\Program Files\Mozilla Firefox\firefox.exe,C:\Program Files\Mozilla Firefox\firefox.exe,0x40,,,,,,,{E983936C-CD5C-6006-8407-00000000A301},6812,{E983936C-CD5F-6006-8607-00000000A301},4500,,T1059.001,PowerShell,Execution,TRACE-PS-01,powershell,https://raw.githubusercontent.com/splunk/attack_data/master/datasets/attack_techniques/T1059.001/encoded_powershell/windows-sysmon.log,178554556d1a62237d8514e204f5aae2ea4ba33831424eba1a702023a62f49e8,false,Execution,none,raw Computer/IpAddress/User fields,
2021-01-19T13:26:16.195+0000,2021-01-19T13:26:16.195+0000,10,Microsoft-Windows-Sysmon/Operational,ict3214:attack_trace,PS-HOST-01,,,,,,,C:\Program Files\Mozilla Firefox\firefox.exe,C:\Program Files\Mozilla Firefox\firefox.exe,0x40,,,,,,,{E983936C-CD5C-6006-8407-00000000A301},6812,{E983936C-CD5F-6006-8607-00000000A301},4500,,T1059.001,PowerShell,Execution,TRACE-PS-01,powershell,https://raw.githubusercontent.com/splunk/attack_data/master/datasets/attack_techniques/T1059.001/encoded_powershell/windows-sysmon.log,a2bb74d087efdad5252bcf2854680ce50ce1adbcf1f0adfa36d722fc35d55b16,false,Execution,none,raw Computer/IpAddress/User fields,
2021-01-19T13:26:18.868+0000,2021-01-19T13:26:18.868+0000,10,Microsoft-Windows-Sysmon/Operational,ict3214:attack_trace,PS-HOST-01,,,,,,,C:\Windows\sysmon64.exe,C:\Windows\system32\svchost.exe,0x1400,,,,,,,{E983936C-B38F-6006-0C00-00000000A301},592,{E983936C-B3A0-6006-3100-00000000A301},2052,,T1059.001,PowerShell,Execution,TRACE-PS-01,powershell,https://raw.githubusercontent.com/splunk/attack_data/master/datasets/attack_techniques/T1059.001/encoded_powershell/windows-sysmon.log,06cbd2eb2b19661aa1f73d141ff1b8d14beb63fe46486cdab3fe784c0066e6d0,false,Execution,none,raw Computer/IpAddress/User fields,
2021-01-19T13:26:18.868+0000,2021-01-19T13:26:18.868+0000,10,Microsoft-Windows-Sysmon/Operational,ict3214:attack_trace,PS-HOST-01,,,,,,,C:\Windows\sysmon64.exe,C:\Windows\system32\svchost.exe,0x1400,,,,,,,{E983936C-B38F-6006-0C00-00000000A301},592,{E983936C-B3A0-6006-3100-00000000A301},2052,,T1059.001,PowerShell,Execution,TRACE-PS-01,powershell,https://raw.githubusercontent.com/splunk/attack_data/master/datasets/attack_techniques/T1059.001/encoded_powershell/windows-sysmon.log,44ce44ea8bbcddd0980c4651af23972619a9c2daa3166392e011be6bc1e0dea1,false,Execution,none,raw Computer/IpAddress/User fields,
2021-01-19T13:26:18.868+0000,2021-01-19T13:26:18.868+0000,10,Microsoft-Windows-Sysmon/Operational,ict3214:attack_trace,PS-HOST-01,,,,,,,C:\Windows\sysmon64.exe,C:\Windows\system32\svchost.exe,0x1400,,,,,,,{E983936C-B38F-6006-0C00-00000000A301},592,{E983936C-B3A0-6006-3100-00000000A301},2052,,T1059.001,PowerShell,Execution,TRACE-PS-01,powershell,https://raw.githubusercontent.com/splunk/attack_data/master/datasets/attack_techniques/T1059.001/encoded_powershell/windows-sysmon.log,5e6eefdbc725d8157c4fbf5f98f63621f821ca4ba54578f6e9ae74ed8f02625c,false,Execution,none,raw Computer/IpAddress/User fields,
2021-01-19T13:26:18.868+0000,2021-01-19T13:26:18.868+0000,10,Microsoft-Windows-Sysmon/Operational,ict3214:attack_trace,PS-HOST-01,,,,,,,C:\Program Files\SplunkUniversalForwarder\bin\splunk-netmon.exe,C:\Windows\system32\csrss.exe,0x1fffff,,,,,,,{E983936C-B38D-6006-0500-00000000A301},636,{E983936C-DDFA-6006-9109-00000000A301},6308,,T1059.001,PowerShell,Execution,TRACE-PS-01,powershell,https://raw.githubusercontent.com/splunk/attack_data/master/datasets/attack_techniques/T1059.001/encoded_powershell/windows-sysmon.log,6341a18c8878ac169904e477cf16214e652223516522766e2eb5a89b638c60a8,false,Execution,none,raw Computer/IpAddress/User fields,
2021-01-19T13:26:18.868+0000,2021-01-19T13:26:18.868+0000,10,Microsoft-Windows-Sysmon/Operational,ict3214:attack_trace,PS-HOST-01,,,,,,,C:\Program Files\SplunkUniversalForwarder\bin\splunk-netmon.exe,C:\Program Files\SplunkUniversalForwarder\bin\splunkd.exe,0x1fffff,,,,,,,{E983936C-B438-6006-B400-00000000A301},4412,{E983936C-DDFA-6006-9109-00000000A301},6308,,T1059.001,PowerShell,Execution,TRACE-PS-01,powershell,https://raw.githubusercontent.com/splunk/attack_data/master/datasets/attack_techniques/T1059.001/encoded_powershell/windows-sysmon.log,844fb719d178fc302f0f50912ed7df88776e6c405795f4fba2736ec8682c59bb,false,Execution,none,raw Computer/IpAddress/User fields,
2021-01-19T13:26:18.868+0000,2021-01-19T13:26:18.868+0000,10,Microsoft-Windows-Sysmon/Operational,ict3214:attack_trace,PS-HOST-01,,,,,,,C:\Windows\sysmon64.exe,C:\Windows\system32\svchost.exe,0x1400,,,,,,,{E983936C-B38F-6006-0C00-00000000A301},592,{E983936C-B3A0-6006-3100-00000000A301},2052,,T1059.001,PowerShell,Execution,TRACE-PS-01,powershell,https://raw.githubusercontent.com/splunk/attack_data/master/datasets/attack_techniques/T1059.001/encoded_powershell/windows-sysmon.log,ddf740c9a29d260cb7785cdaeb9ed80a7514dd6431414197b0ecc452557d5c51,false,Execution,none,raw Computer/IpAddress/User fields,
2021-01-19T13:26:18.868+0000,2021-01-19T13:26:18.868+0000,1,Microsoft-Windows-Sysmon/Operational,ict3214:attack_trace,PS-HOST-01,,,NT AUTHORITY\SYSTEM,C:\Program Files\SplunkUniversalForwarder\bin\splunk-netmon.exe,C:\Program Files\SplunkUniversalForwarder\bin\splunkd.exe,"""C:\Program Files\SplunkUniversalForwarder\bin\splunk-netmon.exe""",,,,,,,,{E983936C-DDFA-6006-9109-00000000A301},6308,,,,,,T1059.001,PowerShell,Execution,TRACE-PS-01,powershell,https://raw.githubusercontent.com/splunk/attack_data/master/datasets/attack_techniques/T1059.001/encoded_powershell/windows-sysmon.log,df0f4320d57780bbae218bd8564cefe30edb01fe6bc2fb9d9552cd3e7bfa497b,false,Execution,none,raw Computer/IpAddress/User fields,{E983936C-B438-6006-B400-00000000A301}
2021-01-19T13:26:18.869+0000,2021-01-19T13:26:18.869+0000,10,Microsoft-Windows-Sysmon/Operational,ict3214:attack_trace,PS-HOST-01,,,,,,,C:\Program Files\SplunkUniversalForwarder\bin\splunk-netmon.exe,C:\Windows\system32\conhost.exe,0x1fffff,,,,,,,{E983936C-B439-6006-B800-00000000A301},4284,{E983936C-DDFA-6006-9109-00000000A301},6308,,T1059.001,PowerShell,Execution,TRACE-PS-01,powershell,https://raw.githubusercontent.com/splunk/attack_data/master/datasets/attack_techniques/T1059.001/encoded_powershell/windows-sysmon.log,b70a12e6301b44e0488d40ddea6073ced06686a6f000976fd8386ea6eb7c96b1,false,Execution,none,raw Computer/IpAddress/User fields,
2021-01-19T13:26:19.539+0000,2021-01-19T13:26:19.539+0000,10,Microsoft-Windows-Sysmon/Operational,ict3214:attack_trace,PS-HOST-01,,,,,,,C:\Program Files\SplunkUniversalForwarder\bin\splunk-powershell.exe,C:\Program Files\SplunkUniversalForwarder\bin\splunkd.exe,0x1fffff,,,,,,,{E983936C-B438-6006-B400-00000000A301},4412,{E983936C-DDFB-6006-9209-00000000A301},5364,,T1059.001,PowerShell,Execution,TRACE-PS-01,powershell,https://raw.githubusercontent.com/splunk/attack_data/master/datasets/attack_techniques/T1059.001/encoded_powershell/windows-sysmon.log,2bdee8255b31d7deaaeca9baf17babd71a25cf766177654477b38756158751d4,false,Execution,none,raw Computer/IpAddress/User fields,
2021-01-19T13:26:19.539+0000,2021-01-19T13:26:19.539+0000,1,Microsoft-Windows-Sysmon/Operational,ict3214:attack_trace,PS-HOST-01,,,NT AUTHORITY\SYSTEM,C:\Program Files\SplunkUniversalForwarder\bin\splunk-powershell.exe,C:\Program Files\SplunkUniversalForwarder\bin\splunkd.exe,"""C:\Program Files\SplunkUniversalForwarder\bin\splunk-powershell.exe""",,,,,,,,{E983936C-DDFB-6006-9209-00000000A301},5364,,,,,,T1059.001,PowerShell,Execution,TRACE-PS-01,powershell,https://raw.githubusercontent.com/splunk/attack_data/master/datasets/attack_techniques/T1059.001/encoded_powershell/windows-sysmon.log,902d67147adc2fe32f806fd0f26f10b7f44571dbd7353b7592668369d8415406,false,Execution,none,raw Computer/IpAddress/User fields,{E983936C-B438-6006-B400-00000000A301}
2021-01-19T13:26:19.540+0000,2021-01-19T13:26:19.540+0000,10,Microsoft-Windows-Sysmon/Operational,ict3214:attack_trace,PS-HOST-01,,,,,,,C:\Windows\sysmon64.exe,C:\Windows\system32\svchost.exe,0x1400,,,,,,,{E983936C-B38F-6006-0C00-00000000A301},592,{E983936C-B3A0-6006-3100-00000000A301},2052,,T1059.001,PowerShell,Execution,TRACE-PS-01,powershell,https://raw.githubusercontent.com/splunk/attack_data/master/datasets/attack_techniques/T1059.001/encoded_powershell/windows-sysmon.log,53f276eda141ffc1939d136ae068c4edcecb49c9c4805220f5a8ebe8c4e4e560,false,Execution,none,raw Computer/IpAddress/User fields,
2021-01-19T13:26:19.540+0000,2021-01-19T13:26:19.540+0000,10,Microsoft-Windows-Sysmon/Operational,ict3214:attack_trace,PS-HOST-01,,,,,,,C:\Program Files\SplunkUniversalForwarder\bin\splunk-powershell.exe,C:\Windows\system32\csrss.exe,0x1fffff,,,,,,,{E983936C-B38D-6006-0500-00000000A301},636,{E983936C-DDFB-6006-9209-00000000A301},5364,,T1059.001,PowerShell,Execution,TRACE-PS-01,powershell,https://raw.githubusercontent.com/splunk/attack_data/master/datasets/attack_techniques/T1059.001/encoded_powershell/windows-sysmon.log,6b99ef627eea3d9f8416ee78f549d7c0958312d56de1025e06699572478b5387,false,Execution,none,raw Computer/IpAddress/User fields,
2021-01-19T13:26:19.540+0000,2021-01-19T13:26:19.540+0000,10,Microsoft-Windows-Sysmon/Operational,ict3214:attack_trace,PS-HOST-01,,,,,,,C:\Windows\sysmon64.exe,C:\Windows\system32\svchost.exe,0x1400,,,,,,,{E983936C-B38F-6006-0C00-00000000A301},592,{E983936C-B3A0-6006-3100-00000000A301},2052,,T1059.001,PowerShell,Execution,TRACE-PS-01,powershell,https://raw.githubusercontent.com/splunk/attack_data/master/datasets/attack_techniques/T1059.001/encoded_powershell/windows-sysmon.log,792c0c916f2bcf579a918a98708526d6996d35ae8f356ecc51b997b757037e75,false,Execution,none,raw Computer/IpAddress/User fields,
2021-01-19T13:26:19.540+0000,2021-01-19T13:26:19.540+0000,10,Microsoft-Windows-Sysmon/Operational,ict3214:attack_trace,PS-HOST-01,,,,,,,C:\Windows\sysmon64.exe,C:\Windows\system32\svchost.exe,0x1400,,,,,,,{E983936C-B38F-6006-0C00-00000000A301},592,{E983936C-B3A0-6006-3100-00000000A301},2052,,T1059.001,PowerShell,Execution,TRACE-PS-01,powershell,https://raw.githubusercontent.com/splunk/attack_data/master/datasets/attack_techniques/T1059.001/encoded_powershell/windows-sysmon.log,7d6cce12f40ef08e308b6f7c6e01c5e9a7d49e634c3850f52132a931c5ba2a84,false,Execution,none,raw Computer/IpAddress/User fields,
2021-01-19T13:26:19.540+0000,2021-01-19T13:26:19.540+0000,10,Microsoft-Windows-Sysmon/Operational,ict3214:attack_trace,PS-HOST-01,,,,,,,C:\Windows\sysmon64.exe,C:\Windows\system32\svchost.exe,0x1400,,,,,,,{E983936C-B38F-6006-0C00-00000000A301},592,{E983936C-B3A0-6006-3100-00000000A301},2052,,T1059.001,PowerShell,Execution,TRACE-PS-01,powershell,https://raw.githubusercontent.com/splunk/attack_data/master/datasets/attack_techniques/T1059.001/encoded_powershell/windows-sysmon.log,9601e9183e8efbab52c0c0f1a254ba2cd0dc7dbf96230bf139a4486cd011449e,false,Execution,none,raw Computer/IpAddress/User fields,
2021-01-19T13:26:19.541+0000,2021-01-19T13:26:19.541+0000,10,Microsoft-Windows-Sysmon/Operational,ict3214:attack_trace,PS-HOST-01,,,,,,,C:\Program Files\SplunkUniversalForwarder\bin\splunk-powershell.exe,C:\Windows\system32\conhost.exe,0x1fffff,,,,,,,{E983936C-B439-6006-B800-00000000A301},4284,{E983936C-DDFB-6006-9209-00000000A301},5364,,T1059.001,PowerShell,Execution,TRACE-PS-01,powershell,https://raw.githubusercontent.com/splunk/attack_data/master/datasets/attack_techniques/T1059.001/encoded_powershell/windows-sysmon.log,87fc3c190868ed6bdb9944d8741a2f1a452d4df3fe854a6c714cda04a81e2ece,false,Execution,none,raw Computer/IpAddress/User fields,
2021-01-19T13:26:19.692+0000,2021-01-19T13:26:19.692+0000,10,Microsoft-Windows-Sysmon/Operational,ict3214:attack_trace,PS-HOST-01,,,,,,,C:\Program Files\SplunkUniversalForwarder\bin\splunkd.exe,C:\Program Files\SplunkUniversalForwarder\bin\splunk-powershell.exe,0x101400,,,,,,,{E983936C-DDFB-6006-9209-00000000A301},5364,{E983936C-B438-6006-B400-00000000A301},4412,,T1059.001,PowerShell,Execution,TRACE-PS-01,powershell,https://raw.githubusercontent.com/splunk/attack_data/master/datasets/attack_techniques/T1059.001/encoded_powershell/windows-sysmon.log,93b69bca3c5b41a3079bae636990870e6d9883b0a9d73a50d2ba07e47ff7a6fc,false,Execution,none,raw Computer/IpAddress/User fields,
2021-01-19T13:26:20.211+0000,2021-01-19T13:26:20.211+0000,10,Microsoft-Windows-Sysmon/Operational,ict3214:attack_trace,PS-HOST-01,,,,,,,C:\Program Files\SplunkUniversalForwarder\bin\splunk-powershell.exe,C:\Program Files\SplunkUniversalForwarder\bin\splunkd.exe,0x1fffff,,,,,,,{E983936C-B438-6006-B400-00000000A301},4412,{E983936C-DDFC-6006-9309-00000000A301},4984,,T1059.001,PowerShell,Execution,TRACE-PS-01,powershell,https://raw.githubusercontent.com/splunk/attack_data/master/datasets/attack_techniques/T1059.001/encoded_powershell/windows-sysmon.log,6fa18f5b62caa4bf1150bd460b3a9d9d7b233176495e78c719f9380cd28bae0c,false,Execution,none,raw Computer/IpAddress/User fields,
2021-01-19T13:26:20.211+0000,2021-01-19T13:26:20.211+0000,1,Microsoft-Windows-Sysmon/Operational,ict3214:attack_trace,PS-HOST-01,,,NT AUTHORITY\SYSTEM,C:\Program Files\SplunkUniversalForwarder\bin\splunk-powershell.exe,C:\Program Files\SplunkUniversalForwarder\bin\splunkd.exe,"""C:\Program Files\SplunkUniversalForwarder\bin\splunk-powershell.exe"" --ps2",,,,,,,,{E983936C-DDFC-6006-9309-00000000A301},4984,,,,,,T1059.001,PowerShell,Execution,TRACE-PS-01,powershell,https://raw.githubusercontent.com/splunk/attack_data/master/datasets/attack_techniques/T1059.001/encoded_powershell/windows-sysmon.log,fc544ebb82a7a114554003d0dd655baec4412cd3e69f935428279bba2e7d74b0,false,Execution,none,raw Computer/IpAddress/User fields,{E983936C-B438-6006-B400-00000000A301}
2021-01-19T13:26:20.212+0000,2021-01-19T13:26:20.212+0000,10,Microsoft-Windows-Sysmon/Operational,ict3214:attack_trace,PS-HOST-01,,,,,,,C:\Windows\sysmon64.exe,C:\Windows\system32\svchost.exe,0x1400,,,,,,,{E983936C-B38F-6006-0C00-00000000A301},592,{E983936C-B3A0-6006-3100-00000000A301},2052,,T1059.001,PowerShell,Execution,TRACE-PS-01,powershell,https://raw.githubusercontent.com/splunk/attack_data/master/datasets/attack_techniques/T1059.001/encoded_powershell/windows-sysmon.log,1b5f3796f5f567a5f8255c1514d22e1595d7ce4cfe4fcfd3b4c59f8b35fc092c,false,Execution,none,raw Computer/IpAddress/User fields,
2021-01-19T13:26:20.212+0000,2021-01-19T13:26:20.212+0000,10,Microsoft-Windows-Sysmon/Operational,ict3214:attack_trace,PS-HOST-01,,,,,,,C:\Program Files\SplunkUniversalForwarder\bin\splunk-powershell.exe,C:\Windows\system32\csrss.exe,0x1fffff,,,,,,,{E983936C-B38D-6006-0500-00000000A301},636,{E983936C-DDFC-6006-9309-00000000A301},4984,,T1059.001,PowerShell,Execution,TRACE-PS-01,powershell,https://raw.githubusercontent.com/splunk/attack_data/master/datasets/attack_techniques/T1059.001/encoded_powershell/windows-sysmon.log,299768981b53e0c070f9213531427492992bb588bf6f52b4b2e8b6751a13d5c6,false,Execution,none,raw Computer/IpAddress/User fields,
2021-01-19T13:26:20.212+0000,2021-01-19T13:26:20.212+0000,10,Microsoft-Windows-Sysmon/Operational,ict3214:attack_trace,PS-HOST-01,,,,,,,C:\Windows\sysmon64.exe,C:\Windows\system32\svchost.exe,0x1400,,,,,,,{E983936C-B38F-6006-0C00-00000000A301},592,{E983936C-B3A0-6006-3100-00000000A301},2052,,T1059.001,PowerShell,Execution,TRACE-PS-01,powershell,https://raw.githubusercontent.com/splunk/attack_data/master/datasets/attack_techniques/T1059.001/encoded_powershell/windows-sysmon.log,3773766c67d872b3786d9a72c1a021e6ed699f1f9dae3e6267056ab967264ab4,false,Execution,none,raw Computer/IpAddress/User fields,
2021-01-19T13:26:20.212+0000,2021-01-19T13:26:20.212+0000,10,Microsoft-Windows-Sysmon/Operational,ict3214:attack_trace,PS-HOST-01,,,,,,,C:\Windows\sysmon64.exe,C:\Windows\system32\svchost.exe,0x1400,,,,,,,{E983936C-B38F-6006-0C00-00000000A301},592,{E983936C-B3A0-6006-3100-00000000A301},2052,,T1059.001,PowerShell,Execution,TRACE-PS-01,powershell,https://raw.githubusercontent.com/splunk/attack_data/master/datasets/attack_techniques/T1059.001/encoded_powershell/windows-sysmon.log,8309e406cf68e27b105b8a0403cd46a64d6679b0f9ce4a1d84caeee99dff7a52,false,Execution,none,raw Computer/IpAddress/User fields,
2021-01-19T13:26:20.212+0000,2021-01-19T13:26:20.212+0000,10,Microsoft-Windows-Sysmon/Operational,ict3214:attack_trace,PS-HOST-01,,,,,,,C:\Windows\sysmon64.exe,C:\Windows\system32\svchost.exe,0x1400,,,,,,,{E983936C-B38F-6006-0C00-00000000A301},592,{E983936C-B3A0-6006-3100-00000000A301},2052,,T1059.001,PowerShell,Execution,TRACE-PS-01,powershell,https://raw.githubusercontent.com/splunk/attack_data/master/datasets/attack_techniques/T1059.001/encoded_powershell/windows-sysmon.log,bf5e6e959169e095b67fa1cba1de4537f5567e9eb45daec93a86631ab881dad5,false,Execution,none,raw Computer/IpAddress/User fields,
2021-01-19T13:26:20.212+0000,2021-01-19T13:26:20.212+0000,10,Microsoft-Windows-Sysmon/Operational,ict3214:attack_trace,PS-HOST-01,,,,,,,C:\Program Files\SplunkUniversalForwarder\bin\splunk-powershell.exe,C:\Windows\system32\conhost.exe,0x1fffff,,,,,,,{E983936C-B439-6006-B800-00000000A301},4284,{E983936C-DDFC-6006-9309-00000000A301},4984,,T1059.001,PowerShell,Execution,TRACE-PS-01,powershell,https://raw.githubusercontent.com/splunk/attack_data/master/datasets/attack_techniques/T1059.001/encoded_powershell/windows-sysmon.log,e4ed94c389b2181f0f283dac3b1ebf27c21aa9174239544a3b7bb8a2397f46e3,false,Execution,none,raw Computer/IpAddress/User fields,
2021-01-19T13:26:20.362+0000,2021-01-19T13:26:20.362+0000,10,Microsoft-Windows-Sysmon/Operational,ict3214:attack_trace,PS-HOST-01,,,,,,,C:\Program Files\SplunkUniversalForwarder\bin\splunkd.exe,C:\Program Files\SplunkUniversalForwarder\bin\splunk-powershell.exe,0x101400,,,,,,,{E983936C-DDFC-6006-9309-00000000A301},4984,{E983936C-B438-6006-B400-00000000A301},4412,,T1059.001,PowerShell,Execution,TRACE-PS-01,powershell,https://raw.githubusercontent.com/splunk/attack_data/master/datasets/attack_techniques/T1059.001/encoded_powershell/windows-sysmon.log,197645989d43fa53fae827d55abda4f2d22dd1e1163c897567858734776f9198,false,Execution,none,raw Computer/IpAddress/User fields,
2021-01-19T13:26:20.835+0000,2021-01-19T13:26:20.835+0000,10,Microsoft-Windows-Sysmon/Operational,ict3214:attack_trace,PS-HOST-01,,,,,,,C:\Program Files\Mozilla Firefox\firefox.exe,C:\Windows\Explorer.EXE,0x40,,,,,,,{E983936C-CCDD-6006-4607-00000000A301},5080,{E983936C-CD5C-6006-8407-00000000A301},6812,,T1059.001,PowerShell,Execution,TRACE-PS-01,powershell,https://raw.githubusercontent.com/splunk/attack_data/master/datasets/attack_techniques/T1059.001/encoded_powershell/windows-sysmon.log,45fc6f674de8525283ea60090024722c22b6e9051f827c35d3dcd1e17a986b4e,false,Execution,none,raw Computer/IpAddress/User fields,
2021-01-19T13:26:20.836+0000,2021-01-19T13:26:20.836+0000,10,Microsoft-Windows-Sysmon/Operational,ict3214:attack_trace,PS-HOST-01,,,,,,,C:\Program Files\Mozilla Firefox\firefox.exe,C:\Windows\Explorer.EXE,0x40,,,,,,,{E983936C-CCDD-6006-4607-00000000A301},5080,{E983936C-CD5C-6006-8407-00000000A301},6812,,T1059.001,PowerShell,Execution,TRACE-PS-01,powershell,https://raw.githubusercontent.com/splunk/attack_data/master/datasets/attack_techniques/T1059.001/encoded_powershell/windows-sysmon.log,c6733c5f159e08e6044ff938bfbf8a54b2cfb5b17c5320b5f8868d64e4128034,false,Execution,none,raw Computer/IpAddress/User fields,
2021-01-19T13:26:20.899+0000,2021-01-19T13:26:20.899+0000,1,Microsoft-Windows-Sysmon/Operational,ict3214:attack_trace,PS-HOST-01,,,NT AUTHORITY\SYSTEM,C:\Program Files\SplunkUniversalForwarder\bin\splunk-regmon.exe,C:\Program Files\SplunkUniversalForwarder\bin\splunkd.exe,"""C:\Program Files\SplunkUniversalForwarder\bin\splunk-regmon.exe""",,,,,,,,{E983936C-DDFC-6006-9409-00000000A301},7548,,,,,,T1059.001,PowerShell,Execution,TRACE-PS-01,powershell,https://raw.githubusercontent.com/splunk/attack_data/master/datasets/attack_techniques/T1059.001/encoded_powershell/windows-sysmon.log,3d841243c912ea46558331f2bbccaa4ecb23c0eb48b87102a3c0b2ae44d050c8,false,Execution,none,raw Computer/IpAddress/User fields,{E983936C-B438-6006-B400-00000000A301}
2021-01-19T13:26:20.899+0000,2021-01-19T13:26:20.899+0000,10,Microsoft-Windows-Sysmon/Operational,ict3214:attack_trace,PS-HOST-01,,,,,,,C:\Program Files\SplunkUniversalForwarder\bin\splunk-regmon.exe,C:\Windows\system32\csrss.exe,0x1fffff,,,,,,,{E983936C-B38D-6006-0500-00000000A301},636,{E983936C-DDFC-6006-9409-00000000A301},7548,,T1059.001,PowerShell,Execution,TRACE-PS-01,powershell,https://raw.githubusercontent.com/splunk/attack_data/master/datasets/attack_techniques/T1059.001/encoded_powershell/windows-sysmon.log,5a2cfe6bf97418e6b6e7ef733859e19a16da434df6e92ff5136572721e254aff,false,Execution,none,raw Computer/IpAddress/User fields,
2021-01-19T13:26:20.899+0000,2021-01-19T13:26:20.899+0000,10,Microsoft-Windows-Sysmon/Operational,ict3214:attack_trace,PS-HOST-01,,,,,,,C:\Program Files\SplunkUniversalForwarder\bin\splunk-regmon.exe,C:\Program Files\SplunkUniversalForwarder\bin\splunkd.exe,0x1fffff,,,,,,,{E983936C-B438-6006-B400-00000000A301},4412,{E983936C-DDFC-6006-9409-00000000A301},7548,,T1059.001,PowerShell,Execution,TRACE-PS-01,powershell,https://raw.githubusercontent.com/splunk/attack_data/master/datasets/attack_techniques/T1059.001/encoded_powershell/windows-sysmon.log,e2b7f094b0d0ae512d8dccebaf1b0b68873475209f77ef127e045d2b24a3d9af,false,Execution,none,raw Computer/IpAddress/User fields,
2021-01-19T13:26:20.900+0000,2021-01-19T13:26:20.900+0000,10,Microsoft-Windows-Sysmon/Operational,ict3214:attack_trace,PS-HOST-01,,,,,,,C:\Windows\sysmon64.exe,C:\Windows\system32\svchost.exe,0x1400,,,,,,,{E983936C-B38F-6006-0C00-00000000A301},592,{E983936C-B3A0-6006-3100-00000000A301},2052,,T1059.001,PowerShell,Execution,TRACE-PS-01,powershell,https://raw.githubusercontent.com/splunk/attack_data/master/datasets/attack_techniques/T1059.001/encoded_powershell/windows-sysmon.log,0227eb41131a9f95e5b2cf9d241b9748027d758dc216b914523d7ac95a44f392,false,Execution,none,raw Computer/IpAddress/User fields,
2021-01-19T13:26:20.900+0000,2021-01-19T13:26:20.900+0000,10,Microsoft-Windows-Sysmon/Operational,ict3214:attack_trace,PS-HOST-01,,,,,,,C:\Windows\sysmon64.exe,C:\Windows\system32\svchost.exe,0x1400,,,,,,,{E983936C-B38F-6006-0C00-00000000A301},592,{E983936C-B3A0-6006-3100-00000000A301},2052,,T1059.001,PowerShell,Execution,TRACE-PS-01,powershell,https://raw.githubusercontent.com/splunk/attack_data/master/datasets/attack_techniques/T1059.001/encoded_powershell/windows-sysmon.log,314c6dd7db1e4a3533855d80a6f77d928809e822c803a00713796d67dd1d1cf5,false,Execution,none,raw Computer/IpAddress/User fields,
2021-01-19T13:26:20.900+0000,2021-01-19T13:26:20.900+0000,10,Microsoft-Windows-Sysmon/Operational,ict3214:attack_trace,PS-HOST-01,,,,,,,C:\Windows\sysmon64.exe,C:\Windows\system32\svchost.exe,0x1400,,,,,,,{E983936C-B38F-6006-0C00-00000000A301},592,{E983936C-B3A0-6006-3100-00000000A301},2052,,T1059.001,PowerShell,Execution,TRACE-PS-01,powershell,https://raw.githubusercontent.com/splunk/attack_data/master/datasets/attack_techniques/T1059.001/encoded_powershell/windows-sysmon.log,3508d94b8d9790ba9bdf6a8888a851304e45dde7b8af97c4268a7a890692363f,false,Execution,none,raw Computer/IpAddress/User fields,
2021-01-19T13:26:20.900+0000,2021-01-19T13:26:20.900+0000,10,Microsoft-Windows-Sysmon/Operational,ict3214:attack_trace,PS-HOST-01,,,,,,,C:\Windows\sysmon64.exe,C:\Windows\system32\svchost.exe,0x1400,,,,,,,{E983936C-B38F-6006-0C00-00000000A301},592,{E983936C-B3A0-6006-3100-00000000A301},2052,,T1059.001,PowerShell,Execution,TRACE-PS-01,powershell,https://raw.githubusercontent.com/splunk/attack_data/master/datasets/attack_techniques/T1059.001/encoded_powershell/windows-sysmon.log,405c9a4dfac6149ad807bff5ebe9160f14e1c52b62252951b3b6565643e13ebc,false,Execution,none,raw Computer/IpAddress/User fields,
2021-01-19T13:26:20.901+0000,2021-01-19T13:26:20.901+0000,10,Microsoft-Windows-Sysmon/Operational,ict3214:attack_trace,PS-HOST-01,,,,,,,C:\Program Files\SplunkUniversalForwarder\bin\splunk-regmon.exe,C:\Windows\system32\conhost.exe,0x1fffff,,,,,,,{E983936C-B439-6006-B800-00000000A301},4284,{E983936C-DDFC-6006-9409-00000000A301},7548,,T1059.001,PowerShell,Execution,TRACE-PS-01,powershell,https://raw.githubusercontent.com/splunk/attack_data/master/datasets/attack_techniques/T1059.001/encoded_powershell/windows-sysmon.log,747b844dd43bbef8245045af99dd6efc8e571c0447cd586c4f7ebf20678cde00,false,Execution,none,raw Computer/IpAddress/User fields,
2021-01-19T13:26:21.057+0000,2021-01-19T13:26:21.057+0000,10,Microsoft-Windows-Sysmon/Operational,ict3214:attack_trace,PS-HOST-01,,,,,,,C:\Program Files\SplunkUniversalForwarder\bin\splunkd.exe,C:\Program Files\SplunkUniversalForwarder\bin\splunk-regmon.exe,0x101400,,,,,,,{E983936C-DDFC-6006-9409-00000000A301},7548,{E983936C-B438-6006-B400-00000000A301},4412,,T1059.001,PowerShell,Execution,TRACE-PS-01,powershell,https://raw.githubusercontent.com/splunk/attack_data/master/datasets/attack_techniques/T1059.001/encoded_powershell/windows-sysmon.log,c9f78e2820b05868aa9fc88be71ac538e1d5e17466c4f70854d4303622d7259d,false,Execution,none,raw Computer/IpAddress/User fields,
2021-01-19T13:26:21.396+0000,2021-01-19T13:26:21.396+0000,10,Microsoft-Windows-Sysmon/Operational,ict3214:attack_trace,PS-HOST-01,,,,,,,C:\Windows\System32\rdpclip.exe,C:\Windows\system32\svchost.exe,0x1000,,,,,,,{E983936C-B38F-6006-0D00-00000000A301},992,{E983936C-CCDC-6006-3A07-00000000A301},1108,,T1059.001,PowerShell,Execution,TRACE-PS-01,powershell,https://raw.githubusercontent.com/splunk/attack_data/master/datasets/attack_techniques/T1059.001/encoded_powershell/windows-sysmon.log,c9c59f6543aecc0bc1f9e606522d6df24de5dd6c126117d917efdb30976ca825,false,Execution,none,raw Computer/IpAddress/User fields,
2021-01-19T13:26:21.399+0000,2021-01-19T13:26:21.399+0000,10,Microsoft-Windows-Sysmon/Operational,ict3214:attack_trace,PS-HOST-01,,,,,,,C:\Program Files\SplunkUniversalForwarder\bin\splunk-MonitorNoHandle.exe,C:\Program Files\SplunkUniversalForwarder\bin\splunkd.exe,0x1fffff,,,,,,,{E983936C-B438-6006-B400-00000000A301},4412,{E983936C-DDFD-6006-9509-00000000A301},6616,,T1059.001,PowerShell,Execution,TRACE-PS-01,powershell,https://raw.githubusercontent.com/splunk/attack_data/master/datasets/attack_techniques/T1059.001/encoded_powershell/windows-sysmon.log,53c35a32ed7413d1089429e92a920d4ab264d3ab130508022f0848ae72630c06,false,Execution,none,raw Computer/IpAddress/User fields,
2021-01-19T13:26:21.399+0000,2021-01-19T13:26:21.399+0000,1,Microsoft-Windows-Sysmon/Operational,ict3214:attack_trace,PS-HOST-01,,,NT AUTHORITY\SYSTEM,C:\Program Files\SplunkUniversalForwarder\bin\splunk-MonitorNoHandle.exe,C:\Program Files\SplunkUniversalForwarder\bin\splunkd.exe,"""C:\Program Files\SplunkUniversalForwarder\bin\splunk-MonitorNoHandle.exe""",,,,,,,,{E983936C-DDFD-6006-9509-00000000A301},6616,,,,,,T1059.001,PowerShell,Execution,TRACE-PS-01,powershell,https://raw.githubusercontent.com/splunk/attack_data/master/datasets/attack_techniques/T1059.001/encoded_powershell/windows-sysmon.log,6c52770badeda5ae664999b9294bb6966275db445850d52449f8b86890aed2d1,false,Execution,none,raw Computer/IpAddress/User fields,{E983936C-B438-6006-B400-00000000A301}
2021-01-19T13:26:21.400+0000,2021-01-19T13:26:21.400+0000,10,Microsoft-Windows-Sysmon/Operational,ict3214:attack_trace,PS-HOST-01,,,,,,,C:\Program Files\SplunkUniversalForwarder\bin\splunk-MonitorNoHandle.exe,C:\Windows\system32\csrss.exe,0x1fffff,,,,,,,{E983936C-B38D-6006-0500-00000000A301},636,{E983936C-DDFD-6006-9509-00000000A301},6616,,T1059.001,PowerShell,Execution,TRACE-PS-01,powershell,https://raw.githubusercontent.com/splunk/attack_data/master/datasets/attack_techniques/T1059.001/encoded_powershell/windows-sysmon.log,1f28558766f3476ed911411bdeec93561e74339613c4d1f2de3799c72dec6a9c,false,Execution,none,raw Computer/IpAddress/User fields,
2021-01-19T13:26:21.400+0000,2021-01-19T13:26:21.400+0000,10,Microsoft-Windows-Sysmon/Operational,ict3214:attack_trace,PS-HOST-01,,,,,,,C:\Windows\sysmon64.exe,C:\Windows\system32\svchost.exe,0x1400,,,,,,,{E983936C-B38F-6006-0C00-00000000A301},592,{E983936C-B3A0-6006-3100-00000000A301},2052,,T1059.001,PowerShell,Execution,TRACE-PS-01,powershell,https://raw.githubusercontent.com/splunk/attack_data/master/datasets/attack_techniques/T1059.001/encoded_powershell/windows-sysmon.log,429aa871d074f382f841d63acf4d12b1f5783ffd43d8315c673c7113becda32f,false,Execution,none,raw Computer/IpAddress/User fields,
2021-01-19T13:26:21.400+0000,2021-01-19T13:26:21.400+0000,10,Microsoft-Windows-Sysmon/Operational,ict3214:attack_trace,PS-HOST-01,,,,,,,C:\Windows\sysmon64.exe,C:\Windows\system32\svchost.exe,0x1400,,,,,,,{E983936C-B38F-6006-0C00-00000000A301},592,{E983936C-B3A0-6006-3100-00000000A301},2052,,T1059.001,PowerShell,Execution,TRACE-PS-01,powershell,https://raw.githubusercontent.com/splunk/attack_data/master/datasets/attack_techniques/T1059.001/encoded_powershell/windows-sysmon.log,63439435173a61795051010b3d8b6c85a2f72dc0263c346fdd778dc84a691141,false,Execution,none,raw Computer/IpAddress/User fields,
