2021-01-19T13:22:26.381+0000,2021-01-19T13:22:26.381+0000,10,Microsoft-Windows-Sysmon/Operational,ict3214:attack_trace,PS-HOST-01,,,,,,,C:\Windows\sysmon64.exe,C:\Windows\system32\svchost.exe,0x1400,,,,,,,{E983936C-B38F-6006-0C00-00000000A301},592,{E983936C-B3A0-6006-3100-00000000A301},2052,,T1059.001,PowerShell,Execution,TRACE-PS-01,powershell,https://raw.githubusercontent.com/splunk/attack_data/master/datasets/attack_techniques/T1059.001/encoded_powershell/windows-sysmon.log,63d6e3326475ae00a382a2357f683f3edcaa6d00f800a4ca73c3b30acc2c20c5,false,Execution,none,raw Computer/IpAddress/User fields,
2021-01-19T13:22:26.381+0000,2021-01-19T13:22:26.381+0000,10,Microsoft-Windows-Sysmon/Operational,ict3214:attack_trace,PS-HOST-01,,,,,,,C:\Windows\sysmon64.exe,C:\Windows\system32\svchost.exe,0x1400,,,,,,,{E983936C-B38F-6006-0C00-00000000A301},592,{E983936C-B3A0-6006-3100-00000000A301},2052,,T1059.001,PowerShell,Execution,TRACE-PS-01,powershell,https://raw.githubusercontent.com/splunk/attack_data/master/datasets/attack_techniques/T1059.001/encoded_powershell/windows-sysmon.log,83cc07e472a04bca44ccf7db9828b0cb4428fd463afc86d7b3691949c396d3e7,false,Execution,none,raw Computer/IpAddress/User fields,
2021-01-19T13:22:26.381+0000,2021-01-19T13:22:26.381+0000,10,Microsoft-Windows-Sysmon/Operational,ict3214:attack_trace,PS-HOST-01,,,,,,,C:\Windows\sysmon64.exe,C:\Windows\system32\svchost.exe,0x1400,,,,,,,{E983936C-B38F-6006-0C00-00000000A301},592,{E983936C-B3A0-6006-3100-00000000A301},2052,,T1059.001,PowerShell,Execution,TRACE-PS-01,powershell,https://raw.githubusercontent.com/splunk/attack_data/master/datasets/attack_techniques/T1059.001/encoded_powershell/windows-sysmon.log,8b0c1f51cad80a6406bf6e0ea4d27daaad1ddb13339e33362557d745b755b174,false,Execution,none,raw Computer/IpAddress/User fields,
2021-01-19T13:22:37.024+0000,2021-01-19T13:22:37.024+0000,10,Microsoft-Windows-Sysmon/Operational,ict3214:attack_trace,PS-HOST-01,,,,,,,C:\Windows\system32\svchost.exe,C:\Windows\System32\RuntimeBroker.exe,0x1000,,,,,,,{E983936C-CCDC-6006-3B07-00000000A301},824,{E983936C-CCDC-6006-3D07-00000000A301},4780,,T1059.001,PowerShell,Execution,TRACE-PS-01,powershell,https://raw.githubusercontent.com/splunk/attack_data/master/datasets/attack_techniques/T1059.001/encoded_powershell/windows-sysmon.log,bac429d24b9e8d066b70ef3855290c27d0e228a945bf303256b173b979ecc0f2,false,Execution,none,raw Computer/IpAddress/User fields,
2021-01-19T13:22:37.024+0000,2021-01-19T13:22:37.024+0000,10,Microsoft-Windows-Sysmon/Operational,ict3214:attack_trace,PS-HOST-01,,,,,,,C:\Windows\system32\svchost.exe,C:\Windows\System32\RuntimeBroker.exe,0x1000,,,,,,,{E983936C-CCDC-6006-3B07-00000000A301},824,{E983936C-CCDC-6006-3D07-00000000A301},4780,,T1059.001,PowerShell,Execution,TRACE-PS-01,powershell,https://raw.githubusercontent.com/splunk/attack_data/master/datasets/attack_techniques/T1059.001/encoded_powershell/windows-sysmon.log,dc1a705530063c9780d6091f492d77986cf974bb60472eee7ee2140e3e85cae3,false,Execution,none,raw Computer/IpAddress/User fields,
2021-01-19T13:22:39.783+0000,2021-01-19T13:22:39.783+0000,10,Microsoft-Windows-Sysmon/Operational,ict3214:attack_trace,PS-HOST-01,,,,,,,C:\Windows\system32\svchost.exe,C:\Windows\system32\svchost.exe,0x1400,,,,,,,{E983936C-B38F-6006-0C00-00000000A301},592,{E983936C-B390-6006-1500-00000000A301},1492,,T1059.001,PowerShell,Execution,TRACE-PS-01,powershell,https://raw.githubusercontent.com/splunk/attack_data/master/datasets/attack_techniques/T1059.001/encoded_powershell/windows-sysmon.log,03867099b09c2fd5ce56b7c150b5a8acba5c16c3245cfcb6b2c5c78b31d3dbb7,false,Execution,none,raw Computer/IpAddress/User fields,
2021-01-19T13:22:39.783+0000,2021-01-19T13:22:39.783+0000,10,Microsoft-Windows-Sysmon/Operational,ict3214:attack_trace,PS-HOST-01,,,,,,,C:\Windows\system32\svchost.exe,C:\Windows\system32\svchost.exe,0x1400,,,,,,,{E983936C-B38F-6006-0C00-00000000A301},592,{E983936C-B390-6006-1500-00000000A301},1492,,T1059.001,PowerShell,Execution,TRACE-PS-01,powershell,https://raw.githubusercontent.com/splunk/attack_data/master/datasets/attack_techniques/T1059.001/encoded_powershell/windows-sysmon.log,2e9220e2aa0fe0e523192aadd9880d9f7cce41294e8701fe00d9a39fc6677afc,false,Execution,none,raw Computer/IpAddress/User fields,
2021-01-19T13:22:39.783+0000,2021-01-19T13:22:39.783+0000,10,Microsoft-Windows-Sysmon/Operational,ict3214:attack_trace,PS-HOST-01,,,,,,,C:\Windows\system32\svchost.exe,C:\Windows\system32\svchost.exe,0x1400,,,,,,,{E983936C-B38F-6006-0C00-00000000A301},592,{E983936C-B390-6006-1500-00000000A301},1492,,T1059.001,PowerShell,Execution,TRACE-PS-01,powershell,https://raw.githubusercontent.com/splunk/attack_data/master/datasets/attack_techniques/T1059.001/encoded_powershell/windows-sysmon.log,e72ffa0f8952666596a7187c13326850f3885ab0e9233a3051a0eb314dbfd275,false,Execution,none,raw Computer/IpAddress/User fields,
2021-01-19T13:23:00.616+0000,2021-01-19T13:23:00.616+0000,10,Microsoft-Windows-Sysmon/Operational,ict3214:attack_trace,PS-HOST-01,,,,,,,C:\Windows\system32\services.exe,C:\Windows\system32\lsass.exe,0x1000,,,,,,,{E983936C-B38D-6006-0B00-00000000A301},852,{E983936C-B38D-6006-0A00-00000000A301},844,,T1059.001,PowerShell,Execution,TRACE-PS-01,powershell,https://raw.githubusercontent.com/splunk/attack_data/master/datasets/attack_techniques/T1059.001/encoded_powershell/windows-sysmon.log,24b7e255c4ff86e28ab2066361768b5b84b8cca7b52e617d67dfe34ca43f5f56,false,Execution,none,raw Computer/IpAddress/User fields,
2021-01-19T13:23:00.616+0000,2021-01-19T13:23:00.616+0000,10,Microsoft-Windows-Sysmon/Operational,ict3214:attack_trace,PS-HOST-01,,,,,,,C:\Windows\system32\lsass.exe,C:\Windows\system32\svchost.exe,0x1400,,,,,,,{E983936C-B38F-6006-0C00-00000000A301},592,{E983936C-B38D-6006-0B00-00000000A301},852,,T1059.001,PowerShell,Execution,TRACE-PS-01,powershell,https://raw.githubusercontent.com/splunk/attack_data/master/datasets/attack_techniques/T1059.001/encoded_powershell/windows-sysmon.log,2ee699b8a1ed3d537039331b94c3f8b3f1a83769a7571ae8ad6520c35042e5a3,false,Execution,none,raw Computer/IpAddress/User fields,
2021-01-19T13:23:00.616+0000,2021-01-19T13:23:00.616+0000,10,Microsoft-Windows-Sysmon/Operational,ict3214:attack_trace,PS-HOST-01,,,,,,,C:\Windows\system32\lsass.exe,C:\Windows\system32\svchost.exe,0x1400,,,,,,,{E983936C-B38F-6006-0C00-00000000A301},592,{E983936C-B38D-6006-0B00-00000000A301},852,,T1059.001,PowerShell,Execution,TRACE-PS-01,powershell,https://raw.githubusercontent.com/splunk/attack_data/master/datasets/attack_techniques/T1059.001/encoded_powershell/windows-sysmon.log,f3ddfbb764d38dc0c134ed361c69e7452a99c889fedcf328fa20dcffd673331a,false,Execution,none,raw Computer/IpAddress/User fields,
2021-01-19T13:23:19.051+0000,2021-01-19T13:23:19.051+0000,10,Microsoft-Windows-Sysmon/Operational,ict3214:attack_trace,PS-HOST-01,,,,,,,C:\Program Files\SplunkUniversalForwarder\bin\splunk-netmon.exe,C:\Program Files\SplunkUniversalForwarder\bin\splunkd.exe,0x1fffff,,,,,,,{E983936C-B438-6006-B400-00000000A301},4412,{E983936C-DD47-6006-7B09-00000000A301},7360,,T1059.001,PowerShell,Execution,TRACE-PS-01,powershell,https://raw.githubusercontent.com/splunk/attack_data/master/datasets/attack_techniques/T1059.001/encoded_powershell/windows-sysmon.log,921b990b6a85dfd575236e20ed390725fdb3c1cb384386b65263a067e492d4f2,false,Execution,none,raw Computer/IpAddress/User fields,
2021-01-19T13:23:19.051+0000,2021-01-19T13:23:19.051+0000,1,Microsoft-Windows-Sysmon/Operational,ict3214:attack_trace,PS-HOST-01,,,NT AUTHORITY\SYSTEM,C:\Program Files\SplunkUniversalForwarder\bin\splunk-netmon.exe,C:\Program Files\SplunkUniversalForwarder\bin\splunkd.exe,"""C:\Program Files\SplunkUniversalForwarder\bin\splunk-netmon.exe""",,,,,,,,{E983936C-DD47-6006-7B09-00000000A301},7360,,,,,,T1059.001,PowerShell,Execution,TRACE-PS-01,powershell,https://raw.githubusercontent.com/splunk/attack_data/master/datasets/attack_techniques/T1059.001/encoded_powershell/windows-sysmon.log,f1f8f589a4fb92b5abfc2e1449d089cd0ed800ae7f41f2cba115d41758e445fe,false,Execution,none,raw Computer/IpAddress/User fields,{E983936C-B438-6006-B400-00000000A301}
2021-01-19T13:23:19.052+0000,2021-01-19T13:23:19.052+0000,10,Microsoft-Windows-Sysmon/Operational,ict3214:attack_trace,PS-HOST-01,,,,,,,C:\Windows\sysmon64.exe,C:\Windows\system32\svchost.exe,0x1400,,,,,,,{E983936C-B38F-6006-0C00-00000000A301},592,{E983936C-B3A0-6006-3100-00000000A301},2052,,T1059.001,PowerShell,Execution,TRACE-PS-01,powershell,https://raw.githubusercontent.com/splunk/attack_data/master/datasets/attack_techniques/T1059.001/encoded_powershell/windows-sysmon.log,62f1f0b14baa967a1abdfc9dfe358195f428e6f59baaff41a7aba07d9a80fe14,false,Execution,none,raw Computer/IpAddress/User fields,
2021-01-19T13:23:19.052+0000,2021-01-19T13:23:19.052+0000,10,Microsoft-Windows-Sysmon/Operational,ict3214:attack_trace,PS-HOST-01,,,,,,,C:\Windows\sysmon64.exe,C:\Windows\system32\svchost.exe,0x1400,,,,,,,{E983936C-B38F-6006-0C00-00000000A301},592,{E983936C-B3A0-6006-3100-00000000A301},2052,,T1059.001,PowerShell,Execution,TRACE-PS-01,powershell,https://raw.githubusercontent.com/splunk/attack_data/master/datasets/attack_techniques/T1059.001/encoded_powershell/windows-sysmon.log,7f2b3333564d73656b0f2cebe02a89064a8e83d9d7e209c2b97421694cb2e4f5,false,Execution,none,raw Computer/IpAddress/User fields,
2021-01-19T13:23:19.052+0000,2021-01-19T13:23:19.052+0000,10,Microsoft-Windows-Sysmon/Operational,ict3214:attack_trace,PS-HOST-01,,,,,,,C:\Windows\sysmon64.exe,C:\Windows\system32\svchost.exe,0x1400,,,,,,,{E983936C-B38F-6006-0C00-00000000A301},592,{E983936C-B3A0-6006-3100-00000000A301},2052,,T1059.001,PowerShell,Execution,TRACE-PS-01,powershell,https://raw.githubusercontent.com/splunk/attack_data/master/datasets/attack_techniques/T1059.001/encoded_powershell/windows-sysmon.log,b4c9b4b9c6b37c925fd39fcddaf2f7d030a0ee65b404a3481b67df60792ec8f1,false,Execution,none,raw Computer/IpAddress/User fields,
2021-01-19T13:23:19.052+0000,2021-01-19T13:23:19.052+0000,10,Microsoft-Windows-Sysmon/Operational,ict3214:attack_trace,PS-HOST-01,,,,,,,C:\Program Files\SplunkUniversalForwarder\bin\splunk-netmon.exe,C:\Windows\system32\csrss.exe,0x1fffff,,,,,,,{E983936C-B38D-6006-0500-00000000A301},636,{E983936C-DD47-6006-7B09-00000000A301},7360,,T1059.001,PowerShell,Execution,TRACE-PS-01,powershell,https://raw.githubusercontent.com/splunk/attack_data/master/datasets/attack_techniques/T1059.001/encoded_powershell/windows-sysmon.log,d90ac9a19f6f357635deecfde3bfffe73c4838f7dafa594afd91e8bb7ef6e90a,false,Execution,none,raw Computer/IpAddress/User fields,
2021-01-19T13:23:19.052+0000,2021-01-19T13:23:19.052+0000,10,Microsoft-Windows-Sysmon/Operational,ict3214:attack_trace,PS-HOST-01,,,,,,,C:\Windows\sysmon64.exe,C:\Windows\system32\svchost.exe,0x1400,,,,,,,{E983936C-B38F-6006-0C00-00000000A301},592,{E983936C-B3A0-6006-3100-00000000A301},2052,,T1059.001,PowerShell,Execution,TRACE-PS-01,powershell,https://raw.githubusercontent.com/splunk/attack_data/master/datasets/attack_techniques/T1059.001/encoded_powershell/windows-sysmon.log,fc2f24a9f498c0f5a894527d1e070bb66f1c756148527b2de705ea2aa4f6e5f3,false,Execution,none,raw Computer/IpAddress/User fields,
2021-01-19T13:23:19.053+0000,2021-01-19T13:23:19.053+0000,10,Microsoft-Windows-Sysmon/Operational,ict3214:attack_trace,PS-HOST-01,,,,,,,C:\Program Files\SplunkUniversalForwarder\bin\splunk-netmon.exe,C:\Windows\system32\conhost.exe,0x1fffff,,,,,,,{E983936C-B439-6006-B800-00000000A301},4284,{E983936C-DD47-6006-7B09-00000000A301},7360,,T1059.001,PowerShell,Execution,TRACE-PS-01,powershell,https://raw.githubusercontent.com/splunk/attack_data/master/datasets/attack_techniques/T1059.001/encoded_powershell/windows-sysmon.log,de40cd2d90670e85c00b4c7380a13da28341e7fc11dcceb2d142a89d4e4516df,false,Execution,none,raw Computer/IpAddress/User fields,
2021-01-19T13:23:19.694+0000,2021-01-19T13:23:19.694+0000,10,Microsoft-Windows-Sysmon/Operational,ict3214:attack_trace,PS-HOST-01,,,,,,,System,C:\Windows\system32\lsass.exe,0x1000,,,,,,,{E983936C-B38D-6006-0B00-00000000A301},852,{E983936C-B38B-6006-0100-00000000A301},4,,T1059.001,PowerShell,Execution,TRACE-PS-01,powershell,https://raw.githubusercontent.com/splunk/attack_data/master/datasets/attack_techniques/T1059.001/encoded_powershell/windows-sysmon.log,933b086732637c69038705c7ebc752abb8a888a874c151697438ead4638c32e5,false,Execution,none,raw Computer/IpAddress/User fields,
2021-01-19T13:23:19.723+0000,2021-01-19T13:23:19.723+0000,1,Microsoft-Windows-Sysmon/Operational,ict3214:attack_trace,PS-HOST-01,,,NT AUTHORITY\SYSTEM,C:\Program Files\SplunkUniversalForwarder\bin\splunk-powershell.exe,C:\Program Files\SplunkUniversalForwarder\bin\splunkd.exe,"""C:\Program Files\SplunkUniversalForwarder\bin\splunk-powershell.exe""",,,,,,,,{E983936C-DD47-6006-7C09-00000000A301},4804,,,,,,T1059.001,PowerShell,Execution,TRACE-PS-01,powershell,https://raw.githubusercontent.com/splunk/attack_data/master/datasets/attack_techniques/T1059.001/encoded_powershell/windows-sysmon.log,7be9ceeb7eb4d2f4db9afb7be6de1306d623e5903b75b4b29f2bc866d50d04f3,false,Execution,none,raw Computer/IpAddress/User fields,{E983936C-B438-6006-B400-00000000A301}
2021-01-19T13:23:19.723+0000,2021-01-19T13:23:19.723+0000,10,Microsoft-Windows-Sysmon/Operational,ict3214:attack_trace,PS-HOST-01,,,,,,,C:\Program Files\SplunkUniversalForwarder\bin\splunk-powershell.exe,C:\Program Files\SplunkUniversalForwarder\bin\splunkd.exe,0x1fffff,,,,,,,{E983936C-B438-6006-B400-00000000A301},4412,{E983936C-DD47-6006-7C09-00000000A301},4804,,T1059.001,PowerShell,Execution,TRACE-PS-01,powershell,https://raw.githubusercontent.com/splunk/attack_data/master/datasets/attack_techniques/T1059.001/encoded_powershell/windows-sysmon.log,e001b4d42c5a785d6e2d41c1fea66055d4f74105768c9dd6ed5732d8deffba42,false,Execution,none,raw Computer/IpAddress/User fields,
2021-01-19T13:23:19.724+0000,2021-01-19T13:23:19.724+0000,10,Microsoft-Windows-Sysmon/Operational,ict3214:attack_trace,PS-HOST-01,,,,,,,C:\Windows\sysmon64.exe,C:\Windows\system32\svchost.exe,0x1400,,,,,,,{E983936C-B38F-6006-0C00-00000000A301},592,{E983936C-B3A0-6006-3100-00000000A301},2052,,T1059.001,PowerShell,Execution,TRACE-PS-01,powershell,https://raw.githubusercontent.com/splunk/attack_data/master/datasets/attack_techniques/T1059.001/encoded_powershell/windows-sysmon.log,4cdda90fedf201bd80bd233021436199685e13aeb582dd6ee03bf227345c669f,false,Execution,none,raw Computer/IpAddress/User fields,
2021-01-19T13:23:19.724+0000,2021-01-19T13:23:19.724+0000,10,Microsoft-Windows-Sysmon/Operational,ict3214:attack_trace,PS-HOST-01,,,,,,,C:\Windows\sysmon64.exe,C:\Windows\system32\svchost.exe,0x1400,,,,,,,{E983936C-B38F-6006-0C00-00000000A301},592,{E983936C-B3A0-6006-3100-00000000A301},2052,,T1059.001,PowerShell,Execution,TRACE-PS-01,powershell,https://raw.githubusercontent.com/splunk/attack_data/master/datasets/attack_techniques/T1059.001/encoded_powershell/windows-sysmon.log,64835ef59cf0a26ddc872bbe5f3fc4d229fea3bedd4f6a396065fa06f454f1ba,false,Execution,none,raw Computer/IpAddress/User fields,
2021-01-19T13:23:19.724+0000,2021-01-19T13:23:19.724+0000,10,Microsoft-Windows-Sysmon/Operational,ict3214:attack_trace,PS-HOST-01,,,,,,,C:\Windows\sysmon64.exe,C:\Windows\system32\svchost.exe,0x1400,,,,,,,{E983936C-B38F-6006-0C00-00000000A301},592,{E983936C-B3A0-6006-3100-00000000A301},2052,,T1059.001,PowerShell,Execution,TRACE-PS-01,powershell,https://raw.githubusercontent.com/splunk/attack_data/master/datasets/attack_techniques/T1059.001/encoded_powershell/windows-sysmon.log,7ccc2a4347f47cf1639995bdbbb2beec921e998a2ff59f1db2576516ca3656a9,false,Execution,none,raw Computer/IpAddress/User fields,
2021-01-19T13:23:19.724+0000,2021-01-19T13:23:19.724+0000,10,Microsoft-Windows-Sysmon/Operational,ict3214:attack_trace,PS-HOST-01,,,,,,,C:\Windows\sysmon64.exe,C:\Windows\system32\svchost.exe,0x1400,,,,,,,{E983936C-B38F-6006-0C00-00000000A301},592,{E983936C-B3A0-6006-3100-00000000A301},2052,,T1059.001,PowerShell,Execution,TRACE-PS-01,powershell,https://raw.githubusercontent.com/splunk/attack_data/master/datasets/attack_techniques/T1059.001/encoded_powershell/windows-sysmon.log,8168c30da6d86c617627a45a0068ae598e100b76b7a29f03f6d63bbb007d99de,false,Execution,none,raw Computer/IpAddress/User fields,
2021-01-19T13:23:19.724+0000,2021-01-19T13:23:19.724+0000,10,Microsoft-Windows-Sysmon/Operational,ict3214:attack_trace,PS-HOST-01,,,,,,,C:\Program Files\SplunkUniversalForwarder\bin\splunk-powershell.exe,C:\Windows\system32\csrss.exe,0x1fffff,,,,,,,{E983936C-B38D-6006-0500-00000000A301},636,{E983936C-DD47-6006-7C09-00000000A301},4804,,T1059.001,PowerShell,Execution,TRACE-PS-01,powershell,https://raw.githubusercontent.com/splunk/attack_data/master/datasets/attack_techniques/T1059.001/encoded_powershell/windows-sysmon.log,a3fa1c42c42fb7049a83820bc9024f4356a0ed01aeb1b2cfb481a69535df3965,false,Execution,none,raw Computer/IpAddress/User fields,
2021-01-19T13:23:19.725+0000,2021-01-19T13:23:19.725+0000,10,Microsoft-Windows-Sysmon/Operational,ict3214:attack_trace,PS-HOST-01,,,,,,,C:\Program Files\SplunkUniversalForwarder\bin\splunk-powershell.exe,C:\Windows\system32\conhost.exe,0x1fffff,,,,,,,{E983936C-B439-6006-B800-00000000A301},4284,{E983936C-DD47-6006-7C09-00000000A301},4804,,T1059.001,PowerShell,Execution,TRACE-PS-01,powershell,https://raw.githubusercontent.com/splunk/attack_data/master/datasets/attack_techniques/T1059.001/encoded_powershell/windows-sysmon.log,c653919911ef06273741c36c3e269381909d2e98de75ee05fb18c6ba8a890a8d,false,Execution,none,raw Computer/IpAddress/User fields,
2021-01-19T13:23:19.875+0000,2021-01-19T13:23:19.875+0000,10,Microsoft-Windows-Sysmon/Operational,ict3214:attack_trace,PS-HOST-01,,,,,,,C:\Program Files\SplunkUniversalForwarder\bin\splunkd.exe,C:\Program Files\SplunkUniversalForwarder\bin\splunk-powershell.exe,0x101400,,,,,,,{E983936C-DD47-6006-7C09-00000000A301},4804,{E983936C-B438-6006-B400-00000000A301},4412,,T1059.001,PowerShell,Execution,TRACE-PS-01,powershell,https://raw.githubusercontent.com/splunk/attack_data/master/datasets/attack_techniques/T1059.001/encoded_powershell/windows-sysmon.log,21ab8481c88b9c70e73c5a3d40709b82b1879e0c61f3a27a0005fbcd98b02881,false,Execution,none,raw Computer/IpAddress/User fields,
2021-01-19T13:23:20.255+0000,2021-01-19T13:23:20.255+0000,10,Microsoft-Windows-Sysmon/Operational,ict3214:attack_trace,PS-HOST-01,,,,,,,C:\Windows\sysmon64.exe,C:\Windows\system32\svchost.exe,0x1400,,,,,,,{E983936C-B38F-6006-0C00-00000000A301},592,{E983936C-B3A0-6006-3100-00000000A301},2052,,T1059.001,PowerShell,Execution,TRACE-PS-01,powershell,https://raw.githubusercontent.com/splunk/attack_data/master/datasets/attack_techniques/T1059.001/encoded_powershell/windows-sysmon.log,307004fd8dc18d7b7414129f3294dfea3726578a2e8b277baff98fbee9bd61e3,false,Execution,none,raw Computer/IpAddress/User fields,
2021-01-19T13:23:20.255+0000,2021-01-19T13:23:20.255+0000,10,Microsoft-Windows-Sysmon/Operational,ict3214:attack_trace,PS-HOST-01,,,,,,,C:\Program Files\SplunkUniversalForwarder\bin\splunk-powershell.exe,C:\Windows\system32\csrss.exe,0x1fffff,,,,,,,{E983936C-B38D-6006-0500-00000000A301},636,{E983936C-DD48-6006-7D09-00000000A301},2420,,T1059.001,PowerShell,Execution,TRACE-PS-01,powershell,https://raw.githubusercontent.com/splunk/attack_data/master/datasets/attack_techniques/T1059.001/encoded_powershell/windows-sysmon.log,644aa8dbefcbba959a74cf9cd879017426e3fb1be74c41206a20c212b975c91f,false,Execution,none,raw Computer/IpAddress/User fields,
2021-01-19T13:23:20.255+0000,2021-01-19T13:23:20.255+0000,10,Microsoft-Windows-Sysmon/Operational,ict3214:attack_trace,PS-HOST-01,,,,,,,C:\Windows\sysmon64.exe,C:\Windows\system32\svchost.exe,0x1400,,,,,,,{E983936C-B38F-6006-0C00-00000000A301},592,{E983936C-B3A0-6006-3100-00000000A301},2052,,T1059.001,PowerShell,Execution,TRACE-PS-01,powershell,https://raw.githubusercontent.com/splunk/attack_data/master/datasets/attack_techniques/T1059.001/encoded_powershell/windows-sysmon.log,7e3b71c2d3666f040b547c982209ac25ee996ff637d3368f66ebf17830592d4f,false,Execution,none,raw Computer/IpAddress/User fields,
2021-01-19T13:23:20.255+0000,2021-01-19T13:23:20.255+0000,10,Microsoft-Windows-Sysmon/Operational,ict3214:attack_trace,PS-HOST-01,,,,,,,C:\Windows\sysmon64.exe,C:\Windows\system32\svchost.exe,0x1400,,,,,,,{E983936C-B38F-6006-0C00-00000000A301},592,{E983936C-B3A0-6006-3100-00000000A301},2052,,T1059.001,PowerShell,Execution,TRACE-PS-01,powershell,https://raw.githubusercontent.com/splunk/attack_data/master/datasets/attack_techniques/T1059.001/encoded_powershell/windows-sysmon.log,90b2503d6dab9a8663f6352283ede61984e2238c754d45439680d9f687778286,false,Execution,none,raw Computer/IpAddress/User fields,
2021-01-19T13:23:20.255+0000,2021-01-19T13:23:20.255+0000,10,Microsoft-Windows-Sysmon/Operational,ict3214:attack_trace,PS-HOST-01,,,,,,,C:\Windows\sysmon64.exe,C:\Windows\system32\svchost.exe,0x1400,,,,,,,{E983936C-B38F-6006-0C00-00000000A301},592,{E983936C-B3A0-6006-3100-00000000A301},2052,,T1059.001,PowerShell,Execution,TRACE-PS-01,powershell,https://raw.githubusercontent.com/splunk/attack_data/master/datasets/attack_techniques/T1059.001/encoded_powershell/windows-sysmon.log,b1a0e2c4d3b59a90396a216851597266838a3cf9ae21c98cbe09f00055917d5b,false,Execution,none,raw Computer/IpAddress/User fields,
2021-01-19T13:23:20.255+0000,2021-01-19T13:23:20.255+0000,10,Microsoft-Windows-Sysmon/Operational,ict3214:attack_trace,PS-HOST-01,,,,,,,C:\Program Files\SplunkUniversalForwarder\bin\splunk-powershell.exe,C:\Program Files\SplunkUniversalForwarder\bin\splunkd.exe,0x1fffff,,,,,,,{E983936C-B438-6006-B400-00000000A301},4412,{E983936C-DD48-6006-7D09-00000000A301},2420,,T1059.001,PowerShell,Execution,TRACE-PS-01,powershell,https://raw.githubusercontent.com/splunk/attack_data/master/datasets/attack_techniques/T1059.001/encoded_powershell/windows-sysmon.log,d3cb25cae632d1dc07d5cdc9dc600ecea6bfbb389b167dd1514bbd130be75c0b,false,Execution,none,raw Computer/IpAddress/User fields,
2021-01-19T13:23:20.255+0000,2021-01-19T13:23:20.255+0000,1,Microsoft-Windows-Sysmon/Operational,ict3214:attack_trace,PS-HOST-01,,,NT AUTHORITY\SYSTEM,C:\Program Files\SplunkUniversalForwarder\bin\splunk-powershell.exe,C:\Program Files\SplunkUniversalForwarder\bin\splunkd.exe,"""C:\Program Files\SplunkUniversalForwarder\bin\splunk-powershell.exe"" --ps2",,,,,,,,{E983936C-DD48-6006-7D09-00000000A301},2420,,,,,,T1059.001,PowerShell,Execution,TRACE-PS-01,powershell,https://raw.githubusercontent.com/splunk/attack_data/master/datasets/attack_techniques/T1059.001/encoded_powershell/windows-sysmon.log,ee89ab97f991819c83e35054921cf30060e294e17f3fc3a4317f33c3d6c018a0,false,Execution,none,raw Computer/IpAddress/User fields,{E983936C-B438-6006-B400-00000000A301}
2021-01-19T13:23:20.256+0000,2021-01-19T13:23:20.256+0000,10,Microsoft-Windows-Sysmon/Operational,ict3214:attack_trace,PS-HOST-01,,,,,,,C:\Program Files\SplunkUniversalForwarder\bin\splunk-powershell.exe,C:\Windows\system32\conhost.exe,0x1fffff,,,,,,,{E983936C-B439-6006-B800-00000000A301},4284,{E983936C-DD48-6006-7D09-00000000A301},2420,,T1059.001,PowerShell,Execution,TRACE-PS-01,powershell,https://raw.githubusercontent.com/splunk/attack_data/master/datasets/attack_techniques/T1059.001/encoded_powershell/windows-sysmon.log,f862980d748c248fdee087eee6017ce2382d26cc6de123d1cabfca9f57e3c2de,false,Execution,none,raw Computer/IpAddress/User fields,
2021-01-19T13:23:20.404+0000,2021-01-19T13:23:20.404+0000,10,Microsoft-Windows-Sysmon/Operational,ict3214:attack_trace,PS-HOST-01,,,,,,,C:\Program Files\SplunkUniversalForwarder\bin\splunkd.exe,C:\Program Files\SplunkUniversalForwarder\bin\splunk-powershell.exe,0x101400,,,,,,,{E983936C-DD48-6006-7D09-00000000A301},2420,{E983936C-B438-6006-B400-00000000A301},4412,,T1059.001,PowerShell,Execution,TRACE-PS-01,powershell,https://raw.githubusercontent.com/splunk/attack_data/master/datasets/attack_techniques/T1059.001/encoded_powershell/windows-sysmon.log,b73d5d7961fbfd352eba8760b2b60e9412beb814c1eb5d1e56a04c4950089b09,false,Execution,none,raw Computer/IpAddress/User fields,
2021-01-19T13:23:20.880+0000,2021-01-19T13:23:20.880+0000,10,Microsoft-Windows-Sysmon/Operational,ict3214:attack_trace,PS-HOST-01,,,,,,,C:\Program Files\SplunkUniversalForwarder\bin\splunk-regmon.exe,C:\Program Files\SplunkUniversalForwarder\bin\splunkd.exe,0x1fffff,,,,,,,{E983936C-B438-6006-B400-00000000A301},4412,{E983936C-DD48-6006-7E09-00000000A301},7164,,T1059.001,PowerShell,Execution,TRACE-PS-01,powershell,https://raw.githubusercontent.com/splunk/attack_data/master/datasets/attack_techniques/T1059.001/encoded_powershell/windows-sysmon.log,178b61836a674976a0418b984467c71ffe331fff12d7b3ec50f2474fdf6e94bc,false,Execution,none,raw Computer/IpAddress/User fields,
2021-01-19T13:23:20.880+0000,2021-01-19T13:23:20.880+0000,1,Microsoft-Windows-Sysmon/Operational,ict3214:attack_trace,PS-HOST-01,,,NT AUTHORITY\SYSTEM,C:\Program Files\SplunkUniversalForwarder\bin\splunk-regmon.exe,C:\Program Files\SplunkUniversalForwarder\bin\splunkd.exe,"""C:\Program Files\SplunkUniversalForwarder\bin\splunk-regmon.exe""",,,,,,,,{E983936C-DD48-6006-7E09-00000000A301},7164,,,,,,T1059.001,PowerShell,Execution,TRACE-PS-01,powershell,https://raw.githubusercontent.com/splunk/attack_data/master/datasets/attack_techniques/T1059.001/encoded_powershell/windows-sysmon.log,2f1b8058c6026eefe29791c923366d4e77b87f7720156718a1539e0d566027b1,false,Execution,none,raw Computer/IpAddress/User fields,{E983936C-B438-6006-B400-00000000A301}
2021-01-19T13:23:20.880+0000,2021-01-19T13:23:20.880+0000,10,Microsoft-Windows-Sysmon/Operational,ict3214:attack_trace,PS-HOST-01,,,,,,,C:\Program Files\SplunkUniversalForwarder\bin\splunk-regmon.exe,C:\Windows\system32\csrss.exe,0x1fffff,,,,,,,{E983936C-B38D-6006-0500-00000000A301},636,{E983936C-DD48-6006-7E09-00000000A301},7164,,T1059.001,PowerShell,Execution,TRACE-PS-01,powershell,https://raw.githubusercontent.com/splunk/attack_data/master/datasets/attack_techniques/T1059.001/encoded_powershell/windows-sysmon.log,4567c5ce1f5414c441de5d62bc861d14bcfb370d26da3078c6d662d204367e4b,false,Execution,none,raw Computer/IpAddress/User fields,
2021-01-19T13:23:20.880+0000,2021-01-19T13:23:20.880+0000,10,Microsoft-Windows-Sysmon/Operational,ict3214:attack_trace,PS-HOST-01,,,,,,,C:\Windows\sysmon64.exe,C:\Windows\system32\svchost.exe,0x1400,,,,,,,{E983936C-B38F-6006-0C00-00000000A301},592,{E983936C-B3A0-6006-3100-00000000A301},2052,,T1059.001,PowerShell,Execution,TRACE-PS-01,powershell,https://raw.githubusercontent.com/splunk/attack_data/master/datasets/attack_techniques/T1059.001/encoded_powershell/windows-sysmon.log,b626003f3512dabbd48a26aafe55bb1a8577e37f4536791de43868175f5b6032,false,Execution,none,raw Computer/IpAddress/User fields,
2021-01-19T13:23:20.880+0000,2021-01-19T13:23:20.880+0000,10,Microsoft-Windows-Sysmon/Operational,ict3214:attack_trace,PS-HOST-01,,,,,,,C:\Windows\sysmon64.exe,C:\Windows\system32\svchost.exe,0x1400,,,,,,,{E983936C-B38F-6006-0C00-00000000A301},592,{E983936C-B3A0-6006-3100-00000000A301},2052,,T1059.001,PowerShell,Execution,TRACE-PS-01,powershell,https://raw.githubusercontent.com/splunk/attack_data/master/datasets/attack_techniques/T1059.001/encoded_powershell/windows-sysmon.log,bb510174287eec4c048760b18e57fe4a2f04b6ebf0f3c3c6c6ea218aa993fab5,false,Execution,none,raw Computer/IpAddress/User fields,
2021-01-19T13:23:20.880+0000,2021-01-19T13:23:20.880+0000,10,Microsoft-Windows-Sysmon/Operational,ict3214:attack_trace,PS-HOST-01,,,,,,,C:\Windows\sysmon64.exe,C:\Windows\system32\svchost.exe,0x1400,,,,,,,{E983936C-B38F-6006-0C00-00000000A301},592,{E983936C-B3A0-6006-3100-00000000A301},2052,,T1059.001,PowerShell,Execution,TRACE-PS-01,powershell,https://raw.githubusercontent.com/splunk/attack_data/master/datasets/attack_techniques/T1059.001/encoded_powershell/windows-sysmon.log,d871709ed4badd2cead1fc3ab2a76841f5639dae2a31a3397654c09b14671bcd,false,Execution,none,raw Computer/IpAddress/User fields,
2021-01-19T13:23:20.881+0000,2021-01-19T13:23:20.881+0000,10,Microsoft-Windows-Sysmon/Operational,ict3214:attack_trace,PS-HOST-01,,,,,,,C:\Windows\sysmon64.exe,C:\Windows\system32\svchost.exe,0x1400,,,,,,,{E983936C-B38F-6006-0C00-00000000A301},592,{E983936C-B3A0-6006-3100-00000000A301},2052,,T1059.001,PowerShell,Execution,TRACE-PS-01,powershell,https://raw.githubusercontent.com/splunk/attack_data/master/datasets/attack_techniques/T1059.001/encoded_powershell/windows-sysmon.log,5218f06c17b647cbba12f7e1af1dc61d931de7b18cb6508d65f8fa1cb6d83c80,false,Execution,none,raw Computer/IpAddress/User fields,
2021-01-19T13:23:20.881+0000,2021-01-19T13:23:20.881+0000,10,Microsoft-Windows-Sysmon/Operational,ict3214:attack_trace,PS-HOST-01,,,,,,,C:\Program Files\SplunkUniversalForwarder\bin\splunk-regmon.exe,C:\Windows\system32\conhost.exe,0x1fffff,,,,,,,{E983936C-B439-6006-B800-00000000A301},4284,{E983936C-DD48-6006-7E09-00000000A301},7164,,T1059.001,PowerShell,Execution,TRACE-PS-01,powershell,https://raw.githubusercontent.com/splunk/attack_data/master/datasets/attack_techniques/T1059.001/encoded_powershell/windows-sysmon.log,f2d0a4ef8fe4ee8e9c4f2f0195cae110b12531bd672326ce4bc348f2d477739c,false,Execution,none,raw Computer/IpAddress/User fields,
2021-01-19T13:23:21.038+0000,2021-01-19T13:23:21.038+0000,10,Microsoft-Windows-Sysmon/Operational,ict3214:attack_trace,PS-HOST-01,,,,,,,C:\Program Files\SplunkUniversalForwarder\bin\splunkd.exe,C:\Program Files\SplunkUniversalForwarder\bin\splunk-regmon.exe,0x101400,,,,,,,{E983936C-DD48-6006-7E09-00000000A301},7164,{E983936C-B438-6006-B400-00000000A301},4412,,T1059.001,PowerShell,Execution,TRACE-PS-01,powershell,https://raw.githubusercontent.com/splunk/attack_data/master/datasets/attack_techniques/T1059.001/encoded_powershell/windows-sysmon.log,9bc9f381c9bc404360fcf4e446db07d455daca721780657cf24be06ce8873fa6,false,Execution,none,raw Computer/IpAddress/User fields,
2021-01-19T13:23:21.505+0000,2021-01-19T13:23:21.505+0000,1,Microsoft-Windows-Sysmon/Operational,ict3214:attack_trace,PS-HOST-01,,,NT AUTHORITY\SYSTEM,C:\Program Files\SplunkUniversalForwarder\bin\splunk-MonitorNoHandle.exe,C:\Program Files\SplunkUniversalForwarder\bin\splunkd.exe,"""C:\Program Files\SplunkUniversalForwarder\bin\splunk-MonitorNoHandle.exe""",,,,,,,,{E983936C-DD49-6006-7F09-00000000A301},2012,,,,,,T1059.001,PowerShell,Execution,TRACE-PS-01,powershell,https://raw.githubusercontent.com/splunk/attack_data/master/datasets/attack_techniques/T1059.001/encoded_powershell/windows-sysmon.log,761eff27841108b6e29882b9e9ffcde59cc002105279f0078d237c8e5b69d5f2,false,Execution,none,raw Computer/IpAddress/User fields,{E983936C-B438-6006-B400-00000000A301}
2021-01-19T13:23:21.505+0000,2021-01-19T13:23:21.505+0000,10,Microsoft-Windows-Sysmon/Operational,ict3214:attack_trace,PS-HOST-01,,,,,,,C:\Program Files\SplunkUniversalForwarder\bin\splunk-MonitorNoHandle.exe,C:\Program Files\SplunkUniversalForwarder\bin\splunkd.exe,0x1fffff,,,,,,,{E983936C-B438-6006-B400-00000000A301},4412,{E983936C-DD49-6006-7F09-00000000A301},2012,,T1059.001,PowerShell,Execution,TRACE-PS-01,powershell,https://raw.githubusercontent.com/splunk/attack_data/master/datasets/attack_techniques/T1059.001/encoded_powershell/windows-sysmon.log,93bfbb51270771058a60d8d9432137150bbd950d580175496316d9299fbc3fd0,false,Execution,none,raw Computer/IpAddress/User fields,
2021-01-19T13:23:21.506+0000,2021-01-19T13:23:21.506+0000,10,Microsoft-Windows-Sysmon/Operational,ict3214:attack_trace,PS-HOST-01,,,,,,,C:\Windows\sysmon64.exe,C:\Windows\system32\svchost.exe,0x1400,,,,,,,{E983936C-B38F-6006-0C00-00000000A301},592,{E983936C-B3A0-6006-3100-00000000A301},2052,,T1059.001,PowerShell,Execution,TRACE-PS-01,powershell,https://raw.githubusercontent.com/splunk/attack_data/master/datasets/attack_techniques/T1059.001/encoded_powershell/windows-sysmon.log,1d0adc6434946e00b57bd721a225a267b9ca69a77328efd4b01a7259061fcabf,false,Execution,none,raw Computer/IpAddress/User fields,
2021-01-19T13:23:21.506+0000,2021-01-19T13:23:21.506+0000,10,Microsoft-Windows-Sysmon/Operational,ict3214:attack_trace,PS-HOST-01,,,,,,,C:\Program Files\SplunkUniversalForwarder\bin\splunk-MonitorNoHandle.exe,C:\Windows\system32\csrss.exe,0x1fffff,,,,,,,{E983936C-B38D-6006-0500-00000000A301},636,{E983936C-DD49-6006-7F09-00000000A301},2012,,T1059.001,PowerShell,Execution,TRACE-PS-01,powershell,https://raw.githubusercontent.com/splunk/attack_data/master/datasets/attack_techniques/T1059.001/encoded_powershell/windows-sysmon.log,42167245af8ac52fe5c09c5b3f7f31cb72eb1aa3ce84431d609569ad3277fa91,false,Execution,none,raw Computer/IpAddress/User fields,
2021-01-19T13:23:21.506+0000,2021-01-19T13:23:21.506+0000,10,Microsoft-Windows-Sysmon/Operational,ict3214:attack_trace,PS-HOST-01,,,,,,,C:\Windows\sysmon64.exe,C:\Windows\system32\svchost.exe,0x1400,,,,,,,{E983936C-B38F-6006-0C00-00000000A301},592,{E983936C-B3A0-6006-3100-00000000A301},2052,,T1059.001,PowerShell,Execution,TRACE-PS-01,powershell,https://raw.githubusercontent.com/splunk/attack_data/master/datasets/attack_techniques/T1059.001/encoded_powershell/windows-sysmon.log,67c3e9e713275d768ba604325e2d8c797d85e5af76bfac7d1f2a436be22c6f6a,false,Execution,none,raw Computer/IpAddress/User fields,
2021-01-19T13:23:21.506+0000,2021-01-19T13:23:21.506+0000,10,Microsoft-Windows-Sysmon/Operational,ict3214:attack_trace,PS-HOST-01,,,,,,,C:\Windows\sysmon64.exe,C:\Windows\system32\svchost.exe,0x1400,,,,,,,{E983936C-B38F-6006-0C00-00000000A301},592,{E983936C-B3A0-6006-3100-00000000A301},2052,,T1059.001,PowerShell,Execution,TRACE-PS-01,powershell,https://raw.githubusercontent.com/splunk/attack_data/master/datasets/attack_techniques/T1059.001/encoded_powershell/windows-sysmon.log,b0101eaba8d993ae532558bc18950dd58876af47ac28ff1589345f4b3dea9020,false,Execution,none,raw Computer/IpAddress/User fields,
2021-01-19T13:23:21.506+0000,2021-01-19T13:23:21.506+0000,10,Microsoft-Windows-Sysmon/Operational,ict3214:attack_trace,PS-HOST-01,,,,,,,C:\Windows\sysmon64.exe,C:\Windows\system32\svchost.exe,0x1400,,,,,,,{E983936C-B38F-6006-0C00-00000000A301},592,{E983936C-B3A0-6006-3100-00000000A301},2052,,T1059.001,PowerShell,Execution,TRACE-PS-01,powershell,https://raw.githubusercontent.com/splunk/attack_data/master/datasets/attack_techniques/T1059.001/encoded_powershell/windows-sysmon.log,c1cc2b4db8f6d73be59c9929b465496016722dd603b7b44dfafe18b071c319c9,false,Execution,none,raw Computer/IpAddress/User fields,
2021-01-19T13:23:21.507+0000,2021-01-19T13:23:21.507+0000,10,Microsoft-Windows-Sysmon/Operational,ict3214:attack_trace,PS-HOST-01,,,,,,,C:\Program Files\SplunkUniversalForwarder\bin\splunk-MonitorNoHandle.exe,C:\Windows\system32\conhost.exe,0x1fffff,,,,,,,{E983936C-B439-6006-B800-00000000A301},4284,{E983936C-DD49-6006-7F09-00000000A301},2012,,T1059.001,PowerShell,Execution,TRACE-PS-01,powershell,https://raw.githubusercontent.com/splunk/attack_data/master/datasets/attack_techniques/T1059.001/encoded_powershell/windows-sysmon.log,d160aba9a98f160fc354cc6ef11da57ba80cf8c7870336c102b842e13b1536e5,false,Execution,none,raw Computer/IpAddress/User fields,
2021-01-19T13:23:22.176+0000,2021-01-19T13:23:22.176+0000,1,Microsoft-Windows-Sysmon/Operational,ict3214:attack_trace,PS-HOST-01,,,NT AUTHORITY\SYSTEM,C:\Program Files\SplunkUniversalForwarder\bin\splunk-admon.exe,C:\Program Files\SplunkUniversalForwarder\bin\splunkd.exe,"""C:\Program Files\SplunkUniversalForwarder\bin\splunk-admon.exe""",,,,,,,,{E983936C-DD4A-6006-8009-00000000A301},6068,,,,,,T1059.001,PowerShell,Execution,TRACE-PS-01,powershell,https://raw.githubusercontent.com/splunk/attack_data/master/datasets/attack_techniques/T1059.001/encoded_powershell/windows-sysmon.log,9ea327e498a271d5798c454973c4c2cee0b73c8d228a0371d645f3b57b9a4563,false,Execution,none,raw Computer/IpAddress/User fields,{E983936C-B438-6006-B400-00000000A301}
2021-01-19T13:23:22.176+0000,2021-01-19T13:23:22.176+0000,10,Microsoft-Windows-Sysmon/Operational,ict3214:attack_trace,PS-HOST-01,,,,,,,C:\Program Files\SplunkUniversalForwarder\bin\splunk-admon.exe,C:\Program Files\SplunkUniversalForwarder\bin\splunkd.exe,0x1fffff,,,,,,,{E983936C-B438-6006-B400-00000000A301},4412,{E983936C-DD4A-6006-8009-00000000A301},6068,,T1059.001,PowerShell,Execution,TRACE-PS-01,powershell,https://raw.githubusercontent.com/splunk/attack_data/master/datasets/attack_techniques/T1059.001/encoded_powershell/windows-sysmon.log,d095273f0761ce079387d2fa93bea65cb818a56e79c3a7180f5cc4cc7edd322f,false,Execution,none,raw Computer/IpAddress/User fields,
2021-01-19T13:23:22.177+0000,2021-01-19T13:23:22.177+0000,10,Microsoft-Windows-Sysmon/Operational,ict3214:attack_trace,PS-HOST-01,,,,,,,C:\Windows\sysmon64.exe,C:\Windows\system32\svchost.exe,0x1400,,,,,,,{E983936C-B38F-6006-0C00-00000000A301},592,{E983936C-B3A0-6006-3100-00000000A301},2052,,T1059.001,PowerShell,Execution,TRACE-PS-01,powershell,https://raw.githubusercontent.com/splunk/attack_data/master/datasets/attack_techniques/T1059.001/encoded_powershell/windows-sysmon.log,15e634a3fdadacf598ea7aaa0a4f52c2307b49881cdf89f0fcb2ce8586721bcb,false,Execution,none,raw Computer/IpAddress/User fields,
2021-01-19T13:23:22.177+0000,2021-01-19T13:23:22.177+0000,10,Microsoft-Windows-Sysmon/Operational,ict3214:attack_trace,PS-HOST-01,,,,,,,C:\Windows\sysmon64.exe,C:\Windows\system32\svchost.exe,0x1400,,,,,,,{E983936C-B38F-6006-0C00-00000000A301},592,{E983936C-B3A0-6006-3100-00000000A301},2052,,T1059.001,PowerShell,Execution,TRACE-PS-01,powershell,https://raw.githubusercontent.com/splunk/attack_data/master/datasets/attack_techniques/T1059.001/encoded_powershell/windows-sysmon.log,8931f0f4e2805a0efff4291141ced01c6d23301229d4792ee748c2fd7c9f139a,false,Execution,none,raw Computer/IpAddress/User fields,
2021-01-19T13:23:22.177+0000,2021-01-19T13:23:22.177+0000,10,Microsoft-Windows-Sysmon/Operational,ict3214:attack_trace,PS-HOST-01,,,,,,,C:\Windows\sysmon64.exe,C:\Windows\system32\svchost.exe,0x1400,,,,,,,{E983936C-B38F-6006-0C00-00000000A301},592,{E983936C-B3A0-6006-3100-00000000A301},2052,,T1059.001,PowerShell,Execution,TRACE-PS-01,powershell,https://raw.githubusercontent.com/splunk/attack_data/master/datasets/attack_techniques/T1059.001/encoded_powershell/windows-sysmon.log,92c0de9511b40454d7d06e00716a3c97a89d2096ee603aa5b7a3f8df95d4e09a,false,Execution,none,raw Computer/IpAddress/User fields,
2021-01-19T13:23:22.177+0000,2021-01-19T13:23:22.177+0000,10,Microsoft-Windows-Sysmon/Operational,ict3214:attack_trace,PS-HOST-01,,,,,,,C:\Windows\sysmon64.exe,C:\Windows\system32\svchost.exe,0x1400,,,,,,,{E983936C-B38F-6006-0C00-00000000A301},592,{E983936C-B3A0-6006-3100-00000000A301},2052,,T1059.001,PowerShell,Execution,TRACE-PS-01,powershell,https://raw.githubusercontent.com/splunk/attack_data/master/datasets/attack_techniques/T1059.001/encoded_powershell/windows-sysmon.log,a87bc446a23bb8ee6e9ec9333fff95c0dd7001fc3dac5ba7bc13afefc3878ee1,false,Execution,none,raw Computer/IpAddress/User fields,
2021-01-19T13:23:22.177+0000,2021-01-19T13:23:22.177+0000,10,Microsoft-Windows-Sysmon/Operational,ict3214:attack_trace,PS-HOST-01,,,,,,,C:\Program Files\SplunkUniversalForwarder\bin\splunk-admon.exe,C:\Windows\system32\csrss.exe,0x1fffff,,,,,,,{E983936C-B38D-6006-0500-00000000A301},636,{E983936C-DD4A-6006-8009-00000000A301},6068,,T1059.001,PowerShell,Execution,TRACE-PS-01,powershell,https://raw.githubusercontent.com/splunk/attack_data/master/datasets/attack_techniques/T1059.001/encoded_powershell/windows-sysmon.log,fdd013aaf12005336ebb6cabb8cb8c0f85ea3879b36554f08ac1ef7ecb1d908b,false,Execution,none,raw Computer/IpAddress/User fields,
2021-01-19T13:23:22.178+0000,2021-01-19T13:23:22.178+0000,10,Microsoft-Windows-Sysmon/Operational,ict3214:attack_trace,PS-HOST-01,,,,,,,C:\Program Files\SplunkUniversalForwarder\bin\splunk-admon.exe,C:\Windows\system32\conhost.exe,0x1fffff,,,,,,,{E983936C-B439-6006-B800-00000000A301},4284,{E983936C-DD4A-6006-8009-00000000A301},6068,,T1059.001,PowerShell,Execution,TRACE-PS-01,powershell,https://raw.githubusercontent.com/splunk/attack_data/master/datasets/attack_techniques/T1059.001/encoded_powershell/windows-sysmon.log,a4424673eaea0182bccb81e4eca8bcc3ef1a815c55d0410f2e55266c6f1406c1,false,Execution,none,raw Computer/IpAddress/User fields,
2021-01-19T13:23:22.325+0000,2021-01-19T13:23:22.325+0000,10,Microsoft-Windows-Sysmon/Operational,ict3214:attack_trace,PS-HOST-01,,,,,,,C:\Program Files\SplunkUniversalForwarder\bin\splunkd.exe,C:\Program Files\SplunkUniversalForwarder\bin\splunk-admon.exe,0x101400,,,,,,,{E983936C-DD4A-6006-8009-00000000A301},6068,{E983936C-B438-6006-B400-00000000A301},4412,,T1059.001,PowerShell,Execution,TRACE-PS-01,powershell,https://raw.githubusercontent.com/splunk/attack_data/master/datasets/attack_techniques/T1059.001/encoded_powershell/windows-sysmon.log,197556af5623969d5391ebcb72aeea16e7e56bc6d6c33ecc19cf28948165104d,false,Execution,none,raw Computer/IpAddress/User fields,
2021-01-19T13:23:22.470+0000,2021-01-19T13:23:22.470+0000,10,Microsoft-Windows-Sysmon/Operational,ict3214:attack_trace,PS-HOST-01,,,,,,,C:\Windows\Explorer.EXE,C:\Windows\system32\svchost.exe,0x1000,,,,,,,{E983936C-B38F-6006-0D00-00000000A301},992,{E983936C-CCDD-6006-4607-00000000A301},5080,,T1059.001,PowerShell,Execution,TRACE-PS-01,powershell,https://raw.githubusercontent.com/splunk/attack_data/master/datasets/attack_techniques/T1059.001/encoded_powershell/windows-sysmon.log,ec77e5fe84fddde152ec8be40fff267cb79f318560b88036c1d825895134ab7b,false,Execution,none,raw Computer/IpAddress/User fields,
2021-01-19T13:23:22.471+0000,2021-01-19T13:23:22.471+0000,10,Microsoft-Windows-Sysmon/Operational,ict3214:attack_trace,PS-HOST-01,,,,,,,C:\Windows\Explorer.EXE,C:\Windows\system32\svchost.exe,0x1000,,,,,,,{E983936C-B38F-6006-0D00-00000000A301},992,{E983936C-CCDD-6006-4607-00000000A301},5080,,T1059.001,PowerShell,Execution,TRACE-PS-01,powershell,https://raw.githubusercontent.com/splunk/attack_data/master/datasets/attack_techniques/T1059.001/encoded_powershell/windows-sysmon.log,074047c5779139b2eb3f1cce8135f1e272cf28a6a0f501cfb469ed1fb353d947,false,Execution,none,raw Computer/IpAddress/User fields,
2021-01-19T13:23:22.471+0000,2021-01-19T13:23:22.471+0000,10,Microsoft-Windows-Sysmon/Operational,ict3214:attack_trace,PS-HOST-01,,,,,,,C:\Windows\Explorer.EXE,C:\Windows\system32\svchost.exe,0x1000,,,,,,,{E983936C-B38F-6006-0D00-00000000A301},992,{E983936C-CCDD-6006-4607-00000000A301},5080,,T1059.001,PowerShell,Execution,TRACE-PS-01,powershell,https://raw.githubusercontent.com/splunk/attack_data/master/datasets/attack_techniques/T1059.001/encoded_powershell/windows-sysmon.log,1819c8fcc115b024cc1f4b47e67919911623a42863644618ba35fe2fda9559e1,false,Execution,none,raw Computer/IpAddress/User fields,
2021-01-19T13:23:22.471+0000,2021-01-19T13:23:22.471+0000,10,Microsoft-Windows-Sysmon/Operational,ict3214:attack_trace,PS-HOST-01,,,,,,,C:\Windows\Explorer.EXE,C:\Windows\system32\svchost.exe,0x1000,,,,,,,{E983936C-B38F-6006-0D00-00000000A301},992,{E983936C-CCDD-6006-4607-00000000A301},5080,,T1059.001,PowerShell,Execution,TRACE-PS-01,powershell,https://raw.githubusercontent.com/splunk/attack_data/master/datasets/attack_techniques/T1059.001/encoded_powershell/windows-sysmon.log,246de162f3c12f833dc85515a5c038c0bf4b4e88d94bdb0498e5a3b0dad031d8,false,Execution,none,raw Computer/IpAddress/User fields,
2021-01-19T13:23:22.471+0000,2021-01-19T13:23:22.471+0000,10,Microsoft-Windows-Sysmon/Operational,ict3214:attack_trace,PS-HOST-01,,,,,,,C:\Windows\SystemApps\Microsoft.Windows.Cortana_cw5n1h2txyewy\SearchUI.exe,C:\Windows\system32\svchost.exe,0x1000,,,,,,,{E983936C-B38F-6006-0D00-00000000A301},992,{E983936C-CCEC-6006-5C07-00000000A301},5768,,T1059.001,PowerShell,Execution,TRACE-PS-01,powershell,https://raw.githubusercontent.com/splunk/attack_data/master/datasets/attack_techniques/T1059.001/encoded_powershell/windows-sysmon.log,2d80a58955ccdae0b5277ad02880f464913ab5e756615b46ae0f0d2774b99343,false,Execution,none,raw Computer/IpAddress/User fields,
2021-01-19T13:23:22.471+0000,2021-01-19T13:23:22.471+0000,10,Microsoft-Windows-Sysmon/Operational,ict3214:attack_trace,PS-HOST-01,,,,,,,C:\Windows\Explorer.EXE,C:\Windows\system32\svchost.exe,0x1000,,,,,,,{E983936C-B38F-6006-0D00-00000000A301},992,{E983936C-CCDD-6006-4607-00000000A301},5080,,T1059.001,PowerShell,Execution,TRACE-PS-01,powershell,https://raw.githubusercontent.com/splunk/attack_data/master/datasets/attack_techniques/T1059.001/encoded_powershell/windows-sysmon.log,371937de891d33098c2f7810bc1426271029a51b83727987ca7756b403e832ba,false,Execution,none,raw Computer/IpAddress/User fields,
2021-01-19T13:23:22.471+0000,2021-01-19T13:23:22.471+0000,10,Microsoft-Windows-Sysmon/Operational,ict3214:attack_trace,PS-HOST-01,,,,,,,C:\Windows\Explorer.EXE,C:\Windows\system32\svchost.exe,0x1000,,,,,,,{E983936C-B38F-6006-0D00-00000000A301},992,{E983936C-CCDD-6006-4607-00000000A301},5080,,T1059.001,PowerShell,Execution,TRACE-PS-01,powershell,https://raw.githubusercontent.com/splunk/attack_data/master/datasets/attack_techniques/T1059.001/encoded_powershell/windows-sysmon.log,3cf980ff90cceb7bb2b4d3f3488fb4879fbdf65b239138d680a07d4d9aa9d535,false,Execution,none,raw Computer/IpAddress/User fields,
2021-01-19T13:23:22.471+0000,2021-01-19T13:23:22.471+0000,10,Microsoft-Windows-Sysmon/Operational,ict3214:attack_trace,PS-HOST-01,,,,,,,C:\Windows\Explorer.EXE,C:\Windows\system32\svchost.exe,0x1000,,,,,,,{E983936C-B38F-6006-0D00-00000000A301},992,{E983936C-CCDD-6006-4607-00000000A301},5080,,T1059.001,PowerShell,Execution,TRACE-PS-01,powershell,https://raw.githubusercontent.com/splunk/attack_data/master/datasets/attack_techniques/T1059.001/encoded_powershell/windows-sysmon.log,40d8725b7c31ef208f7fd80d04a29e13b2392f4a4fbb5727ae6c929e50feacd9,false,Execution,none,raw Computer/IpAddress/User fields,
2021-01-19T13:23:22.471+0000,2021-01-19T13:23:22.471+0000,10,Microsoft-Windows-Sysmon/Operational,ict3214:attack_trace,PS-HOST-01,,,,,,,C:\Windows\Explorer.EXE,C:\Windows\system32\svchost.exe,0x1000,,,,,,,{E983936C-B38F-6006-0D00-00000000A301},992,{E983936C-CCDD-6006-4607-00000000A301},5080,,T1059.001,PowerShell,Execution,TRACE-PS-01,powershell,https://raw.githubusercontent.com/splunk/attack_data/master/datasets/attack_techniques/T1059.001/encoded_powershell/windows-sysmon.log,47d67a721d885dee70eaa0643927169eab302ceccfc5abaef9de7e81bc71917f,false,Execution,none,raw Computer/IpAddress/User fields,
2021-01-19T13:23:22.471+0000,2021-01-19T13:23:22.471+0000,10,Microsoft-Windows-Sysmon/Operational,ict3214:attack_trace,PS-HOST-01,,,,,,,C:\Windows\Explorer.EXE,C:\Windows\system32\svchost.exe,0x1000,,,,,,,{E983936C-B38F-6006-0D00-00000000A301},992,{E983936C-CCDD-6006-4607-00000000A301},5080,,T1059.001,PowerShell,Execution,TRACE-PS-01,powershell,https://raw.githubusercontent.com/splunk/attack_data/master/datasets/attack_techniques/T1059.001/encoded_powershell/windows-sysmon.log,4a793504aa3c2760e3f842c40de219cb5db9078eb279d72156be7f2d7cfe77a5,false,Execution,none,raw Computer/IpAddress/User fields,
2021-01-19T13:23:22.471+0000,2021-01-19T13:23:22.471+0000,10,Microsoft-Windows-Sysmon/Operational,ict3214:attack_trace,PS-HOST-01,,,,,,,C:\Windows\Explorer.EXE,C:\Windows\system32\svchost.exe,0x1000,,,,,,,{E983936C-B38F-6006-0D00-00000000A301},992,{E983936C-CCDD-6006-4607-00000000A301},5080,,T1059.001,PowerShell,Execution,TRACE-PS-01,powershell,https://raw.githubusercontent.com/splunk/attack_data/master/datasets/attack_techniques/T1059.001/encoded_powershell/windows-sysmon.log,76d32d20be83dc3a3bcba531dedde71cfef4e8b294f9175bb3005916323f3051,false,Execution,none,raw Computer/IpAddress/User fields,
2021-01-19T13:23:22.471+0000,2021-01-19T13:23:22.471+0000,10,Microsoft-Windows-Sysmon/Operational,ict3214:attack_trace,PS-HOST-01,,,,,,,C:\Windows\Explorer.EXE,C:\Windows\system32\svchost.exe,0x1000,,,,,,,{E983936C-B38F-6006-0D00-00000000A301},992,{E983936C-CCDD-6006-4607-00000000A301},5080,,T1059.001,PowerShell,Execution,TRACE-PS-01,powershell,https://raw.githubusercontent.com/splunk/attack_data/master/datasets/attack_techniques/T1059.001/encoded_powershell/windows-sysmon.log,7d7d4cab89138542b524c9213944d5969903b425ceff0ee6b4b06aac8cb08a19,false,Execution,none,raw Computer/IpAddress/User fields,
2021-01-19T13:23:22.471+0000,2021-01-19T13:23:22.471+0000,10,Microsoft-Windows-Sysmon/Operational,ict3214:attack_trace,PS-HOST-01,,,,,,,C:\Windows\SystemApps\Microsoft.Windows.Cortana_cw5n1h2txyewy\SearchUI.exe,C:\Windows\system32\svchost.exe,0x1000,,,,,,,{E983936C-B38F-6006-0D00-00000000A301},992,{E983936C-CCEC-6006-5C07-00000000A301},5768,,T1059.001,PowerShell,Execution,TRACE-PS-01,powershell,https://raw.githubusercontent.com/splunk/attack_data/master/datasets/attack_techniques/T1059.001/encoded_powershell/windows-sysmon.log,8d03dbbfcade2088c5977bb761073ae0bdcd6867de0b1d79f79805f9c1d5766b,false,Execution,none,raw Computer/IpAddress/User fields,
2021-01-19T13:23:22.471+0000,2021-01-19T13:23:22.471+0000,10,Microsoft-Windows-Sysmon/Operational,ict3214:attack_trace,PS-HOST-01,,,,,,,C:\Windows\SystemApps\ShellExperienceHost_cw5n1h2txyewy\ShellExperienceHost.exe,C:\Windows\system32\svchost.exe,0x1000,,,,,,,{E983936C-B38F-6006-0D00-00000000A301},992,{E983936C-CCEA-6006-5B07-00000000A301},5624,,T1059.001,PowerShell,Execution,TRACE-PS-01,powershell,https://raw.githubusercontent.com/splunk/attack_data/master/datasets/attack_techniques/T1059.001/encoded_powershell/windows-sysmon.log,ba2a71a9f1657c5bc015ae2c1094ed05e592618d2568cfe35977cf49cefb9528,false,Execution,none,raw Computer/IpAddress/User fields,
