2021-01-19T13:28:20.841+0000,2021-01-19T13:28:20.841+0000,10,Microsoft-Windows-Sysmon/Operational,ict3214:attack_trace,PS-HOST-01,,,,,,,C:\Program Files\SplunkUniversalForwarder\bin\splunk-regmon.exe,C:\Windows\system32\conhost.exe,0x1fffff,,,,,,,{E983936C-B439-6006-B800-00000000A301},4284,{E983936C-DE74-6006-A309-00000000A301},7980,,T1059.001,PowerShell,Execution,TRACE-PS-01,powershell,https://raw.githubusercontent.com/splunk/attack_data/master/datasets/attack_techniques/T1059.001/encoded_powershell/windows-sysmon.log,eb6711f3385c0079062cba55d60c32cf2c952e8299bedbb45342eb11bc5ef31f,false,Execution,none,raw Computer/IpAddress/User fields,
2021-01-19T13:28:20.855+0000,2021-01-19T13:28:20.855+0000,10,Microsoft-Windows-Sysmon/Operational,ict3214:attack_trace,PS-HOST-01,,,,,,,C:\Program Files\Mozilla Firefox\firefox.exe,C:\Windows\Explorer.EXE,0x40,,,,,,,{E983936C-CCDD-6006-4607-00000000A301},5080,{E983936C-CD5C-6006-8407-00000000A301},6812,,T1059.001,PowerShell,Execution,TRACE-PS-01,powershell,https://raw.githubusercontent.com/splunk/attack_data/master/datasets/attack_techniques/T1059.001/encoded_powershell/windows-sysmon.log,65af25530f7ade7db39ef144fecea54928cba0b500d92bab32a487622e51bc80,false,Execution,none,raw Computer/IpAddress/User fields,
2021-01-19T13:28:20.855+0000,2021-01-19T13:28:20.855+0000,10,Microsoft-Windows-Sysmon/Operational,ict3214:attack_trace,PS-HOST-01,,,,,,,C:\Program Files\Mozilla Firefox\firefox.exe,C:\Windows\Explorer.EXE,0x40,,,,,,,{E983936C-CCDD-6006-4607-00000000A301},5080,{E983936C-CD5C-6006-8407-00000000A301},6812,,T1059.001,PowerShell,Execution,TRACE-PS-01,powershell,https://raw.githubusercontent.com/splunk/attack_data/master/datasets/attack_techniques/T1059.001/encoded_powershell/windows-sysmon.log,6fbf1f2929c886856b8bb8f0c117acabdffbef9b2cceb6befaa57e63264fe5ef,false,Execution,none,raw Computer/IpAddress/User fields,
2021-01-19T13:28:20.998+0000,2021-01-19T13:28:20.998+0000,10,Microsoft-Windows-Sysmon/Operational,ict3214:attack_trace,PS-HOST-01,,,,,,,C:\Program Files\SplunkUniversalForwarder\bin\splunkd.exe,C:\Program Files\SplunkUniversalForwarder\bin\splunk-regmon.exe,0x101400,,,,,,,{E983936C-DE74-6006-A309-00000000A301},7980,{E983936C-B438-6006-B400-00000000A301},4412,,T1059.001,PowerShell,Execution,TRACE-PS-01,powershell,https://raw.githubusercontent.com/splunk/attack_data/master/datasets/attack_techniques/T1059.001/encoded_powershell/windows-sysmon.log,1961c684a3160b44f325096b179a55041efd9d5847a716259a5c3018c112028e,false,Execution,none,raw Computer/IpAddress/User fields,
2021-01-19T13:28:21.496+0000,2021-01-19T13:28:21.496+0000,1,Microsoft-Windows-Sysmon/Operational,ict3214:attack_trace,PS-HOST-01,,,NT AUTHORITY\SYSTEM,C:\Program Files\SplunkUniversalForwarder\bin\splunk-netmon.exe,C:\Program Files\SplunkUniversalForwarder\bin\splunkd.exe,"""C:\Program Files\SplunkUniversalForwarder\bin\splunk-netmon.exe""",,,,,,,,{E983936C-DE75-6006-A409-00000000A301},7108,,,,,,T1059.001,PowerShell,Execution,TRACE-PS-01,powershell,https://raw.githubusercontent.com/splunk/attack_data/master/datasets/attack_techniques/T1059.001/encoded_powershell/windows-sysmon.log,0598e0c1187f411de83fc06756ad0a3eb22aa5336ca74dc9e7c6956ed068f4db,false,Execution,none,raw Computer/IpAddress/User fields,{E983936C-B438-6006-B400-00000000A301}
2021-01-19T13:28:21.496+0000,2021-01-19T13:28:21.496+0000,10,Microsoft-Windows-Sysmon/Operational,ict3214:attack_trace,PS-HOST-01,,,,,,,C:\Windows\sysmon64.exe,C:\Windows\system32\svchost.exe,0x1400,,,,,,,{E983936C-B38F-6006-0C00-00000000A301},592,{E983936C-B3A0-6006-3100-00000000A301},2052,,T1059.001,PowerShell,Execution,TRACE-PS-01,powershell,https://raw.githubusercontent.com/splunk/attack_data/master/datasets/attack_techniques/T1059.001/encoded_powershell/windows-sysmon.log,3588ab387fc198ceb25fe0bf6e2f33f974fa18ff848d90e9aa6e37616c1539ce,false,Execution,none,raw Computer/IpAddress/User fields,
2021-01-19T13:28:21.496+0000,2021-01-19T13:28:21.496+0000,10,Microsoft-Windows-Sysmon/Operational,ict3214:attack_trace,PS-HOST-01,,,,,,,C:\Windows\sysmon64.exe,C:\Windows\system32\svchost.exe,0x1400,,,,,,,{E983936C-B38F-6006-0C00-00000000A301},592,{E983936C-B3A0-6006-3100-00000000A301},2052,,T1059.001,PowerShell,Execution,TRACE-PS-01,powershell,https://raw.githubusercontent.com/splunk/attack_data/master/datasets/attack_techniques/T1059.001/encoded_powershell/windows-sysmon.log,35c02a6de4657758bf5c5386979a3f98aa72786f9f9c90dff598c22494aa9eee,false,Execution,none,raw Computer/IpAddress/User fields,
2021-01-19T13:28:21.496+0000,2021-01-19T13:28:21.496+0000,10,Microsoft-Windows-Sysmon/Operational,ict3214:attack_trace,PS-HOST-01,,,,,,,C:\Windows\sysmon64.exe,C:\Windows\system32\svchost.exe,0x1400,,,,,,,{E983936C-B38F-6006-0C00-00000000A301},592,{E983936C-B3A0-6006-3100-00000000A301},2052,,T1059.001,PowerShell,Execution,TRACE-PS-01,powershell,https://raw.githubusercontent.com/splunk/attack_data/master/datasets/attack_techniques/T1059.001/encoded_powershell/windows-sysmon.log,445236d4283a32debe52ee16c8293513b18ac55e170e2d4b5667b3ff3393e254,false,Execution,none,raw Computer/IpAddress/User fields,
2021-01-19T13:28:21.496+0000,2021-01-19T13:28:21.496+0000,10,Microsoft-Windows-Sysmon/Operational,ict3214:attack_trace,PS-HOST-01,,,,,,,C:\Program Files\SplunkUniversalForwarder\bin\splunk-netmon.exe,C:\Program Files\SplunkUniversalForwarder\bin\splunkd.exe,0x1fffff,,,,,,,{E983936C-B438-6006-B400-00000000A301},4412,{E983936C-DE75-6006-A409-00000000A301},7108,,T1059.001,PowerShell,Execution,TRACE-PS-01,powershell,https://raw.githubusercontent.com/splunk/attack_data/master/datasets/attack_techniques/T1059.001/encoded_powershell/windows-sysmon.log,d687f82b3ae84cd396751129076310489837c940ad5dbbe06793dd24d810a8b2,false,Execution,none,raw Computer/IpAddress/User fields,
2021-01-19T13:28:21.496+0000,2021-01-19T13:28:21.496+0000,10,Microsoft-Windows-Sysmon/Operational,ict3214:attack_trace,PS-HOST-01,,,,,,,C:\Program Files\SplunkUniversalForwarder\bin\splunk-netmon.exe,C:\Windows\system32\csrss.exe,0x1fffff,,,,,,,{E983936C-B38D-6006-0500-00000000A301},636,{E983936C-DE75-6006-A409-00000000A301},7108,,T1059.001,PowerShell,Execution,TRACE-PS-01,powershell,https://raw.githubusercontent.com/splunk/attack_data/master/datasets/attack_techniques/T1059.001/encoded_powershell/windows-sysmon.log,db1c84e4644f610c2f9ff7effc9650b2b0defaad50ac71d25e60e58c414c6131,false,Execution,none,raw Computer/IpAddress/User fields,
2021-01-19T13:28:21.496+0000,2021-01-19T13:28:21.496+0000,10,Microsoft-Windows-Sysmon/Operational,ict3214:attack_trace,PS-HOST-01,,,,,,,C:\Windows\sysmon64.exe,C:\Windows\system32\svchost.exe,0x1400,,,,,,,{E983936C-B38F-6006-0C00-00000000A301},592,{E983936C-B3A0-6006-3100-00000000A301},2052,,T1059.001,PowerShell,Execution,TRACE-PS-01,powershell,https://raw.githubusercontent.com/splunk/attack_data/master/datasets/attack_techniques/T1059.001/encoded_powershell/windows-sysmon.log,f0decc2842b1c4e43c8afffbbfc857483d8b94e225b9733921ae3c68c892c850,false,Execution,none,raw Computer/IpAddress/User fields,
2021-01-19T13:28:21.497+0000,2021-01-19T13:28:21.497+0000,10,Microsoft-Windows-Sysmon/Operational,ict3214:attack_trace,PS-HOST-01,,,,,,,C:\Program Files\SplunkUniversalForwarder\bin\splunk-netmon.exe,C:\Windows\system32\conhost.exe,0x1fffff,,,,,,,{E983936C-B439-6006-B800-00000000A301},4284,{E983936C-DE75-6006-A409-00000000A301},7108,,T1059.001,PowerShell,Execution,TRACE-PS-01,powershell,https://raw.githubusercontent.com/splunk/attack_data/master/datasets/attack_techniques/T1059.001/encoded_powershell/windows-sysmon.log,0403cdfae67ffbf1740c6e6bc81d74cdcd3ce2fc6bc6d04718363ab4f3fe42ea,false,Execution,none,raw Computer/IpAddress/User fields,
2021-01-19T13:28:21.820+0000,2021-01-19T13:28:21.820+0000,10,Microsoft-Windows-Sysmon/Operational,ict3214:attack_trace,PS-HOST-01,,,,,,,C:\Program Files\Mozilla Firefox\firefox.exe,C:\Windows\system32\svchost.exe,0x1000,,,,,,,{E983936C-B38F-6006-0D00-00000000A301},992,{E983936C-CD5C-6006-8407-00000000A301},6812,,T1059.001,PowerShell,Execution,TRACE-PS-01,powershell,https://raw.githubusercontent.com/splunk/attack_data/master/datasets/attack_techniques/T1059.001/encoded_powershell/windows-sysmon.log,34a6ddc3d976942128eae32f3b5e0cd09ca998735f2df748c33fbd89b002bbf6,false,Execution,none,raw Computer/IpAddress/User fields,
2021-01-19T13:28:21.820+0000,2021-01-19T13:28:21.820+0000,10,Microsoft-Windows-Sysmon/Operational,ict3214:attack_trace,PS-HOST-01,,,,,,,C:\Windows\system32\svchost.exe,C:\Windows\system32\svchost.exe,0x1000,,,,,,,{E983936C-B38F-6006-0D00-00000000A301},992,{E983936C-B3A0-6006-3000-00000000A301},2668,,T1059.001,PowerShell,Execution,TRACE-PS-01,powershell,https://raw.githubusercontent.com/splunk/attack_data/master/datasets/attack_techniques/T1059.001/encoded_powershell/windows-sysmon.log,caf0ce1abfb36d02b87176fd047d2175e16f6e3726298677c0cc8746bff60d4a,false,Execution,none,raw Computer/IpAddress/User fields,
2021-01-19T13:28:22.167+0000,2021-01-19T13:28:22.167+0000,10,Microsoft-Windows-Sysmon/Operational,ict3214:attack_trace,PS-HOST-01,,,,,,,C:\Windows\sysmon64.exe,C:\Windows\system32\svchost.exe,0x1400,,,,,,,{E983936C-B38F-6006-0C00-00000000A301},592,{E983936C-B3A0-6006-3100-00000000A301},2052,,T1059.001,PowerShell,Execution,TRACE-PS-01,powershell,https://raw.githubusercontent.com/splunk/attack_data/master/datasets/attack_techniques/T1059.001/encoded_powershell/windows-sysmon.log,4d50423df7087c95f172ada8b7363d2184d6718eead8b252254151810c3de6f3,false,Execution,none,raw Computer/IpAddress/User fields,
2021-01-19T13:28:22.167+0000,2021-01-19T13:28:22.167+0000,10,Microsoft-Windows-Sysmon/Operational,ict3214:attack_trace,PS-HOST-01,,,,,,,C:\Program Files\SplunkUniversalForwarder\bin\splunk-MonitorNoHandle.exe,C:\Windows\system32\csrss.exe,0x1fffff,,,,,,,{E983936C-B38D-6006-0500-00000000A301},636,{E983936C-DE76-6006-A509-00000000A301},6052,,T1059.001,PowerShell,Execution,TRACE-PS-01,powershell,https://raw.githubusercontent.com/splunk/attack_data/master/datasets/attack_techniques/T1059.001/encoded_powershell/windows-sysmon.log,830947b9edd90fc5a078e2f6d14e76d58c33ec18a5907ad971c9813357e48f5c,false,Execution,none,raw Computer/IpAddress/User fields,
2021-01-19T13:28:22.167+0000,2021-01-19T13:28:22.167+0000,10,Microsoft-Windows-Sysmon/Operational,ict3214:attack_trace,PS-HOST-01,,,,,,,C:\Windows\sysmon64.exe,C:\Windows\system32\svchost.exe,0x1400,,,,,,,{E983936C-B38F-6006-0C00-00000000A301},592,{E983936C-B3A0-6006-3100-00000000A301},2052,,T1059.001,PowerShell,Execution,TRACE-PS-01,powershell,https://raw.githubusercontent.com/splunk/attack_data/master/datasets/attack_techniques/T1059.001/encoded_powershell/windows-sysmon.log,8cb64ccdd80bec2f7a3c700912461340c17e3aad9ae2b4cf9d604645bb74a587,false,Execution,none,raw Computer/IpAddress/User fields,
2021-01-19T13:28:22.167+0000,2021-01-19T13:28:22.167+0000,10,Microsoft-Windows-Sysmon/Operational,ict3214:attack_trace,PS-HOST-01,,,,,,,C:\Windows\sysmon64.exe,C:\Windows\system32\svchost.exe,0x1400,,,,,,,{E983936C-B38F-6006-0C00-00000000A301},592,{E983936C-B3A0-6006-3100-00000000A301},2052,,T1059.001,PowerShell,Execution,TRACE-PS-01,powershell,https://raw.githubusercontent.com/splunk/attack_data/master/datasets/attack_techniques/T1059.001/encoded_powershell/windows-sysmon.log,a45f14cda612cebd2475171de05b27ef4479a2923354c9c772b9cf8d05e090fd,false,Execution,none,raw Computer/IpAddress/User fields,
2021-01-19T13:28:22.167+0000,2021-01-19T13:28:22.167+0000,10,Microsoft-Windows-Sysmon/Operational,ict3214:attack_trace,PS-HOST-01,,,,,,,C:\Windows\sysmon64.exe,C:\Windows\system32\svchost.exe,0x1400,,,,,,,{E983936C-B38F-6006-0C00-00000000A301},592,{E983936C-B3A0-6006-3100-00000000A301},2052,,T1059.001,PowerShell,Execution,TRACE-PS-01,powershell,https://raw.githubusercontent.com/splunk/attack_data/master/datasets/attack_techniques/T1059.001/encoded_powershell/windows-sysmon.log,a8c81f90163c745f50176a0eff9934f4562c89c53a2fc81c3181a248283575a1,false,Execution,none,raw Computer/IpAddress/User fields,
2021-01-19T13:28:22.167+0000,2021-01-19T13:28:22.167+0000,1,Microsoft-Windows-Sysmon/Operational,ict3214:attack_trace,PS-HOST-01,,,NT AUTHORITY\SYSTEM,C:\Program Files\SplunkUniversalForwarder\bin\splunk-MonitorNoHandle.exe,C:\Program Files\SplunkUniversalForwarder\bin\splunkd.exe,"""C:\Program Files\SplunkUniversalForwarder\bin\splunk-MonitorNoHandle.exe""",,,,,,,,{E983936C-DE76-6006-A509-00000000A301},6052,,,,,,T1059.001,PowerShell,Execution,TRACE-PS-01,powershell,https://raw.githubusercontent.com/splunk/attack_data/master/datasets/attack_techniques/T1059.001/encoded_powershell/windows-sysmon.log,c3a5ac3b9b2c846d0b8e9bf0ceb6ad39f29004db165695354c6c00880a9087b1,false,Execution,none,raw Computer/IpAddress/User fields,{E983936C-B438-6006-B400-00000000A301}
2021-01-19T13:28:22.167+0000,2021-01-19T13:28:22.167+0000,10,Microsoft-Windows-Sysmon/Operational,ict3214:attack_trace,PS-HOST-01,,,,,,,C:\Program Files\SplunkUniversalForwarder\bin\splunk-MonitorNoHandle.exe,C:\Program Files\SplunkUniversalForwarder\bin\splunkd.exe,0x1fffff,,,,,,,{E983936C-B438-6006-B400-00000000A301},4412,{E983936C-DE76-6006-A509-00000000A301},6052,,T1059.001,PowerShell,Execution,TRACE-PS-01,powershell,https://raw.githubusercontent.com/splunk/attack_data/master/datasets/attack_techniques/T1059.001/encoded_powershell/windows-sysmon.log,d0e00855c833d3388f038a53d03ec702342cdf889fcf785cfd9f8b686cb0b248,false,Execution,none,raw Computer/IpAddress/User fields,
2021-01-19T13:28:22.168+0000,2021-01-19T13:28:22.168+0000,10,Microsoft-Windows-Sysmon/Operational,ict3214:attack_trace,PS-HOST-01,,,,,,,C:\Program Files\SplunkUniversalForwarder\bin\splunk-MonitorNoHandle.exe,C:\Windows\system32\conhost.exe,0x1fffff,,,,,,,{E983936C-B439-6006-B800-00000000A301},4284,{E983936C-DE76-6006-A509-00000000A301},6052,,T1059.001,PowerShell,Execution,TRACE-PS-01,powershell,https://raw.githubusercontent.com/splunk/attack_data/master/datasets/attack_techniques/T1059.001/encoded_powershell/windows-sysmon.log,f7cdf6890d31d35ed1349deb3f94b3384d11e28e40fa4ba4a80cbdee3822241e,false,Execution,none,raw Computer/IpAddress/User fields,
2021-01-19T13:28:22.414+0000,2021-01-19T13:28:22.414+0000,10,Microsoft-Windows-Sysmon/Operational,ict3214:attack_trace,PS-HOST-01,,,,,,,C:\Windows\Explorer.EXE,C:\Windows\system32\svchost.exe,0x1000,,,,,,,{E983936C-B38F-6006-0D00-00000000A301},992,{E983936C-CCDD-6006-4607-00000000A301},5080,,T1059.001,PowerShell,Execution,TRACE-PS-01,powershell,https://raw.githubusercontent.com/splunk/attack_data/master/datasets/attack_techniques/T1059.001/encoded_powershell/windows-sysmon.log,208d2b8a3fa38fac14760bc7da506062e2fb50857d8067a8f9735b2e522a54f6,false,Execution,none,raw Computer/IpAddress/User fields,
2021-01-19T13:28:22.414+0000,2021-01-19T13:28:22.414+0000,10,Microsoft-Windows-Sysmon/Operational,ict3214:attack_trace,PS-HOST-01,,,,,,,C:\Windows\Explorer.EXE,C:\Windows\system32\svchost.exe,0x1000,,,,,,,{E983936C-B38F-6006-0D00-00000000A301},992,{E983936C-CCDD-6006-4607-00000000A301},5080,,T1059.001,PowerShell,Execution,TRACE-PS-01,powershell,https://raw.githubusercontent.com/splunk/attack_data/master/datasets/attack_techniques/T1059.001/encoded_powershell/windows-sysmon.log,26065cadc73a9db83ffbb5c5d9a7747d5c60ee6c346cec32d1f266a5735fde83,false,Execution,none,raw Computer/IpAddress/User fields,
2021-01-19T13:28:22.414+0000,2021-01-19T13:28:22.414+0000,10,Microsoft-Windows-Sysmon/Operational,ict3214:attack_trace,PS-HOST-01,,,,,,,C:\Windows\Explorer.EXE,C:\Windows\system32\svchost.exe,0x1000,,,,,,,{E983936C-B38F-6006-0D00-00000000A301},992,{E983936C-CCDD-6006-4607-00000000A301},5080,,T1059.001,PowerShell,Execution,TRACE-PS-01,powershell,https://raw.githubusercontent.com/splunk/attack_data/master/datasets/attack_techniques/T1059.001/encoded_powershell/windows-sysmon.log,2de81ab3fe837c8a8ee9fde7e62850c9dbc4dc108bd111c1f6427a866e8dd732,false,Execution,none,raw Computer/IpAddress/User fields,
2021-01-19T13:28:22.414+0000,2021-01-19T13:28:22.414+0000,10,Microsoft-Windows-Sysmon/Operational,ict3214:attack_trace,PS-HOST-01,,,,,,,C:\Windows\Explorer.EXE,C:\Windows\system32\svchost.exe,0x1000,,,,,,,{E983936C-B38F-6006-0D00-00000000A301},992,{E983936C-CCDD-6006-4607-00000000A301},5080,,T1059.001,PowerShell,Execution,TRACE-PS-01,powershell,https://raw.githubusercontent.com/splunk/attack_data/master/datasets/attack_techniques/T1059.001/encoded_powershell/windows-sysmon.log,46c23efdde15301fb64940a20548db5b58e12f201af43efb293691a57e684750,false,Execution,none,raw Computer/IpAddress/User fields,
2021-01-19T13:28:22.414+0000,2021-01-19T13:28:22.414+0000,10,Microsoft-Windows-Sysmon/Operational,ict3214:attack_trace,PS-HOST-01,,,,,,,C:\Windows\Explorer.EXE,C:\Windows\system32\svchost.exe,0x1000,,,,,,,{E983936C-B38F-6006-0D00-00000000A301},992,{E983936C-CCDD-6006-4607-00000000A301},5080,,T1059.001,PowerShell,Execution,TRACE-PS-01,powershell,https://raw.githubusercontent.com/splunk/attack_data/master/datasets/attack_techniques/T1059.001/encoded_powershell/windows-sysmon.log,490a1afc05bfaea7b0f8d7fecc19b815ddcfddbd4c27b709cd629730529517be,false,Execution,none,raw Computer/IpAddress/User fields,
2021-01-19T13:28:22.414+0000,2021-01-19T13:28:22.414+0000,10,Microsoft-Windows-Sysmon/Operational,ict3214:attack_trace,PS-HOST-01,,,,,,,C:\Windows\Explorer.EXE,C:\Windows\system32\svchost.exe,0x1000,,,,,,,{E983936C-B38F-6006-0D00-00000000A301},992,{E983936C-CCDD-6006-4607-00000000A301},5080,,T1059.001,PowerShell,Execution,TRACE-PS-01,powershell,https://raw.githubusercontent.com/splunk/attack_data/master/datasets/attack_techniques/T1059.001/encoded_powershell/windows-sysmon.log,c01a2f14685d9715f28497e9e8d9f34935e1f9b853e42ecb057cdf231cb273ea,false,Execution,none,raw Computer/IpAddress/User fields,
2021-01-19T13:28:22.414+0000,2021-01-19T13:28:22.414+0000,10,Microsoft-Windows-Sysmon/Operational,ict3214:attack_trace,PS-HOST-01,,,,,,,C:\Windows\Explorer.EXE,C:\Windows\system32\svchost.exe,0x1000,,,,,,,{E983936C-B38F-6006-0D00-00000000A301},992,{E983936C-CCDD-6006-4607-00000000A301},5080,,T1059.001,PowerShell,Execution,TRACE-PS-01,powershell,https://raw.githubusercontent.com/splunk/attack_data/master/datasets/attack_techniques/T1059.001/encoded_powershell/windows-sysmon.log,dcff14c34d03b0bad00a6b4c1caf3c2fb8528cf82dfc63e44480f9dd079645a9,false,Execution,none,raw Computer/IpAddress/User fields,
2021-01-19T13:28:22.414+0000,2021-01-19T13:28:22.414+0000,10,Microsoft-Windows-Sysmon/Operational,ict3214:attack_trace,PS-HOST-01,,,,,,,C:\Windows\Explorer.EXE,C:\Windows\system32\svchost.exe,0x1000,,,,,,,{E983936C-B38F-6006-0D00-00000000A301},992,{E983936C-CCDD-6006-4607-00000000A301},5080,,T1059.001,PowerShell,Execution,TRACE-PS-01,powershell,https://raw.githubusercontent.com/splunk/attack_data/master/datasets/attack_techniques/T1059.001/encoded_powershell/windows-sysmon.log,e1e733b78ae09cf2c0b725857f9a6d07daa16f5e3ee0aca74c716d46ae65cc75,false,Execution,none,raw Computer/IpAddress/User fields,
2021-01-19T13:28:22.415+0000,2021-01-19T13:28:22.415+0000,10,Microsoft-Windows-Sysmon/Operational,ict3214:attack_trace,PS-HOST-01,,,,,,,C:\Windows\SystemApps\ShellExperienceHost_cw5n1h2txyewy\ShellExperienceHost.exe,C:\Windows\system32\svchost.exe,0x1000,,,,,,,{E983936C-B38F-6006-0D00-00000000A301},992,{E983936C-CCEA-6006-5B07-00000000A301},5624,,T1059.001,PowerShell,Execution,TRACE-PS-01,powershell,https://raw.githubusercontent.com/splunk/attack_data/master/datasets/attack_techniques/T1059.001/encoded_powershell/windows-sysmon.log,0086acc84337824544af7f5b08d1bc86379be2b735e354fa34de5488e47c304a,false,Execution,none,raw Computer/IpAddress/User fields,
2021-01-19T13:28:22.415+0000,2021-01-19T13:28:22.415+0000,10,Microsoft-Windows-Sysmon/Operational,ict3214:attack_trace,PS-HOST-01,,,,,,,C:\Windows\Explorer.EXE,C:\Windows\system32\svchost.exe,0x1000,,,,,,,{E983936C-B38F-6006-0D00-00000000A301},992,{E983936C-CCDD-6006-4607-00000000A301},5080,,T1059.001,PowerShell,Execution,TRACE-PS-01,powershell,https://raw.githubusercontent.com/splunk/attack_data/master/datasets/attack_techniques/T1059.001/encoded_powershell/windows-sysmon.log,09bc0f25e00b7658f8e40f57b5f9f6ad9c8cce07bb35c0377f32f6eded0c3a1c,false,Execution,none,raw Computer/IpAddress/User fields,
2021-01-19T13:28:22.415+0000,2021-01-19T13:28:22.415+0000,10,Microsoft-Windows-Sysmon/Operational,ict3214:attack_trace,PS-HOST-01,,,,,,,C:\Windows\SystemApps\ShellExperienceHost_cw5n1h2txyewy\ShellExperienceHost.exe,C:\Windows\system32\svchost.exe,0x1000,,,,,,,{E983936C-B38F-6006-0D00-00000000A301},992,{E983936C-CCEA-6006-5B07-00000000A301},5624,,T1059.001,PowerShell,Execution,TRACE-PS-01,powershell,https://raw.githubusercontent.com/splunk/attack_data/master/datasets/attack_techniques/T1059.001/encoded_powershell/windows-sysmon.log,0cb6fd17ed6b7b604db99744a3ef324c16478a5c8f160eca96b5ec6d56dccc8c,false,Execution,none,raw Computer/IpAddress/User fields,
2021-01-19T13:28:22.415+0000,2021-01-19T13:28:22.415+0000,10,Microsoft-Windows-Sysmon/Operational,ict3214:attack_trace,PS-HOST-01,,,,,,,C:\Windows\Explorer.EXE,C:\Windows\system32\svchost.exe,0x1000,,,,,,,{E983936C-B38F-6006-0D00-00000000A301},992,{E983936C-CCDD-6006-4607-00000000A301},5080,,T1059.001,PowerShell,Execution,TRACE-PS-01,powershell,https://raw.githubusercontent.com/splunk/attack_data/master/datasets/attack_techniques/T1059.001/encoded_powershell/windows-sysmon.log,0cc6dbb63a6920332378aef713c79998c4a0aa2c62fc0cc4a64c5969788af11e,false,Execution,none,raw Computer/IpAddress/User fields,
2021-01-19T13:28:22.415+0000,2021-01-19T13:28:22.415+0000,10,Microsoft-Windows-Sysmon/Operational,ict3214:attack_trace,PS-HOST-01,,,,,,,C:\Windows\SystemApps\ShellExperienceHost_cw5n1h2txyewy\ShellExperienceHost.exe,C:\Windows\system32\svchost.exe,0x1000,,,,,,,{E983936C-B38F-6006-0D00-00000000A301},992,{E983936C-CCEA-6006-5B07-00000000A301},5624,,T1059.001,PowerShell,Execution,TRACE-PS-01,powershell,https://raw.githubusercontent.com/splunk/attack_data/master/datasets/attack_techniques/T1059.001/encoded_powershell/windows-sysmon.log,12221a7ad818f075cce81a675688526ebffd9d7182ad3184bdb5e385a5323a2b,false,Execution,none,raw Computer/IpAddress/User fields,
2021-01-19T13:28:22.415+0000,2021-01-19T13:28:22.415+0000,10,Microsoft-Windows-Sysmon/Operational,ict3214:attack_trace,PS-HOST-01,,,,,,,C:\Windows\SystemApps\ShellExperienceHost_cw5n1h2txyewy\ShellExperienceHost.exe,C:\Windows\system32\svchost.exe,0x1000,,,,,,,{E983936C-B38F-6006-0D00-00000000A301},992,{E983936C-CCEA-6006-5B07-00000000A301},5624,,T1059.001,PowerShell,Execution,TRACE-PS-01,powershell,https://raw.githubusercontent.com/splunk/attack_data/master/datasets/attack_techniques/T1059.001/encoded_powershell/windows-sysmon.log,1f1752fca58fe6d1936436dfedc23c891621b21209e3c45ef142508abd99c185,false,Execution,none,raw Computer/IpAddress/User fields,
2021-01-19T13:28:22.415+0000,2021-01-19T13:28:22.415+0000,10,Microsoft-Windows-Sysmon/Operational,ict3214:attack_trace,PS-HOST-01,,,,,,,C:\Windows\Explorer.EXE,C:\Windows\system32\svchost.exe,0x1000,,,,,,,{E983936C-B38F-6006-0D00-00000000A301},992,{E983936C-CCDD-6006-4607-00000000A301},5080,,T1059.001,PowerShell,Execution,TRACE-PS-01,powershell,https://raw.githubusercontent.com/splunk/attack_data/master/datasets/attack_techniques/T1059.001/encoded_powershell/windows-sysmon.log,2d8f9a8e1807725aa00651921e149feccdd4e45b73fbe31d918e813fc6b18573,false,Execution,none,raw Computer/IpAddress/User fields,
2021-01-19T13:28:22.415+0000,2021-01-19T13:28:22.415+0000,10,Microsoft-Windows-Sysmon/Operational,ict3214:attack_trace,PS-HOST-01,,,,,,,C:\Windows\SystemApps\ShellExperienceHost_cw5n1h2txyewy\ShellExperienceHost.exe,C:\Windows\system32\svchost.exe,0x1000,,,,,,,{E983936C-B38F-6006-0D00-00000000A301},992,{E983936C-CCEA-6006-5B07-00000000A301},5624,,T1059.001,PowerShell,Execution,TRACE-PS-01,powershell,https://raw.githubusercontent.com/splunk/attack_data/master/datasets/attack_techniques/T1059.001/encoded_powershell/windows-sysmon.log,2ef997821288a2625a48a5543fc2f545e4beca9c72cf92bf11be5684f04519f5,false,Execution,none,raw Computer/IpAddress/User fields,
2021-01-19T13:28:22.415+0000,2021-01-19T13:28:22.415+0000,10,Microsoft-Windows-Sysmon/Operational,ict3214:attack_trace,PS-HOST-01,,,,,,,C:\Windows\SystemApps\ShellExperienceHost_cw5n1h2txyewy\ShellExperienceHost.exe,C:\Windows\system32\svchost.exe,0x1000,,,,,,,{E983936C-B38F-6006-0D00-00000000A301},992,{E983936C-CCEA-6006-5B07-00000000A301},5624,,T1059.001,PowerShell,Execution,TRACE-PS-01,powershell,https://raw.githubusercontent.com/splunk/attack_data/master/datasets/attack_techniques/T1059.001/encoded_powershell/windows-sysmon.log,46db8086a8c4d587239acf4b85455b56988370b0c72931b20bdff8cdf3259241,false,Execution,none,raw Computer/IpAddress/User fields,
2021-01-19T13:28:22.415+0000,2021-01-19T13:28:22.415+0000,10,Microsoft-Windows-Sysmon/Operational,ict3214:attack_trace,PS-HOST-01,,,,,,,C:\Windows\Explorer.EXE,C:\Windows\system32\svchost.exe,0x1000,,,,,,,{E983936C-B38F-6006-0D00-00000000A301},992,{E983936C-CCDD-6006-4607-00000000A301},5080,,T1059.001,PowerShell,Execution,TRACE-PS-01,powershell,https://raw.githubusercontent.com/splunk/attack_data/master/datasets/attack_techniques/T1059.001/encoded_powershell/windows-sysmon.log,6f52c4978ff0e010cdaf81eccac9c8c606cb78ac024339b6bb22ca9bf07d13b1,false,Execution,none,raw Computer/IpAddress/User fields,
2021-01-19T13:28:22.415+0000,2021-01-19T13:28:22.415+0000,10,Microsoft-Windows-Sysmon/Operational,ict3214:attack_trace,PS-HOST-01,,,,,,,C:\Windows\Explorer.EXE,C:\Windows\system32\svchost.exe,0x1000,,,,,,,{E983936C-B38F-6006-0D00-00000000A301},992,{E983936C-CCDD-6006-4607-00000000A301},5080,,T1059.001,PowerShell,Execution,TRACE-PS-01,powershell,https://raw.githubusercontent.com/splunk/attack_data/master/datasets/attack_techniques/T1059.001/encoded_powershell/windows-sysmon.log,6fb48efd4846f75048d6e770bd90f6501be6304bcb7bb2fedecf82a6e542bc98,false,Execution,none,raw Computer/IpAddress/User fields,
2021-01-19T13:28:22.415+0000,2021-01-19T13:28:22.415+0000,10,Microsoft-Windows-Sysmon/Operational,ict3214:attack_trace,PS-HOST-01,,,,,,,C:\Windows\SystemApps\ShellExperienceHost_cw5n1h2txyewy\ShellExperienceHost.exe,C:\Windows\system32\svchost.exe,0x1000,,,,,,,{E983936C-B38F-6006-0D00-00000000A301},992,{E983936C-CCEA-6006-5B07-00000000A301},5624,,T1059.001,PowerShell,Execution,TRACE-PS-01,powershell,https://raw.githubusercontent.com/splunk/attack_data/master/datasets/attack_techniques/T1059.001/encoded_powershell/windows-sysmon.log,7246cc861a5f804dab4427fb87558f5e0467ecb107ad93ef94b7cd937f606893,false,Execution,none,raw Computer/IpAddress/User fields,
2021-01-19T13:28:22.415+0000,2021-01-19T13:28:22.415+0000,10,Microsoft-Windows-Sysmon/Operational,ict3214:attack_trace,PS-HOST-01,,,,,,,C:\Windows\SystemApps\Microsoft.Windows.Cortana_cw5n1h2txyewy\SearchUI.exe,C:\Windows\system32\svchost.exe,0x1000,,,,,,,{E983936C-B38F-6006-0D00-00000000A301},992,{E983936C-CCEC-6006-5C07-00000000A301},5768,,T1059.001,PowerShell,Execution,TRACE-PS-01,powershell,https://raw.githubusercontent.com/splunk/attack_data/master/datasets/attack_techniques/T1059.001/encoded_powershell/windows-sysmon.log,7a101bd094a21065fbe61e981b4c6ad5befb4bd4d48493bd692b9368d74015cc,false,Execution,none,raw Computer/IpAddress/User fields,
2021-01-19T13:28:22.415+0000,2021-01-19T13:28:22.415+0000,10,Microsoft-Windows-Sysmon/Operational,ict3214:attack_trace,PS-HOST-01,,,,,,,C:\Windows\SystemApps\Microsoft.Windows.Cortana_cw5n1h2txyewy\SearchUI.exe,C:\Windows\system32\svchost.exe,0x1000,,,,,,,{E983936C-B38F-6006-0D00-00000000A301},992,{E983936C-CCEC-6006-5C07-00000000A301},5768,,T1059.001,PowerShell,Execution,TRACE-PS-01,powershell,https://raw.githubusercontent.com/splunk/attack_data/master/datasets/attack_techniques/T1059.001/encoded_powershell/windows-sysmon.log,9bfd802e776184f3cc36804eccb94ac22f54c009a914488944963648c79ed539,false,Execution,none,raw Computer/IpAddress/User fields,
2021-01-19T13:28:22.415+0000,2021-01-19T13:28:22.415+0000,10,Microsoft-Windows-Sysmon/Operational,ict3214:attack_trace,PS-HOST-01,,,,,,,C:\Windows\Explorer.EXE,C:\Windows\system32\svchost.exe,0x1000,,,,,,,{E983936C-B38F-6006-0D00-00000000A301},992,{E983936C-CCDD-6006-4607-00000000A301},5080,,T1059.001,PowerShell,Execution,TRACE-PS-01,powershell,https://raw.githubusercontent.com/splunk/attack_data/master/datasets/attack_techniques/T1059.001/encoded_powershell/windows-sysmon.log,9d3f9a435d995cc59375348ceba490c16c2af663b564582434b5f4663ed86779,false,Execution,none,raw Computer/IpAddress/User fields,
2021-01-19T13:28:22.415+0000,2021-01-19T13:28:22.415+0000,10,Microsoft-Windows-Sysmon/Operational,ict3214:attack_trace,PS-HOST-01,,,,,,,C:\Windows\SystemApps\Microsoft.Windows.Cortana_cw5n1h2txyewy\SearchUI.exe,C:\Windows\system32\svchost.exe,0x1000,,,,,,,{E983936C-B38F-6006-0D00-00000000A301},992,{E983936C-CCEC-6006-5C07-00000000A301},5768,,T1059.001,PowerShell,Execution,TRACE-PS-01,powershell,https://raw.githubusercontent.com/splunk/attack_data/master/datasets/attack_techniques/T1059.001/encoded_powershell/windows-sysmon.log,dce0afc14376522b262d61278c607a35edf45302dd2bf1b60c068cd9af321262,false,Execution,none,raw Computer/IpAddress/User fields,
2021-01-19T13:28:22.415+0000,2021-01-19T13:28:22.415+0000,10,Microsoft-Windows-Sysmon/Operational,ict3214:attack_trace,PS-HOST-01,,,,,,,C:\Windows\SystemApps\ShellExperienceHost_cw5n1h2txyewy\ShellExperienceHost.exe,C:\Windows\system32\svchost.exe,0x1000,,,,,,,{E983936C-B38F-6006-0D00-00000000A301},992,{E983936C-CCEA-6006-5B07-00000000A301},5624,,T1059.001,PowerShell,Execution,TRACE-PS-01,powershell,https://raw.githubusercontent.com/splunk/attack_data/master/datasets/attack_techniques/T1059.001/encoded_powershell/windows-sysmon.log,e76f50ce04683427aec425cab59557098be5a7552bf3bdc84d64e6fa8dd5ec62,false,Execution,none,raw Computer/IpAddress/User fields,
2021-01-19T13:28:22.416+0000,2021-01-19T13:28:22.416+0000,10,Microsoft-Windows-Sysmon/Operational,ict3214:attack_trace,PS-HOST-01,,,,,,,C:\Windows\system32\svchost.exe,C:\Windows\system32\svchost.exe,0x1000,,,,,,,{E983936C-B38F-6006-0D00-00000000A301},992,{E983936C-B3A0-6006-3000-00000000A301},2668,,T1059.001,PowerShell,Execution,TRACE-PS-01,powershell,https://raw.githubusercontent.com/splunk/attack_data/master/datasets/attack_techniques/T1059.001/encoded_powershell/windows-sysmon.log,562f2f751350c440dddd4ffc25ef33a49cbad07902a9ed0e77699aea4a71d80a,false,Execution,none,raw Computer/IpAddress/User fields,
