2021-01-19T13:23:22.471+0000,2021-01-19T13:23:22.471+0000,10,Microsoft-Windows-Sysmon/Operational,ict3214:attack_trace,PS-HOST-01,,,,,,,C:\Windows\Explorer.EXE,C:\Windows\system32\svchost.exe,0x1000,,,,,,,{E983936C-B38F-6006-0D00-00000000A301},992,{E983936C-CCDD-6006-4607-00000000A301},5080,,T1059.001,PowerShell,Execution,TRACE-PS-01,powershell,https://raw.githubusercontent.com/splunk/attack_data/master/datasets/attack_techniques/T1059.001/encoded_powershell/windows-sysmon.log,bb98c15ea27b7e056908bf76d4c22d3427594888423056c0900a0d3848c9104d,false,Execution,none,raw Computer/IpAddress/User fields,
2021-01-19T13:23:22.471+0000,2021-01-19T13:23:22.471+0000,10,Microsoft-Windows-Sysmon/Operational,ict3214:attack_trace,PS-HOST-01,,,,,,,C:\Windows\Explorer.EXE,C:\Windows\system32\svchost.exe,0x1000,,,,,,,{E983936C-B38F-6006-0D00-00000000A301},992,{E983936C-CCDD-6006-4607-00000000A301},5080,,T1059.001,PowerShell,Execution,TRACE-PS-01,powershell,https://raw.githubusercontent.com/splunk/attack_data/master/datasets/attack_techniques/T1059.001/encoded_powershell/windows-sysmon.log,e3fc2a2cf234ad760e3a6c3d29053b25a69846b31b25112faa69af2a01e8e20a,false,Execution,none,raw Computer/IpAddress/User fields,
2021-01-19T13:23:22.471+0000,2021-01-19T13:23:22.471+0000,10,Microsoft-Windows-Sysmon/Operational,ict3214:attack_trace,PS-HOST-01,,,,,,,C:\Windows\Explorer.EXE,C:\Windows\system32\svchost.exe,0x1000,,,,,,,{E983936C-B38F-6006-0D00-00000000A301},992,{E983936C-CCDD-6006-4607-00000000A301},5080,,T1059.001,PowerShell,Execution,TRACE-PS-01,powershell,https://raw.githubusercontent.com/splunk/attack_data/master/datasets/attack_techniques/T1059.001/encoded_powershell/windows-sysmon.log,ecd28865ed488d4c1a6a1aae7b91e72d7c4c121a9740ccdb75cf07bcca73c791,false,Execution,none,raw Computer/IpAddress/User fields,
2021-01-19T13:23:22.471+0000,2021-01-19T13:23:22.471+0000,10,Microsoft-Windows-Sysmon/Operational,ict3214:attack_trace,PS-HOST-01,,,,,,,C:\Windows\SystemApps\Microsoft.Windows.Cortana_cw5n1h2txyewy\SearchUI.exe,C:\Windows\system32\svchost.exe,0x1000,,,,,,,{E983936C-B38F-6006-0D00-00000000A301},992,{E983936C-CCEC-6006-5C07-00000000A301},5768,,T1059.001,PowerShell,Execution,TRACE-PS-01,powershell,https://raw.githubusercontent.com/splunk/attack_data/master/datasets/attack_techniques/T1059.001/encoded_powershell/windows-sysmon.log,ee3e2b5e21a8c9e5cb46a7634fab905f0301d76d950083477d4cc68766082d3c,false,Execution,none,raw Computer/IpAddress/User fields,
2021-01-19T13:23:22.472+0000,2021-01-19T13:23:22.472+0000,10,Microsoft-Windows-Sysmon/Operational,ict3214:attack_trace,PS-HOST-01,,,,,,,C:\Windows\SystemApps\ShellExperienceHost_cw5n1h2txyewy\ShellExperienceHost.exe,C:\Windows\system32\svchost.exe,0x1000,,,,,,,{E983936C-B38F-6006-0D00-00000000A301},992,{E983936C-CCEA-6006-5B07-00000000A301},5624,,T1059.001,PowerShell,Execution,TRACE-PS-01,powershell,https://raw.githubusercontent.com/splunk/attack_data/master/datasets/attack_techniques/T1059.001/encoded_powershell/windows-sysmon.log,120b07838110c272a918ad10bf6fc19e55859a348aa923120f2bff5a1f401bec,false,Execution,none,raw Computer/IpAddress/User fields,
2021-01-19T13:23:22.472+0000,2021-01-19T13:23:22.472+0000,10,Microsoft-Windows-Sysmon/Operational,ict3214:attack_trace,PS-HOST-01,,,,,,,C:\Windows\SystemApps\ShellExperienceHost_cw5n1h2txyewy\ShellExperienceHost.exe,C:\Windows\system32\svchost.exe,0x1000,,,,,,,{E983936C-B38F-6006-0D00-00000000A301},992,{E983936C-CCEA-6006-5B07-00000000A301},5624,,T1059.001,PowerShell,Execution,TRACE-PS-01,powershell,https://raw.githubusercontent.com/splunk/attack_data/master/datasets/attack_techniques/T1059.001/encoded_powershell/windows-sysmon.log,29f14aacbd2ebdc963000458c47173c7ed1c3927f257a7c36cca6f654a706904,false,Execution,none,raw Computer/IpAddress/User fields,
2021-01-19T13:23:22.472+0000,2021-01-19T13:23:22.472+0000,10,Microsoft-Windows-Sysmon/Operational,ict3214:attack_trace,PS-HOST-01,,,,,,,C:\Windows\SystemApps\ShellExperienceHost_cw5n1h2txyewy\ShellExperienceHost.exe,C:\Windows\system32\svchost.exe,0x1000,,,,,,,{E983936C-B38F-6006-0D00-00000000A301},992,{E983936C-CCEA-6006-5B07-00000000A301},5624,,T1059.001,PowerShell,Execution,TRACE-PS-01,powershell,https://raw.githubusercontent.com/splunk/attack_data/master/datasets/attack_techniques/T1059.001/encoded_powershell/windows-sysmon.log,6110e5ff643cbe356c7d71b6cf65d5bec029e088b16b3347aa78d03182df418e,false,Execution,none,raw Computer/IpAddress/User fields,
2021-01-19T13:23:22.472+0000,2021-01-19T13:23:22.472+0000,10,Microsoft-Windows-Sysmon/Operational,ict3214:attack_trace,PS-HOST-01,,,,,,,C:\Windows\SystemApps\ShellExperienceHost_cw5n1h2txyewy\ShellExperienceHost.exe,C:\Windows\system32\svchost.exe,0x1000,,,,,,,{E983936C-B38F-6006-0D00-00000000A301},992,{E983936C-CCEA-6006-5B07-00000000A301},5624,,T1059.001,PowerShell,Execution,TRACE-PS-01,powershell,https://raw.githubusercontent.com/splunk/attack_data/master/datasets/attack_techniques/T1059.001/encoded_powershell/windows-sysmon.log,68b274f17c9f852845feedda5a2e620037f42e071bafb8bedae15eb40d455912,false,Execution,none,raw Computer/IpAddress/User fields,
2021-01-19T13:23:22.472+0000,2021-01-19T13:23:22.472+0000,10,Microsoft-Windows-Sysmon/Operational,ict3214:attack_trace,PS-HOST-01,,,,,,,C:\Windows\SystemApps\ShellExperienceHost_cw5n1h2txyewy\ShellExperienceHost.exe,C:\Windows\system32\svchost.exe,0x1000,,,,,,,{E983936C-B38F-6006-0D00-00000000A301},992,{E983936C-CCEA-6006-5B07-00000000A301},5624,,T1059.001,PowerShell,Execution,TRACE-PS-01,powershell,https://raw.githubusercontent.com/splunk/attack_data/master/datasets/attack_techniques/T1059.001/encoded_powershell/windows-sysmon.log,7ff9ff80b7a7b9b82647ab8adf8e45ce663f3afc9010d692c3b7cb3d30f22fba,false,Execution,none,raw Computer/IpAddress/User fields,
2021-01-19T13:23:22.472+0000,2021-01-19T13:23:22.472+0000,10,Microsoft-Windows-Sysmon/Operational,ict3214:attack_trace,PS-HOST-01,,,,,,,C:\Windows\SystemApps\ShellExperienceHost_cw5n1h2txyewy\ShellExperienceHost.exe,C:\Windows\system32\svchost.exe,0x1000,,,,,,,{E983936C-B38F-6006-0D00-00000000A301},992,{E983936C-CCEA-6006-5B07-00000000A301},5624,,T1059.001,PowerShell,Execution,TRACE-PS-01,powershell,https://raw.githubusercontent.com/splunk/attack_data/master/datasets/attack_techniques/T1059.001/encoded_powershell/windows-sysmon.log,8a10e323dfd7d4448a5eec97c98ee0ee7b5d8de0707f2df8d1f898afee12700f,false,Execution,none,raw Computer/IpAddress/User fields,
2021-01-19T13:23:22.472+0000,2021-01-19T13:23:22.472+0000,10,Microsoft-Windows-Sysmon/Operational,ict3214:attack_trace,PS-HOST-01,,,,,,,C:\Windows\SystemApps\ShellExperienceHost_cw5n1h2txyewy\ShellExperienceHost.exe,C:\Windows\system32\svchost.exe,0x1000,,,,,,,{E983936C-B38F-6006-0D00-00000000A301},992,{E983936C-CCEA-6006-5B07-00000000A301},5624,,T1059.001,PowerShell,Execution,TRACE-PS-01,powershell,https://raw.githubusercontent.com/splunk/attack_data/master/datasets/attack_techniques/T1059.001/encoded_powershell/windows-sysmon.log,bfcc16edec82235f6042c579d16ff1c65bc5f26589d5c304608120906560c928,false,Execution,none,raw Computer/IpAddress/User fields,
2021-01-19T13:23:22.942+0000,2021-01-19T13:23:22.942+0000,10,Microsoft-Windows-Sysmon/Operational,ict3214:attack_trace,PS-HOST-01,,,,,,,C:\Windows\system32\conhost.exe,C:\Windows\Explorer.EXE,0x1410,,,,,,,{E983936C-CCDD-6006-4607-00000000A301},5080,{E983936C-CD9F-6006-9A07-00000000A301},7260,,T1059.001,PowerShell,Execution,TRACE-PS-01,powershell,https://raw.githubusercontent.com/splunk/attack_data/master/datasets/attack_techniques/T1059.001/encoded_powershell/windows-sysmon.log,31f19cc480ca9871b169f4f3bb7867b5e3b66af788e8fc141b1e8331394a7ae4,false,Execution,none,raw Computer/IpAddress/User fields,
2021-01-19T13:23:22.943+0000,2021-01-19T13:23:22.943+0000,10,Microsoft-Windows-Sysmon/Operational,ict3214:attack_trace,PS-HOST-01,,,,,,,C:\Windows\system32\conhost.exe,C:\Windows\Explorer.EXE,0x1000,,,,,,,{E983936C-CCDD-6006-4607-00000000A301},5080,{E983936C-CD9F-6006-9A07-00000000A301},7260,,T1059.001,PowerShell,Execution,TRACE-PS-01,powershell,https://raw.githubusercontent.com/splunk/attack_data/master/datasets/attack_techniques/T1059.001/encoded_powershell/windows-sysmon.log,28d88c265f1df75147bb9be1fecad039c00c9c4b1082d7f5f999cf03ab334579,false,Execution,none,raw Computer/IpAddress/User fields,
2021-01-19T13:23:22.943+0000,2021-01-19T13:23:22.943+0000,10,Microsoft-Windows-Sysmon/Operational,ict3214:attack_trace,PS-HOST-01,,,,,,,C:\Windows\system32\conhost.exe,C:\Windows\Explorer.EXE,0x1410,,,,,,,{E983936C-CCDD-6006-4607-00000000A301},5080,{E983936C-CD9F-6006-9A07-00000000A301},7260,,T1059.001,PowerShell,Execution,TRACE-PS-01,powershell,https://raw.githubusercontent.com/splunk/attack_data/master/datasets/attack_techniques/T1059.001/encoded_powershell/windows-sysmon.log,667b3d929cdb8e2f11678e8006e314011f7b77efd47318064aa68a7a36a99c63,false,Execution,none,raw Computer/IpAddress/User fields,
2021-01-19T13:23:22.943+0000,2021-01-19T13:23:22.943+0000,10,Microsoft-Windows-Sysmon/Operational,ict3214:attack_trace,PS-HOST-01,,,,,,,C:\Windows\system32\conhost.exe,C:\Windows\Explorer.EXE,0x1000,,,,,,,{E983936C-CCDD-6006-4607-00000000A301},5080,{E983936C-CD9F-6006-9A07-00000000A301},7260,,T1059.001,PowerShell,Execution,TRACE-PS-01,powershell,https://raw.githubusercontent.com/splunk/attack_data/master/datasets/attack_techniques/T1059.001/encoded_powershell/windows-sysmon.log,e7c6de12cb514fee508e5e076ef501dd0c26be5445d59e7336bc31128a4a0b97,false,Execution,none,raw Computer/IpAddress/User fields,
2021-01-19T13:23:22.945+0000,2021-01-19T13:23:22.945+0000,10,Microsoft-Windows-Sysmon/Operational,ict3214:attack_trace,PS-HOST-01,,,,,,,C:\Windows\System32\WindowsPowerShell\v1.0\powershell.exe,C:\Windows\Explorer.EXE,0x1400,,,,,,,{E983936C-CCDD-6006-4607-00000000A301},5080,{E983936C-CD9F-6006-9907-00000000A301},7244,,T1059.001,PowerShell,Execution,TRACE-PS-01,powershell,https://raw.githubusercontent.com/splunk/attack_data/master/datasets/attack_techniques/T1059.001/encoded_powershell/windows-sysmon.log,5c7844236d27422f5d8557b3901ad6af15f849fca6360af94b96ffe0b6d1bd9d,false,Execution,none,raw Computer/IpAddress/User fields,
2021-01-19T13:23:22.945+0000,2021-01-19T13:23:22.945+0000,10,Microsoft-Windows-Sysmon/Operational,ict3214:attack_trace,PS-HOST-01,,,,,,,C:\Windows\System32\WindowsPowerShell\v1.0\powershell.exe,C:\Windows\Explorer.EXE,0x1000,,,,,,,{E983936C-CCDD-6006-4607-00000000A301},5080,{E983936C-CD9F-6006-9907-00000000A301},7244,,T1059.001,PowerShell,Execution,TRACE-PS-01,powershell,https://raw.githubusercontent.com/splunk/attack_data/master/datasets/attack_techniques/T1059.001/encoded_powershell/windows-sysmon.log,77f65484f92ed7583fd3737e88de9c963c53df282c349ab91ffe56884810fddd,false,Execution,none,raw Computer/IpAddress/User fields,
2021-01-19T13:23:25.802+0000,2021-01-19T13:23:25.802+0000,10,Microsoft-Windows-Sysmon/Operational,ict3214:attack_trace,PS-HOST-01,,,,,,,C:\Program Files\SplunkUniversalForwarder\bin\splunk-winprintmon.exe,C:\Windows\system32\csrss.exe,0x1fffff,,,,,,,{E983936C-B38D-6006-0500-00000000A301},636,{E983936C-DD4D-6006-8109-00000000A301},8052,,T1059.001,PowerShell,Execution,TRACE-PS-01,powershell,https://raw.githubusercontent.com/splunk/attack_data/master/datasets/attack_techniques/T1059.001/encoded_powershell/windows-sysmon.log,0785c78593a80b01586879540cc7b3cfcd52a8e36b7c5377db6f10aa9fb3009f,false,Execution,none,raw Computer/IpAddress/User fields,
2021-01-19T13:23:25.802+0000,2021-01-19T13:23:25.802+0000,10,Microsoft-Windows-Sysmon/Operational,ict3214:attack_trace,PS-HOST-01,,,,,,,C:\Windows\sysmon64.exe,C:\Windows\system32\svchost.exe,0x1400,,,,,,,{E983936C-B38F-6006-0C00-00000000A301},592,{E983936C-B3A0-6006-3100-00000000A301},2052,,T1059.001,PowerShell,Execution,TRACE-PS-01,powershell,https://raw.githubusercontent.com/splunk/attack_data/master/datasets/attack_techniques/T1059.001/encoded_powershell/windows-sysmon.log,0b27f33945aeefa3d3e1638c70c558c3680c94f2ebbb7be823ef345419f907a9,false,Execution,none,raw Computer/IpAddress/User fields,
2021-01-19T13:23:25.802+0000,2021-01-19T13:23:25.802+0000,10,Microsoft-Windows-Sysmon/Operational,ict3214:attack_trace,PS-HOST-01,,,,,,,C:\Windows\sysmon64.exe,C:\Windows\system32\svchost.exe,0x1400,,,,,,,{E983936C-B38F-6006-0C00-00000000A301},592,{E983936C-B3A0-6006-3100-00000000A301},2052,,T1059.001,PowerShell,Execution,TRACE-PS-01,powershell,https://raw.githubusercontent.com/splunk/attack_data/master/datasets/attack_techniques/T1059.001/encoded_powershell/windows-sysmon.log,1a1694f75b34d62c34cdb513a5d435c1cc7eac1b497e69af13b4756c57267581,false,Execution,none,raw Computer/IpAddress/User fields,
2021-01-19T13:23:25.802+0000,2021-01-19T13:23:25.802+0000,1,Microsoft-Windows-Sysmon/Operational,ict3214:attack_trace,PS-HOST-01,,,NT AUTHORITY\SYSTEM,C:\Program Files\SplunkUniversalForwarder\bin\splunk-winprintmon.exe,C:\Program Files\SplunkUniversalForwarder\bin\splunkd.exe,"""C:\Program Files\SplunkUniversalForwarder\bin\splunk-winprintmon.exe""",,,,,,,,{E983936C-DD4D-6006-8109-00000000A301},8052,,,,,,T1059.001,PowerShell,Execution,TRACE-PS-01,powershell,https://raw.githubusercontent.com/splunk/attack_data/master/datasets/attack_techniques/T1059.001/encoded_powershell/windows-sysmon.log,232f7375431517ea8b94b34e2ddad476fb4bc15a88a06993040598f123725976,false,Execution,none,raw Computer/IpAddress/User fields,{E983936C-B438-6006-B400-00000000A301}
2021-01-19T13:23:25.802+0000,2021-01-19T13:23:25.802+0000,10,Microsoft-Windows-Sysmon/Operational,ict3214:attack_trace,PS-HOST-01,,,,,,,C:\Windows\sysmon64.exe,C:\Windows\system32\svchost.exe,0x1400,,,,,,,{E983936C-B38F-6006-0C00-00000000A301},592,{E983936C-B3A0-6006-3100-00000000A301},2052,,T1059.001,PowerShell,Execution,TRACE-PS-01,powershell,https://raw.githubusercontent.com/splunk/attack_data/master/datasets/attack_techniques/T1059.001/encoded_powershell/windows-sysmon.log,5e14ec627619556b31d1c5700e522c54f05a4dd29138a7be363814829e449ce7,false,Execution,none,raw Computer/IpAddress/User fields,
2021-01-19T13:23:25.802+0000,2021-01-19T13:23:25.802+0000,10,Microsoft-Windows-Sysmon/Operational,ict3214:attack_trace,PS-HOST-01,,,,,,,C:\Program Files\SplunkUniversalForwarder\bin\splunk-winprintmon.exe,C:\Program Files\SplunkUniversalForwarder\bin\splunkd.exe,0x1fffff,,,,,,,{E983936C-B438-6006-B400-00000000A301},4412,{E983936C-DD4D-6006-8109-00000000A301},8052,,T1059.001,PowerShell,Execution,TRACE-PS-01,powershell,https://raw.githubusercontent.com/splunk/attack_data/master/datasets/attack_techniques/T1059.001/encoded_powershell/windows-sysmon.log,964e5918e7d59af8b9bacbee294d5cdca5d8e6c102ae1a22842b8d51dec4498c,false,Execution,none,raw Computer/IpAddress/User fields,
2021-01-19T13:23:25.802+0000,2021-01-19T13:23:25.802+0000,10,Microsoft-Windows-Sysmon/Operational,ict3214:attack_trace,PS-HOST-01,,,,,,,C:\Windows\sysmon64.exe,C:\Windows\system32\svchost.exe,0x1400,,,,,,,{E983936C-B38F-6006-0C00-00000000A301},592,{E983936C-B3A0-6006-3100-00000000A301},2052,,T1059.001,PowerShell,Execution,TRACE-PS-01,powershell,https://raw.githubusercontent.com/splunk/attack_data/master/datasets/attack_techniques/T1059.001/encoded_powershell/windows-sysmon.log,dd12a12d04cddde06364643a5e2080882afe552e4d4115e51e905e431b98cdc6,false,Execution,none,raw Computer/IpAddress/User fields,
2021-01-19T13:23:25.803+0000,2021-01-19T13:23:25.803+0000,10,Microsoft-Windows-Sysmon/Operational,ict3214:attack_trace,PS-HOST-01,,,,,,,C:\Program Files\SplunkUniversalForwarder\bin\splunk-winprintmon.exe,C:\Windows\system32\conhost.exe,0x1fffff,,,,,,,{E983936C-B439-6006-B800-00000000A301},4284,{E983936C-DD4D-6006-8109-00000000A301},8052,,T1059.001,PowerShell,Execution,TRACE-PS-01,powershell,https://raw.githubusercontent.com/splunk/attack_data/master/datasets/attack_techniques/T1059.001/encoded_powershell/windows-sysmon.log,afd6cd6e4b351e5d6783b047d275e6ba7a1d3310c956151dbcbf120746a5a33b,false,Execution,none,raw Computer/IpAddress/User fields,
2021-01-19T13:24:19.084+0000,2021-01-19T13:24:19.084+0000,1,Microsoft-Windows-Sysmon/Operational,ict3214:attack_trace,PS-HOST-01,,,NT AUTHORITY\SYSTEM,C:\Program Files\SplunkUniversalForwarder\bin\splunk-MonitorNoHandle.exe,C:\Program Files\SplunkUniversalForwarder\bin\splunkd.exe,"""C:\Program Files\SplunkUniversalForwarder\bin\splunk-MonitorNoHandle.exe""",,,,,,,,{E983936C-DD83-6006-8209-00000000A301},3624,,,,,,T1059.001,PowerShell,Execution,TRACE-PS-01,powershell,https://raw.githubusercontent.com/splunk/attack_data/master/datasets/attack_techniques/T1059.001/encoded_powershell/windows-sysmon.log,b01d5abfbf8e368e32f7cd274b34253fda65e5fdd173bc4d1c1f54de3a1a516a,false,Execution,none,raw Computer/IpAddress/User fields,{E983936C-B438-6006-B400-00000000A301}
2021-01-19T13:24:19.085+0000,2021-01-19T13:24:19.085+0000,10,Microsoft-Windows-Sysmon/Operational,ict3214:attack_trace,PS-HOST-01,,,,,,,C:\Program Files\SplunkUniversalForwarder\bin\splunk-MonitorNoHandle.exe,C:\Program Files\SplunkUniversalForwarder\bin\splunkd.exe,0x1fffff,,,,,,,{E983936C-B438-6006-B400-00000000A301},4412,{E983936C-DD83-6006-8209-00000000A301},3624,,T1059.001,PowerShell,Execution,TRACE-PS-01,powershell,https://raw.githubusercontent.com/splunk/attack_data/master/datasets/attack_techniques/T1059.001/encoded_powershell/windows-sysmon.log,695c31c7ab1ed87a1f47fe703b8e6c97ded5f03a06ac6d7f20ff19917904bc3d,false,Execution,none,raw Computer/IpAddress/User fields,
2021-01-19T13:24:19.085+0000,2021-01-19T13:24:19.085+0000,10,Microsoft-Windows-Sysmon/Operational,ict3214:attack_trace,PS-HOST-01,,,,,,,C:\Windows\sysmon64.exe,C:\Windows\system32\svchost.exe,0x1400,,,,,,,{E983936C-B38F-6006-0C00-00000000A301},592,{E983936C-B3A0-6006-3100-00000000A301},2052,,T1059.001,PowerShell,Execution,TRACE-PS-01,powershell,https://raw.githubusercontent.com/splunk/attack_data/master/datasets/attack_techniques/T1059.001/encoded_powershell/windows-sysmon.log,932b5e7ac76ffe968ce7f3aa18324013c4a89c882ae75c0b2fe67d1ff4ab0d3c,false,Execution,none,raw Computer/IpAddress/User fields,
2021-01-19T13:24:19.085+0000,2021-01-19T13:24:19.085+0000,10,Microsoft-Windows-Sysmon/Operational,ict3214:attack_trace,PS-HOST-01,,,,,,,C:\Windows\sysmon64.exe,C:\Windows\system32\svchost.exe,0x1400,,,,,,,{E983936C-B38F-6006-0C00-00000000A301},592,{E983936C-B3A0-6006-3100-00000000A301},2052,,T1059.001,PowerShell,Execution,TRACE-PS-01,powershell,https://raw.githubusercontent.com/splunk/attack_data/master/datasets/attack_techniques/T1059.001/encoded_powershell/windows-sysmon.log,a0560977b5ae09664d9fce333d415b0bdf7c95738634494cebb7271def353b90,false,Execution,none,raw Computer/IpAddress/User fields,
2021-01-19T13:24:19.085+0000,2021-01-19T13:24:19.085+0000,10,Microsoft-Windows-Sysmon/Operational,ict3214:attack_trace,PS-HOST-01,,,,,,,C:\Program Files\SplunkUniversalForwarder\bin\splunk-MonitorNoHandle.exe,C:\Windows\system32\csrss.exe,0x1fffff,,,,,,,{E983936C-B38D-6006-0500-00000000A301},636,{E983936C-DD83-6006-8209-00000000A301},3624,,T1059.001,PowerShell,Execution,TRACE-PS-01,powershell,https://raw.githubusercontent.com/splunk/attack_data/master/datasets/attack_techniques/T1059.001/encoded_powershell/windows-sysmon.log,b6fc987301614ca79ec9a6a09594a5bc4c8a337310aad7b10db0c398d056b9a0,false,Execution,none,raw Computer/IpAddress/User fields,
2021-01-19T13:24:19.085+0000,2021-01-19T13:24:19.085+0000,10,Microsoft-Windows-Sysmon/Operational,ict3214:attack_trace,PS-HOST-01,,,,,,,C:\Windows\sysmon64.exe,C:\Windows\system32\svchost.exe,0x1400,,,,,,,{E983936C-B38F-6006-0C00-00000000A301},592,{E983936C-B3A0-6006-3100-00000000A301},2052,,T1059.001,PowerShell,Execution,TRACE-PS-01,powershell,https://raw.githubusercontent.com/splunk/attack_data/master/datasets/attack_techniques/T1059.001/encoded_powershell/windows-sysmon.log,db47a547aadd31f5d6bc1095cb2611de9a7bdc5e941550a86a3b383cb7a727dd,false,Execution,none,raw Computer/IpAddress/User fields,
2021-01-19T13:24:19.085+0000,2021-01-19T13:24:19.085+0000,10,Microsoft-Windows-Sysmon/Operational,ict3214:attack_trace,PS-HOST-01,,,,,,,C:\Windows\sysmon64.exe,C:\Windows\system32\svchost.exe,0x1400,,,,,,,{E983936C-B38F-6006-0C00-00000000A301},592,{E983936C-B3A0-6006-3100-00000000A301},2052,,T1059.001,PowerShell,Execution,TRACE-PS-01,powershell,https://raw.githubusercontent.com/splunk/attack_data/master/datasets/attack_techniques/T1059.001/encoded_powershell/windows-sysmon.log,e7fa238d38e28e8f98981d5ab9757f78f7bf5c4a92f5413d99201be0256bcc81,false,Execution,none,raw Computer/IpAddress/User fields,
2021-01-19T13:24:19.086+0000,2021-01-19T13:24:19.086+0000,10,Microsoft-Windows-Sysmon/Operational,ict3214:attack_trace,PS-HOST-01,,,,,,,C:\Program Files\SplunkUniversalForwarder\bin\splunk-MonitorNoHandle.exe,C:\Windows\system32\conhost.exe,0x1fffff,,,,,,,{E983936C-B439-6006-B800-00000000A301},4284,{E983936C-DD83-6006-8209-00000000A301},3624,,T1059.001,PowerShell,Execution,TRACE-PS-01,powershell,https://raw.githubusercontent.com/splunk/attack_data/master/datasets/attack_techniques/T1059.001/encoded_powershell/windows-sysmon.log,2beca729c5e0884f924668039d6b8cf53537e620b173e46fedb3c21b58bc73b6,false,Execution,none,raw Computer/IpAddress/User fields,
2021-01-19T13:24:19.756+0000,2021-01-19T13:24:19.756+0000,1,Microsoft-Windows-Sysmon/Operational,ict3214:attack_trace,PS-HOST-01,,,NT AUTHORITY\SYSTEM,C:\Program Files\SplunkUniversalForwarder\bin\splunk-powershell.exe,C:\Program Files\SplunkUniversalForwarder\bin\splunkd.exe,"""C:\Program Files\SplunkUniversalForwarder\bin\splunk-powershell.exe""",,,,,,,,{E983936C-DD83-6006-8309-00000000A301},4220,,,,,,T1059.001,PowerShell,Execution,TRACE-PS-01,powershell,https://raw.githubusercontent.com/splunk/attack_data/master/datasets/attack_techniques/T1059.001/encoded_powershell/windows-sysmon.log,23129c761a2289ba4792cc6779e04b62f4cbcaa7ebfae353a327a4cf29f28327,false,Execution,none,raw Computer/IpAddress/User fields,{E983936C-B438-6006-B400-00000000A301}
2021-01-19T13:24:19.756+0000,2021-01-19T13:24:19.756+0000,10,Microsoft-Windows-Sysmon/Operational,ict3214:attack_trace,PS-HOST-01,,,,,,,C:\Windows\sysmon64.exe,C:\Windows\system32\svchost.exe,0x1400,,,,,,,{E983936C-B38F-6006-0C00-00000000A301},592,{E983936C-B3A0-6006-3100-00000000A301},2052,,T1059.001,PowerShell,Execution,TRACE-PS-01,powershell,https://raw.githubusercontent.com/splunk/attack_data/master/datasets/attack_techniques/T1059.001/encoded_powershell/windows-sysmon.log,580dc723c6d8e98d1d33101d34a468b092fe4fdde06cb322f7db6a92e8a4b375,false,Execution,none,raw Computer/IpAddress/User fields,
2021-01-19T13:24:19.756+0000,2021-01-19T13:24:19.756+0000,10,Microsoft-Windows-Sysmon/Operational,ict3214:attack_trace,PS-HOST-01,,,,,,,C:\Windows\sysmon64.exe,C:\Windows\system32\svchost.exe,0x1400,,,,,,,{E983936C-B38F-6006-0C00-00000000A301},592,{E983936C-B3A0-6006-3100-00000000A301},2052,,T1059.001,PowerShell,Execution,TRACE-PS-01,powershell,https://raw.githubusercontent.com/splunk/attack_data/master/datasets/attack_techniques/T1059.001/encoded_powershell/windows-sysmon.log,5cd02e9995ce950e024eb1582a97589c330bac1f93595d5ee6eb99548a33edf3,false,Execution,none,raw Computer/IpAddress/User fields,
2021-01-19T13:24:19.756+0000,2021-01-19T13:24:19.756+0000,10,Microsoft-Windows-Sysmon/Operational,ict3214:attack_trace,PS-HOST-01,,,,,,,C:\Windows\sysmon64.exe,C:\Windows\system32\svchost.exe,0x1400,,,,,,,{E983936C-B38F-6006-0C00-00000000A301},592,{E983936C-B3A0-6006-3100-00000000A301},2052,,T1059.001,PowerShell,Execution,TRACE-PS-01,powershell,https://raw.githubusercontent.com/splunk/attack_data/master/datasets/attack_techniques/T1059.001/encoded_powershell/windows-sysmon.log,6eb1baa8c746202d6bb5a87ed0fa025542375d2c51992e0b2563028232b79c18,false,Execution,none,raw Computer/IpAddress/User fields,
2021-01-19T13:24:19.756+0000,2021-01-19T13:24:19.756+0000,10,Microsoft-Windows-Sysmon/Operational,ict3214:attack_trace,PS-HOST-01,,,,,,,C:\Program Files\SplunkUniversalForwarder\bin\splunk-powershell.exe,C:\Windows\system32\csrss.exe,0x1fffff,,,,,,,{E983936C-B38D-6006-0500-00000000A301},636,{E983936C-DD83-6006-8309-00000000A301},4220,,T1059.001,PowerShell,Execution,TRACE-PS-01,powershell,https://raw.githubusercontent.com/splunk/attack_data/master/datasets/attack_techniques/T1059.001/encoded_powershell/windows-sysmon.log,7dba28870aa165a610c5dadc0b321827a5516e28580d213ec1acfa867af7dade,false,Execution,none,raw Computer/IpAddress/User fields,
2021-01-19T13:24:19.756+0000,2021-01-19T13:24:19.756+0000,10,Microsoft-Windows-Sysmon/Operational,ict3214:attack_trace,PS-HOST-01,,,,,,,C:\Program Files\SplunkUniversalForwarder\bin\splunk-powershell.exe,C:\Program Files\SplunkUniversalForwarder\bin\splunkd.exe,0x1fffff,,,,,,,{E983936C-B438-6006-B400-00000000A301},4412,{E983936C-DD83-6006-8309-00000000A301},4220,,T1059.001,PowerShell,Execution,TRACE-PS-01,powershell,https://raw.githubusercontent.com/splunk/attack_data/master/datasets/attack_techniques/T1059.001/encoded_powershell/windows-sysmon.log,bf83a3f6e60a1b0164d2a01de6637fb79e0a74d4f81eb9805cebefc88c4725a3,false,Execution,none,raw Computer/IpAddress/User fields,
2021-01-19T13:24:19.756+0000,2021-01-19T13:24:19.756+0000,10,Microsoft-Windows-Sysmon/Operational,ict3214:attack_trace,PS-HOST-01,,,,,,,C:\Windows\sysmon64.exe,C:\Windows\system32\svchost.exe,0x1400,,,,,,,{E983936C-B38F-6006-0C00-00000000A301},592,{E983936C-B3A0-6006-3100-00000000A301},2052,,T1059.001,PowerShell,Execution,TRACE-PS-01,powershell,https://raw.githubusercontent.com/splunk/attack_data/master/datasets/attack_techniques/T1059.001/encoded_powershell/windows-sysmon.log,f2b8a077753ce38ad334d6d970c2e451792e1036398ebc5eb8d2fb2fd2ed450f,false,Execution,none,raw Computer/IpAddress/User fields,
2021-01-19T13:24:19.757+0000,2021-01-19T13:24:19.757+0000,10,Microsoft-Windows-Sysmon/Operational,ict3214:attack_trace,PS-HOST-01,,,,,,,C:\Program Files\SplunkUniversalForwarder\bin\splunk-powershell.exe,C:\Windows\system32\conhost.exe,0x1fffff,,,,,,,{E983936C-B439-6006-B800-00000000A301},4284,{E983936C-DD83-6006-8309-00000000A301},4220,,T1059.001,PowerShell,Execution,TRACE-PS-01,powershell,https://raw.githubusercontent.com/splunk/attack_data/master/datasets/attack_techniques/T1059.001/encoded_powershell/windows-sysmon.log,b38190b46295f7da284abbd4decf6ede88339267360add08eaa82b1ee25dd34a,false,Execution,none,raw Computer/IpAddress/User fields,
2021-01-19T13:24:19.905+0000,2021-01-19T13:24:19.905+0000,10,Microsoft-Windows-Sysmon/Operational,ict3214:attack_trace,PS-HOST-01,,,,,,,C:\Program Files\SplunkUniversalForwarder\bin\splunkd.exe,C:\Program Files\SplunkUniversalForwarder\bin\splunk-powershell.exe,0x101400,,,,,,,{E983936C-DD83-6006-8309-00000000A301},4220,{E983936C-B438-6006-B400-00000000A301},4412,,T1059.001,PowerShell,Execution,TRACE-PS-01,powershell,https://raw.githubusercontent.com/splunk/attack_data/master/datasets/attack_techniques/T1059.001/encoded_powershell/windows-sysmon.log,d762036aae77702b94929febdaaa37a8df2ef573ed16d2e41d586829460e9fcb,false,Execution,none,raw Computer/IpAddress/User fields,
2021-01-19T13:24:20.443+0000,2021-01-19T13:24:20.443+0000,10,Microsoft-Windows-Sysmon/Operational,ict3214:attack_trace,PS-HOST-01,,,,,,,C:\Windows\sysmon64.exe,C:\Windows\system32\svchost.exe,0x1400,,,,,,,{E983936C-B38F-6006-0C00-00000000A301},592,{E983936C-B3A0-6006-3100-00000000A301},2052,,T1059.001,PowerShell,Execution,TRACE-PS-01,powershell,https://raw.githubusercontent.com/splunk/attack_data/master/datasets/attack_techniques/T1059.001/encoded_powershell/windows-sysmon.log,10e500cdabff5400106bfb1aed5bd2585d571aacb3f0ab3218dee25615fcef89,false,Execution,none,raw Computer/IpAddress/User fields,
2021-01-19T13:24:20.443+0000,2021-01-19T13:24:20.443+0000,10,Microsoft-Windows-Sysmon/Operational,ict3214:attack_trace,PS-HOST-01,,,,,,,C:\Program Files\SplunkUniversalForwarder\bin\splunk-powershell.exe,C:\Program Files\SplunkUniversalForwarder\bin\splunkd.exe,0x1fffff,,,,,,,{E983936C-B438-6006-B400-00000000A301},4412,{E983936C-DD84-6006-8409-00000000A301},6692,,T1059.001,PowerShell,Execution,TRACE-PS-01,powershell,https://raw.githubusercontent.com/splunk/attack_data/master/datasets/attack_techniques/T1059.001/encoded_powershell/windows-sysmon.log,3d057a6977526eec9bd6c55b0de926bf167db0a898d7dc207dbfcbcaf95219ce,false,Execution,none,raw Computer/IpAddress/User fields,
2021-01-19T13:24:20.443+0000,2021-01-19T13:24:20.443+0000,1,Microsoft-Windows-Sysmon/Operational,ict3214:attack_trace,PS-HOST-01,,,NT AUTHORITY\SYSTEM,C:\Program Files\SplunkUniversalForwarder\bin\splunk-powershell.exe,C:\Program Files\SplunkUniversalForwarder\bin\splunkd.exe,"""C:\Program Files\SplunkUniversalForwarder\bin\splunk-powershell.exe"" --ps2",,,,,,,,{E983936C-DD84-6006-8409-00000000A301},6692,,,,,,T1059.001,PowerShell,Execution,TRACE-PS-01,powershell,https://raw.githubusercontent.com/splunk/attack_data/master/datasets/attack_techniques/T1059.001/encoded_powershell/windows-sysmon.log,c5bad84eecf05d395de5715c165db4edfaf2b6dc0ded6d08a9553d58be9fb995,false,Execution,none,raw Computer/IpAddress/User fields,{E983936C-B438-6006-B400-00000000A301}
2021-01-19T13:24:20.443+0000,2021-01-19T13:24:20.443+0000,10,Microsoft-Windows-Sysmon/Operational,ict3214:attack_trace,PS-HOST-01,,,,,,,C:\Windows\sysmon64.exe,C:\Windows\system32\svchost.exe,0x1400,,,,,,,{E983936C-B38F-6006-0C00-00000000A301},592,{E983936C-B3A0-6006-3100-00000000A301},2052,,T1059.001,PowerShell,Execution,TRACE-PS-01,powershell,https://raw.githubusercontent.com/splunk/attack_data/master/datasets/attack_techniques/T1059.001/encoded_powershell/windows-sysmon.log,c81103c565e66ee350d7605b43c487c4f667083964f16381de9f0c44b8fe120b,false,Execution,none,raw Computer/IpAddress/User fields,
2021-01-19T13:24:20.443+0000,2021-01-19T13:24:20.443+0000,10,Microsoft-Windows-Sysmon/Operational,ict3214:attack_trace,PS-HOST-01,,,,,,,C:\Program Files\SplunkUniversalForwarder\bin\splunk-powershell.exe,C:\Windows\system32\csrss.exe,0x1fffff,,,,,,,{E983936C-B38D-6006-0500-00000000A301},636,{E983936C-DD84-6006-8409-00000000A301},6692,,T1059.001,PowerShell,Execution,TRACE-PS-01,powershell,https://raw.githubusercontent.com/splunk/attack_data/master/datasets/attack_techniques/T1059.001/encoded_powershell/windows-sysmon.log,e877556282175916cf47fe63a4622645b52fb30c16554b23ddd753c487fb2b78,false,Execution,none,raw Computer/IpAddress/User fields,
2021-01-19T13:24:20.443+0000,2021-01-19T13:24:20.443+0000,10,Microsoft-Windows-Sysmon/Operational,ict3214:attack_trace,PS-HOST-01,,,,,,,C:\Windows\sysmon64.exe,C:\Windows\system32\svchost.exe,0x1400,,,,,,,{E983936C-B38F-6006-0C00-00000000A301},592,{E983936C-B3A0-6006-3100-00000000A301},2052,,T1059.001,PowerShell,Execution,TRACE-PS-01,powershell,https://raw.githubusercontent.com/splunk/attack_data/master/datasets/attack_techniques/T1059.001/encoded_powershell/windows-sysmon.log,f7b8410bbb88b5d106591019c96237a89dba96c808141230e25c1b35a98f4769,false,Execution,none,raw Computer/IpAddress/User fields,
2021-01-19T13:24:20.444+0000,2021-01-19T13:24:20.444+0000,10,Microsoft-Windows-Sysmon/Operational,ict3214:attack_trace,PS-HOST-01,,,,,,,C:\Windows\sysmon64.exe,C:\Windows\system32\svchost.exe,0x1400,,,,,,,{E983936C-B38F-6006-0C00-00000000A301},592,{E983936C-B3A0-6006-3100-00000000A301},2052,,T1059.001,PowerShell,Execution,TRACE-PS-01,powershell,https://raw.githubusercontent.com/splunk/attack_data/master/datasets/attack_techniques/T1059.001/encoded_powershell/windows-sysmon.log,26f7c52dddf5a2080ea6c54dfb3fb0139bdd091a7b9792b78e5190b793de112d,false,Execution,none,raw Computer/IpAddress/User fields,
2021-01-19T13:24:20.444+0000,2021-01-19T13:24:20.444+0000,10,Microsoft-Windows-Sysmon/Operational,ict3214:attack_trace,PS-HOST-01,,,,,,,C:\Program Files\SplunkUniversalForwarder\bin\splunk-powershell.exe,C:\Windows\system32\conhost.exe,0x1fffff,,,,,,,{E983936C-B439-6006-B800-00000000A301},4284,{E983936C-DD84-6006-8409-00000000A301},6692,,T1059.001,PowerShell,Execution,TRACE-PS-01,powershell,https://raw.githubusercontent.com/splunk/attack_data/master/datasets/attack_techniques/T1059.001/encoded_powershell/windows-sysmon.log,c97e4024619a2b0fc71060202bf3f8006ff1370131b836c859f46fc8cdb59f0d,false,Execution,none,raw Computer/IpAddress/User fields,
2021-01-19T13:24:20.592+0000,2021-01-19T13:24:20.592+0000,10,Microsoft-Windows-Sysmon/Operational,ict3214:attack_trace,PS-HOST-01,,,,,,,C:\Program Files\SplunkUniversalForwarder\bin\splunkd.exe,C:\Program Files\SplunkUniversalForwarder\bin\splunk-powershell.exe,0x101400,,,,,,,{E983936C-DD84-6006-8409-00000000A301},6692,{E983936C-B438-6006-B400-00000000A301},4412,,T1059.001,PowerShell,Execution,TRACE-PS-01,powershell,https://raw.githubusercontent.com/splunk/attack_data/master/datasets/attack_techniques/T1059.001/encoded_powershell/windows-sysmon.log,82ee53fbde4b549007807b748f1a5cd81037729226132d74e8b105d0916dc0d0,false,Execution,none,raw Computer/IpAddress/User fields,
2021-01-19T13:24:20.818+0000,2021-01-19T13:24:20.818+0000,10,Microsoft-Windows-Sysmon/Operational,ict3214:attack_trace,PS-HOST-01,,,,,,,C:\Program Files\Mozilla Firefox\firefox.exe,C:\Windows\Explorer.EXE,0x40,,,,,,,{E983936C-CCDD-6006-4607-00000000A301},5080,{E983936C-CD5C-6006-8407-00000000A301},6812,,T1059.001,PowerShell,Execution,TRACE-PS-01,powershell,https://raw.githubusercontent.com/splunk/attack_data/master/datasets/attack_techniques/T1059.001/encoded_powershell/windows-sysmon.log,12cc2371efb2e79a4f84dc4baa6a03bf1b165e9e239a90fe4bb8d1499807dc05,false,Execution,none,raw Computer/IpAddress/User fields,
2021-01-19T13:24:20.818+0000,2021-01-19T13:24:20.818+0000,10,Microsoft-Windows-Sysmon/Operational,ict3214:attack_trace,PS-HOST-01,,,,,,,C:\Program Files\Mozilla Firefox\firefox.exe,C:\Windows\Explorer.EXE,0x40,,,,,,,{E983936C-CCDD-6006-4607-00000000A301},5080,{E983936C-CD5C-6006-8407-00000000A301},6812,,T1059.001,PowerShell,Execution,TRACE-PS-01,powershell,https://raw.githubusercontent.com/splunk/attack_data/master/datasets/attack_techniques/T1059.001/encoded_powershell/windows-sysmon.log,720351eaebffb43a0cc3b84e08ab559d87fc112134bd10992e6e9dc5c0052e6d,false,Execution,none,raw Computer/IpAddress/User fields,
2021-01-19T13:24:21.115+0000,2021-01-19T13:24:21.115+0000,10,Microsoft-Windows-Sysmon/Operational,ict3214:attack_trace,PS-HOST-01,,,,,,,C:\Windows\sysmon64.exe,C:\Windows\system32\svchost.exe,0x1400,,,,,,,{E983936C-B38F-6006-0C00-00000000A301},592,{E983936C-B3A0-6006-3100-00000000A301},2052,,T1059.001,PowerShell,Execution,TRACE-PS-01,powershell,https://raw.githubusercontent.com/splunk/attack_data/master/datasets/attack_techniques/T1059.001/encoded_powershell/windows-sysmon.log,1bee6728f3bdc362b7d64cbf2747a3b37431f9fc212d08b961232e4056cf0a4b,false,Execution,none,raw Computer/IpAddress/User fields,
2021-01-19T13:24:21.115+0000,2021-01-19T13:24:21.115+0000,10,Microsoft-Windows-Sysmon/Operational,ict3214:attack_trace,PS-HOST-01,,,,,,,C:\Program Files\SplunkUniversalForwarder\bin\splunk-regmon.exe,C:\Windows\system32\csrss.exe,0x1fffff,,,,,,,{E983936C-B38D-6006-0500-00000000A301},636,{E983936C-DD85-6006-8509-00000000A301},3616,,T1059.001,PowerShell,Execution,TRACE-PS-01,powershell,https://raw.githubusercontent.com/splunk/attack_data/master/datasets/attack_techniques/T1059.001/encoded_powershell/windows-sysmon.log,23645626d3dca3b46ed50c5d5eb3ec9853985c2c38e864c8f7ee45814bac9713,false,Execution,none,raw Computer/IpAddress/User fields,
2021-01-19T13:24:21.115+0000,2021-01-19T13:24:21.115+0000,10,Microsoft-Windows-Sysmon/Operational,ict3214:attack_trace,PS-HOST-01,,,,,,,C:\Windows\sysmon64.exe,C:\Windows\system32\svchost.exe,0x1400,,,,,,,{E983936C-B38F-6006-0C00-00000000A301},592,{E983936C-B3A0-6006-3100-00000000A301},2052,,T1059.001,PowerShell,Execution,TRACE-PS-01,powershell,https://raw.githubusercontent.com/splunk/attack_data/master/datasets/attack_techniques/T1059.001/encoded_powershell/windows-sysmon.log,53a6dfaa4af206cedd5a45ab44394e0c056d1590e49c8a0bb9a3737db190a7d6,false,Execution,none,raw Computer/IpAddress/User fields,
2021-01-19T13:24:21.115+0000,2021-01-19T13:24:21.115+0000,10,Microsoft-Windows-Sysmon/Operational,ict3214:attack_trace,PS-HOST-01,,,,,,,C:\Windows\sysmon64.exe,C:\Windows\system32\svchost.exe,0x1400,,,,,,,{E983936C-B38F-6006-0C00-00000000A301},592,{E983936C-B3A0-6006-3100-00000000A301},2052,,T1059.001,PowerShell,Execution,TRACE-PS-01,powershell,https://raw.githubusercontent.com/splunk/attack_data/master/datasets/attack_techniques/T1059.001/encoded_powershell/windows-sysmon.log,680cde578204279e06ee1879e905f742a75f49c06f8c589cf3d26adb39c8f9bc,false,Execution,none,raw Computer/IpAddress/User fields,
2021-01-19T13:24:21.115+0000,2021-01-19T13:24:21.115+0000,1,Microsoft-Windows-Sysmon/Operational,ict3214:attack_trace,PS-HOST-01,,,NT AUTHORITY\SYSTEM,C:\Program Files\SplunkUniversalForwarder\bin\splunk-regmon.exe,C:\Program Files\SplunkUniversalForwarder\bin\splunkd.exe,"""C:\Program Files\SplunkUniversalForwarder\bin\splunk-regmon.exe""",,,,,,,,{E983936C-DD85-6006-8509-00000000A301},3616,,,,,,T1059.001,PowerShell,Execution,TRACE-PS-01,powershell,https://raw.githubusercontent.com/splunk/attack_data/master/datasets/attack_techniques/T1059.001/encoded_powershell/windows-sysmon.log,e43528b0cfe301838c137fada8e1472b0bacf29d5e5529308eeb430e335ee009,false,Execution,none,raw Computer/IpAddress/User fields,{E983936C-B438-6006-B400-00000000A301}
2021-01-19T13:24:21.115+0000,2021-01-19T13:24:21.115+0000,10,Microsoft-Windows-Sysmon/Operational,ict3214:attack_trace,PS-HOST-01,,,,,,,C:\Program Files\SplunkUniversalForwarder\bin\splunk-regmon.exe,C:\Program Files\SplunkUniversalForwarder\bin\splunkd.exe,0x1fffff,,,,,,,{E983936C-B438-6006-B400-00000000A301},4412,{E983936C-DD85-6006-8509-00000000A301},3616,,T1059.001,PowerShell,Execution,TRACE-PS-01,powershell,https://raw.githubusercontent.com/splunk/attack_data/master/datasets/attack_techniques/T1059.001/encoded_powershell/windows-sysmon.log,e7fbd3f3a1dfc4d6a3966652fa4cc9aafe4a12fe7248646d4e6e1928d618e787,false,Execution,none,raw Computer/IpAddress/User fields,
2021-01-19T13:24:21.116+0000,2021-01-19T13:24:21.116+0000,10,Microsoft-Windows-Sysmon/Operational,ict3214:attack_trace,PS-HOST-01,,,,,,,C:\Windows\sysmon64.exe,C:\Windows\system32\svchost.exe,0x1400,,,,,,,{E983936C-B38F-6006-0C00-00000000A301},592,{E983936C-B3A0-6006-3100-00000000A301},2052,,T1059.001,PowerShell,Execution,TRACE-PS-01,powershell,https://raw.githubusercontent.com/splunk/attack_data/master/datasets/attack_techniques/T1059.001/encoded_powershell/windows-sysmon.log,697389bea2657f8c8cf3f3098b6dcb140c104871b3388fb7a5c283f6c67302ac,false,Execution,none,raw Computer/IpAddress/User fields,
2021-01-19T13:24:21.116+0000,2021-01-19T13:24:21.116+0000,10,Microsoft-Windows-Sysmon/Operational,ict3214:attack_trace,PS-HOST-01,,,,,,,C:\Program Files\SplunkUniversalForwarder\bin\splunk-regmon.exe,C:\Windows\system32\conhost.exe,0x1fffff,,,,,,,{E983936C-B439-6006-B800-00000000A301},4284,{E983936C-DD85-6006-8509-00000000A301},3616,,T1059.001,PowerShell,Execution,TRACE-PS-01,powershell,https://raw.githubusercontent.com/splunk/attack_data/master/datasets/attack_techniques/T1059.001/encoded_powershell/windows-sysmon.log,fc714bae0a12dab2a12cd37445c20f136d8a42b0363c8f320513003494374bf3,false,Execution,none,raw Computer/IpAddress/User fields,
2021-01-19T13:24:21.274+0000,2021-01-19T13:24:21.274+0000,10,Microsoft-Windows-Sysmon/Operational,ict3214:attack_trace,PS-HOST-01,,,,,,,C:\Program Files\SplunkUniversalForwarder\bin\splunkd.exe,C:\Program Files\SplunkUniversalForwarder\bin\splunk-regmon.exe,0x101400,,,,,,,{E983936C-DD85-6006-8509-00000000A301},3616,{E983936C-B438-6006-B400-00000000A301},4412,,T1059.001,PowerShell,Execution,TRACE-PS-01,powershell,https://raw.githubusercontent.com/splunk/attack_data/master/datasets/attack_techniques/T1059.001/encoded_powershell/windows-sysmon.log,09f01c0f771151325c3811a845bc71c2fd21b250fad5b686b976819bce45ed06,false,Execution,none,raw Computer/IpAddress/User fields,
2021-01-19T13:24:21.787+0000,2021-01-19T13:24:21.787+0000,1,Microsoft-Windows-Sysmon/Operational,ict3214:attack_trace,PS-HOST-01,,,NT AUTHORITY\SYSTEM,C:\Program Files\SplunkUniversalForwarder\bin\splunk-admon.exe,C:\Program Files\SplunkUniversalForwarder\bin\splunkd.exe,"""C:\Program Files\SplunkUniversalForwarder\bin\splunk-admon.exe""",,,,,,,,{E983936C-DD85-6006-8609-00000000A301},5804,,,,,,T1059.001,PowerShell,Execution,TRACE-PS-01,powershell,https://raw.githubusercontent.com/splunk/attack_data/master/datasets/attack_techniques/T1059.001/encoded_powershell/windows-sysmon.log,147ad6984c6503441b1c319a2485c7391250ca32f58c175fb5b4b38d9b9c8729,false,Execution,none,raw Computer/IpAddress/User fields,{E983936C-B438-6006-B400-00000000A301}
2021-01-19T13:24:21.787+0000,2021-01-19T13:24:21.787+0000,10,Microsoft-Windows-Sysmon/Operational,ict3214:attack_trace,PS-HOST-01,,,,,,,C:\Program Files\SplunkUniversalForwarder\bin\splunk-admon.exe,C:\Windows\system32\csrss.exe,0x1fffff,,,,,,,{E983936C-B38D-6006-0500-00000000A301},636,{E983936C-DD85-6006-8609-00000000A301},5804,,T1059.001,PowerShell,Execution,TRACE-PS-01,powershell,https://raw.githubusercontent.com/splunk/attack_data/master/datasets/attack_techniques/T1059.001/encoded_powershell/windows-sysmon.log,209e8fbc21734ad84a4f81762788dfe2e7f9a5e86dfd085ae9580f35b953af4c,false,Execution,none,raw Computer/IpAddress/User fields,
2021-01-19T13:24:21.787+0000,2021-01-19T13:24:21.787+0000,10,Microsoft-Windows-Sysmon/Operational,ict3214:attack_trace,PS-HOST-01,,,,,,,C:\Windows\sysmon64.exe,C:\Windows\system32\svchost.exe,0x1400,,,,,,,{E983936C-B38F-6006-0C00-00000000A301},592,{E983936C-B3A0-6006-3100-00000000A301},2052,,T1059.001,PowerShell,Execution,TRACE-PS-01,powershell,https://raw.githubusercontent.com/splunk/attack_data/master/datasets/attack_techniques/T1059.001/encoded_powershell/windows-sysmon.log,24b4d1a9ab6d8e8aaff9a98c2fa74ee396bdcab1b2f3a5da4e17747c0f42ff8c,false,Execution,none,raw Computer/IpAddress/User fields,
2021-01-19T13:24:21.787+0000,2021-01-19T13:24:21.787+0000,10,Microsoft-Windows-Sysmon/Operational,ict3214:attack_trace,PS-HOST-01,,,,,,,C:\Windows\sysmon64.exe,C:\Windows\system32\svchost.exe,0x1400,,,,,,,{E983936C-B38F-6006-0C00-00000000A301},592,{E983936C-B3A0-6006-3100-00000000A301},2052,,T1059.001,PowerShell,Execution,TRACE-PS-01,powershell,https://raw.githubusercontent.com/splunk/attack_data/master/datasets/attack_techniques/T1059.001/encoded_powershell/windows-sysmon.log,a4504a1a10d43d5a7f6e95e294707c7f0f4e2475a72a68123fc3c8108b6cf81d,false,Execution,none,raw Computer/IpAddress/User fields,
2021-01-19T13:24:21.787+0000,2021-01-19T13:24:21.787+0000,10,Microsoft-Windows-Sysmon/Operational,ict3214:attack_trace,PS-HOST-01,,,,,,,C:\Program Files\SplunkUniversalForwarder\bin\splunk-admon.exe,C:\Program Files\SplunkUniversalForwarder\bin\splunkd.exe,0x1fffff,,,,,,,{E983936C-B438-6006-B400-00000000A301},4412,{E983936C-DD85-6006-8609-00000000A301},5804,,T1059.001,PowerShell,Execution,TRACE-PS-01,powershell,https://raw.githubusercontent.com/splunk/attack_data/master/datasets/attack_techniques/T1059.001/encoded_powershell/windows-sysmon.log,d1acac8f3ef6d02964e98b528d308b74fdfa7d8fab37653c4b9e43dcd5cd11b3,false,Execution,none,raw Computer/IpAddress/User fields,
2021-01-19T13:24:21.788+0000,2021-01-19T13:24:21.788+0000,10,Microsoft-Windows-Sysmon/Operational,ict3214:attack_trace,PS-HOST-01,,,,,,,C:\Program Files\SplunkUniversalForwarder\bin\splunk-admon.exe,C:\Windows\system32\conhost.exe,0x1fffff,,,,,,,{E983936C-B439-6006-B800-00000000A301},4284,{E983936C-DD85-6006-8609-00000000A301},5804,,T1059.001,PowerShell,Execution,TRACE-PS-01,powershell,https://raw.githubusercontent.com/splunk/attack_data/master/datasets/attack_techniques/T1059.001/encoded_powershell/windows-sysmon.log,6196eca31a5eebef70ff660ec046b8e4cc9f5a6aa427fefc0bf9076f528b1d09,false,Execution,none,raw Computer/IpAddress/User fields,
2021-01-19T13:24:21.788+0000,2021-01-19T13:24:21.788+0000,10,Microsoft-Windows-Sysmon/Operational,ict3214:attack_trace,PS-HOST-01,,,,,,,C:\Windows\sysmon64.exe,C:\Windows\system32\svchost.exe,0x1400,,,,,,,{E983936C-B38F-6006-0C00-00000000A301},592,{E983936C-B3A0-6006-3100-00000000A301},2052,,T1059.001,PowerShell,Execution,TRACE-PS-01,powershell,https://raw.githubusercontent.com/splunk/attack_data/master/datasets/attack_techniques/T1059.001/encoded_powershell/windows-sysmon.log,632d53c934d2617f1985d70626e2a56218d0a731ab5bb2cad900332ed6e90fc5,false,Execution,none,raw Computer/IpAddress/User fields,
2021-01-19T13:24:21.788+0000,2021-01-19T13:24:21.788+0000,10,Microsoft-Windows-Sysmon/Operational,ict3214:attack_trace,PS-HOST-01,,,,,,,C:\Windows\sysmon64.exe,C:\Windows\system32\svchost.exe,0x1400,,,,,,,{E983936C-B38F-6006-0C00-00000000A301},592,{E983936C-B3A0-6006-3100-00000000A301},2052,,T1059.001,PowerShell,Execution,TRACE-PS-01,powershell,https://raw.githubusercontent.com/splunk/attack_data/master/datasets/attack_techniques/T1059.001/encoded_powershell/windows-sysmon.log,ab016e434a599fcc7697cf1b1a6ee55ff78c5a79b393ec847cbff804ac4077fe,false,Execution,none,raw Computer/IpAddress/User fields,
2021-01-19T13:24:21.937+0000,2021-01-19T13:24:21.937+0000,10,Microsoft-Windows-Sysmon/Operational,ict3214:attack_trace,PS-HOST-01,,,,,,,C:\Program Files\SplunkUniversalForwarder\bin\splunkd.exe,C:\Program Files\SplunkUniversalForwarder\bin\splunk-admon.exe,0x101400,,,,,,,{E983936C-DD85-6006-8609-00000000A301},5804,{E983936C-B438-6006-B400-00000000A301},4412,,T1059.001,PowerShell,Execution,TRACE-PS-01,powershell,https://raw.githubusercontent.com/splunk/attack_data/master/datasets/attack_techniques/T1059.001/encoded_powershell/windows-sysmon.log,e0163e255892b1b82db469709ae126242832f6af8c146c92780c38837c687200,false,Execution,none,raw Computer/IpAddress/User fields,
2021-01-19T13:24:22.459+0000,2021-01-19T13:24:22.459+0000,10,Microsoft-Windows-Sysmon/Operational,ict3214:attack_trace,PS-HOST-01,,,,,,,C:\Program Files\SplunkUniversalForwarder\bin\splunk-netmon.exe,C:\Program Files\SplunkUniversalForwarder\bin\splunkd.exe,0x1fffff,,,,,,,{E983936C-B438-6006-B400-00000000A301},4412,{E983936C-DD86-6006-8709-00000000A301},7576,,T1059.001,PowerShell,Execution,TRACE-PS-01,powershell,https://raw.githubusercontent.com/splunk/attack_data/master/datasets/attack_techniques/T1059.001/encoded_powershell/windows-sysmon.log,2bc2fca80b7e840873b3fb2571f4fce710b54701ccb1f271d4e28c57c3b3e9ef,false,Execution,none,raw Computer/IpAddress/User fields,
2021-01-19T13:24:22.459+0000,2021-01-19T13:24:22.459+0000,10,Microsoft-Windows-Sysmon/Operational,ict3214:attack_trace,PS-HOST-01,,,,,,,C:\Windows\sysmon64.exe,C:\Windows\system32\svchost.exe,0x1400,,,,,,,{E983936C-B38F-6006-0C00-00000000A301},592,{E983936C-B3A0-6006-3100-00000000A301},2052,,T1059.001,PowerShell,Execution,TRACE-PS-01,powershell,https://raw.githubusercontent.com/splunk/attack_data/master/datasets/attack_techniques/T1059.001/encoded_powershell/windows-sysmon.log,34c01011c8ab26fea10e2ec03528eab5a3a251b2da2298c7df6f90fa3a5a7538,false,Execution,none,raw Computer/IpAddress/User fields,
2021-01-19T13:24:22.459+0000,2021-01-19T13:24:22.459+0000,10,Microsoft-Windows-Sysmon/Operational,ict3214:attack_trace,PS-HOST-01,,,,,,,C:\Program Files\SplunkUniversalForwarder\bin\splunk-netmon.exe,C:\Windows\system32\csrss.exe,0x1fffff,,,,,,,{E983936C-B38D-6006-0500-00000000A301},636,{E983936C-DD86-6006-8709-00000000A301},7576,,T1059.001,PowerShell,Execution,TRACE-PS-01,powershell,https://raw.githubusercontent.com/splunk/attack_data/master/datasets/attack_techniques/T1059.001/encoded_powershell/windows-sysmon.log,4063ea5e40d3d7e094d7b47b90621f0faebf589d047d399561af42aaaa394f68,false,Execution,none,raw Computer/IpAddress/User fields,
2021-01-19T13:24:22.459+0000,2021-01-19T13:24:22.459+0000,10,Microsoft-Windows-Sysmon/Operational,ict3214:attack_trace,PS-HOST-01,,,,,,,C:\Windows\sysmon64.exe,C:\Windows\system32\svchost.exe,0x1400,,,,,,,{E983936C-B38F-6006-0C00-00000000A301},592,{E983936C-B3A0-6006-3100-00000000A301},2052,,T1059.001,PowerShell,Execution,TRACE-PS-01,powershell,https://raw.githubusercontent.com/splunk/attack_data/master/datasets/attack_techniques/T1059.001/encoded_powershell/windows-sysmon.log,459513e8da26b8c1c1120984c1cf462ddd27231ec1338d43dcfb7308c2da4f9d,false,Execution,none,raw Computer/IpAddress/User fields,
2021-01-19T13:24:22.459+0000,2021-01-19T13:24:22.459+0000,1,Microsoft-Windows-Sysmon/Operational,ict3214:attack_trace,PS-HOST-01,,,NT AUTHORITY\SYSTEM,C:\Program Files\SplunkUniversalForwarder\bin\splunk-netmon.exe,C:\Program Files\SplunkUniversalForwarder\bin\splunkd.exe,"""C:\Program Files\SplunkUniversalForwarder\bin\splunk-netmon.exe""",,,,,,,,{E983936C-DD86-6006-8709-00000000A301},7576,,,,,,T1059.001,PowerShell,Execution,TRACE-PS-01,powershell,https://raw.githubusercontent.com/splunk/attack_data/master/datasets/attack_techniques/T1059.001/encoded_powershell/windows-sysmon.log,4aae2e349607adab8dc43bad7a859cc00df1751e02d0ce8f2551ed2679c7b31f,false,Execution,none,raw Computer/IpAddress/User fields,{E983936C-B438-6006-B400-00000000A301}
2021-01-19T13:24:22.459+0000,2021-01-19T13:24:22.459+0000,10,Microsoft-Windows-Sysmon/Operational,ict3214:attack_trace,PS-HOST-01,,,,,,,C:\Windows\sysmon64.exe,C:\Windows\system32\svchost.exe,0x1400,,,,,,,{E983936C-B38F-6006-0C00-00000000A301},592,{E983936C-B3A0-6006-3100-00000000A301},2052,,T1059.001,PowerShell,Execution,TRACE-PS-01,powershell,https://raw.githubusercontent.com/splunk/attack_data/master/datasets/attack_techniques/T1059.001/encoded_powershell/windows-sysmon.log,da0ee3bc830af9e63ef3391bfdcfc8db61dfdb5843a1f7f50186ea4b2db7356c,false,Execution,none,raw Computer/IpAddress/User fields,
